0.14674195
1.2805627
-1.1374231
1.1261873
-0.73180765
-0.69498064
2.067536
3.0452802
1.0713885
-0.29280895
-0.19406978
2.600637
-1.6757357
1.6512862
0.2137493
-0.42321743
0.8668592
3.5149656
-0.17138287
2.418366
-0.88988811
-1.1420875
-0.031999143
0.32243825
-0.29647483
-0.42449282
-0.26590273
0.99954407
-0.38496756
-0.90261379
-1.558484
0.40906179
-0.56102285
-1.4299537
0.13936596
-0.37133173
0.68326682
-1.4960553
-1.3912556
-0.82036177
-0.25977618
-0.70113992
0.35121034
-0.2233244
0.92314631
0.39546933
-0.070367533
-0.90159485
-0.74659715
-0.46023907
1.0382478
-1.0253371
-1.0715043
-0.30129711
-0.78666641
0.26880977
-0.89280688
-0.50464421
1.6797763
0.092691767
-0.043259402
1.3473964
-2.4400692
0.13406638
-0.92557979
-0.91106472
-0.45896288
-2.2262126
-0.68400957
-0.56352836
1.7568049
1.6041238
-0.62877198
-0.91106472
-0.59125611
-0.67799072
0.60597583
-1.1341524
-0.91106472
-1.2754055
-0.36618474
-0.34340776
-1.0293818
0.79466104
0.72805415
0.031564283
-0.20680788
0.24011097
0.53376288
-7.6229531e-05
-0.8415725
-0.675709
0.68798181
-1.1518645
0.35040835
0.76757777
-0.44084481
-0.11650936
-1.2845759
0.48456757
-1.4873018
1.6063407
2.1286062
-1.0074279
-1.674521
1.4048331
0.37100343
-0.91106472
-0.31625175
-0.53293201
0.26589334
-0.55672379
0.4173337
1.2085228
-1.1214942
-0.36893978
1.1909173
1.1439091
0.16307764
-1.2225938
-0.94390925
1.9048947
0.70809917
-0.77308503
-0.28246307
-0.68470636
1.2894173
-0.99220635
0.26517255
0.61214788
0.4469636
0.99580073
-0.68930284
1.2295588
0.61124623
-0.68781526
2.7630981
4.2218728
-0.50169001
0.55565564
1.1475259
-0.8732246
-1.4929674
0.46289251
1.3740829
0.17439961
-0.33784468
1.1329054
-0.24048128
-0.91106472
-1.8847418
-0.71330335
0.35353451
1.3667835
2.1891244
0.63867923
-0.72747563
-0.91106472
0.85883034
1.1330338
-1.6652438
0.18686777
0.88449543
0.34208264
-1.1386584
1.1340374
-0.91106472
2.4807291
-0.52161171
0.44502031
0.086852352
0.36602496
-0.57226171
1.2125082
1.2298071
-0.74265576
0.31072512
-1.2524655
0.77608452
0.21017673
0.0030631244
-0.25009564
-0.38931193
-0.90234123
0.31000576
-0.26898116
-0.47801855
0.13292
-1.1479752
2.0469672
4.343404
-0.91106472
-1.3170356
0.83899248
0.032711881
1.2768964
0.29570711
-0.67235401
-0.87870039
-0.91106472
1.1705507
0.38362538
0.19111081
2.2111277
-0.89256446
-0.91106472
0.96335935
2.1837163
-1.0133409
2.2889125
0.10451583
1.0464631
1.3012595
-0.84419456
0.0098646372
-0.5993178
-2.5177007
-0.68470636
-0.72333
0.78310426
0.95631799
-1.0005269
-0.25873477
-0.35505123
0.38772138
-1.1844536
0.88181258
0.4272249
-1.2636111
0.97611507
0.23645091
-0.98212914
-0.95257621
-0.61624552
0.49585468
-1.29188
-1.1764357
-0.50854525
-0.14276193
2.5569314
-1.4664796
0.60411731
-0.20956014
-1.0522064
-1.104867
-0.55806214
0.88241074
-0.79761288
-0.76963785
-0.93514994
-1.3720658
0.35497842
0.65231115
-0.39312256
-0.58690457
-0.91323458
-1.7208424
0.26008693
-1.0146987
-0.24120914
-0.2178429
0.31297934
1.3657099
0.38233615
-1.1806164
1.6524634
1.4116282
0.78202242
0.38434356
2.990212
-0.85881815
-0.012457454
-0.89148644
-1.2011016
0.32533492
-0.50955197
-1.4873018
0.36688192
2.1746879
-0.76114985
0.41450101
-0.6322691
1.4727367
0.53891363
2.3766855
0.12470239
-0.91106472
5.0973938
-0.43737624
1.7635587
0.37943336
-0.039827508
-1.0204395
-1.4241822
2.2636622
-1.8697223
-0.773182
1.6488027
-0.77585149
-1.1621699
-0.30573128
-0.82725209
0.4968482
2.7469333
-0.64549179
0.16458461
-0.99998378
-0.96339212
0.35339731
-0.55511042
-1.0636121
-0.89126472
1.3150162
0.18797385
-0.014752404
0.61239057
-0.78344633
2.2184868
-1.0698207
0.42980161
1.0048403
0.95082893
1.2193843
-1.1797065
-0.66817965
-1.2112437
-1.7817447
1.0525193
-1.5347156
-0.55640556
0.48421635
-1.5777851
-0.82564909
-0.61478735
-1.1084482
0.41940217
-0.71511611
-0.49640978
-0.6373426
0.39650785
-0.91106472
0.063503057
0.97669723
-1.1629423
-0.82888434
-1.6185234
-1.384496
-0.99858675
0.89187177
0.81580011
-0.078215424
-0.44048872
-0.76027764
-0.91106472
2.1959196
0.046460796
-0.45834799
-0.64383666
0.44127834
-0.92806005
-0.12966343
-1.4442247
1.0827405
-0.73238777
0.13812041
0.83865696
1.0148932
0.015908515
-0.40961595
-0.60672605
1.7927576
-0.44560395
2.176725
-1.5227951
-1.1936024
0.85505738
1.3390864
-0.23972781
0.33995316
-1.6991006
2.0208626
0.97069651
1.5323801
1.3637288
-1.1154147
-0.41229038
-0.99964801
1.8839622
-1.1724993
2.2852926
0.89422288
0.20152368
0.012841549
1.9730586
-1.3673939
-0.48573626
-0.014752404
-0.43865735
0.26326986
0.27637277
-0.57627441
-0.64504691
-0.13683388
-0.50511914
-0.99666273
-0.34898781
-0.91106472
-0.69920275
0.092506935
-0.6373426
-0.68470636
-0.23841378
-1.0820883
1.2138141
-1.4664787
1.0056246
-1.1059097
0.23519737
-0.91106472
-0.91106472
0.45325322
-0.47048051
-0.97394422
1.1727674
0.097922025
-1.0472252
-1.2742829
1.7410875
-1.0339488
-0.56732101
-0.25642233
0.16464084
0.46356721
0.48674186
-1.2573985
-0.97656396
0.48738704
-1.0297745
0.87157965
-0.99918849
-0.95791066
-1.3998108
-0.91106472
-0.91106472
1.7391393
-0.5573118
0.75669549
-0.0099806701
-1.5172706
-1.4257188
2.6845147
0.11871734
0.90553334
-1.2361029
-0.91106472
-0.73844329
-0.37889935
-1.5514803
-0.92732103
-0.56428701
-0.10838149
0.47569403
-0.26646981
0.49671007
-0.68470636
-1.0698207
2.1296722
-0.66744865
-0.17060486
0.81822692
1.0584149
-0.90190169
-0.95954039
0.15306373
0.53199756
-0.88095684
-0.96889151
-2.3745747
0.1156046
-0.066558976
0.65874822
-1.0249299
0.13157888
-1.5931781
-1.1362897
-2.2055192
-0.63132544
-0.91106472
0.29972682
1.2742969
-0.96635514
-0.88185759
0.20869507
-0.97785932
0.35970981
-0.12409611
2.3506133
-0.91106472
-0.91106472
-1.0006916
-0.91106472
-0.7347749
0.42280798
0.99982463
-0.40538184
0.89344912
1.4033053
-1.1577771
0.0031161189
-0.82342452
-1.7108961
-1.3584229
-0.23922467
0.39094336
0.27580267
0.41519496
-1.1374231
0.14129396
0.58168049
-1.040375
-0.95346042
-0.91106472
1.2645557
-1.0010537
-1.6075565
-0.16300068
-0.38913398
-1.6332195
1.3169063
-0.059166003
0.51925311
1.4661024
1.0720166
-0.36423952
2.6048511
-0.5974231
-0.90222504
0.98987371
-0.98374477
-0.0367476
-0.92295411
-0.85120613
-0.20901201
-0.6933829
2.4272803
-0.91106472
-0.014280624
-0.13674424
-0.64319305
-0.41468392
-1.0772268
-0.98727405
0.40264679
-0.91106472
0.1208781
-0.69646767
0.73946755
-0.22595033
-1.3322342
-1.5204036
-0.83314465
1.906217
-0.47660998
-1.0171742
-1.0424756
-0.99957178
-0.35505123
-0.13834549
-0.61513628
-0.63115225
-1.6346394
-0.6184402
-1.0820444
-0.12366662
-1.0665202
-0.75362376
-0.21801577
-1.0833726
-1.0456962
-0.73479986
0.40612688
1.1632754
-0.34435567
0.11586312
-0.91106472
-0.84020852
-0.24189525
0.15054935
-0.91106472
-0.054439407
-0.76665247
0.89035339
-0.66782167
1.9374142
0.43034742
-0.86976954
-0.21354098
-0.18013524
-0.44413845
-0.11179549
1.0663477
1.2129006
-0.91106472
0.47413154
-1.3277897
-1.8251418
0.21591803
1.2006707
-0.5186753
0.99939271
-0.44230667
-0.63397958
0.5314325
-0.66269068
-1.2480342
-1.1690284
-0.33399715
-0.16776109
-1.4991092
-2.0616465
-1.0105545
-0.42812179
-0.26845392
-0.089718058
-0.96779622
2.3884772
-1.6364076
-1.3892624
0.31776983
-0.54564184
-1.1265162
-0.91106472
-0.83092089
-0.73453745
-0.076137478
1.0598979
-1.9578393
-0.096305543
-0.99926997
0.84340013
-0.20107958
-0.079111709
-1.5890211
-0.87916651
-0.91106472
-0.2432768
-0.47296258
-0.32300723
0.48319296
0.33151628
-0.79098716
-0.31034574
0.065137626
1.1603227
-1.178246
0.35614804
0.44938648
-0.63862716
0.6180271
0.89090305
-0.91106472
-0.91106472
-0.91106472
-0.63998667
0.26708414
-0.85204807
-0.57261876
-0.97631548
-0.30380197
0.39789629
-0.93401041
-2.3860255
0.0056758082
-0.33607613
1.5771957
-0.83996688
1.1059459
-0.70464611
0.22971432
-1.0623619
0.17080045
-0.95805815
0.66694879
-0.12869286
-0.95563865
-0.63875606
-2.0902508
-0.13558687
0.86743469
1.6830393
-1.3092739
0.26882084
0.24738484
0.54241468
-0.35612467
-0.51634539
-0.086011744
-0.013466636
-0.60858049
0.33065315
-0.82204091
0.088953649
-0.91106472
-0.79761288
0.71785594
0.25789562
-1.1730876
-0.91106472
0.86326554
-0.53855757
0.65183287
-0.99943288
-0.58202249
0.51624624
-1.1177555
-0.70271063
-0.43677989
-0.012832882
-0.72534688
-0.91106472
0.74701414
-0.38638394
-0.56233582
0.70783712
-0.82549092
-1.2032265
1.1313424
-0.44673631
-0.62981066
-0.045130665
-0.44501838
-0.16174953
-0.20177912
-1.1294161
-0.85039672
-0.38595208
3.1301328
-0.53317694
-0.91106472
-1.1241811
-1.2604897
-0.12845984
0.9115388
0.78591178
-0.91106472
-1.497974
-1.1713711
-0.81248474
0.385624
0.22634484
-0.93628389
-0.87540451
-0.71542068
-1.2246216
-1.270006
-0.55557355
0.63899314
-1.1756543
0.33331441
-0.28771002
1.1291359
-0.022760043
0.36725284
-2.0912392
-0.011907904
-1.0476299
0.10640488
0.68005188
-0.29633722
-0.47261043
-0.76234289
-1.5839558
-1.3810091
1.94079
-0.34271998
-0.72534688
0.49843761
0.068346628
-0.38712517
-1.5078861
-1.3204039
0.03421687
-0.64901238
-0.47194012
0.69127756
0.84715299
3.2367951
-0.73014191
-2.3974411
0.99429427
-0.87948922
-1.0496052
-0.41053975
0.4632161
3.1362106
-0.058847235
-0.52260958
-0.063505946
-0.67858127
-0.29782675
-1.4850519
0.41752538
-0.65851111
-1.2380731
-0.83659663
0.54419505
-0.24922614
-0.38929759
-0.91106472
0.52736924
-1.0046383
-0.6046127
-0.91106472
0.79184482
-0.37910438
-2.1459837
-0.92023235
-1.3835926
-1.2467979
-0.77580725
-0.67888647
-0.2551884
0.24761497
-0.12679752
-1.3533565
-0.38655594
-1.3166268
-0.77696932
0.79727527
-0.22273593
-1.1374231
1.0311403
-1.2484855
1.3104565
-0.25144274
-0.76650627
-0.87534676
-1.2197746
-0.52747653
1.3302245
-0.37226178
0.14251297
-0.91777766
2.8734815
-0.077764066
-0.8934445
-0.99926997
-1.6401834
0.64230624
2.2974546
-1.0275165
0.16321257
-0.69015283
-1.332689
-0.37877167
-0.11846801
0.61384841
-0.42456497
-0.6370625
-2.3773029
1.3936348
-0.018951886
1.0454481
-0.91106472
-0.46102946
0.47106266
1.3785946
-1.1583854
1.5951927
0.0055553992
-0.91106472
-1.0708053
-0.042039559
2.6355651
-1.4183504
-0.42782918
1.6227918
-0.64968677
-0.52131216
-0.29765155
-1.454176
-0.54664067
0.86914874
-1.0252603
0.63292558
0.20029746
-1.3351017
0.99522935
0.75406715
-0.72992889
-0.91106472
-0.033146329
-0.7942972
0.029835736
-0.057748322
0.26289193
-0.91106472
-0.39960204
0.14900946
-0.93487799
-0.16069985
-0.28055946
-1.4869327
-1.3152636
-1.1011974
-0.91106472
-0.11594435
-0.73479437
-1.2801608
-0.58219169
-0.26451247
-1.557457
0.55971901
-0.9970526
-1.2033402
-0.79068241
-0.67588057
1.0369167
-0.91106472
-0.95140411
0.46251287
-1.0158659
-1.0830091
-0.91106472
-0.83146306
0.12230123
-0.60036682
-0.22990505
-1.0955004
-1.2815091
0.96583071
0.68168165
-0.91106472
-0.30920067
-0.96104517
-0.28949016
-0.99936852
-0.28966652
-1.1104221
-0.2793214
-0.13190861
-0.91106472
-0.2905785
-1.3409719
-0.66941096
0.065108698
0.13120561
-1.2298761
-1.0912502
-0.91106472
-0.75033434
-0.26911197
-1.2424159
0.29839933
-0.46030665
-0.91106472
-1.3188162
-0.91106472
-1.4635258
-1.5347156
-0.91106472
1.4578157
-0.66849694
0.97047577
-1.0034719
-0.23530298
-0.72595207
0.93225287
0.89373526
-1.4840243
-0.54664067
0.98512017
-0.25616359
-1.0587011
1.0608719
-0.22924348
1.4272743
1.7134305
0.603875
-0.81796779
-0.81884218
5.0804857
-0.3505236
1.0657308
1.8806359
-1.4164306
-0.98359377
-1.0767667
0.53383733
-0.60348826
-0.24281891
0.071300979
-0.68470636
-0.85216361
0.62723095
0.87290504
-0.89149421
0.32794944
-1.2720157
-0.65947124
1.3478292
0.038476512
-0.0073750307
0.29735803
-0.91106472
-1.7285904
0.40371219
1.0953768
-0.8702636
2.7230495
0.80009765
-0.91106472
-0.77103135
-0.50464421
-0.62919143
-0.9366099
-0.86514261
1.8618393
-0.67111797
0.97729212
2.2788398
3.2693025
0.31877136
3.3796614
0.30024856
-0.45727652
0.14648827
1.0386048
-0.50775943
-0.28184264
-1.7754681
0.20794152
0.51323714
-0.078543467
4.5565988
1.6697283
0.021261599
-0.46575134
-0.2637169
1.9131192
0.0055577843
0.79171333
-0.72844629
-0.25395677
-0.9820818
-0.51495493
-0.14320078
0.80153749
-1.1526832
-0.94988102
0.91235573
-0.15183478
2.441768
1.3631933
0.077108896
1.109669
-0.53258266
0.75719121
-0.59229439
1.0462469
-0.75550865
0.86893148
-0.91106472
-0.91106472
0.63649231
4.693029
1.6461641
1.6720408
1.312427
0.76450625
1.6325417
0.40749004
-0.54222569
-0.91106472
0.73618262
-0.576612
-0.45834799
1.3385817
-1.126223
2.8052644
2.4678101
2.757134
0.7447122
-0.16697681
0.50550588
0.70589354
1.2456242
-0.98551659
0.10858797
-0.82758166
3.7852741
0.63300032
2.3316845
-0.58288827
0.51586142
-0.8982528
-0.008249127
1.4838728
0.091815465
0.039144124
3.3222363
0.22016374
0.006741513
0.12101691
0.69043676
0.62624689
-0.75782647
0.51793656
-0.65548667
-0.44287815
1.7433293
0.5468383
0.48892588
-0.93653338
0.20998708
1.5926827
0.33364809
-0.74011107
0.74560958
-0.99320293
-1.2721264
0.13194036
0.53213103
-0.13508339
-0.13252163
0.77812559
-0.29938834
0.72894798
1.9443206
0.092587372
-0.19901845
1.0431385
0.54163957
1.015274
0.57615009
-1.6308242
-0.99969442
0.54364619
-0.72177813
1.247531
-0.91106472
0.8010777
0.61882662
1.0441389
2.0996816
-1.3152636
-0.78196615
-1.0682779
-0.98137373
-1.3456181
-1.1665662
-0.97159704
-1.5727071
0.63541559
-1.0416076
-1.0118709
-1.1197479
-2.0133777
0.068013562
-1.1083808
-0.25612795
-1.0816772
-1.225774
0.074477547
-0.18243618
-0.59693613
-1.4299537
-0.93476363
-1.0390091
-0.08801721
-0.75109643
1.7506643
-0.14376413
-0.94664488
0.36320216
-1.2896249
-0.55382175
-0.38901439
-0.18465522
-1.1138935
-1.6577245
0.22611256
0.2612829
-0.66114266
-1.3755767
-0.36010022
-0.90223167
-0.47109236
-1.3582228
-0.95395982
0.12559273
-1.1866814
-1.1611917
0.064456871
-1.4182801
-1.2585875
-1.0645784
-0.74520473
3.940977
-1.579401
-0.006898166
-0.41690201
-0.84204497
-0.25392335
-0.99934251
-0.9561266
-0.95140411
-1.1950092
1.9866818
0.40302287
-0.52069192
-0.76243711
-0.54811992
-0.49168061
-0.62154002
-1.5195445
-0.91106472
-1.2779057
-0.23835275
-0.36665627
-1.0007722
-0.3657688
0.63331434
0.71756105
-1.3326365
-1.3473892
-0.91654353
-1.1125676
-0.91106472
-0.91106472
-0.83336503
-1.1709682
-0.87536272
-1.1844536
-1.1374231
-1.3543579
-0.23651087
-1.0424684
0.047580969
-0.91106472
-0.33883565
0.74043084
-0.85130114
-0.92744855
-0.30958986
-0.85646929
-0.68470636
-0.91106472
-0.84160399
-0.34423006
-0.91106472
-0.23155443
-0.66367324
-0.91709075
-0.99926997
-0.81520436
-1.139946
-0.74265034
-0.95883148
0.095491373
-0.91106472
-0.91106472
-1.0895001
-1.4378371
-1.1204156
-0.72374289
-1.4920479
-1.3120549
-0.29013311
-1.657478
0.27843934
-1.1171049
-0.91106472
0.0072270237
-0.91106472
-0.96972248
-0.87916651
-0.68864909
-1.3974108
0.26021871
-1.0012709
0.8680157
-0.57136023
-0.35476681
0.092031515
-0.99964143
-0.12966212
-0.91106472
-0.22446241
-0.50310055
-0.49275238
0.55526926
-0.70476624
0.097172241
0.16974049
-0.84031176
-1.4811517
-1.3473892
-0.91106472
-1.4116475
-0.86976601
-0.52361163
-0.81726111
-1.3458381
-0.53109564
0.15238962
-0.92036226
-2.0555869
0.4770038
-0.31087773
-0.94343796
-0.61055198
-0.95140411
-0.80680554
-0.5821237
-0.33784468
-0.91106472
-1.191533
1.034418
-0.91106472
-0.27917154
-0.66796813
-0.96836659
-1.4697004
-0.95371156
-1.0373936
-0.91106472
-0.71866229
-0.77736575
-0.45834799
-1.5237163
-0.6431154
0.23177294
-0.26181269
-0.73927667
-0.91106472
-1.6484365
0.68076454
-0.31618698
-1.3367869
-0.015991961
-0.99936852
-0.62967522
0.61116074
-0.21001534
-0.78109153
-0.62792125
-0.58219169
-0.22011818
-1.082846
-1.7888058
-0.56578615
-0.37169875
2.0209302
-0.51250884
-0.63956062
1.0993678
-0.57364546
0.56363698
-1.6837936
-1.1374231
-0.24269886
-0.55971946
1.2165505
-0.63082564
-1.8377742
-1.0797806
-0.91106472
0.52617681
2.2682062
-1.3935387
-0.91106472
-0.082224976
-0.89472901
-0.20163528
-0.91106472
-1.3116339
-0.91258012
-1.7564982
-0.20497304
-0.71475011
-2.9507896
-0.33279568
-0.4543578
-0.84195563
-0.66244213
-0.89434534
-1.3881556
-2.662698
-0.30622758
-0.48936152
-0.6154687
-0.77371505
-0.91106472
-0.91106472
-0.74524661
-1.4503359
-0.31182259
-0.83524664
0.65735038
-1.1684177
-0.6692629
-0.90294597
-1.3512286
-0.36385313
-0.75430323
0.27013139
-0.67033108
-0.87770908
0.23012574
-0.90978745
-0.59224458
0.765081
-0.15240276
-1.8557078
-1.4854125
-0.12524724
-0.91106472
2.4600519
0.013400039
-0.2849422
-0.95280266
-0.24623673
-0.78551926
1.3661332
3.3614211
-0.5038157
-0.61208329
-0.81707547
-1.0195245
0.11461306
0.86235263
0.12796681
0.27216461
-0.77446062
1.196521
0.67883999
0.85641439
2.3864521
-0.19873368
0.039954776
-0.056233013
0.26252144
0.8168323
0.80138374
0.40711827
-0.60135106
-1.1341918
0.16785335
1.0815757
0.72593443
1.9413587
-1.2886268
0.96807618
0.69765476
1.1663497
0.086861221
1.739606
3.4593708
-0.95467996
-0.46149403
-0.80245324
-1.2592294
-0.91106472
-0.040325189
0.25902365
-0.023573859
1.6967099
-0.91106472
2.2433539
0.56510292
0.78841266
0.90766848
-0.13071198
0.55751824
-0.45834799
-1.2095559
1.5395494
-0.027644903
-1.7510009
-0.62848409
-0.4281804
-0.58219169
-0.99114234
2.1668724
-0.3807969
0.038810373
3.91882
-0.11598161
0.07905176
1.7754672
-1.1117995
-0.82852984
0.16051109
-0.18069622
0.058855285
-0.59346602
0.47847735
-0.39971798
1.2493153
1.8738897
-0.56860929
-0.91351936
-1.1374231
-1.357362
-0.37005216
-0.91106472
-0.99920431
-0.034573664
-0.25494842
-0.52081971
1.2728815
0.8811743
-0.62832211
-0.39876394
-0.52588434
-0.38187721
1.6059554
0.4650917
0.053918169
-0.4735976
-0.44104868
-0.49499845
1.1106855
-0.91106472
-0.20047135
1.1154467
-1.1692104
0.56272028
-0.86884719
0.86743469
-1.5665148
0.29705628
-0.91106472
-0.6632125
0.14881276
-1.5205543
-1.0909213
-0.66210661
0.47318246
-0.32283464
-0.64196036
0.59598421
-1.053974
0.39141867
-1.3958637
-0.76610678
-1.0346301
0.11889117
0.72930099
0.24363925
-0.99949936
-0.17678478
0.56151013
-0.83454838
3.0762336
-1.1527964
0.04449971
0.48248656
-1.1146845
-0.88318563
0.40976952
-0.72805058
1.337985
-1.1577521
0.57457034
-0.92133812
1.0399679
0.33331304
1.345947
1.5939323
-1.3690195
0.49953592
-0.92431508
0.72533919
0.21704673
-0.86123945
-0.91106472
0.2105477
-0.043881522
-0.42744142
0.037105468
0.036240319
1.5779585
-1.4158543
0.31972437
-1.6644873
0.31475132
-0.78208649
1.818732
-0.93885
-0.14532194
1.3736542
0.21770978
1.4281047
-0.036456854
-0.094303711
-1.3935501
0.96481577
0.24781798
-0.54399723
-0.91106472
-0.9367813
-1.0264572
0.90604464
0.79276827
0.28009163
0.021930622
0.89219506
-0.58934559
0.047428534
1.3399252
-0.93827186
-0.91106472
1.3028879
-1.24862
-0.60506889
-0.76114167
-0.0056312677
-0.71066999
-1.1374231
-1.1145393
-0.17267781
1.0005832
0.14770874
-0.28815028
1.0225924
-0.35016055
-0.91106472
-0.039273595
0.36307274
0.30740434
-0.60457799
-0.90695366
-0.5537747
-0.91106472
2.388844
0.99999737
-0.24922378
-0.48752626
-0.3299
-1.0363724
0.9583452
0.68205327
1.8476797
1.6555569
-0.60899971
0.079540962
0.44236363
0.15701596
0.27793985
-0.32315067
1.4380243
-0.5800024
-0.91106472
-0.21090648
-0.51457936
-0.18555845
-0.91106472
-0.85176917
0.93390642
-0.66331933
-0.68470636
-0.78456209
-0.50999973
-0.25381279
-0.5122863
-0.64904615
0.078921965
0.077285449
-1.0156711
0.45738149
-0.039242927
0.77131316
-1.1374231
-1.1756475
-0.30846735
-0.10150903
0.38117207
0.55902362
0.25510991
-1.4589131
-0.45551547
-1.0698207
1.6842581
-0.37056851
-1.2088212
-1.2855551
-2.8242003
-0.8816757
0.42518408
-0.37041894
0.2533266
0.3859519
-0.96251242
-1.0895908
-0.74758586
-1.0494089
1.3313965
-0.0080273829
-0.2315824
-0.82589809
0.14082006
-0.41213238
-0.441147
0.52312775
-1.5511312
0.92296949
-1.3374345
2.6132149
-0.63746634
-0.38500832
1.2926057
-1.1833446
-1.1038031
-0.63081689
-1.39618
-0.95554212
1.4395824
-0.66605736
-0.43131254
-0.79767244
-0.75209115
-0.91106472
-0.23801928
-0.68470636
-0.78459422
1.5093547
1.3243498
-0.7249999
-0.61536126
-0.78898796
-0.46938939
-1.2623092
-1.319168
-1.0698207
0.074626742
-1.6364202
-0.75468628
-1.2473641
-1.2521072
-0.10154144
-0.96466629
0.89029752
2.7501237
-0.76778677
0.68384635
0.99690895
-1.2134558
0.61457375
-0.09361917
-0.17182422
-0.63378955
0.49672147
-0.89412806
-0.61138014
-0.80156799
1.0280726
-0.83350399
-0.99517575
-0.27702811
0.37669096
-1.0005329
0.39358183
-1.0663485
-0.41452204
1.3466039
2.025547
1.0274582
0.060832021
-0.19791522
2.0123129
0.39907172
-1.3784863
2.3111878
0.19483562
-0.37485685
1.6057578
0.2671582
-0.42191005
-0.8468821
-0.24680917
-0.84094229
-0.77570058
3.0353101
-0.99920431
0.030389417
-0.30790421
1.7095329
0.32767311
-0.84440464
0.1836816
2.0478816
-0.98912072
-0.48671476
-0.93191099
-1.1170377
-0.20050526
-0.91106472
-0.42316251
0.55678855
-0.91106472
-0.062397468
-0.80381858
0.18495208
-0.31618698
-0.46417451
-0.73420683
1.3539125
0.24345758
-1.2214017
2.2443469
-1.2205222
0.27117528
-0.40343754
-0.51791763
-0.85992545
-0.29765719
-1.0760614
-0.91106472
-0.88524257
1.0292595
-0.91106472
2.4031896
-1.4126162
-0.82152578
-1.0130141
-1.374235
4.2295842
-0.91106472
-0.26953427
-0.91106472
1.9961677
-0.95594901
1.1800043
-0.93503585
-0.43995557
0.18872975
-0.16711378
-0.65931301
0.35986011
-1.2411186
1.4702693
-0.33775644
-0.91106472
-0.94471645
-0.35100068
-1.4370211
0.40355663
-1.0008447
-0.39143427
-1.9293222
-0.30582046
1.7003965
-0.74896795
0.4594972
-0.91106472
-0.89567221
-0.92141577
-0.95954039
2.1093279
1.1610022
-0.39767386
-0.91106472
-0.90389351
-0.91106472
-0.90755051
-0.45302958
1.5543226
-0.81576964
-0.75883977
-0.032230303
2.2018722
-0.85567945
0.74501764
-1.0032062
-0.1567391
-0.49703132
2.5724766
1.0017146
-1.1844289
-0.54435304
2.3176739
0.64840517
1.7212825
0.37829572
1.7281137
-0.044319038
-0.26731419
-0.31538087
-0.99756205
0.10102875
-0.35317747
-0.060052008
2.1339493
1.5802053
-0.30982443
-0.59968683
0.14083146
-0.5328005
-1.7464656
0.67930163
-1.3284331
-0.51306549
-1.0081905
0.53325072
-0.32910958
0.56929081
0.27520904
-0.91106472
3.4662458
-0.91106472
0.3995822
1.7281441
0.53538129
0.40209515
0.32386818
2.5075487
-0.93608502
-1.5036029
2.5661787
-0.91106472
-0.079476594
-0.79252278
1.6450328
0.86538315
-1.2208048
-0.3737112
1.5832992
0.87832399
-0.91106472
-1.1022893
-0.91106472
-0.94762911
-0.8583414
-0.85758819
-0.09736831
-0.48910529
1.5944252
-0.94539828
0.6886014
1.3486304
-0.39903129
-1.0785282
-1.0003955
-0.58997619
-0.99924213
-0.72864264
0.62764176
1.7008931
0.36142105
-0.90195913
0.55845224
2.0368076
0.47202578
-0.68470636
-0.61156124
-0.73476564
-0.91106472
0.034385432
-0.89758668
-0.92975556
0.0010851689
-0.55463786
-0.82042819
0.11267092
-0.33191727
-0.058801772
-0.91106472
-1.4395254
-1.4682433
0.051745271
1.0172951
-0.48724607
-0.23853302
1.2291522
-1.1318151
0.23156424
-1.3099813
-1.1866875
0.50400461
-0.13897528
0.268453
-1.1703994
-0.74803035
-0.28480054
-0.74658653
0.83928044
-0.46495997
1.0410606
0.40664195
1.6929198
-0.80462103
-0.062276185
-0.6614366
0.19612121
1.0831274
0.35789466
1.6036319
-0.20150288
-0.92079311
-0.7973032
0.86743469
0.11591393
-0.73199061
-0.11626268
0.86517991
-0.53814704
0.0063652954
1.2002185
-1.164896
-0.058716762
-0.97004795
0.72232221
1.3119226
-1.0685864
0.47026624
-0.90002522
-0.24396915
-0.87048933
0.34758077
0.88082359
0.47875736
-1.2984626
-0.82971628
-0.23198963
2.1604747
0.18503267
-0.8381668
-0.78220154
0.79118484
-0.8554567
-0.43214196
1.3573076
-0.56623255
-0.83660086
0.31533025
-0.68968022
-0.15248151
1.0022856
0.31159878
-1.1974438
0.94894557
0.3583735
-0.077764066
-0.93653338
-1.0756087
-0.24061003
-1.1374231
-1.2266805
-0.16660767
0.14484498
-0.29571937
1.1702101
-0.87027782
1.6729543
-0.10219461
0.5940312
3.4549324
0.37338095
0.33353094
-0.029377218
-0.8816757
-0.25360497
-0.75389105
-0.47111975
0.022725003
-0.04196137
0.039363045
1.1621392
-0.41640612
0.13935169
-1.0855612
-0.76682939
-0.64132372
2.3333447
0.13576519
2.0325486
0.27964774
-0.48970682
-0.50718831
-0.96979545
-0.57370127
-0.91106472
-0.19728612
0.58536925
0.56073381
-0.27265937
-1.1844536
3.379953
-0.91106472
-0.82482029
0.19688243
-0.87943728
1.4351186
-0.83599102
0.30753266
-0.28482954
-0.42148859
0.80760526
-0.13178257
1.3324957
-0.83350676
1.9629222
-0.42503516
-0.91106472
-0.26646625
0.52208516
1.8769794
-0.17880566
0.50426841
-1.6530543
-0.84647484
-1.0458178
-0.39310339
-1.0021363
4.8365922
1.0443757
1.0354087
0.10892129
0.88667381
-0.64161722
-0.49849534
1.0261579
-0.01180146
-0.35702071
0.68538252
-0.63345008
-0.4511018
-1.1151166
0.35638562
-0.73410274
-0.25486869
-0.19208912
-0.16209892
1.0290622
0.37338095
0.036532723
0.72678724
2.4148898
1.2321797
-0.64433883
-0.27497477
1.5800899
