-1.0704257
-1.0704237
-1.0704256
-1.0704242
-1.0704227
-1.0704256
-1.0704216
-1.0704203
-1.0704255
-1.0704256
-1.0704263
-1.0704192
-1.0704256
-1.0704252
-1.0704256
-1.0704262
-1.0704256
-1.0704246
-1.0704256
-1.0704151
-1.0704233
-1.070425
-1.0704266
-1.0704264
-1.0704241
-1.0704206
-1.0704249
-1.070422
-1.0704172
-1.070389
-1.0704252
-1.0704246
-1.0704217
-1.0704256
-1.0704271
-1.0704081
-1.0704234
-1.0704217
-1.0704256
-1.0704224
-1.0704188
-1.0704256
-1.0704256
-1.0704255
-1.0704255
-1.070426
-1.0704285
-1.0704256
-1.0704257
-1.0704257
-1.0704227
-1.070425
-1.0704264
-1.070427
-1.0704161
-1.070418
-1.070427
-1.0704256
-1.0704253
-1.070414
-1.0703952
-1.0704274
-1.0704227
-1.0704168
-1.070425
-1.0704256
-1.0704282
-1.0704259
-1.0703665
-1.0704253
-1.0704192
-1.0704249
-1.0704208
-1.0704256
-1.0704205
-1.0704054
-1.0704252
-1.0704256
-1.0704256
-1.0704256
-1.0704256
-1.0704267
-1.0703788
-1.070425
-1.0704295
-1.0704256
-1.0704256
-1.0704039
-1.0704239
-1.070425
-1.0704256
-1.0704256
-1.0704277
-1.0704266
-1.07043
-1.0703801
-1.0704256
-1.070418
-1.070426
-1.0703759
-1.0704256
-1.0704291
-1.0704212
-1.0704262
-1.0704256
-1.0704046
-1.0704264
-1.0704256
-1.0703788
-1.0704253
-1.0704224
-1.0704256
-1.0704259
-1.0704277
-1.0704239
-1.0703793
-1.0704227
-1.0704233
-1.0704202
-1.0704246
-1.0704253
-1.0704248
-1.0704244
-1.0704256
-1.0704249
-1.0704256
-1.0704183
-1.0704256
-1.0704202
-1.070409
-1.0704197
-1.0704238
-1.0704256
-1.0704262
-1.0704248
-1.0704262
-1.0703919
-1.0704259
-1.0704253
-1.0704179
-1.070425
-1.0704241
-1.0704256
-1.0704257
-1.0704286
-1.070425
-1.0704289
-1.0704206
-1.0704219
-1.0704259
-1.070425
-1.070422
-1.0704271
-1.0704256
-1.070421
-1.0704192
-1.0704231
-1.0704256
-1.070423
-1.0704234
-1.0704256
-1.0704275
-1.0704256
-1.0704256
-1.0704263
-1.0704244
-1.0704256
-1.0704238
-1.070425
-1.0704155
-1.0703579
-1.070426
-1.0704256
-1.0704157
-1.0704226
-1.0704279
-1.0704252
-1.0704233
-1.0704114
-1.0704257
-1.0704267
-1.0704256
-1.0704206
-1.0704256
-1.0704257
-1.0703796
-1.0704253
-1.0704253
-1.0704246
-1.0704256
-1.0704262
-1.0704259
-1.0704197
-1.0704242
-1.0704248
-1.0704237
-1.0704242
-1.0704206
-1.0704262
-1.0704256
-1.0704244
-1.0704262
-1.0704769
-1.0704277
-1.0704256
-1.0704233
-1.0704255
-1.0704267
-1.0704284
-1.0704253
-1.0704263
-1.0704242
-1.0704201
-1.0704289
-1.0704223
-1.0704255
-1.0704227
-1.0704256
-1.0704256
-1.0704256
-1.0704216
-1.0704249
-1.0704249
-1.0704256
-1.0704194
-1.0704249
-1.0704256
-1.0704157
-1.0704252
-1.0704249
-1.0703792
-1.0704198
-1.0704237
-1.0704054
-1.0703615
-1.0704256
-1.0704256
-1.0704255
-1.0704274
-1.0703691
-1.0704194
-1.0704206
-1.0704256
-1.0704209
-1.0704242
-1.0704266
-1.070425
-1.0704256
-1.0704252
-1.0704255
-1.0704256
-1.0704256
-1.0704239
-1.0704256
-1.0704224
-1.0704256
-1.0704252
-1.0704255
-1.0704256
-1.0703759
-1.070418
-1.0704054
-1.0704285
-1.0704259
-1.0704256
-1.0704221
-1.0704246
-1.0704252
-1.0703919
-1.0704249
-1.070426
-1.0704268
-1.0704256
-1.0704257
-1.0704255
-1.0704256
-1.0704256
-1.0704163
-1.0704256
-1.0704256
-1.0704267
-1.0704288
-1.070426
-1.0703951
-1.0704277
-1.0704166
-1.0704256
-1.0704278
-1.0704266
-1.0704248
-1.0704252
-1.0704259
-1.0704191
-1.0704255
-1.0703573
-1.070393
-1.0704256
-1.0704252
-1.0704256
