-0.88910549
-1.0370867
-0.9280876
-0.87278387
-0.94789829
-1.0160908
-0.83598843
-0.88233993
-0.93905017
-0.97934745
-0.9518158
-0.89969979
-0.94582836
-0.97404414
-0.88945585
-0.92710466
-0.97207049
-0.91380898
-0.89493784
-0.90621234
-0.87719689
-0.89116986
-0.78657364
-0.72714439
-0.81398942
-0.91673742
-0.65420521
-0.78582305
-0.71473228
-0.81609234
-0.85070132
-0.75644622
-0.86225199
-0.6751903
-0.8155233
-0.73281201
-0.63416834
-0.70237341
-0.79069371
-0.78200574
-0.60619456
-0.80931208
-0.80348225
-0.79617773
-0.71781598
-0.76984854
-0.67390919
-0.70594892
-0.72888227
-0.78963208
-0.65188086
-0.54606379
-0.71266751
-0.62365521
-0.76270619
-0.78157155
-0.59577438
-0.64029015
-0.69112033
-0.67233763
-0.47631489
-0.65431002
-0.66869244
-0.72352149
-0.65829143
-0.64085267
-0.62340953
-0.50009422
-0.6634735
-0.5981741
-0.42953949
-0.6630522
-0.52073162
-0.44227281
-0.54633141
-0.57690871
-0.627695
-0.56969113
-0.53465565
-0.51721117
-0.57806113
-0.55624823
-0.47339321
-0.58034159
-0.36033596
-0.3993748
-0.48295842
-0.33220554
-0.54077533
-0.31377396
-0.37875252
-0.4308001
-0.29844578
-0.47268762
-0.39824415
-0.40290378
-0.29545262
-0.35763514
-0.42723055
-0.28805665
-0.38220609
-0.3459351
-0.40952667
-0.32548898
-0.373424
-0.31396555
-0.39761752
-0.097853112
-0.18989717
-0.27108155
-0.29121492
-0.31729623
-0.23750292
-0.068709008
-0.24407436
-0.23800716
-0.089667377
-0.12016319
-0.18996798
-0.23476524
-0.070470588
-0.24036992
-0.15750902
-0.15725721
-0.17004696
-0.17861897
-0.15536788
-0.14357518
-0.19159013
0.046308186
-0.061675517
-0.076187914
-0.1033594
-0.020461226
-0.15220249
-0.12870381
0.0047992295
0.01497731
-0.10635672
-0.036670181
0.022706942
0.049144257
0.0088569049
-0.025935935
0.14244754
-0.019579858
0.079550785
0.19588363
0.01745627
0.087909511
0.019430413
0.020774068
0.16286409
0.19537768
0.070741827
0.081096548
0.082277021
0.14176887
0.039056927
0.046366194
0.15815855
0.13790463
0.10000057
0.11921042
0.18053576
0.10194357
0.21906917
0.20521762
0.16672734
0.1161827
0.19341645
0.16703103
0.14407287
0.15275334
0.15424095
0.3211783
0.28950792
0.27433785
0.24820902
0.32959715
0.30225093
0.30731635
0.22878446
0.28956398
0.34806309
0.3496258
0.33374567
0.23524884
0.29629092
0.31368847
0.33751726
0.41750103
0.33783584
0.44350946
0.35240888
0.34929405
0.56047423
0.29774836
0.36865423
0.41551573
0.50110855
0.34914058
0.43819105
0.38886929
0.44120339
0.47024929
0.40793041
0.45856627
0.42275859
0.50849122
0.42596341
0.50872767
0.4767612
0.4897127
0.57011983
0.54377534
0.466807
0.68666586
0.57930965
0.54597452
0.69855511
0.56229674
0.5566761
0.48281772
0.54845016
0.56028966
0.58617035
0.77776393
0.67407536
0.69727796
0.65888301
0.63295344
0.62588725
0.58096867
0.69994409
0.65644319
0.59263057
0.60431378
0.64649187
0.61904667
0.65991564
0.73520766
0.64681912
0.72850169
0.63824798
0.6747137
0.68946099
0.75046614
0.80732455
0.70442046
0.71160769
0.69279509
0.87554339
0.76865452
0.77477676
0.72259847
0.83729072
0.77087157
0.77252975
0.82638915
0.71175891
0.91218856
1.0011491
0.89111036
0.84926327
0.91283387
0.86210286
1.0064079
0.88696337
0.89888128
1.0306015
0.93209826
0.81930732
0.81080653
0.81956814
0.85476094
0.95545706
0.87709891
0.85821455
0.88882114
0.8975793
1.0241603
0.98483693
0.89161733
1.0112832
0.89398218
0.93359032
1.0784608
0.92062437
0.9788327
1.0845638
0.95681547
0.94416016
0.97911708
0.97895694
1.0153739
0.98940359
0.97350043
1.1217897
0.9751863
0.97524263
0.9983475
1.0708346
0.98393929
1.0332401
1.1108463
1.0601931
0.99333404
1.1617987
1.0401685
1.1373461
1.0679395
1.1201829
1.1586086
1.074608
1.16601
1.2344208
1.1836451
1.0575572
1.2482589
1.0654443
1.1945511
1.1149233
1.259769
1.1004576
1.2426303
1.1023894
1.1950941
1.1446823
1.1549723
1.1547481
1.3336469
1.3922497
1.2257312
1.3024574
1.2588574
1.2040672
1.228823
1.400474
1.2553968
1.3120098
1.3571785
1.3574405
1.2718239
1.3399504
1.2530369
1.2401591
1.2897078
1.4725646
1.2946045
1.4176682
1.3514367
1.3033455
1.3122532
1.3894635
1.3619522
1.4361271
1.3783058
1.5107402
1.4789281
1.4093462
1.432752
1.3996501
1.3750775
1.4938094
1.4287412
1.4548709
1.4286143
1.4096274
1.3533206
1.4608804
1.3780763
1.4362064
1.5232207
1.5759922
1.4466475
1.4585251
1.444041
1.5486613
1.4398338
1.5053552
1.4456108
1.5083614
1.4967681
1.7044533
1.5164446
1.4682695
1.4989601
1.5340198
1.4758232
1.5063054
1.6294057
1.5746308
1.5081507
1.5778599
1.6110533
1.5260565
1.5782458
1.5770366
1.548235
1.6149016
1.6532253
1.5370849
1.5965326
1.5616228
1.6168524
1.6067746
1.585006
1.6389566
1.6547842
1.7295258
1.8576459
1.6634956
1.7214858
1.8204476
1.640754
1.7456783
1.7877995
1.7315043
1.7276839
1.8670442
1.8950722
1.9051818
1.7998548
1.8128795
1.8493042
1.8045767
1.8353778
1.857161
1.8180585
1.8918578
1.8950216
1.8762338
2.0241836
1.8429391
1.8081967
1.9652141
1.9553028
1.9234553
1.8886713
2.0151735
1.9066998
1.886264
1.9037971
2.1289689
2.0364906
1.9991704
1.9500282
1.9355983
1.9459965
2.005918
1.9913349
1.9755252
2.0642367
1.9570276
2.0643681
2.0296905
2.0514428
2.1571694
2.0096817
2.0346789
2.1189086
2.1219184
2.1306506
2.1716807
2.1197165
2.1358981
2.3129484
2.1364164
2.171247
2.2006256
2.1179361
2.1077093
2.1953621
2.0851839
2.1316217
2.3918809
2.2106427
2.3504639
2.2244368
2.2769523
2.1769777
2.3191429
2.2700128
2.2090419
2.2862488
2.2209509
2.4267978
2.291079
2.2475853
2.3435549
2.3335174
2.3120214
2.2900061
2.2801483
2.3162975
2.2845335
2.3077127
2.2860035
2.3788742
2.3207232
2.3209015
2.2904856
2.3397433
2.3701948
2.28924
2.4225374
2.3008083
2.3357949
2.4041978
2.4349058
2.3914943
2.3523678
2.5254484
2.3402793
2.3994709
2.4547273
2.5324888
2.4193811
2.4135813
2.4483347
2.4787821
2.4888592
2.3935026
2.6362948
2.5333988
2.5526427
2.507458
2.4219859
2.5003855
2.4699719
2.5265203
2.6702153
2.4561361
2.5750286
2.6015714
2.6598567
2.7006773
2.5772667
2.5497371
2.6760087
2.7894819
2.5792586
2.586526
2.5429638
2.657938
2.5680021
2.6204705
2.6928089
2.6059066
2.6816141
2.6146596
2.6047261
2.5349687
2.6468909
2.6281869
2.8284948
2.6218736
2.5938687
2.5764994
2.6854601
2.6803048
2.7543143
2.6952953
2.6735767
2.811437
2.6882468
2.8334082
2.6911068
2.7159087
2.7551446
2.7508481
2.7725803
2.840833
2.7162262
2.8905226
2.8563694
2.8977717
2.9561114
2.7387075
2.7953713
2.7243058
2.9682479
2.7361124
2.8161213
2.7524726
2.9466363
2.9976307
2.8324518
2.9048776
2.8731141
2.8531923
2.8211263
2.933356
2.9316839
2.8872463
2.880406
2.8020934
2.8980826
2.8489096
2.9332665
2.9581372
2.8945437
2.8932662
2.9614399
2.8946117
2.9541918
2.8756462
3.006216
2.978959
2.9773262
2.9485522
2.9978419
3.0398753
2.883351
2.8992504
2.9995804
3.0172622
2.9117159
3.007601
3.0496386
3.1000762
3.0647764
3.0229085
2.9936946
3.0538159
3.1745292
3.244243
3.0588974
3.0779076
3.0257247
3.1405655
3.024696
3.1407177
3.1392946
3.2136841
3.149905
3.1847831
3.1982851
3.1067369
3.1735222
3.1998447
3.1651801
3.1742066
3.1043159
3.1536961
3.3003256
3.1623448
3.1565262
3.1392823
3.1888205
3.1815647
3.1614174
3.2208691
3.2298512
3.1820276
3.2299226
3.1602723
3.1937933
3.2042316
3.1666277
3.2570014
3.4427
3.1700012
3.2645066
3.3523637
3.2434385
3.3144823
3.305878
3.2262199
3.2435109
3.2785291
3.277095
3.3598601
3.2804148
3.280245
3.3052238
3.2775095
3.2762469
3.3415769
3.3212075
3.3167647
3.3573988
3.296941
3.3376543
3.3686408
3.426841
3.5273631
3.369537
3.4403935
3.418665
3.3694121
3.3970869
3.5221784
3.4078035
3.4253189
3.5910415
3.399363
3.4694958
3.4695629
3.443832
3.5234336
3.5353375
3.5382957
3.5935723
3.5270142
3.4934957
3.4543182
3.6807883
3.7171593
3.5186019
3.4782873
3.5493029
3.4738656
3.6223149
3.7869176
3.5898967
3.6192584
3.6105712
3.5947938
3.7284476
3.5801384
3.6677319
3.7032135
3.604325
3.5839518
3.6903122
3.675801
3.6295127
3.6600539
3.6919204
3.6992527
3.738377
3.7166519
3.6485588
3.7195001
3.6832803
3.7268636
3.7188203
3.7142967
3.6840047
3.6157637
3.7898871
3.7116236
3.6798871
3.729061
3.7556213
3.7440619
3.7338604
3.7674409
3.7749777
3.7186449
3.718662
3.7519224
3.8115469
3.7200995
3.7216064
3.6999814
3.9093512
3.7485427
3.8891933
3.8457736
3.77459
3.7630573
4.0081458
3.8375144
3.8361861
3.77809
4.0018288
3.8088313
4.040125
3.8996792
3.8749843
3.8387555
3.9028691
3.9203934
3.9841578
3.9641028
3.8786035
3.8830069
3.9599266
4.0635641
3.9762171
4.0316847
3.9872969
3.9057001
3.9274595
3.9461812
3.9478086
3.9334993
3.9537243
3.9249154
3.9527458
3.974395
4.0181625
4.2044702
3.9769261
4.106293
4.0874139
4.0630127
4.1397917
4.0476274
4.1243669
4.0650418
4.0479201
4.1158352
4.0375636
4.0959127
4.0944416
4.164004
4.094589
4.0407881
4.1063582
4.0699353
4.1047595
4.1630759
4.0829035
4.2890638
4.1326246
4.1342565
4.2936651
4.1043736
4.1058408
4.1451149
4.1654153
4.2688104
4.1604504
4.259289
4.0996428
4.2983254
4.1970303
4.1809514
4.2783243
4.2844431
4.3192439
4.1945929
4.2495723
4.2385708
4.3199758
4.2796692
4.3305619
4.3667718
4.2581538
4.22806
4.245643
4.3412121
4.458731
4.4154902
4.3575169
4.2676654
4.3967009
4.331426
4.4391872
4.3437088
4.4312283
4.3541116
