-1.0012178
-1.0012139
-1.0012049
-1.0012191
-1.0011961
-1.0012121
-1.0011976
-1.0012249
-1.0012069
-1.0012084
-1.0012013
-1.0011919
-1.0011613
-1.0012093
-1.0012129
-1.0012014
-1.0011983
-1.0012031
-1.0012063
-1.0011919
-1.0012022
-1.0011894
-1.0011638
-1.0011833
-1.0011922
-1.0012005
-1.0011959
-1.0011971
-1.0011995
-1.0012095
-1.0012041
-1.0011944
-1.0011919
-1.0012121
-1.0011965
-1.0011884
-1.001229
-1.001207
-1.0011879
-1.0012095
-1.0012182
-1.0011886
-1.0011975
-1.0011953
-1.0012013
-1.0011934
-1.001209
-1.0012083
-1.0011928
-1.0012056
-1.0011923
-1.0012117
-1.0011937
-1.0012098
-1.001213
-1.0011972
-1.0012224
-1.0012145
-1.0011931
-1.0012188
-1.001191
-1.0012212
-1.0012038
-1.0011942
-1.0012083
-1.0012266
-1.001198
-1.0012113
-1.0012104
-1.0011918
-1.0012044
-1.001208
-1.0012089
-1.0012122
-1.0011855
-1.0011882
-1.001207
-1.0012054
-1.0011906
-1.0012167
-1.0011967
-1.0012054
-1.0012078
-1.0012067
-1.0012074
-1.0012237
-1.001209
-1.0011856
-1.0011976
-1.0012072
-1.0011959
-1.0012023
-1.0011837
-1.0011958
-1.0011648
-1.0012085
-1.0012061
-1.0012156
-1.0012029
-1.0012184
-1.0011957
-1.0012032
-1.0011913
-1.0011997
-1.0012148
-1.0012161
-1.0011976
-1.0011994
-1.0011875
-1.001215
-1.0011981
-1.0011872
-1.0012044
-1.0012006
-1.0011984
-1.0011963
-1.0012107
-1.0012026
-1.0011954
-1.0011886
-1.0010825
-1.0012046
-1.0011944
-1.0011969
-1.0011932
-1.0011882
-1.0012012
-1.0012114
-1.0012026
-1.0012029
-1.0012156
-1.0012235
-1.0012138
-1.0011882
-1.0012019
-1.0012001
-1.0011938
-1.0012127
-1.0011709
-1.0012029
-1.001232
-1.0012202
-1.0012076
-1.0012077
-1.0012146
-1.0011982
-1.0012103
-1.0012201
-1.0011955
-1.0011597
-1.0012111
-1.0011994
-1.001199
-1.0012005
-1.0012078
-1.0012255
-1.0011983
-1.0012034
-1.0012015
-1.0011957
-1.0012052
-1.0011936
-1.0012016
-1.0011945
-1.0011988
-1.0012022
-1.0012311
-1.0011968
-1.0012072
-1.0011992
-1.0012003
-1.0012152
-1.0011978
-1.0011989
-1.0012124
-1.0012056
-1.0012028
-1.0012102
-1.0012026
-1.0011927
-1.0012067
-1.0012148
-1.0012083
-1.0011904
-1.0011909
-1.0012158
-1.0012192
-1.0011976
-1.0011909
-1.0012043
-1.0011744
-1.0011999
-1.0012073
-1.0012363
-1.0012
-1.0011978
-1.001182
-1.0011981
-1.0012171
-1.0012162
-1.001209
-1.0011963
-1.0011811
-1.001189
-1.0012026
-1.0012017
-1.0012189
-1.0012154
-1.0012117
-1.0012094
-1.0011896
-1.0012198
-1.0011905
-1.0011757
-1.0011869
-1.0012219
-1.001215
-1.0012269
-1.0012004
-1.0012065
-1.0012036
-1.0012017
-1.0011924
-1.0011739
-1.0011862
-1.0011733
-1.0012098
-1.0011542
-1.0012283
-1.0011914
-1.0011832
-1.0012045
-1.0012004
-1.0012089
-1.0012182
-1.0012336
-1.0012014
-1.0011905
-1.0012049
-1.0011962
-1.0011879
-1.0011938
-1.0011963
-1.0011639
-1.0012082
-1.0012008
-1.0011792
-1.0011903
-1.0012205
-1.0012114
-1.0012087
-1.0012253
-1.001184
-1.0012148
-1.0011694
-1.0012032
-1.0012153
-1.0011797
-1.0011976
-1.0011928
-1.0011956
-1.0012158
-1.0012222
-1.0011926
-1.0012168
-1.001182
-1.001207
-1.0012198
-1.0012142
-1.0012148
-1.0011892
-1.0012356
-1.0012075
-1.0011922
-1.0012057
-1.0011977
-1.0012031
-1.0012115
-1.0011975
-1.0012059
-1.0012066
-1.0012082
-1.0012123
-1.0011972
-1.0012319
-1.0012064
-1.0012021
-1.0012264
-1.0011972
-1.0012141
-1.0012279
-1.0011977
-1.0012008
-1.0011735
-1.0012018
-1.0011932
-1.0012142
-1.0012023
-1.0011659
-1.0012036
-1.0011889
-1.0012078
-1.0012013
-1.0012021
-1.0011992
-1.001192
-1.0012113
-1.0012063
-1.0012354
-1.0011879
-1.0011999
-1.0011981
-1.0012056
-1.0012174
-1.0011996
-1.0011889
-1.0011943
-1.0012159
-1.0011912
-1.0012077
-1.0011994
-1.0011965
-1.0011917
-1.0011906
-1.0012012
-1.0012191
-1.0011976
-1.0012031
-1.0011613
-1.0012035
-1.0011697
-1.0012134
-1.0012019
-1.0011969
-1.0012046
-1.0012096
-1.0012053
-1.0011716
-1.0011715
-1.0012055
-1.0012245
-1.0012169
-1.0011829
-1.0012045
-1.0012097
-1.0011916
-1.0011919
-1.001191
-1.0012106
-1.0011989
-1.0012045
-1.001219
-1.0011989
-1.0011984
-1.0011947
-1.0012163
-1.0012114
-1.0011992
-1.001199
-1.0011969
-1.0012117
-1.0011968
-1.0011965
-1.0012032
-1.0011872
-1.0012004
-1.0012034
-1.0012058
-1.0012067
-1.0011988
-1.001195
-1.0011994
-1.001201
-1.0011792
-1.0012168
-1.0011927
-1.0012019
-1.0011932
-1.0012054
-1.0011946
-1.0012015
-1.0011948
-1.0012006
-1.0012123
-1.0012034
-1.0010972
-1.0012029
-1.0011981
-1.0012013
-1.0011971
-1.001195
-1.0012023
-1.0011944
-1.0011985
-1.0011968
-1.0012014
-1.0012002
-1.0012103
-1.0012035
-1.0011979
-1.0011972
-1.0011449
-1.0012014
-1.0012111
-1.0012056
-1.0012015
-1.0012054
-1.0011994
-1.001211
-1.001198
-1.0011863
-1.0011852
-1.0012075
-1.0011837
-1.0012244
-1.0012013
-1.0011906
-1.0012013
-1.001213
-1.0011659
-1.0012166
-1.0011704
-1.0012207
-1.0011912
-1.0012162
-1.0012017
-1.0011948
-1.0012001
-1.0012154
-1.0011977
-1.0012087
-1.0011942
-1.0012278
-1.0012248
-1.0011973
-1.0012004
-1.0011953
-1.001188
-1.0011901
-1.0012081
-1.0012146
-1.0012231
-1.0012034
-1.0012027
-1.0012003
-1.0012105
-1.0012143
-1.0011878
-1.0012062
-1.0012048
-1.0012
-1.0012075
-1.0012034
-1.0012035
-1.0011983
-1.0012022
-1.0011947
-1.001195
-1.0011928
-1.0011999
-1.0011989
-1.0012241
-1.001216
-1.0011936
-1.0012034
-1.0012129
-1.0012075
-1.0012018
-1.0012018
-1.0012292
-1.0012112
-1.0012077
-1.0011972
-1.0011592
-1.0011976
-1.00121
-1.0011878
-1.0011873
-1.0011783
-1.0012076
-1.0011782
-1.0011977
-1.0012163
-1.0011685
-1.0012033
-1.0012177
-1.0011993
-1.0012209
-1.0011982
-1.0011941
-1.0012164
-1.0011654
-1.0012085
-1.0011932
-1.0011992
-1.0012033
-1.0012097
-1.0012149
-1.0012044
-1.0012018
-1.0011928
-1.0011939
-1.0011951
-1.0012033
-1.0011765
-1.0011993
-1.0012095
-1.0011953
-1.001204
-1.0011975
-1.0011912
-1.0012134
-1.0012072
-1.0012188
-1.0012054
-1.0012004
-1.0011972
-1.0011978
-1.0012154
-1.0012141
-1.0012006
-1.0011972
-1.0012141
-1.0012077
-1.001195
-1.0012167
-1.0011995
-1.0011676
-1.0011975
-1.0012007
-1.0012058
-1.001198
-1.0012187
-1.0011969
-1.001212
-1.0011635
-1.0012079
-1.0011786
-1.001208
-1.0012003
-1.0012231
-1.001201
-1.0011919
-1.0012025
-1.001212
-1.001212
-1.001201
-1.0011928
-1.001222
-1.0012104
-1.001164
-1.0012087
-1.0012016
-1.0011975
-1.0012043
-1.0012096
-1.0011995
-1.0011982
-1.0011956
-1.0011997
-1.0012086
-1.0011963
-1.0012056
-1.0012047
-1.0011969
-1.001193
-1.0012
-1.001215
-1.0012023
-1.0011898
-1.0011916
-1.0012115
-1.001195
-1.0012005
-1.0012055
-1.0011848
-1.0011493
-1.001234
-1.0012072
-1.0012068
-1.0011979
-1.00121
-1.0011929
-1.0012062
-1.0012018
-1.0011964
-1.0012188
-1.0012144
-1.0012005
-1.0012161
-1.0012366
-1.0011987
-1.0012027
-1.0011989
-1.0011889
-1.0012167
-1.0012021
-1.0011908
-1.0011923
-1.0011975
-1.0011959
-1.0011907
-1.0012037
-1.0011997
-1.0012142
-1.0011876
-1.0011909
-1.0011962
-1.0011847
-1.0012088
-1.0012023
-1.0011836
-1.0012002
-1.0012225
-1.0012072
-1.0011966
-1.0012115
-1.0011986
-1.0011976
-1.0012
-1.0012324
-1.0012237
-1.0011962
-1.0011965
-1.0012162
-1.0011821
-1.0011895
-1.0012098
-1.0011956
-1.0012018
-1.0011899
-1.0011933
-1.0011992
-1.0011966
-1.0011958
-1.0011997
-1.0011753
-1.0012189
-1.0012085
-1.001198
-1.0012009
-1.001192
-1.0011959
-1.0012137
-1.0012124
-1.001196
-1.0012013
-1.0011978
-1.0012135
-1.0012022
-1.0011968
-1.0012063
-1.001193
-1.0012121
-1.0011869
-1.0012129
-1.0012062
-1.0012099
-1.0011977
-1.0011973
-1.001198
-1.0011928
-1.0011797
-1.0012061
-1.0011951
-1.0011995
-1.0012031
-1.0011917
-1.0012008
-1.0011991
-1.0012113
-1.0012011
-1.0011836
-1.0012019
-1.0011943
-1.0012137
-1.0012026
-1.0012071
-1.0011998
-1.0012237
-1.0011897
-1.0012012
-1.0011955
-1.0011977
-1.0011925
-1.0011279
-1.0012224
-1.0012004
-1.0012186
-1.0012199
-1.0011943
-1.0012001
-1.0012032
-1.0011942
-1.0011989
-1.0012035
-1.0012001
-1.0012053
-1.0012021
-1.0012097
-1.0011683
-1.0012018
-1.0011889
-1.001215
-1.0011998
-1.0011974
-1.0012112
-1.0011992
-1.0012293
-1.0011611
-1.0011947
-1.0012036
-1.0012017
-1.0011957
-1.0012111
-1.0012126
-1.001219
-1.0011965
-1.0011978
-1.0012131
-1.0012025
-1.0012049
-1.0012076
-1.001204
-1.0011984
-1.0012072
-1.0012165
-1.0011968
-1.0012042
-1.0011895
-1.0011957
-1.0012145
-1.0011989
-1.001199
-1.0011857
-1.0011842
-1.0012118
-1.0011931
-1.0011974
-1.0011994
-1.0012028
-1.0011974
-1.0012242
-1.0011917
-1.001189
-1.001195
-1.0011971
-1.0012173
-1.0012074
-1.0012036
-1.0011998
-1.0012035
-1.0011993
-1.0011985
-1.0011954
-1.0011963
-1.001208
-1.0012021
-1.0012006
-1.0012071
-1.0011861
-1.0012028
-1.0012022
-1.0011994
-1.0012157
-1.0012211
-1.0012144
-1.0012055
-1.0012101
-1.0012009
-1.0012617
-1.0011988
-1.0011954
-1.0012068
-1.0012209
-1.0011961
-1.0012213
-1.0011907
-1.0011999
-1.0011946
-1.0011979
-1.0011658
-1.0012118
-1.0012224
-1.0011877
-1.0012075
-1.0011967
-1.0012013
-1.0011992
-1.0011521
-1.0011843
-1.0012175
-1.0011938
-1.0011947
-1.0011951
-1.001236
-1.0012121
-1.0011876
-1.0012165
-1.0011797
-1.0011956
-1.001206
-1.001203
-1.0011989
-1.0012101
-1.0012026
-1.0011843
-1.0012054
-1.0011989
-1.0012148
-1.0011967
-1.0012005
-1.0011836
-1.001204
-1.0011942
-1.0011875
-1.0012123
-1.0012169
-1.001216
-1.0011744
-1.0012124
-1.0011997
-1.0012062
-1.001206
-1.0012106
-1.0012089
-1.0012091
-1.0011923
-1.0011976
-1.0011896
-1.001178
-1.0012082
-1.0012149
-1.0012185
-1.0011922
-1.0012086
-1.0011896
-1.0012051
-1.0012109
-1.0011748
-1.0012066
-1.0012129
-1.0012119
-1.0011927
-1.0011844
-1.0012084
-1.0012069
-1.0012426
-1.0011975
-1.0011826
-1.0011788
-1.0012025
-1.001186
-1.0011907
-1.001189
-1.0012101
-1.0012074
-1.0012078
-1.0012098
-1.0012082
-1.0011943
-1.0012109
-1.0012125
-1.0012027
-1.001201
-1.0011982
-1.0011999
-1.0012024
-1.0012028
-1.001183
-1.0012083
-1.0012067
-1.001212
-1.0012102
-1.0011999
-1.0012001
-1.0012004
-1.0012046
-1.0011919
-1.0011768
-1.0011738
-1.0011986
-1.0012137
-1.0012077
-1.0012068
-1.0012016
-1.0012032
-1.001197
-1.0011966
-1.0011976
-1.0011747
-1.001269
-1.0011932
-1.0011889
-1.0012109
-1.001206
-1.0011974
-1.0012154
-1.0011846
-1.001199
-1.0011645
-1.0011948
-1.0012062
-1.001193
-1.0011996
-1.0011917
-1.0012162
-1.0011961
-1.001178
-1.0012036
-1.0012048
-1.0011958
-1.0012072
-1.0011937
-1.001179
-1.0012253
-1.0011963
-1.0011882
-1.0011856
-1.0012097
-1.0012025
-1.0012279
-1.0011956
-1.0012131
-1.0012014
-1.0011895
-1.0012116
-1.0012155
-1.0012043
-1.0011877
-1.0012088
-1.0011989
-1.001218
-1.0012048
-1.0012022
-1.0011971
-1.0012017
-1.0012212
-1.0012135
-1.0011747
-1.0012069
-1.0012091
-1.0012176
-1.0011958
-1.0012189
-1.001194
-1.0012061
-1.0012117
-1.0011929
-1.0012139
-1.0011869
-1.001205
-1.0011724
-1.0011948
-1.0012253
-1.0012077
-1.0012041
-1.0011998
-1.00121
-1.0012133
-1.0012001
-1.0011875
-1.0011998
-1.0012033
-1.0012325
-1.0011876
-1.0012116
-1.0012008
-1.001194
-1.0012108
-1.00121
-1.0012147
-1.0012101
-1.001207
-1.001217
-1.0011973
-1.0012215
-1.0012018
-1.0012011
-1.0011993
-1.0012199
-1.0011956
-1.0012044
-1.0012068
-1.0012074
-1.0012016
-1.0011785
-1.001198
-1.001208
-1.0011957
-1.0012083
-1.0012091
-1.0011935
-1.0012021
-1.0012068
-1.0011964
-1.0011977
-1.0012072
-1.0012012
-1.0012093
-1.0011961
-1.0011709
-1.0012211
-1.0012183
-1.001202
-1.0011859
-1.0011894
-1.0011983
-1.0012001
-1.0012011
-1.0012042
-1.0011903
-1.0012001
-1.0012027
-1.0012151
-1.0011975
-1.0012045
-1.0012083
-1.0012224
-1.0012189
-1.0011682
-1.0011973
-1.0012073
-1.0012011
-1.0011987
-1.0011827
-1.0012116
-1.001193
-1.0012055
-1.0012073
-1.0012384
-1.0011928
-1.0012006
-1.0011953
-1.0011989
-1.001192
-1.0012163
-1.0011989
-1.0012102
-1.0012042
-1.0011875
-1.0012031
-1.0012093
-1.0012022
-1.0011975
-1.0012122
-1.0011909
-1.0012174
-1.0011859
-1.0012042
-1.0011975
-1.0012017
-1.0012018
-1.0012061
-1.0011984
-1.0012029
-1.0011968
-1.0011986
-1.0011864
-1.0012042
-1.001198
-1.0012044
-1.0011917
-1.001196
-1.0012093
-1.001198
-1.0012173
-1.0012217
-1.0011888
-1.0011928
-1.0012097
-1.0012044
-1.0012023
-1.0011961
-1.0011968
-1.0011946
-1.0011906
-1.0012028
-1.0012003
-1.001191
-1.0011974
-1.0011983
-1.001198
-1.0012172
-1.0011991
-1.0011963
-1.0012032
-1.0012
-1.0012064
-1.0011967
-1.0011949
-1.0012037
-1.0012255
-1.0012061
-1.0011939
-1.001193
-1.0011994
-1.0012091
-1.0011896
-1.0012002
-1.001212
-1.0012043
-1.0011951
-1.0011989
-1.0012014
-1.0011814
-1.0012045
-1.0012273
-1.0011822
-1.0012004
-1.0011914
-1.0011976
-1.0011903
-1.0011991
-1.0011984
-1.0011888
-1.0012052
-1.0011878
-1.0011579
-1.0011879
-1.0012001
-1.0012095
-1.0011791
-1.0011962
-1.0011977
-1.0011976
-1.0011985
-1.0012018
-1.0011978
-1.0011945
-1.0011997
-1.0011522
-1.0012009
-1.0011907
-1.0012051
-1.0011946
-1.0011981
-1.0011915
-1.001223
-1.0011949
-1.0011877
-1.0012135
-1.001205
-1.0012087
-1.0011992
-1.0011652
-1.0012112
-1.0012038
-1.0012019
-1.0012056
-1.0012042
-1.0011776
-1.0011986
-1.0012002
-1.0012003
-1.0011908
-1.001204
-1.0012077
-1.0012057
-1.001198
-1.001212
-1.0012059
-1.001207
-1.0012106
-1.0012102
-1.0011757
-1.0012079
-1.001194
-1.0011957
-1.0011966
-1.0012188
-1.0012241
-1.0012251
-1.0011976
-1.0011949
-1.0012017
-1.0012062
-1.0012011
-1.0011976
-1.0011863
-1.0011964
-1.0012086
-1.0012012
-1.0012084
-1.0011977
-1.0012103
-1.0012085
-1.0011993
-1.0012065
-1.0011973
-1.00119
-1.0012041
-1.0012023
-1.00119
-1.0011983
-1.0011976
-1.0012079
-1.0012114
-1.0011893
-1.0012092
-1.0012016
-1.0011998
-1.0011997
-1.0011973
-1.001226
-1.0011985
-1.0012245
-1.0011999
-1.0012196
-1.0011995
-1.0011731
-1.0012174
-1.0011866
-1.0011902
-1.0011971
-1.0012072
-1.0012088
-1.001199
-1.0012103
-1.0012098
-1.0012057
-1.001193
-1.001193
-1.0012079
-1.001215
-1.0011919
-1.0011913
-1.0012034
-1.0011979
-1.001206
-1.0012105
-1.0012039
-1.0011772
-1.0012159
-1.001221
-1.0012051
-1.001195
-1.0012025
-1.0012203
-1.0011934
-1.0011973
-1.0012004
-1.001188
-1.0011922
-1.0012067
-1.001192
-1.0011886
-1.0012087
-1.0012409
-1.0012096
-1.001209
-1.0011961
-1.0011993
-1.0012031
-1.0011775
-1.0011927
-1.0011974
-1.0011913
-1.0011925
-1.0011974
-1.0011997
-1.0011955
-1.0011977
-1.0011983
-1.0011697
-1.0011907
-1.0011984
-1.0012229
-1.0012134
-1.0012045
-1.0011699
-1.0012004
-1.0012009
-1.0011945
-1.0012027
-1.0011789
-1.0011889
-1.0012014
-1.0011993
-1.0011977
-1.0012083
-1.0011981
-1.001215
-1.0012019
-1.0012027
-1.0012008
-1.0011765
-1.0012041
-1.0012053
-1.0012192
-1.0012051
-1.0012055
-1.0012102
-1.0011992
-1.0011959
-1.0011992
-1.0012141
-1.0011977
-1.0011963
-1.0012027
-1.001191
-1.0012032
-1.0011901
-1.0012223
-1.0011995
-1.001199
-1.0012178
-1.0011981
-1.0012227
-1.001203
-1.0011942
-1.0012102
-1.0012026
-1.0011688
-1.001222
-1.0012037
-1.0011862
-1.0012108
-1.0011952
-1.0012153
-1.0012002
-1.001205
-1.0012015
-1.0012039
-1.0011929
-1.0012055
-1.0012199
-1.0012104
-1.0012034
-1.0011888
-1.001214
-1.0011919
-1.0011976
-1.0011986
-1.0012038
-1.0011873
-1.0011734
-1.0012131
-1.001215
-1.0011965
-1.001192
-1.0011999
-1.0011948
-1.0011992
-1.0012222
-1.0011807
-1.0011978
-1.0011872
-1.0012106
-1.0012189
-1.0011968
-1.0012012
-1.0012102
-1.0011848
-1.0011991
-1.001214
-1.0011954
-1.0012097
-1.0011974
-1.001177
-1.0012056
-1.0011926
-1.001198
-1.0012156
-1.001207
-1.0012061
-1.0012096
-1.0012003
-1.0012165
-1.0012084
-1.0011929
-1.0012188
-1.0011779
-1.0012146
-1.0012011
-1.0012083
-1.001192
-1.0012134
-1.0011734
-1.0011985
-1.0012061
-1.001189
-1.0012083
-1.0011924
-1.0012181
-1.0011914
-1.0011983
-1.0011996
-1.0012215
-1.0011792
-1.0011903
-1.0011943
-1.0012315
-1.0012069
-1.0012069
-1.0012195
-1.0011665
-1.0011895
-1.0012006
-1.0012087
-1.0011981
-1.0012433
-1.0011973
-1.0012002
-1.0012075
-1.0012321
-1.0012159
-1.0011903
-1.0011955
-1.0012027
-1.0011936
-1.0011994
-1.0012059
-1.0012098
-1.0011977
-1.001203
-1.0011913
-1.0011926
-1.0011981
-1.0011979
-1.0012135
-1.0011966
-1.0012124
-1.0012032
-1.0012075
-1.0012012
-1.0012058
-1.0012017
-1.0012006
-1.0012244
-1.001203
-1.0012048
-1.0012065
-1.0012064
-1.0011534
-1.0012013
-1.0012125
-1.0011976
-1.0012126
-1.0012046
-1.0011931
-1.0011968
-1.001205
-1.0011982
-1.0011946
-1.0011982
-1.001204
-1.0011977
-1.0011908
-1.0012087
-1.0011905
-1.0012138
-1.001202
-1.0012126
-1.001196
-1.0012015
-1.0011979
-1.0011976
-1.0012038
-1.0011976
-1.0012
-1.0011976
-1.0011894
-1.0011976
-1.001208
-1.0012263
-1.0011673
-1.0011981
-1.001215
-1.0012121
-1.0012071
-1.0011962
-1.0012192
-1.0012105
-1.0012071
-1.0012095
-1.0011953
-1.0012044
-1.0011959
-1.0012056
-1.0012085
-1.0012072
-1.0012063
-1.0011948
-1.0011928
-1.0012246
-1.0012019
-1.0011983
-1.0011742
-1.0012165
-1.0012048
-1.001215
-1.0012022
-1.0011975
-1.0012221
-1.0011949
-1.0011931
-1.001199
-1.0011918
-1.0012149
-1.0011975
-1.0012009
-1.0012046
-1.0012175
-1.0012072
-1.0012061
-1.0011986
-1.0012036
-1.0012043
-1.00124
-1.0011992
-1.0012063
-1.001221
-1.0012225
-1.0011977
-1.0011996
-1.0011982
-1.0011997
-1.0011845
-1.0012059
-1.0011976
-1.0011884
-1.0011947
-1.0012037
-1.0011913
-1.0011974
-1.0011965
-1.0011991
-1.0012211
-1.0012077
-1.0012154
-1.0012012
-1.0012022
-1.0012073
-1.0012006
-1.001201
-1.0012015
-1.0011863
-1.001204
-1.0012154
-1.0012051
-1.0012106
-1.0012264
-1.0011643
-1.0011879
-1.0011979
-1.0012011
-1.0012077
-1.0012125
-1.0011904
-1.0012018
-1.00122
-1.0012008
-1.0012127
-1.0011982
-1.0012064
-1.0011978
-1.0012048
-1.0011927
-1.0012095
-1.00121
-1.0011969
-1.0012201
-1.0011988
-1.0012123
-1.0011991
-1.0012058
-1.0011977
-1.0011919
-1.0011931
-1.0012017
-1.0011955
-1.0011976
-1.0012081
-1.0012046
-1.0011781
-1.0012045
-1.0011792
-1.0012375
-1.0012057
-1.0011927
-1.0012025
-1.001211
-1.0012059
-1.0012186
-1.0011912
-1.0011945
-1.0011962
-1.0011925
-1.0011998
-1.0012061
-1.0012332
-1.0011966
-1.0011949
-1.0012122
-1.001193
-1.0011971
-1.0011647
-1.0011976
-1.0012057
-1.0011977
-1.0012053
-1.0011893
-1.001186
-1.0012054
-1.0012021
-1.001212
-1.0011736
-1.0011932
-1.0012102
-1.0012058
-1.0011968
-1.0012147
-1.0012215
-1.0012035
-1.0012043
-1.0012013
-1.0011984
-1.0012007
-1.0012067
-1.0012032
-1.0011981
-1.0012056
-1.0011984
-1.0012034
-1.0012087
-1.0012145
-1.0011993
-1.0012179
-1.0011979
-1.0012028
-1.0012049
-1.0012125
-1.0012074
-1.0012054
-1.0012024
-1.001202
-1.0012046
-1.0011987
-1.0012387
-1.0012062
-1.0011911
-1.0011972
-1.0012244
-1.0012025
-1.0012149
-1.0012023
-1.0011985
-1.0012066
-1.0011898
-1.0011932
-1.0011825
-1.0011771
-1.0011929
-1.0012202
-1.0012096
-1.0012259
-1.0012006
-1.0012001
-1.0011965
-1.0012112
-1.001212
-1.0011773
-1.0012119
-1.0012032
-1.0011852
-1.0012057
-1.0012087
-1.0011976
-1.0011994
-1.0011955
-1.0012336
-1.0012015
-1.00121
-1.0011942
-1.001197
-1.0012113
-1.0012048
-1.0012122
-1.0012032
-1.0012109
-1.0011942
-1.0011938
-1.0012184
-1.0011965
-1.0011979
-1.0011751
-1.0012051
-1.0011731
-1.0011972
-1.0012022
-1.0012004
-1.0012031
-1.0012091
-1.0011932
-1.0011887
-1.0011841
-1.0012016
-1.0012092
-1.0011935
-1.0011977
-1.0012003
-1.0012009
-1.0011844
-1.0011985
-1.0011902
-1.0012
-1.0011922
-1.0012221
-1.0012021
-1.0011976
-1.0011994
-1.0011997
-1.0012085
-1.0011981
-1.0012009
-1.0012166
-1.0011904
-1.0011998
-1.0011956
-1.0012183
-1.0011712
-1.0012
-1.001202
-1.0011918
-1.001201
-1.0011959
-1.0011926
-1.0012002
-1.0011976
-1.001187
-1.001199
-1.0011999
-1.0011999
-1.0012002
-1.001199
-1.0011854
-1.0012248
-1.0011963
-1.0011837
-1.0012197
-1.0011989
-1.0012104
-1.0011826
-1.0012057
-1.0011976
-1.0011883
-1.0011999
-1.0012367
-1.0012056
-1.0012299
-1.0012179
-1.0012156
-1.0011982
-1.0011931
-1.001197
-1.0011994
-1.001197
-1.0011742
-1.0012143
-1.0012003
-1.0011974
-1.0012108
-1.0012134
-1.0011884
-1.0011932
-1.0011967
-1.0012249
-1.0012089
-1.0011932
-1.0011927
-1.0011985
-1.0012061
-1.0012004
-1.0011974
-1.0012145
-1.001197
-1.0012186
-1.0011976
-1.0012102
-1.0012201
-1.0012168
-1.0011976
-1.0011926
-1.0012028
-1.0011997
-1.0012015
-1.0011976
-1.0012146
-1.0012023
-1.0011973
-1.001164
-1.0011975
-1.0011924
-1.0012004
-1.0012215
-1.0011832
-1.0011963
-1.0012033
-1.0012015
-1.0011986
-1.0011969
-1.0011976
-1.001197
-1.0012135
-1.0012019
-1.0012043
-1.001223
-1.0012112
-1.0011962
-1.0011952
-1.0012004
-1.0011935
-1.0011941
-1.0011977
-1.0011977
-1.0012244
-1.0012059
-1.0012052
-1.0011992
-1.0011928
-1.0012016
-1.0011946
-1.0012267
-1.0012067
-1.0012076
-1.0011945
-1.0011879
-1.0012115
-1.0011924
-1.0012028
-1.0012007
-1.0012084
-1.0012235
-1.0012025
-1.0011981
-1.0012165
-1.0012221
-1.0012002
-1.0012149
-1.0012234
-1.0012103
-1.0012072
-1.001201
-1.001199
-1.0012069
-1.0011926
-1.001211
-1.0012041
-1.0012188
-1.0011976
-1.001197
-1.0012075
-1.0012081
-1.0011906
-1.0012094
-1.0011921
-1.0012035
-1.0011978
-1.0012098
-1.0012038
-1.0012075
-1.001197
-1.0012049
-1.0011908
-1.0012099
-1.0012021
-1.0011881
-1.0011955
-1.0012042
-1.0011976
-1.0012082
-1.0012063
-1.0011989
-1.0011967
-1.0012077
-1.0012015
-1.0011932
-1.001202
-1.0012088
-1.0012142
-1.0012118
-1.0012077
-1.0012018
-1.0011999
-1.001198
-1.0011936
-1.0011987
-1.0011972
-1.0012066
-1.0012135
-1.0012141
-1.0011772
-1.0011785
-1.001191
-1.0012197
-1.0012102
-1.0012032
-1.0011998
-1.0011991
-1.0012047
-1.0012119
-1.0011918
-1.0011858
-1.0012102
-1.0012184
-1.0012073
-1.0011994
-1.0012139
-1.001199
-1.0012126
-1.0011996
-1.0011811
-1.0012222
-1.0011975
-1.0012071
-1.0011975
-1.0011982
-1.0011891
-1.0012053
-1.0011993
-1.0012064
-1.001218
-1.0012026
-1.0011998
-1.0011952
-1.0011898
-1.0011983
-1.0011989
-1.001202
-1.0012016
-1.0011965
-1.0012105
-1.0012021
-1.0011834
-1.0012167
-1.0012135
-1.0012045
-1.0012139
-1.0011939
-1.0011928
-1.0011963
-1.0012157
-1.0012065
-1.001199
-1.0010709
-1.0011941
-1.0012072
-1.0012193
-1.0012051
-1.0011766
-1.0011994
-1.0011926
-1.001194
-1.0012059
-1.0012046
-1.0011582
-1.001204
-1.0011984
-1.0011956
-1.0012055
-1.0012082
-1.0011721
-1.0012095
-1.0011971
-1.0012103
-1.0011981
-1.0012114
-1.0011994
-1.0012083
-1.0011953
-1.0011983
-1.0012197
-1.0011999
-1.0012065
-1.0011894
-1.0011817
-1.0012073
-1.0012153
-1.0011981
-1.0011964
-1.0012061
-1.0012109
-1.001221
-1.0012134
-1.0011275
-1.0011987
-1.0011734
-1.001199
-1.0011966
-1.0012027
-1.0011976
-1.0011881
-1.0012041
-1.0011991
-1.0011991
-1.0011891
-1.001208
-1.0012096
-1.0011998
-1.0012085
-1.001203
-1.0011993
-1.0011726
-1.0011988
-1.0012273
-1.0012204
-1.0011917
-1.0012024
-1.0012044
-1.0012025
-1.001215
-1.0012167
-1.0012202
-1.0012009
-1.0011887
-1.0011952
-1.0012027
-1.0011383
-1.0011978
-1.0012057
-1.0011967
-1.001199
-1.0011976
-1.0012003
-1.0011995
-1.0012058
-1.0012022
-1.0011993
-1.0011973
-1.0012168
-1.0012062
-1.0012073
-1.0012152
-1.0012034
-1.0012107
-1.0011995
-1.0012158
-1.0011845
-1.0012035
-1.0012026
-1.0012108
-1.0011976
-1.0011968
-1.0011944
-1.0012176
-1.0012137
-1.0012176
-1.0012221
-1.0011958
-1.0012115
-1.0012124
-1.001221
-1.0011983
-1.0011993
-1.0011929
-1.0012003
-1.0012023
-1.001205
-1.0011967
-1.0011712
-1.001198
-1.0012231
-1.0011924
-1.0012057
-1.0012145
-1.0012137
-1.0011974
-1.0011977
-1.0011988
-1.0011976
-1.0011914
-1.00119
-1.0012043
-1.0012019
-1.0011984
-1.0012009
-1.0011934
-1.0011981
-1.0012082
-1.0011722
-1.0011705
-1.0012043
-1.0012014
-1.0012025
-1.0012016
-1.0011974
-1.0012063
-1.0012059
-1.0011898
-1.001201
-1.0011971
-1.0012034
-1.0011926
-1.0012056
-1.0012349
-1.0011932
-1.0011969
-1.0012102
-1.0011981
-1.0011959
-1.0011969
-1.0012084
-1.0012049
-1.0012174
-1.0012048
-1.0012074
-1.0011962
-1.0012075
-1.0011981
-1.0012022
-1.0012002
-1.0012283
-1.0011976
-1.0011985
-1.0011992
-1.0012077
-1.0011975
-1.0012076
-1.0011667
-1.0011778
-1.0012059
-1.0012138
-1.0012014
-1.0012175
-1.0012071
-1.0011978
-1.001198
-1.0012012
-1.0011899
-1.001206
-1.0012049
-1.0012047
-1.001212
-1.0012009
-1.0012061
-1.0011976
-1.0011975
-1.0012027
-1.0012049
-1.0012059
-1.0012044
-1.0011951
-1.0011992
-1.0011974
-1.0011953
-1.0011937
-1.0012345
-1.0011814
-1.0012181
-1.0011974
-1.0012009
-1.0012047
-1.0011987
-1.0011928
-1.0012148
-1.0011509
-1.0011918
-1.0011958
-1.0011706
-1.0012127
-1.0012094
-1.0012121
-1.0012024
-1.0012232
-1.0012361
-1.0011824
-1.0012185
-1.0012346
-1.0012094
-1.0011918
-1.0011975
-1.0011989
-1.0011994
-1.0011957
-1.0012118
-1.0011971
-1.001176
-1.001194
-1.0011813
-1.0011729
-1.0012019
-1.0011913
-1.0012148
-1.0012001
-1.0012014
-1.0011967
-1.0011895
-1.0012088
-1.0011989
-1.001187
-1.0012054
-1.0012
-1.0012042
-1.0012156
-1.0012051
-1.0012048
-1.001196
-1.0011994
-1.0011976
-1.0011976
-1.0012009
-1.0011979
-1.0011894
-1.0012157
-1.0012025
-1.0012081
-1.001205
-1.0012089
-1.0012428
-1.0011963
-1.0012105
-1.0012049
-1.0011929
-1.0012025
-1.0012185
-1.0011963
-1.0012029
-1.0011714
-1.0011827
-1.0012046
-1.0011926
-1.0012027
-1.0011754
-1.0012239
-1.0012105
-1.0012011
-1.0012203
-1.0012178
-1.0011902
-1.0012234
-1.0012056
-1.001206
-1.0011976
-1.0011869
-1.0012043
-1.0011991
-1.0011986
-1.0012003
-1.0012101
-1.0012091
-1.0012089
-1.0011997
-1.0011311
-1.0011915
-1.0011945
-1.0012016
-1.0012164
-1.0012035
-1.0011947
-1.001205
-1.0012125
-1.0012037
-1.0012132
-1.0011993
-1.0012196
-1.0012287
-1.0011992
-1.0012022
-1.001212
-1.0011968
-1.0012124
-1.0011923
-1.0011967
-1.0011976
-1.001202
-1.0012104
-1.0011957
-1.001204
-1.0012087
-1.0012019
-1.0011938
-1.0012019
-1.0012084
-1.0011886
-1.0012013
-1.0011976
-1.0011977
-1.0011929
-1.0011808
-1.0011996
-1.001203
-1.0011932
-1.0012
-1.0012043
-1.0012012
-1.0011981
-1.00122
-1.0011985
-1.0012017
-1.0011957
-1.0012155
-1.0012006
-1.0012137
-1.0011795
-1.001206
-1.0011942
-1.0012077
-1.0011991
-1.0012013
-1.0012214
-1.0011988
-1.0011711
-1.0012029
-1.0011994
-1.0012057
-1.0011841
-1.0011986
-1.0012014
-1.0012332
-1.0012044
-1.001195
-1.0011884
-1.0011992
-1.0012198
-1.0012125
-1.0012042
-1.0012171
-1.0012004
-1.0012039
-1.0011936
-1.0012041
-1.0011915
-1.0012194
-1.0012093
-1.0011973
-1.0012149
-1.0012117
-1.0011978
-1.0011976
-1.0012051
-1.0011999
-1.0011977
-1.0011973
-1.001231
-1.0011383
-1.0011976
-1.001208
-1.0011963
-1.0012073
-1.0012009
-1.0012018
-1.0011985
-1.0011977
-1.0012057
-1.0012089
-1.0012249
-1.0012064
-1.0012062
-1.0012005
-1.0012003
-1.0012169
-1.0012058
-1.0011976
-1.0012076
-1.0012054
-1.001206
-1.0011944
-1.0011946
-1.0012
-1.001205
-1.0012051
-1.0012091
-1.0012179
-1.0011925
-1.0012035
-1.0012065
-1.0011985
-1.0012019
-1.0012032
-1.0011967
-1.0012053
-1.0011997
-1.0012023
-1.0011793
-1.001218
-1.0012019
-1.0011955
-1.0012042
-1.0012029
-1.0012059
-1.0012158
-1.0011884
-1.0012213
-1.0011952
-1.0012159
-1.0011979
-1.0011924
-1.0011982
-1.0011957
-1.0012076
-1.0012129
-1.0012067
-1.0012224
-1.0011922
-1.001199
-1.001193
-1.0012052
-1.0012028
-1.0012
-1.0012092
-1.001224
-1.0012008
-1.0011976
-1.0011986
-1.0011876
-1.0011951
-1.0011982
-1.0012025
-1.0012029
-1.0011981
-1.0012131
-1.001215
-1.001163
-1.0011967
-1.0011956
-1.0012179
-1.0012005
-1.0012081
-1.001198
-1.0012187
-1.001216
-1.0011946
-1.0012561
-1.0011923
-1.0012001
-1.0011993
-1.0012168
-1.001197
-1.0011935
-1.001223
-1.0011951
-1.00121
-1.0012032
-1.0012067
-1.0011662
-1.0011955
-1.001182
-1.0011959
-1.0011984
-1.0012143
-1.001186
-1.0012193
-1.0012029
-1.001202
-1.0012134
-1.001203
-1.0012002
-1.001201
-1.0012092
-1.0012092
-1.0011855
-1.0012033
-1.0012069
-1.001159
-1.0011974
-1.0011963
-1.0012095
-1.0012278
-1.0011955
-1.0012115
-1.0011958
-1.0012083
-1.0012061
-1.0011983
-1.0012035
-1.0011956
-1.001192
-1.0012
-1.0012062
-1.0012005
-1.0012225
-1.0012107
-1.0011615
-1.0012158
-1.0012034
-1.0011769
-1.0011953
-1.0011907
-1.0012014
-1.0012018
-1.001211
-1.0011981
-1.0012101
-1.0011975
-1.0012031
-1.001219
-1.0012083
-1.0012126
-1.0012229
-1.0012168
-1.0011974
-1.001191
-1.0012008
-1.0012037
-1.0011998
-1.0011919
-1.0011677
-1.0011978
-1.0012079
-1.0012029
-1.001224
-1.0012041
-1.0011959
-1.0012012
-1.0012086
-1.0011974
-1.0012131
-1.001187
-1.0012007
-1.0011991
-1.0012307
-1.0011965
-1.0012071
-1.0012174
-1.0011995
-1.0012095
-1.001189
-1.001192
-1.0012218
-1.0011991
-1.0012083
-1.0012048
-1.001196
-1.0011777
-1.0012
-1.001191
-1.0011794
-1.0012208
-1.0011946
-1.0012024
-1.0012008
-1.0011876
-1.0012218
-1.0011691
-1.0011989
-1.0012011
-1.0012186
-1.0011966
-1.0011973
-1.0012194
-1.0012003
-1.0011824
-1.0012137
-1.0011666
-1.0011797
-1.0012126
-1.0012067
-1.0011983
-1.0011992
-1.0011988
-1.0012252
-1.0011987
-1.0012105
-1.0011989
-1.0011828
-1.0011973
-1.0011984
-1.0012051
-1.0012056
-1.0012274
-1.0011976
-1.0011976
-1.0011927
-1.0011995
-1.0011829
-1.0011965
-1.0011991
-1.0012001
-1.0011978
-1.0012035
-1.0011966
-1.0012057
-1.0012254
-1.0011955
-1.0011897
-1.0011932
-1.0012065
-1.0011887
-1.0012127
-1.001203
-1.0012005
-1.0011984
-1.0011923
-1.0012014
-1.001199
-1.0012008
-1.001196
-1.0011989
-1.0012089
-1.0011979
-1.0011936
-1.0011925
-1.0011895
-1.0012084
-1.0012109
-1.0012062
-1.0011887
-1.001194
-1.0011989
-1.0012077
-1.0012018
-1.0011891
-1.0012081
-1.0012033
-1.0012072
-1.0011978
-1.0011862
-1.0012275
-1.0012054
-1.0011892
-1.0011997
-1.0012096
-1.0011998
-1.001216
-1.0011921
-1.0012004
-1.0011925
-1.0012076
-1.0012074
-1.0012064
-1.0011821
-1.0011976
-1.0011964
-1.0012227
-1.0012037
-1.0011995
-1.0011733
-1.0012017
-1.0011959
-1.0012057
-1.0011857
-1.0012011
-1.0011976
-1.0012088
-1.0011987
-1.0012019
-1.0011852
-1.001205
-1.0011993
-1.0011879
-1.0011958
-1.0012167
-1.0011813
-1.0011881
-1.0011886
-1.001187
-1.0012085
-1.0011972
-1.0012206
-1.001214
-1.0011955
-1.0011856
-1.0011933
-1.0011996
-1.0012048
-1.0011824
-1.0011991
-1.0012125
-1.0011331
-1.0012001
-1.0011989
-1.0012074
-1.0012357
-1.0011985
-1.0011838
-1.0011788
-1.0011974
-1.0012154
-1.0012141
-1.001207
-1.001199
-1.0011979
-1.0012044
-1.0011854
-1.0011905
-1.0011566
-1.0011946
-1.0011964
-1.0012194
-1.0011746
-1.0012103
-1.001214
-1.0011859
-1.0011992
-1.0011943
-1.0012056
-1.0012047
-1.0011997
-1.00119
-1.0012069
-1.0012079
-1.0011824
-1.0011975
-1.0012203
-1.0011955
-1.0012041
-1.0011915
-1.0011988
-1.0011985
-1.0011857
-1.00121
-1.0012055
-1.0011876
-1.0012188
-1.001184
-1.001233
-1.0011995
-1.0012072
-1.0011977
-1.0012144
-1.0011968
-1.0012004
-1.0012154
-1.0011939
-1.0011913
-1.0012015
-1.0012102
-1.001198
-1.0011937
-1.0012007
-1.0012089
-1.0010971
-1.0011867
-1.0012039
-1.0011966
-1.0012054
-1.001198
-1.0011576
-1.0012245
-1.001204
-1.0012057
-1.0012033
-1.0011267
-1.0012115
-1.0011854
-1.0012026
-1.0012029
-1.0012049
-1.0012065
-1.0011988
-1.0012028
-1.0011848
-1.0012067
-1.0011922
-1.0012074
-1.0012223
-1.0011946
-1.0011897
-1.0012218
-1.0011974
-1.0012206
-1.0011973
-1.0011957
-1.0012086
-1.0012107
-1.0011905
-1.0012061
-1.0012022
-1.0012051
-1.0012018
-1.0012106
-1.0012015
-1.0011996
-1.0011974
-1.0012087
-1.0012262
-1.0012018
-1.0012111
-1.0011779
-1.0012124
-1.0012072
-1.0012176
-1.0012076
-1.0011986
-1.001211
-1.0012029
-1.0012036
-1.0012031
-1.0011516
-1.001208
-1.0012091
-1.0012101
-1.001208
-1.0012112
-1.0012151
-1.0012163
-1.0011997
-1.0012073
-1.0012244
-1.0011953
-1.0012141
-1.0012032
-1.0011882
-1.0011996
-1.0011704
-1.0012132
-1.0011773
-1.0012021
-1.0011964
-1.0011954
-1.0011967
-1.0012057
-1.0011969
-1.0012326
-1.0011973
-1.001198
-1.0011911
-1.0012086
-1.0011908
-1.0012066
-1.0012104
-1.0012016
-1.0012153
-1.0011916
-1.0012154
-1.0011997
-1.0012073
-1.001202
-1.0012028
-1.0012123
-1.0011996
-1.0012084
-1.0011707
-1.0012102
-1.0012221
-1.0012093
-1.0012028
-1.0012077
-1.0012019
-1.0012111
-1.001205
-1.0011981
-1.0011995
-1.0012118
-1.0012228
-1.0011889
-1.0011945
-1.0011993
-1.0011966
-1.0011934
-1.0012079
-1.001204
-1.0011975
-1.0012116
-1.0012085
-1.0011779
-1.0012271
-1.0011925
-1.0011998
-1.0011974
-1.0012076
-1.0012144
-1.0012061
-1.001185
-1.0011991
-1.0012021
-1.00121
-1.001196
-1.0012048
-1.0012031
-1.0012455
-1.0012039
-1.0012037
-1.001197
-1.0012016
-1.001213
-1.0012169
-1.0012086
-1.0012126
-1.0012171
-1.0012036
-1.0011895
-1.0011834
-1.0012066
-1.0012064
-1.0012208
-1.001198
-1.0011979
-1.001207
-1.0011788
-1.0012065
-1.0011976
-1.0011949
-1.0011883
-1.0012024
-1.0012162
-1.0012105
-1.0012043
-1.0012093
-1.0012086
-1.0012074
-1.0011941
-1.0012003
-1.0012018
-1.0012
-1.0012011
-1.0012173
-1.0012042
-1.0012148
-1.0011893
-1.001202
-1.0012084
-1.0012031
-1.0011989
-1.0012075
-1.0011913
-1.0012126
-1.0012042
-1.0011966
-1.0012148
-1.0012045
-1.0011936
-1.0012089
-1.0011927
-1.001207
-1.0011965
-1.0012177
-1.0012073
-1.0012117
-1.0012009
-1.0011947
-1.0012118
-1.001214
-1.0012249
-1.0012216
-1.0012391
-1.0011988
-1.0011994
-1.0012036
-1.0011983
-1.0012107
-1.0011994
-1.0012006
-1.0012282
-1.0011785
-1.0012012
-1.0012011
-1.001224
-1.0011976
-1.0011974
-1.001207
-1.0012154
-1.001196
-1.0012034
-1.0012432
-1.0011984
-1.001213
-1.001221
-1.0011981
-1.0011935
-1.0012484
-1.0012161
-1.0012022
-1.001223
-1.0012008
-1.0012324
-1.0012019
-1.0012007
-1.001196
-1.0011978
-1.0011935
-1.0011941
-1.0012042
-1.0011904
-1.0012047
-1.0012209
-1.0012164
-1.0011947
-1.0012132
-1.0012047
-1.0012128
-1.0012073
-1.0012224
-1.0012034
-1.0012015
-1.0012038
-1.0011949
-1.001228
-1.0012139
-1.0011994
-1.001202
-1.0011976
-1.0011994
-1.0012015
-1.001249
-1.0012094
-1.0012024
-1.0011935
-1.001211
-1.0011958
-1.0012175
-1.0012134
-1.0012175
-1.0011996
-1.001204
-1.0012228
-1.0012204
-1.0011885
-1.0012105
-1.0012009
-1.0011971
-1.0012366
-1.0012064
-1.0011992
-1.0011939
-1.0012066
-1.0012175
-1.0012008
-1.0012053
-1.0012102
-1.0012185
-1.0011854
-1.0012122
-1.0012113
-1.0012003
-1.0012018
-1.0012093
-1.0012199
-1.0012094
-1.0012111
-1.0011942
-1.001197
-1.001213
-1.0012127
-1.0012018
-1.0011974
-1.0011904
-1.001197
-1.0012079
-1.0011977
-1.0011495
-1.0012116
-1.0012086
-1.0012086
-1.0012129
-1.0011827
-1.0011972
-1.0011975
-1.001207
-1.001199
-1.0011688
-1.0012288
-1.0011961
-1.0011976
-1.0012102
-1.0012082
-1.0012059
-1.0012073
-1.001209
-1.0012019
-1.0011842
-1.0012099
-1.001223
-1.001201
-1.0011995
-1.0011941
-1.0011936
-1.0012047
-1.001229
-1.0012073
-1.0012115
-1.0012161
-1.0011958
-1.0012054
-1.0011911
-1.0011982
-1.0012216
-1.0012005
-1.0012162
-1.0012327
-1.0011898
-1.001203
-1.0012032
-1.0012038
-1.0011853
-1.0012147
-1.0012158
-1.0011976
-1.0012052
-1.0011906
-1.0011984
-1.0012028
-1.0012084
-1.0012034
-1.0012086
-1.0012108
-1.0012086
-1.0012064
-1.0011967
-1.0012242
-1.0012001
-1.0011982
-1.0012036
-1.0011911
-1.0011952
-1.001201
-1.001219
-1.0012005
-1.0011956
-1.0012053
-1.0012069
-1.0012101
-1.0012023
-1.0011846
-1.0012001
-1.0012039
-1.0012152
-1.0012001
-1.0011908
-1.0012157
-1.0012093
-1.001184
-1.0012028
-1.0012062
-1.0012056
-1.0011797
-1.0012058
-1.0011934
-1.0012049
-1.001198
-1.0012037
-1.0011988
-1.0012101
-1.001215
-1.0012133
-1.0011927
-1.0011925
-1.0012046
-1.0012122
-1.0012078
-1.0012166
-1.0012199
-1.0011976
-1.0012174
-1.0012137
-1.0012101
-1.0011977
-1.001202
-1.0012084
-1.0012029
-1.0012146
-1.0011988
-1.0012035
-1.0012014
-1.0012193
-1.0012082
-1.0011961
-1.0011956
-1.0012057
-1.0012146
-1.0012169
-1.0012058
-1.0012331
-1.0012007
-1.0011963
-1.0011971
-1.0011994
-1.0012061
-1.0011531
-1.0012004
-1.0011906
-1.0012208
-1.0012155
-1.0011708
-1.0011992
-1.0012116
-1.0012022
-1.0012043
-1.0011909
-1.0012089
-1.0011982
-1.0012138
-1.001202
-1.0012207
-1.0011965
-1.0011856
-1.0011983
-1.0011909
-1.0012011
-1.0012096
-1.0012068
-1.0012276
-1.001183
-1.0011936
-1.001205
-1.0012066
-1.0012082
-1.0012074
-1.0012081
-1.001213
-1.0012109
-1.0012122
-1.0011982
-1.0012016
-1.0012297
-1.0012113
-1.0012174
-1.0011988
-1.0011774
-1.0011974
-1.0012184
-1.0012009
-1.0012015
-1.0012012
-1.0011917
-1.0012142
-1.0012057
-1.0012121
-1.0011994
-1.0011957
-1.0011983
-1.0012077
-1.0012012
-1.0012034
-1.0012009
-1.0011752
-1.0011862
-1.0011983
-1.0011583
-1.0012062
-1.0012044
-1.0011991
-1.0012007
-1.0011994
-1.001197
-1.0012029
-1.0011958
-1.0012019
-1.0012329
-1.0012029
-1.0012085
-1.0012247
-1.0011988
-1.0011992
-1.0011821
-1.0011973
-1.0011896
-1.0012144
-1.0011918
-1.0012135
-1.001212
-1.0012153
-1.0011922
-1.0011907
-1.0011998
-1.0011935
-1.0012013
-1.0011932
-1.0012015
-1.0011989
-1.0012064
-1.0012008
-1.0012064
-1.0012027
-1.0011805
-1.0011905
-1.0011947
-1.0011954
-1.0012002
-1.0011963
-1.0011939
-1.0012007
-1.0011977
-1.0011723
-1.0011948
-1.0012059
-1.0012142
-1.0011972
-1.0012061
-1.001201
-1.0011987
-1.0011912
-1.0012032
-1.0012003
-1.0011981
-1.0011904
-1.0012131
-1.001205
-1.0012077
-1.0012108
-1.0012018
-1.0011991
-1.0011963
-1.0012124
-1.0012108
-1.0012004
-1.0011964
-1.0011958
-1.0011962
-1.0012037
-1.0012368
-1.0012058
-1.0011917
-1.0012075
-1.0012101
-1.0011753
-1.0011936
-1.0012088
-1.0012037
-1.0012245
-1.00119
-1.0011983
-1.0011986
-1.0012165
-1.0012174
-1.0011996
-1.0011742
-1.0012117
-1.0012011
-1.0011984
-1.0011968
-1.0011894
-1.0011938
-1.0011981
-1.0012015
-1.001211
-1.0011824
-1.0012
-1.0012124
-1.0011957
-1.0011963
-1.0012266
-1.0012209
-1.0011984
-1.0012036
-1.0011883
-1.0012149
-1.0011642
-1.0012106
-1.0012014
-1.0012035
-1.0011892
-1.0012119
-1.0011991
-1.0011914
-1.0012058
-1.0012123
-1.0011993
-1.0012029
-1.0012029
-1.001206
-1.0011973
-1.0011962
-1.0012133
-1.0012001
-1.0011976
-1.0011996
-1.0011976
-1.0012032
-1.0011874
-1.0012005
-1.0011948
-1.0011996
-1.0012056
-1.0011894
-1.001197
-1.0011995
-1.0011971
-1.0012083
-1.0012077
-1.0011974
-1.0011687
-1.0011985
-1.001206
-1.0012057
-1.001182
-1.0011902
-1.0012062
-1.0011971
-1.0011978
-1.0012257
-1.0012129
-1.0011971
-1.001218
-1.0011952
-1.0011867
-1.0012009
-1.0011976
-1.0011996
-1.0011868
-1.0011869
-1.0012073
-1.0012068
-1.001163
-1.0012092
-1.0011732
-1.0012007
-1.001193
-1.001179
-1.0011985
-1.0012102
-1.0011985
-1.0012034
-1.001228
-1.0011933
-1.0011938
-1.0011994
-1.0011993
-1.0011906
-1.0011944
-1.0011994
-1.001168
-1.0012027
-1.0011982
-1.0011968
-1.0012003
-1.0011536
-1.0012158
-1.0011491
-1.0012026
-1.0011978
-1.0011927
-1.0011936
-1.0011949
-1.0011536
-1.001198
-1.0012029
-1.0011963
-1.0011933
-1.0012107
-1.0011896
-1.0012087
-1.0012147
-1.0011958
-1.0011989
-1.001204
-1.0011943
-1.0011909
-1.0012158
-1.0012006
-1.0012021
-1.0012066
-1.0011973
-1.0012081
-1.0012019
-1.0011844
-1.0011985
-1.0011976
-1.0012077
-1.0012166
-1.001212
-1.0011958
-1.0012104
-1.0012242
-1.0011935
-1.0012024
-1.0011936
-1.0011956
-1.0012019
-1.001202
-1.0012012
-1.0012096
-1.0012082
-1.0011976
-1.0012119
-1.0012034
-1.0012053
-1.0011856
-1.0012033
-1.0011737
-1.0012151
-1.0012058
-1.0012076
-1.0012103
-1.0011863
-1.001206
-1.0011906
-1.001214
-1.0011887
-1.0011953
-1.0011971
-1.0011976
-1.0012074
-1.0012021
-1.0012
-1.0011937
-1.0012099
-1.001184
-1.001193
-1.0011979
-1.0012035
-1.0011938
-1.001198
-1.0011962
-1.0011911
-1.0011928
-1.0011976
-1.0011956
-1.0011957
-1.0011653
-1.0012107
-1.0012076
-1.0011935
-1.0011552
-1.0012141
-1.0012096
-1.0012131
-1.0012041
-1.0012148
-1.0012004
-1.0012131
-1.0011943
-1.0011992
-1.0012317
-1.0012024
-1.0011954
-1.0011988
-1.0012041
-1.0012139
-1.0011986
-1.0011729
-1.0011971
-1.0012003
-1.0012204
-1.0011909
-1.0011839
-1.001202
-1.0011979
-1.0011929
-1.001205
-1.0011987
-1.0011978
-1.0012086
-1.0011827
-1.0012
-1.0011799
-1.0011856
-1.0011942
-1.0012055
-1.0012129
-1.0011974
-1.0011911
-1.0012028
-1.0011937
-1.0012059
-1.0011971
-1.001195
-1.0012153
-1.0011922
-1.0012002
-1.0012028
-1.0011976
-1.0012022
-1.0012055
-1.0011945
-1.0012056
-1.0011993
-1.0011845
-1.0011983
-1.0012051
-1.0012097
-1.0011996
-1.0012
-1.0011939
-1.0012118
-1.001186
-1.0012038
-1.0011918
-1.0011913
-1.001197
-1.0011909
-1.0012017
-1.0011818
-1.0011816
-1.0011708
-1.0012096
-1.0012054
-1.0012075
-1.0012006
-1.0012045
-1.0012129
-1.0011625
-1.0011974
-1.0012143
-1.0011986
-1.0012074
-1.0011853
-1.0011983
-1.0012099
-1.0011838
-1.001207
-1.0011848
-1.00118
-1.001199
-1.0012011
-1.0011951
-1.0011939
-1.0012061
-1.0011979
-1.0011938
-1.0012028
-1.0011805
-1.0011993
-1.0011605
-1.001207
-1.0011869
-1.0012118
-1.0011999
-1.0012045
-1.0012111
-1.0012149
-1.0011927
-1.0012002
-1.0011807
-1.001182
-1.0012001
-1.0011984
-1.0012105
-1.0012089
-1.001187
-1.0012233
-1.0011971
-1.0011965
-1.001199
-1.0011933
-1.0012254
-1.0011858
-1.001219
-1.0011929
-1.0011962
-1.0012237
-1.0012323
-1.0011983
-1.0011769
-1.0012102
-1.0011791
-1.0012028
-1.0012086
-1.001208
-1.0011976
-1.0011676
-1.0011593
-1.0012065
-1.001195
-1.0011949
-1.0011989
-1.0011974
-1.0012001
-1.0011535
-1.0011959
-1.0011927
-1.0011924
-1.0011368
-1.0011875
-1.0012119
-1.0011924
-1.0011991
-1.0011921
-1.0012045
-1.0012059
-1.0012058
-1.0012023
-1.00117
-1.0012106
-1.0012085
-1.0011997
-1.0011755
-1.0011743
-1.0012048
-1.0011946
-1.0012041
-1.0011773
-1.0011657
-1.001204
-1.0011557
-1.0011483
-1.0012028
-1.0011693
-1.0011917
-1.0012097
-1.0012031
-1.0012027
-1.0011999
-1.0011891
-1.0011913
-1.0012054
-1.0011903
-1.0012061
-1.0011987
-1.0012015
-1.0011978
-1.0011976
-1.0011974
-1.0011844
-1.0011936
-1.0012121
-1.0012061
-1.0012172
-1.0012053
-1.0011927
-1.0012012
-1.0011922
-1.0012195
-1.0012065
-1.0011599
-1.0012006
-1.0011977
-1.0011983
-1.001208
-1.0011941
-1.0012311
-1.0012096
-1.0012012
-1.0012135
-1.0012156
-1.0012013
-1.0012124
-1.0011913
-1.0011977
-1.0012029
-1.0011589
-1.0012137
-1.001203
-1.0011933
-1.0011943
-1.0012141
-1.0012004
-1.0011787
-1.0012064
-1.001215
-1.0011746
-1.0011977
-1.0011984
-1.0012043
-1.0012128
-1.0012089
-1.0012179
-1.0011865
-1.0011993
-1.0011985
-1.0011942
-1.0012025
-1.0012019
-1.0011937
-1.0012027
-1.0011989
-1.0011927
-1.0012017
-1.0012122
-1.0012067
-1.0011996
-1.0011967
-1.0011989
-1.0012096
-1.0011964
-1.001169
-1.0011969
-1.0011934
-1.0011879
-1.0011988
-1.0011738
-1.0011888
-1.0011905
-1.0011916
-1.0012102
-1.0012067
-1.0011983
-1.0012184
-1.0011926
-1.0011988
-1.0011501
-1.0011908
-1.0011864
-1.001202
-1.0012004
-1.0011925
-1.0011967
-1.0012099
-1.0012002
-1.0011966
-1.0012095
-1.001208
-1.0012147
-1.0011909
-1.0012077
-1.0012205
-1.0012034
-1.0012034
-1.0012261
-1.0012038
-1.0012148
-1.0011962
-1.0012092
-1.0012051
-1.0012021
-1.0012005
-1.0011908
-1.0012023
-1.0012097
-1.001198
-1.0012103
-1.0012106
-1.0012137
-1.0012138
-1.0012079
-1.0012039
-1.0012121
-1.0012135
-1.0011956
-1.0012116
-1.0012077
-1.0012173
-1.001199
-1.001199
-1.0011731
-1.0012097
-1.0012006
-1.0011961
-1.0011956
-1.0011975
-1.0012321
-1.0012077
-1.0012281
-1.0011982
-1.0011966
-1.0011899
-1.0011912
-1.0012026
-1.0012173
-1.0012004
-1.0012025
-1.0012022
-1.001212
-1.0012061
-1.0012064
-1.0012122
-1.0012121
-1.0011945
-1.0011962
-1.0011981
-1.0011898
-1.0011888
-1.0012017
-1.0012097
-1.0012032
-1.0012039
-1.0012094
-1.0011702
-1.0012025
-1.0012011
-1.0012132
-1.0011968
-1.001214
-1.0011968
-1.0012027
-1.0012128
-1.0011961
-1.0012052
-1.0012234
-1.0012028
-1.0011908
-1.001206
-1.0012037
-1.0011687
-1.0012018
-1.0012056
-1.0012088
-1.0012273
-1.0011988
-1.0012001
-1.0011938
-1.0011924
-1.0011753
-1.0012018
-1.0012041
-1.0011994
-1.0011887
-1.0012059
-1.0011995
-1.0012102
-1.0011999
-1.0012449
-1.0012118
-1.0012187
-1.0012006
-1.0011929
-1.0012108
-1.0011879
-1.0011946
-1.0011891
-1.0012078
-1.0012044
-1.0012182
-1.0012056
-1.0011973
-1.001196
-1.0012111
-1.0011978
-1.0011939
-1.0012107
-1.0012042
-1.0011957
-1.0012045
-1.0011972
-1.0012353
-1.0011933
-1.0012091
-1.0012078
-1.0012156
-1.0011909
-1.0011999
-1.0012194
-1.0011997
-1.0011916
-1.001209
-1.0011961
-1.0012021
-1.0011846
-1.0012091
-1.0012081
-1.0012047
-1.0011929
-1.0012116
-1.0012353
-1.0012001
-1.0012247
-1.0012163
-1.0011954
-1.0011951
-1.0012065
-1.0012067
-1.0012184
-1.0012238
-1.0012128
-1.0012105
-1.0012077
-1.001198
-1.0011965
-1.0012089
-1.0012036
-1.0012032
-1.0012157
-1.0011996
-1.0012067
-1.0012024
-1.0012165
-1.0011973
-1.0012002
-1.0012017
-1.0012164
-1.001204
-1.0012111
-1.0011983
-1.0012076
-1.0012017
-1.0012049
-1.0011947
-1.0012091
-1.0012048
-1.0011937
-1.0011988
-1.0012149
-1.0011993
-1.0011977
-1.001209
-1.001182
-1.0012185
-1.0012177
-1.0012091
-1.0012172
-1.0012228
-1.0011898
-1.0011793
-1.0012033
-1.0012044
-1.0012046
-1.0012281
-1.0012221
-1.0011928
-1.0011963
-1.0011974
-1.0011843
-1.0011903
-1.0011922
-1.0012367
-1.0011991
-1.0011995
-1.0012279
-1.0011997
-1.0012041
-1.0012016
-1.0012028
-1.0011965
-1.0011894
-1.0011841
-1.0012053
-1.0011861
-1.0011973
-1.0012124
-1.0012239
-1.0011975
-1.0011961
-1.0012048
-1.0012133
-1.0012035
-1.0012319
-1.0011987
-1.0011979
-1.0011976
-1.0011916
-1.0012017
-1.0012347
-1.0012109
-1.001202
-1.0011718
-1.0012007
-1.0012073
-1.0011913
-1.0012084
-1.0011968
-1.0012067
-1.0011773
-1.0012024
-1.0012157
-1.0011998
-1.0012006
-1.0012057
-1.001211
-1.0012089
-1.0011847
-1.0011967
-1.0011983
-1.0012086
-1.0011941
-1.0012037
-1.0011997
-1.0012053
-1.0012033
-1.0011981
-1.0012062
-1.0011805
-1.0012019
-1.0012083
-1.0012048
-1.0012037
-1.0011973
-1.0012106
-1.0011918
-1.0012101
-1.0011986
-1.0011617
-1.0012053
-1.0011958
-1.0011893
-1.0012347
-1.001192
-1.0011932
-1.0012059
-1.0011732
-1.0012035
-1.0012198
-1.0012003
-1.0011853
-1.0012021
-1.0012074
-1.0012062
-1.0012006
-1.0012025
-1.0011987
-1.0012077
-1.0012186
-1.0012322
-1.0011966
-1.0011959
-1.0012026
-1.0012197
-1.0011987
-1.0012038
-1.0011994
-1.0012055
-1.0011996
-1.0011731
-1.0012261
-1.0012126
-1.0011894
-1.001208
-1.0012092
-1.0012103
-1.0011481
-1.0012093
-1.0012132
-1.0012055
-1.0012048
-1.0011984
-1.0011367
-1.0012066
-1.0011647
-1.0011975
-1.0012105
-1.0012038
-1.0011998
-1.0012044
-1.0012
-1.0012023
-1.0012073
-1.001194
-1.0011965
-1.0012072
-1.0012556
-1.0012269
-1.001196
-1.0012165
-1.0012076
-1.0012
-1.0012138
-1.0011871
-1.0012037
-1.0011945
-1.0012072
-1.0012038
-1.0012244
-1.0011996
-1.0011995
-1.0011682
-1.0012069
-1.0012071
-1.0012029
-1.0012089
-1.0011989
-1.001196
-1.0012093
-1.0011797
-1.0011974
-1.001199
-1.0012014
-1.0012013
-1.0012162
-1.0012125
-1.0011758
-1.0011729
-1.001205
-1.0012008
-1.0011944
-1.0012017
-1.0012014
-1.0012041
-1.0011658
-1.0011955
-1.0011967
-1.0012152
-1.0011968
-1.0011982
-1.0011747
-1.0012101
-1.0012046
-1.0012165
-1.0011964
-1.0012012
-1.0011973
-1.0012024
-1.0012036
-1.00118
-1.0011966
-1.0012055
-1.0011995
-1.0011961
-1.0011973
-1.0012124
-1.0012106
-1.0012
-1.001212
-1.0011883
-1.0011976
-1.0012093
-1.0012114
-1.0012039
-1.0012014
-1.0012008
-1.0012007
-1.0011994
-1.0011959
-1.0011976
-1.0011959
-1.0012097
-1.0012074
-1.0011772
-1.0011941
-1.0011958
-1.0012014
-1.0011947
-1.0012
-1.0011971
-1.0011708
-1.0012017
-1.0011975
-1.0012085
-1.0012162
-1.0012132
-1.0012046
-1.0012159
-1.0011969
-1.0012017
-1.0011988
-1.0011882
-1.0012115
-1.0012022
-1.0012002
-1.001202
-1.001193
-1.001189
-1.0011981
-1.00121
-1.0012022
-1.0012119
-1.0012039
-1.0012084
-1.0011909
-1.0012023
-1.0011878
-1.0012012
-1.0011991
-1.0011945
-1.0011888
-1.0012065
-1.0012005
-1.0012216
-1.0012053
-1.0011757
-1.0012047
-1.0011868
-1.0011998
-1.0011924
-1.0011976
-1.0012021
-1.0012146
-1.0012373
-1.0012024
-1.0012
-1.0012206
-1.0011956
-1.001194
-1.0012087
-1.0011924
-1.0012044
-1.0012136
-1.001207
-1.0011938
-1.0012011
-1.0012068
-1.0011969
-1.0011955
-1.0011968
-1.0011973
-1.0012026
-1.0012052
-1.0012097
-1.0011933
-1.0011999
-1.0012016
-1.0012108
-1.0011985
-1.0011897
-1.0011356
-1.0012153
-1.0011977
-1.0012077
-1.0011859
-1.0012026
-1.00117
-1.0011976
-1.0011944
-1.0012029
-1.0011938
-1.0012103
-1.0011975
-1.001198
-1.0012103
-1.0011995
-1.0011941
-1.0012057
-1.0011991
-1.0012049
-1.0012043
-1.0012146
-1.0011848
-1.0012256
-1.0012022
-1.0012037
-1.0011659
-1.0012098
-1.0012248
-1.0012062
-1.0012252
-1.0011978
-1.0011892
-1.0011933
-1.0011959
-1.0012231
-1.001186
-1.0011992
-1.001196
-1.0012112
-1.0012034
-1.0012067
-1.001203
-1.0012037
-1.0012087
-1.0011987
-1.0011963
-1.0012205
-1.0012106
-1.0011952
-1.0012004
-1.001192
-1.0011972
-1.0011972
-1.0011949
-1.0011927
-1.0011964
-1.0011528
-1.0011974
-1.001204
-1.0011996
-1.0011982
-1.001162
-1.001202
-1.0011593
-1.0012031
-1.0012051
-1.001208
-1.001197
-1.0011722
-1.001191
-1.0012144
-1.0012152
-1.001218
-1.0011856
-1.0012379
-1.0011988
-1.0012022
-1.001218
-1.0012004
-1.0012241
-1.0012156
-1.001201
-1.0012049
-1.0011955
-1.0012059
-1.0011878
-1.0011945
-1.0011959
-1.0011916
-1.0012165
-1.0012041
-1.001253
-1.0011889
-1.0012163
-1.0012123
-1.001208
-1.0011821
-1.0011956
-1.0012178
-1.0012004
-1.0012041
-1.0011935
-1.0011922
-1.0012037
-1.0012019
-1.001197
-1.0012211
-1.0011989
-1.0012019
-1.0011925
-1.0011944
-1.0011997
-1.0012153
-1.0011956
-1.0012042
-1.0011969
-1.0011725
-1.0012051
-1.0011965
-1.0012102
-1.0012003
-1.0011961
-1.001214
-1.0011948
-1.001198
-1.0012055
-1.0012064
-1.0012055
-1.0012198
-1.0012133
-1.0012019
-1.0012031
-1.0011673
-1.0012019
-1.0012158
-1.0011971
-1.0012068
-1.00119
-1.0011854
-1.0011992
-1.0012012
-1.0011909
-1.0012091
-1.00121
-1.0012444
-1.0012122
-1.0011816
-1.0012026
-1.0012048
-1.001241
-1.0011931
-1.0011999
-1.0011936
-1.0011968
-1.0012015
-1.0011959
-1.0011986
-1.0011052
-1.0011955
-1.0011979
-1.0011996
-1.0012052
-1.0011923
-1.001211
-1.0011944
-1.0011983
-1.0011973
-1.0011939
-1.0011897
-1.0012101
-1.0012019
-1.0012039
-1.001213
-1.0011973
-1.0011809
-1.0012169
-1.0011966
-1.0011963
-1.0011979
-1.001199
-1.0012151
-1.0012089
-1.0012063
-1.0011861
-1.0012128
-1.001208
-1.0011986
-1.0011986
-1.0011977
-1.0011985
-1.0012054
-1.001201
-1.0012057
-1.0011953
-1.0012029
-1.0011938
-1.0012153
-1.0012057
-1.0011709
-1.0011934
-1.0012026
-1.0011626
-1.0012143
-1.0012148
-1.0011993
-1.0012127
-1.0012027
-1.001192
-1.0012002
-1.00121
-1.0012033
-1.0012004
-1.0011713
-1.001197
-1.0011994
-1.0012001
-1.0011976
-1.001216
-1.001193
-1.0012005
-1.0011734
-1.0011987
-1.0012105
-1.0011968
-1.0011978
-1.0011863
-1.0012083
-1.0011963
-1.0012069
-1.0011966
-1.0012029
-1.001202
-1.0012065
-1.001192
-1.0012078
-1.0012039
-1.001194
-1.0012047
-1.0011794
-1.0011958
-1.0012009
-1.0012057
-1.0012204
-1.0011987
-1.001213
-1.0011964
-1.0012232
-1.0012173
-1.001204
-1.0011919
-1.0011946
-1.0011946
-1.001217
-1.0012196
-1.0011834
-1.0011976
-1.0011818
-1.0011962
-1.0011983
-1.0012051
-1.0012246
-1.0011961
-1.0012117
-1.0011977
-1.0011966
-1.0012048
-1.0012242
-1.0012229
-1.0012073
-1.0012029
-1.0011944
-1.0011971
-1.0012083
-1.0011965
-1.00121
-1.00119
-1.0012257
-1.0012292
-1.0011888
-1.0012128
-1.0011669
-1.0012286
-1.0012124
-1.0012114
-1.0012061
-1.0012026
-1.0011991
-1.0011857
-1.001205
-1.0012108
-1.001207
-1.0012054
-1.0012008
-1.0012118
-1.0011997
-1.0012061
-1.0011925
-1.001201
-1.0011967
-1.0011989
-1.0012019
-1.0011967
-1.0012086
-1.0012078
-1.0011977
-1.0012074
-1.0011952
-1.0012112
-1.0011987
-1.0012078
-1.0012154
-1.0012128
-1.0012065
-1.0012097
-1.0012031
-1.0011772
-1.0012082
-1.0012164
-1.0011879
-1.0012254
-1.0012068
-1.0011998
-1.0012003
-1.0012092
-1.0012096
-1.0012235
-1.0011956
-1.0011966
-1.0011985
-1.0012164
-1.0011991
-1.0011958
-1.0012123
-1.0012127
-1.0011974
-1.0012168
-1.0012022
-1.001208
-1.0012071
-1.0011984
-1.0012214
-1.0012057
-1.0011985
-1.0012071
-1.0011999
-1.0011936
-1.0011912
-1.001204
-1.0012001
-1.0012247
-1.0011948
-1.0012065
-1.0012194
-1.0012103
-1.0012026
-1.001198
-1.0012223
-1.0012063
-1.0012307
-1.0011968
-1.0012
-1.0012034
-1.0011993
-1.0012002
-1.001192
-1.0012114
-1.0011917
-1.0012183
-1.0011984
-1.0012083
-1.0012027
-1.0012012
-1.0012051
-1.0011996
-1.0011837
-1.0012164
-1.001192
-1.0011914
-1.0012071
-1.001216
-1.0011989
-1.0012049
-1.0011763
-1.0011712
-1.0011746
-1.0012121
-1.0012104
-1.0011923
-1.0011966
-1.0012042
-1.0011878
-1.001201
-1.0012087
-1.0012005
-1.0012049
-1.0011972
-1.001213
-1.0011879
-1.0011896
-1.0011994
-1.0011676
-1.0012124
-1.0011848
-1.0011961
-1.0012046
-1.0012307
-1.0011981
-1.0011948
-1.0012013
-1.0012171
-1.0012068
-1.0012008
-1.0011968
-1.0011947
-1.0012003
-1.0011992
-1.0012006
-1.0012032
-1.001206
-1.0011962
-1.0012083
-1.001209
-1.0012005
-1.0011992
-1.0011945
-1.0012023
-1.0011926
-1.0011965
-1.0012203
-1.0012198
-1.0011758
-1.0011859
-1.0011843
-1.0011796
-1.0012013
-1.0012049
-1.0012065
-1.0012048
-1.0012093
-1.0012019
-1.0011958
-1.0012054
-1.0012047
-1.0012052
-1.0012012
-1.001223
-1.001185
-1.0012077
-1.0011905
-1.0011681
-1.001194
-1.0012195
-1.0011657
-1.0012015
-1.0012054
-1.0011713
-1.0011961
-1.0011976
-1.0012054
-1.0011939
-1.0012015
-1.0012314
-1.0012086
-1.0012087
-1.0011954
-1.0011941
-1.0011919
-1.0011705
-1.0012044
-1.0012269
-1.0012267
-1.0012006
-1.0012088
-1.0012085
-1.0011972
-1.0011969
-1.0012046
-1.0011968
-1.0011946
-1.0012194
-1.0011924
-1.0012012
-1.0011976
-1.0012099
-1.0011932
-1.0012038
-1.0012109
-1.0011994
-1.0012094
-1.0011943
-1.0011946
-1.0011989
-1.0011942
-1.0011697
-1.0011764
-1.0011915
-1.0012077
-1.0011818
-1.001195
-1.0011984
-1.0011812
-1.0011931
-1.0012059
-1.0011959
-1.001216
-1.0012075
-1.001211
-1.0011974
-1.0011996
-1.0012104
-1.001197
-1.0012047
-1.0012097
-1.0011991
-1.0011953
-1.0012039
-1.0012459
-1.0011969
-1.0012044
-1.0011984
-1.0011892
-1.0012102
-1.0012
-1.0012154
-1.0011922
-1.0012001
-1.0012084
-1.0012093
-1.0011978
-1.0011947
-1.0011667
-1.0012053
-1.0012124
-1.0012032
-1.0012075
-1.0012061
-1.0012164
-1.001217
-1.0011752
-1.0012124
-1.0012072
-1.0011986
-1.0011971
-1.0011941
-1.0012007
-1.0011983
-1.0011979
-1.0012045
-1.0012122
-1.0011967
-1.0012027
-1.0011952
-1.0012197
-1.0012012
-1.0011967
-1.0012019
-1.0011959
-1.0012101
-1.0011812
-1.0011971
-1.0012126
-1.0012037
-1.0012114
-1.0011945
-1.0011866
-1.0012026
-1.0011931
-1.0012154
-1.0011992
-1.0011793
-1.0012107
-1.0011916
-1.0012009
-1.0011926
-1.001211
-1.0011997
-1.0011885
-1.0012051
-1.0012059
-1.0012037
-1.0011886
-1.0012012
-1.0012
-1.0012073
-1.0011971
-1.0011985
-1.0011978
-1.0011994
-1.0012069
-1.0011982
-1.0012086
-1.0012053
-1.0011889
-1.0012284
-1.0012174
-1.0011965
-1.0012089
-1.0012174
-1.001181
-1.0012209
-1.0011999
-1.0011943
-1.0011986
-1.0011964
-1.0012043
-1.001208
-1.0011929
-1.0011959
-1.0012169
-1.0012108
-1.0012041
-1.0011831
-1.0012152
-1.0012114
-1.0011878
-1.0011957
-1.0012182
-1.0012054
-1.0011832
-1.0012238
-1.0012126
-1.0011858
-1.0011919
-1.0012088
-1.0011705
-1.0012055
-1.0012116
-1.0011968
-1.0011976
-1.0012227
-1.0012093
-1.001196
-1.0011611
-1.001206
-1.0011921
-1.0011591
-1.0011854
-1.0012154
-1.0011945
-1.0012093
-1.0011955
-1.0012033
-1.0011982
-1.0012081
-1.0012077
-1.0012025
-1.0012
-1.0011876
-1.0011996
-1.0012141
-1.0012068
-1.0011978
-1.0012188
-1.0012003
-1.0012091
-1.001194
-1.0012001
-1.0012282
-1.0012108
-1.001206
-1.0012002
-1.0011972
-1.0012071
-1.0011955
-1.0011972
-1.0012043
-1.0011987
-1.0012027
-1.0012432
-1.0011941
-1.0011997
-1.0012119
-1.0011985
-1.0012294
-1.0011976
-1.0012035
-1.0012048
-1.0012115
-1.0012153
-1.0011992
-1.0011964
-1.0012162
-1.0011995
-1.0012093
-1.0012026
-1.0011962
-1.00116
-1.0011853
-1.0012004
-1.0012003
-1.0012068
-1.001207
-1.0011941
-1.0011995
-1.0011726
-1.0011976
-1.0011932
-1.0012227
-1.0012051
-1.0012131
-1.0012207
-1.0011978
-1.0012079
-1.0012026
-1.0012145
-1.001215
-1.0012145
-1.0011954
-1.0012001
-1.0011975
-1.0012143
-1.0011953
-1.0011984
-1.0012024
-1.0011884
-1.0011978
-1.0012017
-1.0012099
-1.0012059
-1.0012079
-1.0012278
-1.0012045
-1.0011836
-1.0011974
-1.0011943
-1.0011921
-1.0011964
-1.0011813
-1.0011995
-1.0012046
-1.0012122
-1.0011874
-1.001213
-1.0012151
-1.001207
-1.0012169
-1.0012099
-1.0012101
-1.0011861
-1.0012103
-1.0011375
-1.0011992
-1.0011982
-1.0012003
-1.0012081
-1.0011958
-1.0011951
-1.0011952
-1.0012043
-1.0011873
-1.0012048
-1.0012055
-1.0012153
-1.0012191
-1.0011989
-1.0012238
-1.0012127
-1.0012051
-1.0012083
-1.0011208
-1.0011903
-1.0011993
-1.0011863
-1.0012006
-1.0011847
-1.0012267
-1.0012084
-1.001194
-1.0011925
-1.0012075
-1.0012009
-1.0011993
-1.0011782
-1.0011983
-1.0012158
-1.0011894
-1.0012302
-1.0011965
-1.0011835
-1.001208
-1.0011741
-1.0012279
-1.0011896
-1.0011929
-1.0011848
-1.001199
-1.0012203
-1.0011699
-1.0012004
-1.0012108
-1.0012048
-1.0012234
-1.0012157
-1.0011973
-1.0012043
-1.0011709
-1.0011935
-1.001201
-1.0012052
-1.0011961
-1.0012182
-1.0012022
-1.001192
-1.0011931
-1.0012282
