6.8999579
8.9766565
7.8405068
19.563758
16.447562
12.555928
11.042441
7.4517261
8.9628822
10.153929
7.9874271
10.079086
8.2833747
9.5588491
6.2815753
11.241226
6.0750797
12.142304
6.9512297
12.755772
7.8848372
12.286411
8.6356848
14.005325
9.0607069
9.161055
12.824259
11.247109
7.1875312
12.845476
12.892255
10.486428
6.4541197
8.5689797
6.4488238
5.9760632
6.7205687
10.277843
7.3290925
12.670398
12.38109
13.949468
5.888897
7.1001441
7.452918
14.039984
13.017247
7.9021253
11.001062
15.019906
7.0496781
14.641722
5.0876771
7.9843583
7.7150697
5.8727109
9.5591921
13.272826
8.7989081
6.3958679
9.1719799
10.805884
3.3656297
6.1840081
5.5842314
7.7741697
5.6016844
15.291688
6.486654
13.580949
9.8374978
6.2940133
11.848155
10.077576
5.9625428
6.7375205
9.7097661
6.0134415
12.393348
5.5963271
9.051827
10.569765
5.4829863
12.830907
9.4003023
10.360589
6.5012847
7.276068
11.399282
9.7539967
7.2092947
8.1026476
6.5299926
10.932569
9.1535306
11.836682
7.2035371
9.5429948
5.4498012
8.2266517
11.375752
9.9176877
12.001234
10.780692
7.1645224
9.2007503
8.1775551
11.452187
13.481895
6.954538
16.124752
5.4831941
8.450558
9.608397
10.179616
6.1360463
3.9561437
10.009542
6.8896657
7.6695728
6.959314
16.68757
9.6345589
6.3680936
5.6042933
13.714038
10.459861
6.792021
10.588397
7.9571708
14.670466
13.567586
18.750983
7.4653481
10.26975
8.8194894
6.351153
6.9165546
9.4413041
7.9910693
11.262921
11.432557
10.202109
6.3816384
9.0678751
9.8915345
8.0615347
5.5027915
9.8482786
6.8951531
6.477268
8.5252063
6.2618149
8.5353554
6.0272045
10.100852
8.8188481
6.5563196
5.5518562
8.1192742
5.9760632
11.559882
11.449829
9.1522068
9.1042279
8.4936796
14.208813
8.6188108
9.553262
6.8208922
7.203477
14.182463
8.3072216
11.471723
7.3449408
7.1679277
8.1015509
11.771851
13.0887
5.8249968
6.7012969
15.277662
11.270642
7.2294588
6.6318138
12.02485
12.164709
8.1210564
7.8333256
15.923008
5.783911
4.9600463
5.7175838
6.3751274
6.1448033
5.5936084
4.6312024
11.924409
9.0952253
5.9760632
15.887545
7.4205683
6.828701
23.860293
8.0795595
8.2954438
6.9712608
8.3969094
5.5518562
7.971776
6.1803805
12.176834
14.413275
14.238855
8.2521204
7.6669829
17.420677
13.019197
11.169481
12.758292
7.8186538
8.9835666
9.9434037
12.303369
15.174399
5.842154
6.8270346
22.826666
12.905563
11.07709
5.4610363
7.4284129
13.622944
7.5298718
12.507883
14.493143
9.1541489
7.6234273
7.9064084
8.6047785
7.4785219
9.626159
12.058333
14.517579
6.0306029
7.1095381
14.348106
12.268041
12.537693
12.315929
7.7617984
5.9059308
7.8281558
10.740438
11.996941
7.4539522
12.315253
7.4779898
7.3834577
10.353939
4.6062738
10.599966
7.1511591
16.821683
11.062546
9.3901098
7.4653386
6.7780099
9.2884125
5.4072691
10.830925
8.3197316
9.0009515
8.4478651
8.7578824
8.5331632
6.0987243
10.749428
12.375436
12.345202
22.826721
10.443537
12.830336
7.9623059
9.7907883
7.6774661
8.555389
7.9663642
10.890474
7.2528663
8.7378794
15.046417
15.287324
9.7631641
8.6468078
4.3541633
5.9760632
7.058857
4.6793408
7.8812325
6.4431691
9.9332174
8.1086194
10.864053
10.062997
10.108543
11.895764
15.696365
8.3999361
12.00783
9.1057944
6.989154
7.5618462
6.8232851
11.507469
9.7617919
19.924383
7.6763772
6.7404668
17.563225
7.0602566
10.350788
12.959355
6.4893348
9.8999699
12.178111
8.9371652
14.110467
13.174562
13.55954
8.7061991
6.9329802
12.458508
12.528783
10.960648
9.7769184
13.852044
11.03685
7.6916629
8.8878624
8.8230029
7.1628701
6.4106215
10.075013
13.573686
8.4354289
5.9743561
8.3608996
12.337929
13.070947
9.1124636
6.2976914
10.773211
7.6051016
7.6248887
9.3378038
8.666796
8.9086154
10.079073
6.0868496
10.389124
10.264061
6.0306029
6.199343
9.4754425
6.7160784
10.709926
5.6701002
4.5799678
6.152707
6.4795959
5.5164788
8.6419702
9.6382674
11.325474
10.607781
6.533404
4.7571558
6.7916
10.544086
8.8001596
8.6825901
6.3876704
18.262744
7.0920421
7.2539016
10.792851
5.0281159
9.863241
8.3242191
8.8072564
6.7138469
6.7138469
14.805844
6.5560979
6.6940911
6.4159898
7.7346978
5.8073231
8.3733682
7.7847537
8.4050993
10.572125
8.7263091
7.0296736
15.814639
12.186627
6.4066711
8.6790816
14.574171
12.845797
7.2714027
7.5645836
11.713448
6.7862751
5.7227587
9.2911536
6.9540909
8.3124117
7.6691047
12.033685
9.6520496
6.9932412
9.9550295
5.9743561
10.518054
10.191963
9.716078
5.1773475
8.9651043
10.673048
9.8509047
10.166966
11.79424
7.1431945
13.39512
11.976079
15.458915
6.4803074
9.6292149
10.330811
8.306868
8.6541814
12.11183
6.2574855
14.698122
6.6791066
9.1157499
10.74414
6.8871382
14.393213
14.031874
7.7072334
10.92707
7.5213524
10.799975
7.2367314
8.8409267
8.2974673
5.9198165
12.254409
8.5982817
11.3464
6.4347955
8.8677222
13.026182
10.487037
8.7372313
7.1440727
7.4984673
12.454406
6.5146568
10.062763
15.40127
11.567935
10.484115
5.4991882
8.9938027
8.6805056
18.301371
14.243358
10.1815
10.267677
11.97899
7.9621157
13.191887
8.7779206
9.6184607
9.7612595
8.1969237
8.1646236
11.257053
8.6282225
5.9760632
11.772964
10.396985
12.006842
8.9377641
7.727458
7.0056114
7.0126186
9.0871396
8.3717079
4.3302923
9.2361287
9.193734
8.242107
7.4013233
9.4425369
8.7477672
6.4986191
13.32749
8.6359377
10.088925
9.1592368
41.672695
7.8722083
7.9594171
9.365897
10.093699
9.4574853
11.356687
11.031088
12.56729
6.0323099
7.9277834
9.7190641
10.687661
14.258258
8.3590484
14.325858
7.4844044
6.4252794
16.536807
11.009021
4.6186219
7.7750394
9.3461012
8.4958954
11.248221
6.4647105
6.712539
7.0095737
5.3599778
8.0243976
9.6564807
6.2661567
24.060684
10.536827
8.1776225
10.994325
7.0728348
10.033923
6.4576366
6.827922
8.0722236
9.377399
7.81375
9.4785681
12.398397
11.845655
6.5686555
7.3644781
6.443782
8.9728511
7.81375
9.7527847
6.9728013
8.3226218
5.2332672
6.4778094
6.3355634
6.4060605
7.230124
8.7853551
9.3355899
8.4163517
13.52668
7.4806375
6.2227005
9.0340605
8.8284496
11.912176
7.6760387
5.377635
7.9935224
5.0026883
9.7250011
7.8421768
5.1423586
7.4430437
5.461352
5.413596
11.68347
11.320266
9.7447472
6.5356758
11.382435
4.1749475
6.2439418
9.7996037
14.895643
7.132989
13.801071
7.3447399
7.6435576
8.5314758
4.2420642
5.3598602
6.8857934
8.472742
5.5518562
8.9822572
6.7667316
7.0476077
7.6188331
13.413298
6.7244309
6.2940823
8.3824086
4.989256
11.80877
7.1280067
6.5436274
11.798252
6.3277361
8.9577359
7.0637133
6.5770404
7.7560141
6.9554114
10.165807
7.7411564
9.4210587
5.9760632
9.1334495
10.447743
9.8010427
6.0914053
7.322791
11.498623
11.373902
5.8073231
12.690356
7.6485091
15.496098
7.0450971
9.5759207
7.6506382
6.5666131
5.7857074
15.586209
5.241612
6.836941
7.3020577
9.3484883
8.3683978
8.7433388
8.1839216
9.1283474
9.1224424
5.9760632
10.917099
4.7374488
9.836254
6.5852495
8.2453361
12.09975
6.5535345
11.336556
10.17673
9.5497634
7.1547384
8.9656454
8.1005246
5.7158067
11.058469
16.368971
6.3863267
5.6657986
7.5149452
12.554275
5.5720548
8.4956348
7.9379405
14.20255
7.4519966
12.878701
7.180086
8.0047967
10.965527
14.911745
6.635321
6.5484171
11.237741
7.6641512
6.486611
6.5021856
10.268397
12.381699
10.718781
9.1683883
6.3954729
8.6918931
8.4602974
12.772022
6.1062877
10.227031
8.2620375
7.1762386
11.50569
9.2272587
13.005784
10.76144
11.217308
5.9097902
6.4085718
9.4616545
7.8157791
8.0247343
5.5518562
7.2647461
8.1588177
8.4167108
11.438986
11.738704
7.9222871
8.3888088
7.9029646
9.0832609
11.609766
8.6087402
7.8593899
6.1708947
5.172796
10.410493
8.5666809
12.529873
12.060821
10.527104
5.8321715
8.0458004
6.8536152
14.077086
9.3011615
6.8954167
8.2086217
9.1246937
9.5324862
12.092287
7.2519485
11.587102
5.4698428
6.4221406
8.2870756
11.489738
8.1587654
7.7349948
9.1765305
6.3320156
7.7892659
12.686685
11.332734
12.506698
6.4897922
7.8600568
9.9615167
10.438707
5.9760632
8.1276139
8.6675668
10.643802
5.5457895
10.212265
9.4447043
13.271936
7.4516271
12.669016
9.6147162
10.896897
10.426816
10.03532
7.1837284
13.482848
5.6563721
6.3339792
5.8974545
6.1448033
9.3432903
10.497662
8.9080884
8.9834824
10.233442
6.1451319
5.7031796
4.7528847
7.5542494
6.4785406
7.1118666
7.1795516
7.6462069
9.2606546
4.8514669
7.7439752
6.1539802
8.5218071
6.9851277
5.409331
5.1841188
7.6933425
8.7756403
6.668813
11.741409
12.187373
6.7957616
14.530001
10.130101
6.9220293
15.293746
9.0322056
12.299065
6.904289
8.934906
11.353126
5.8882287
12.833384
6.621753
12.055641
12.038021
7.3200556
5.9760632
11.044879
5.9988174
12.513901
11.009345
6.3821178
7.0548195
10.012382
7.9643042
8.4788106
7.2842632
9.6282595
5.9760632
8.6318251
5.5518562
21.071705
13.344568
7.0068205
6.9630991
9.3010221
13.574913
8.1266365
7.6228972
10.481822
13.444035
9.5775015
12.395798
11.796099
4.9432741
15.172007
8.8415185
10.987063
8.4591925
7.2442211
8.606167
8.23723
7.9922819
10.304894
10.089794
-3.8488187
12.212093
9.6865206
7.9778491
7.0638305
9.5562413
10.788463
5.736032
7.5256194
9.6136431
6.5416055
9.0474028
8.4483459
7.2736895
6.6302781
6.0824604
8.8966021
7.2875525
8.8283918
6.4773679
9.9007848
13.982188
5.3495339
11.017868
7.0984207
15.097513
15.995966
6.6371228
10.753269
12.817215
12.963624
10.191518
10.693396
15.706553
6.9766618
7.2101903
7.0973378
10.671117
6.8669868
10.495218
13.524441
11.601842
11.787319
8.8469854
9.5337997
6.5256869
7.7295261
10.875215
8.9097995
7.242097
12.339669
7.285954
5.9760632
31.180784
16.57998
15.050762
10.927211
7.3060775
17.599473
6.2365397
7.2291812
6.5661231
6.1448033
7.3661127
6.1448033
5.8967775
9.451071
7.435972
10.059821
9.6114935
6.9961678
6.3849641
10.621889
9.4880286
10.25424
5.3495339
17.501376
10.584462
7.3962368
9.7328276
12.226844
6.1448033
7.40792
9.1742403
9.2721791
9.5725653
10.443085
7.1719926
13.942788
7.7150171
9.4963209
8.5657949
13.167191
7.6559928
10.633432
7.0136913
10.995083
7.6820865
7.9652864
10.454096
7.1761603
10.458048
9.435198
8.0706765
8.1999561
8.7591177
11.086619
7.2505577
10.57063
12.772857
13.382497
7.4708295
9.6787401
8.4177914
18.777667
8.2087393
8.191268
8.6297001
8.2267691
7.25338
9.3774989
6.4807985
14.783495
12.246859
7.7616472
6.9968077
17.197368
9.0266462
7.6888324
6.0773144
6.3687868
6.6923514
9.4606316
6.1448033
9.5850987
6.4687162
7.9161928
8.0417853
16.374387
5.9760632
7.9962734
7.8380398
6.5530261
7.8920327
16.887138
16.793742
6.397873
10.331125
17.680034
5.7175838
13.434261
7.6842461
7.5757492
10.868158
13.037217
11.917476
7.1067929
15.390583
16.545009
12.598323
11.280109
7.7497425
8.9411349
15.226738
8.5727908
7.3566169
11.917476
14.22711
10.603764
7.0941185
8.4332269
10.667993
7.3013855
5.9760632
19.494327
10.910477
6.9594124
14.924709
9.290199
8.0313534
6.9351125
17.793678
11.709133
10.678372
11.016192
11.53357
7.4805273
7.1115398
5.4216874
8.7878698
5.9760632
7.0284413
9.164603
10.952434
7.9441024
9.1495718
6.0481901
5.6999994
5.6795041
7.395395
15.289983
6.1409502
8.48786
7.1283811
11.085746
9.4698688
6.0885566
9.5684006
12.261655
10.355762
11.583555
12.313012
5.001207
7.4579476
9.3042102
17.432376
13.81744
17.413109
10.643565
6.5279317
9.3953444
5.4950139
7.3191017
9.3596713
7.4633342
13.113764
6.739357
9.7356012
6.8220789
13.598178
11.415994
9.9290413
11.306934
10.090266
9.2210185
12.970733
5.7339586
11.450027
5.1447953
6.8669253
9.1446495
12.121624
6.7160332
11.444065
8.3462444
5.4894496
15.376524
5.7175838
17.512211
9.6980819
8.334031
9.737319
12.39631
17.850248
8.0753481
9.2296032
36.21654
13.473917
10.966259
8.0480648
7.105155
11.01289
7.3384103
6.4682023
6.4682023
6.4215644
8.1821577
12.612234
10.039129
9.0856292
7.3151258
12.97181
12.638733
6.4948162
15.394902
14.427735
8.8318118
5.9760632
9.1769536
18.364528
7.8342372
10.160846
7.3152028
11.958796
6.6644236
7.840194
19.933174
11.669842
7.2438415
7.8032726
5.7408554
16.609887
8.2020824
5.7347148
14.167716
7.2285214
7.298988
8.1267786
9.5375988
6.7672977
11.049914
15.870797
8.2082741
12.026288
8.902992
8.4876231
7.424824
7.0190045
6.5208557
19.435569
5.3495339
6.9960245
15.174292
9.2718991
11.299006
11.864552
10.499885
12.693054
18.771298
12.665568
10.669263
9.6268603
7.3416551
6.774915
10.98674
12.285502
7.4715195
8.7915438
7.1047054
18.065544
8.4929812
6.9146718
13.246036
11.559428
14.658777
12.889694
5.1969329
8.6262622
12.199341
13.119727
7.4079111
6.8389872
13.647754
12.669837
6.8111717
11.821377
6.6683352
8.3130365
6.1965505
9.0215707
7.9833462
8.4382458
8.3915382
9.1436231
17.838867
9.6038482
7.1184929
7.9884334
11.511533
9.5456796
10.939911
10.849265
10.998276
7.8767752
8.2195619
9.9057107
6.652834
9.6799663
14.147094
5.5835011
9.102757
9.7513987
16.060434
6.2738368
8.6263297
5.3283488
8.7733096
10.189023
15.381976
9.6256381
8.6297258
7.2152841
11.022131
9.5793821
8.0297627
5.7637961
6.3574055
6.7790837
5.9198165
7.982698
8.4165311
7.8119268
9.387319
10.319774
8.2093984
14.143831
15.028171
9.5413769
11.298302
14.012915
17.085889
8.8725411
6.167276
11.257588
6.1448033
5.2871688
4.8844579
17.49877
5.8073231
9.4511137
7.6370988
10.904996
6.7470564
6.8360389
8.8429448
8.1245533
5.7855172
9.7654036
11.459117
9.9685493
13.360255
5.7810989
6.9190601
5.2461808
12.406788
13.545172
8.2071761
16.13616
13.898981
9.5659108
7.9124043
13.080148
7.3518376
8.4461488
8.5626222
8.4410294
7.3360728
6.2569797
8.0158748
8.7135984
5.1550811
5.8844183
10.987116
6.0323099
8.0282622
8.3252706
8.2463797
9.9351667
5.9760632
9.5496266
7.0612108
6.891535
5.0571551
7.8676431
7.5876988
6.1982373
7.8143173
7.5829009
6.6668369
10.355819
11.416659
5.467419
8.5057388
8.483162
12.15092
7.5922017
8.0824891
8.488732
9.8624392
14.518451
6.7417913
6.1547489
10.824475
8.6963306
6.3931801
6.9165546
7.730515
12.492969
14.383812
5.4727063
14.67135
9.182622
11.211143
6.2374196
10.700439
6.6185563
14.997898
6.270765
6.2128476
8.0000941
5.9854774
9.8093295
8.1608215
8.0684401
8.4195042
15.386884
6.524449
5.9499911
8.0571451
9.5152299
6.3954903
6.9616779
9.8234795
8.001032
9.9113529
9.0989454
8.9310034
8.0013063
6.0555255
9.2951363
10.165372
6.7162089
6.9287622
17.733589
9.343294
7.9736066
9.4399871
9.7624231
8.4135341
6.4428081
7.2996257
16.977833
5.3299434
6.5236112
5.6685826
12.173238
9.1730457
8.0070433
6.0368721
8.2453726
6.0726725
6.7395582
7.43614
6.937228
6.7971588
11.859582
7.8092282
11.608043
14.922565
6.9041268
10.70329
14.103818
4.5269152
6.8907921
12.164642
8.7211558
14.083715
6.8529533
8.4817113
7.0040149
11.294363
9.3992227
9.5037214
7.6613864
7.2177738
8.7514523
13.484804
6.6306805
6.4639092
5.7571157
7.6546224
5.8529829
7.0615214
14.399001
8.5166716
10.029132
8.0962459
7.4517489
7.5931547
9.5330376
8.2876488
2.8948839
9.0183729
6.1997847
6.2492548
12.803833
10.025783
7.2013423
6.7671669
7.542881
9.5330376
12.079128
6.3640417
9.4000499
10.853269
6.1342164
10.402129
13.572594
13.19173
6.6254171
5.9235661
8.0946873
14.775538
6.1448033
8.737283
7.7911555
10.271772
8.1179052
10.931276
5.9215157
7.9106719
12.461595
4.7757127
13.764831
7.6042151
6.603832
8.1152129
8.1068376
7.4100643
6.717791
8.3842336
13.80939
6.4508471
18.999766
6.0044501
13.263133
18.536144
7.071037
23.10081
12.483075
11.564036
9.1089323
8.5194438
8.3410528
9.0951859
5.8223162
6.4845767
6.3135435
9.1255616
8.6817973
-3.8558125
7.3504814
6.1548954
10.027596
11.053299
7.414004
8.323285
10.280094
9.6548373
9.3222471
7.9138222
6.5251399
7.1402341
6.3140377
9.1866785
11.443441
6.9255784
9.3776349
12.889383
7.2354556
18.101951
23.267055
12.475279
6.9475834
14.135662
5.9042679
8.5635039
8.7909916
7.7689448
8.0963059
8.8824251
10.685782
13.887565
13.690906
12.985794
10.121823
8.1891755
5.1916635
17.173229
8.0049321
5.9431086
11.155269
14.793371
5.3264503
8.8358664
7.113561
9.189674
6.4682023
11.362886
10.62353
11.292737
12.941956
12.209178
13.46719
6.4525081
5.1717571
6.6473791
11.507586
8.5017493
5.9760632
6.6307634
8.2229776
8.0927118
6.5622912
13.537375
5.6720894
11.438283
5.5249327
5.9760632
7.8738813
7.1041936
8.3551428
10.50095
11.026837
7.2685008
7.4202476
9.1936345
8.3832322
7.3681355
9.9107551
8.6711718
17.22981
9.992065
7.4227719
12.594182
10.562843
8.0433208
10.991562
7.7389848
7.8681966
7.676165
7.3305503
7.17886
6.0831076
14.407947
12.016426
7.1767374
9.0560942
7.7969483
8.7431059
6.6874298
12.035362
7.7117752
10.993277
9.9375343
6.3135435
15.871258
10.616738
14.407947
8.0235355
12.591874
8.3300388
7.8343527
7.6565749
11.813589
16.442689
7.1116433
13.933453
6.9079189
5.8873375
16.22562
13.279271
8.8302195
15.0781
5.9760632
6.1087928
9.9323044
12.279391
7.2671814
9.5120498
8.575945
10.639817
5.3639135
8.2836316
7.2765282
8.2679505
6.952648
5.9760632
6.524449
11.975809
10.45822
10.127343
10.790659
12.186141
7.0299991
5.7485592
7.6902202
6.2459714
8.392878
7.3734357
10.699042
6.6286224
14.129742
5.8139469
7.6330427
4.5704295
12.76739
8.0878856
6.2571232
12.08665
5.7542133
7.9070753
8.6723137
13.336791
6.261506
10.003917
7.3304638
13.187589
8.0734264
13.560275
7.8240422
9.2491911
18.925774
6.6738315
8.0309938
15.107722
6.1219592
9.3037652
5.6175382
7.8176575
11.733429
6.5374513
8.4982649
5.9102058
9.1273096
6.9230852
17.864391
10.457873
12.529233
8.0863113
5.3523639
7.2056382
8.2702238
6.0195055
7.6703165
7.894623
7.4350362
10.070235
8.5974186
14.655996
6.7393168
7.7668663
10.316199
10.100136
7.2201782
9.4927419
7.474338
6.7655287
10.406332
9.8676451
9.0975778
6.7561537
6.009597
12.219764
7.9281111
6.7478145
8.4884686
11.448062
7.5098065
16.417391
10.21227
9.5914873
5.4737804
9.1929261
7.2390284
12.099923
6.7573057
12.282329
5.6842427
8.1913984
9.8591184
13.911563
7.836675
6.3768417
8.5569934
14.511965
5.8529829
11.529615
22.757694
10.749091
8.1356975
10.260923
12.208201
7.2646925
8.5340247
7.5942165
6.5938817
9.6182812
5.9339834
7.176955
5.6284917
10.495464
7.1622294
6.6795223
15.134747
6.581251
10.304294
11.517894
18.408782
7.4878574
5.9198165
19.972618
6.6652418
8.3738415
5.9760632
6.7833534
6.8028215
7.2628036
7.7034434
11.566213
8.1839598
9.1601472
8.7039949
7.9353841
6.3384055
39.416695
9.0658546
6.6738315
10.216559
7.9429229
8.7931642
7.5961962
7.6026998
12.245064
5.2262986
6.8185592
10.276305
9.5236126
9.9852332
7.7340741
11.623641
8.599015
7.9295125
7.8802946
7.6736815
6.5870217
7.5380698
10.3709
10.535964
13.809169
6.6919908
9.0625137
18.18748
9.3788
5.29357
7.2370398
5.8204666
5.8635698
9.6515506
7.1907184
8.2969876
8.9586519
11.262556
7.0217617
6.9789791
14.141225
12.638321
10.124245
11.095002
14.368376
25.324924
6.1084073
15.059932
8.0153096
16.248842
10.877646
8.9940321
14.132366
12.168573
10.579734
13.855607
10.951601
15.15989
9.5245872
6.4187995
7.5482557
9.9056518
14.197319
6.6738315
9.480436
6.2084615
10.394901
9.5680136
7.2675682
18.335262
7.7442438
13.144463
8.4346059
10.423608
8.4538366
6.3455818
7.1845218
5.9198165
7.5765012
5.036962
7.6244404
11.127494
6.7718149
10.887055
4.5205314
13.271642
8.5373284
6.4927855
14.556978
8.8585822
12.803277
5.7358806
8.1476377
7.0734843
12.245169
8.2634494
14.322548
9.1096734
5.6409031
11.689628
13.23947
8.4986106
6.9172703
11.951063
5.923732
16.035548
5.9537809
5.0399551
9.7956545
11.69309
11.642459
9.8986769
8.8691165
8.3380135
10.061818
6.6849252
6.776917
12.088855
8.0345882
12.697691
8.10974
8.6009975
8.6596837
10.182375
8.8461516
9.9502709
10.029312
12.851974
7.862314
10.003814
8.7195169
9.2385867
11.234207
12.68505
8.5696858
9.0808339
6.4260369
8.4384225
9.5552953
8.0292217
8.2248336
14.243582
9.0157312
7.1278391
8.5430767
7.6085042
11.887074
9.2546826
13.57508
11.528777
8.1074898
6.2302388
6.201377
5.5322183
8.5048528
7.7415729
10.741904
8.2633165
7.603148
8.7651989
8.1381451
9.191017
11.851109
3.6502553
13.914906
8.0749543
9.9740087
9.1646897
6.4858805
14.751075
7.7526715
5.5841608
16.31466
14.667786
9.4147448
7.6542202
8.2276369
7.7309816
10.2504
6.448779
9.6079329
9.6453054
10.379766
9.2299868
14.516361
8.5101334
7.2928422
9.9044908
12.360979
5.8186116
12.470479
10.430037
7.1604125
12.868958
9.3421241
7.4894988
8.2636711
7.9626371
11.267687
8.0913749
21.238697
11.04976
8.5981109
6.9931135
10.031024
7.5818192
8.3149644
10.778897
15.358619
12.891903
9.3085609
8.9403737
9.136963
8.8587008
15.96592
6.4916894
9.1262124
8.8815682
7.8126462
8.4909948
8.6529968
8.9378002
7.1157397
13.371206
7.6013648
9.4601679
9.3331814
6.3353549
8.6434067
5.9870069
7.874226
11.146506
8.2381404
18.326436
6.6863213
9.8792615
10.290505
12.000414
10.565209
10.302841
7.4233087
8.6285429
8.43562
11.279483
6.8326847
6.8087967
16.810822
8.2358792
10.246221
8.6296871
6.9200203
13.746533
6.6781959
9.0278542
9.1475316
12.311402
11.62281
10.745081
6.8352002
11.172007
14.766649
9.2192977
6.2572484
13.233589
11.240505
12.081443
6.3689172
8.814617
8.3866304
5.9478992
8.9502063
10.637675
9.7056467
8.9705284
7.400017
10.353852
20.560365
6.8673967
8.6114516
6.4391074
12.249247
9.1392916
9.683668
8.4865384
7.0371822
9.9923441
8.560777
7.8057344
10.027782
10.034042
15.109031
7.6934924
11.167447
11.934419
25.863244
9.6295084
11.269646
6.3629033
17.514083
6.8977362
7.2274923
6.5113416
7.8106153
6.3243525
8.5583635
15.594934
7.3348299
6.9037912
8.5697344
9.5737578
9.0308168
8.1209502
6.7276706
12.583682
6.2696991
5.9760632
12.68061
8.8915162
8.8080162
7.9738648
7.4047344
7.6091379
6.698377
8.6505402
9.8736311
8.1457122
13.101733
7.7445814
10.754425
5.4357364
6.101935
5.4540444
7.4305554
7.030701
6.8045304
11.000743
8.0171797
13.541171
7.6897892
4.6135289
9.2713286
8.4801962
5.9760632
12.475652
10.01999
12.917028
6.7251877
9.3183677
14.804158
9.2615283
8.110855
5.9760632
11.173186
5.6494673
5.8539591
7.919111
5.8932604
8.863748
7.5265506
7.6295731
9.7607851
4.4627355
6.8946131
7.2855576
14.804158
8.0794977
7.4664657
14.382613
6.0885566
10.759845
10.459579
6.5991045
5.8733759
8.8651032
10.39729
13.556813
5.5797994
6.9627487
5.6804602
6.943038
11.085438
4.2289215
9.206769
13.054214
8.0573975
11.122781
10.120363
11.629838
6.6791083
10.79865
9.5002851
6.4267202
11.886509
7.4174689
6.2572968
9.9756134
5.413596
12.960825
6.6055879
13.63899
11.195163
6.176053
7.9537776
9.2668452
16.166419
7.0033829
9.0580157
13.904307
8.8276717
9.5284547
6.3526796
8.2527452
14.262428
8.422844
11.068475
7.8691288
9.2219041
6.7452049
11.840857
7.2118922
11.455402
9.7911524
17.707561
8.8086137
11.56106
8.1097215
8.8220187
9.4329888
9.3360019
10.151811
12.012641
9.9307769
8.5111528
8.5430448
7.131702
6.4799599
9.1585712
7.2101701
8.1455458
9.8428033
7.6271531
4.8782753
9.2819384
9.2259784
9.8860342
6.8307033
6.6202791
10.620021
7.1118027
10.507673
5.6078682
11.976926
7.0651432
7.9166618
14.230891
8.314731
5.6835957
10.897634
4.560479
6.7978975
7.4520075
9.3303718
14.86724
6.8327252
7.8225993
14.599669
7.0861724
6.2753983
6.6945609
55.399238
8.2853695
7.2013757
8.8157575
6.2776474
5.9247611
6.7928886
6.625549
10.940425
14.40936
6.7834305
6.0739376
10.314811
9.342824
9.1584046
12.773159
15.452019
9.9014151
12.694989
7.6534648
12.843184
9.2094752
7.6666617
8.7397274
9.4889464
6.1251472
7.5004369
9.7012747
8.757639
6.6746841
8.5204602
10.394912
8.9017853
8.8465028
15.650579
10.658655
9.2925891
5.6407095
10.117771
11.534343
20.294305
6.9332581
10.515714
8.8486921
16.907106
8.3615395
8.7180883
14.093702
8.162637
11.109294
14.504587
8.0017732
9.6348835
5.7988561
12.784615
7.4089859
11.482975
8.1665375
5.7510763
7.2490185
16.213672
19.314646
11.532181
9.9566096
13.105645
10.110517
8.1197817
9.3626064
5.9760632
4.7414405
10.695765
6.7388937
18.011622
6.8572794
15.71475
10.22826
9.2941427
10.31215
7.8325993
13.395402
7.3383588
11.84174
29.259875
7.7970638
5.7272264
10.581713
7.3146462
5.9592276
7.3112508
7.9111951
6.5884629
7.1610351
10.391499
5.976964
10.821527
12.246772
8.080611
8.0466207
11.794896
5.7785867
6.8603079
10.275413
13.764401
11.888006
11.020479
8.264986
5.7339659
10.539841
6.7735914
6.4768947
9.9365995
5.6435727
11.068475
10.955016
6.8452742
6.5812096
5.56124
9.6274703
29.565577
13.935718
18.43674
8.0702307
5.5937422
6.554022
10.940381
10.196687
9.6925131
10.818225
6.6089036
16.260171
5.9102058
6.7519684
9.8656503
9.9253393
11.700874
8.4042105
12.14975
9.2098445
8.1412418
10.817025
4.7654649
15.010751
7.5792477
12.166773
7.9050903
8.251233
7.9674711
14.892266
6.3570892
9.2582221
11.790925
12.248406
7.9925161
6.5827786
6.1481811
8.2716174
12.287184
5.9760632
17.037398
9.6568007
11.391454
10.540449
8.5647834
17.723649
16.194713
11.213529
8.1788129
6.3336365
8.2087393
9.0854031
6.7634291
15.022952
13.524968
5.8209811
10.550215
12.150875
11.050431
10.502464
9.6075919
8.7604164
11.077671
8.3907556
8.2222514
9.0148316
12.978949
14.432529
13.478319
12.901541
12.702981
13.465138
10.323784
20.350921
8.1767151
10.31052
9.795154
12.268058
15.704966
16.022346
8.6694552
4.8850324
6.7820227
6.5851586
6.2942446
7.0293558
8.3646659
15.601648
9.5743169
22.669483
6.6342591
6.7535095
6.7107479
7.3543779
15.091815
7.3130768
4.6078004
10.733218
13.37766
4.0481389
8.5795554
13.808919
9.5099554
8.8230334
13.653292
12.910727
11.636852
7.327741
6.3004598
4.8612795
8.919257
10.446263
6.3010014
9.2272779
12.044368
8.7325241
8.6682232
9.1804158
15.093412
7.8336751
8.7645004
8.8471416
10.342423
9.5279456
13.700949
8.9290487
7.5575913
12.641346
9.8778955
12.174742
9.3368839
13.745325
5.9664525
17.856423
11.308056
5.9943256
8.4824141
8.0092325
9.9888452
7.7120118
10.351544
7.3797253
7.3823969
12.279907
10.035181
10.346954
7.2423199
6.9838933
6.0876188
9.1110864
5.2914919
7.030134
7.2283631
8.0805514
6.5207592
9.6097384
13.819415
9.0099771
6.9841207
7.809545
10.094584
12.968853
9.4113976
13.404617
7.6562709
16.830705
9.2602648
5.5954488
10.78421
9.3366136
8.7279325
8.6302284
8.162011
8.9058479
5.6603403
7.4268681
8.5607816
6.2291328
7.7293003
7.3806953
8.5507269
5.8472464
6.7635172
14.173884
7.4948682
7.952467
10.728017
6.1738666
7.3962658
14.332155
7.0512194
5.9198165
6.6076321
8.0454277
5.7885405
5.4236047
7.6380605
5.8073231
16.996175
5.9760632
5.9954645
13.075233
10.932184
5.9198165
5.254915
9.4386432
12.747491
9.27923
6.2733228
10.047241
8.5643956
9.8300375
6.0041928
7.6791998
10.013555
7.8147159
15.864715
7.3843176
13.090334
10.311787
10.096859
8.3371223
7.0494634
6.3422756
6.0530674
8.3796129
13.388098
10.175099
6.0344511
8.1865617
9.9145626
6.1125025
9.8442716
7.890944
7.1745282
8.7731501
11.134986
6.3311111
8.553135
7.8008055
9.3086669
9.1733369
9.5992691
4.6607446
5.8073231
10.397057
7.7264
6.6228598
5.8746576
6.1448033
6.8146967
13.27615
7.6704461
12.61678
6.8675893
9.753503
5.9606258
8.1423415
11.868731
12.865475
11.815057
6.2951285
11.890112
8.6417177
10.017289
5.6633067
8.7418806
6.4434353
7.9449468
8.4669812
13.532763
5.8203204
7.0105083
5.574405
6.337151
9.7457658
10.53885
16.083305
5.8032378
14.681964
8.8352271
10.46396
5.9760632
8.4859248
10.532263
9.8673007
8.2906838
7.1533226
8.1411199
7.0958837
5.8727514
11.3513
7.3599655
6.5172069
10.284313
8.8629436
12.764803
5.2682095
9.4607242
4.3255791
15.095328
12.710777
8.7889445
12.389911
5.6918381
9.4039089
11.092332
9.7603604
16.433405
11.467365
12.475782
8.2704055
18.450075
5.7986451
4.0173856
18.048886
9.1921948
7.8660259
14.185847
13.35978
7.1240217
5.9760632
17.542249
19.233502
10.953079
7.4638333
12.909287
14.678519
8.1293144
11.117369
7.9889501
5.9760632
10.672998
8.4915434
14.03084
11.076938
12.348243
14.81451
8.130435
6.4502911
8.16791
6.0706613
7.9192569
9.2096945
9.6958992
13.878138
5.9760632
6.4692003
12.69664
10.425303
11.002647
7.1761696
8.4216516
12.590778
11.899193
7.829661
11.999273
6.5820348
6.4530595
8.113614
9.8048957
8.4007979
13.130344
9.787226
7.2610985
8.6646455
12.108094
7.2685594
7.3095208
7.5878444
8.7886969
7.2180569
13.655378
6.6495383
9.2791532
9.8117904
7.4078565
6.7204615
7.0099903
5.7513775
15.005531
5.0055492
6.3567159
7.0345299
13.214829
7.6547013
26.921535
10.238204
13.090186
7.7611481
7.4929278
9.7086681
8.5273127
8.5278819
15.65094
6.5649924
7.4956824
9.0346189
8.3076102
6.9537878
10.460455
8.9875297
9.0558358
9.7112876
8.03325
6.5594614
7.5153419
10.260175
7.4374288
8.8074478
7.1643006
5.8201063
15.061385
8.9416273
6.0555462
11.139733
7.556801
9.2549454
7.9502919
13.40466
7.5899352
7.9763141
8.1199875
10.489468
5.9304215
6.9330419
8.253621
5.6608764
8.3143682
19.454154
8.4333561
7.640724
13.419136
7.8366137
8.5594815
6.4413466
8.3880507
10.101145
6.6706137
7.4711502
6.5574798
16.359776
8.0477096
7.7207131
10.167058
10.310803
7.3447686
6.397873
9.0081641
6.397873
7.2813086
8.1260196
7.5968092
7.5619684
8.3492249
10.308016
9.4658107
16.069473
8.5344001
7.4262046
9.7710124
10.599116
7.2804737
5.7771198
15.743721
6.7372891
11.811503
7.4137029
6.370192
7.9231461
9.633068
7.2300491
19.667513
13.502323
5.3534786
17.88093
11.992548
8.8963384
13.311861
7.7741533
6.7435223
11.803769
9.1658271
8.683236
8.6355762
13.18431
9.8280419
6.5992186
10.773555
17.443655
8.0521461
8.7850021
8.3899874
8.8655888
7.7660985
7.7860667
8.3294133
6.5221172
7.4711912
6.6087653
5.9872459
9.4572634
10.790019
13.279999
8.5552008
7.0237591
11.381212
8.4611916
5.6347122
6.9337212
6.7478145
13.473915
13.337721
7.9140605
6.8997862
7.2924642
17.764073
8.4470516
5.9276562
8.5350638
17.77603
9.6794853
10.384566
10.968267
17.168359
14.505623
12.171207
11.52436
6.1557526
8.5284952
8.8001433
9.4587311
9.6266483
6.8100721
11.968934
7.4281043
10.734281
13.061618
8.3901398
8.1092625
12.331755
12.055666
6.4818282
6.4246301
22.025211
9.1749977
5.5143077
12.252865
11.161893
8.7423887
12.433243
9.3572405
6.9222979
6.0453424
9.2343534
15.798439
8.9710792
9.7581025
8.8983766
12.437331
11.410787
7.397378
9.6105693
7.1356552
14.174607
7.0622919
11.251811
8.0759068
7.6643502
13.533007
10.03575
8.1551149
5.8170202
14.338354
13.667996
7.7812207
7.0060333
6.8054811
8.616731
11.985182
8.9422862
11.336092
5.3444889
14.623732
23.002669
15.080264
9.7620139
13.326515
9.1809759
7.7346413
4.9952928
6.4971804
7.3032997
19.144536
8.402971
13.098164
5.4387652
5.7285042
11.739761
11.57084
11.121458
9.8215356
14.251015
12.58009
6.6724616
9.4201566
9.4350678
8.0409465
8.0848353
11.552995
9.561211
7.7149703
7.5604139
9.1782047
6.3425618
7.225871
12.404908
6.4777677
9.8332268
11.105991
11.141095
7.6410793
7.3812545
11.310114
8.5241834
6.524449
10.957856
8.6263982
13.58361
6.6679621
16.069844
16.48073
12.297096
13.385736
12.152614
9.2760764
8.9236837
4.915632
6.2888752
8.9581304
6.1106992
6.9800717
7.258196
6.6267263
12.842264
13.727076
8.9368232
12.819633
6.3109214
9.0908366
11.149461
14.148727
12.806196
7.8019292
8.6199276
14.351298
10.048
7.0183579
8.6272299
11.619743
14.620057
11.865383
7.776789
9.2468335
9.6725433
9.9629329
12.669198
6.3404808
9.0766175
5.8946261
6.8444903
7.4929516
6.9849458
5.9198165
10.869603
6.5027033
4.9952439
5.9198165
10.106343
10.132676
11.655231
6.0323099
7.0279368
13.475501
5.6075349
8.5055413
6.6691841
7.7134071
7.3165739
7.7290142
14.483034
12.418949
5.3887915
6.8908247
9.7309807
10.14269
11.560641
8.6714743
15.989933
9.4680896
8.0923713
8.3659459
5.6409641
9.5293745
7.1481376
5.9198165
9.4823813
7.3679305
10.89584
7.1446902
8.3840164
8.1337804
9.1812725
9.0599771
6.2441283
9.665916
12.844951
7.0945388
4.38348
16.401257
7.7823183
7.2979814
15.950753
7.7630897
7.073118
9.0677193
8.7605827
11.124021
9.84746
7.0128983
9.9769344
6.6958737
7.9008612
18.092851
8.9903031
10.489835
8.1445995
12.471144
7.5755398
10.705079
9.2366245
19.462039
6.3562228
6.3773684
10.027442
6.6952167
9.7085362
8.8739242
10.746357
8.3420462
15.916748
7.906193
8.7287762
9.5866187
8.7621158
7.9206008
5.0326362
7.1277474
12.062128
21.235565
7.7484473
11.565403
6.6369424
8.4696956
8.0740551
7.6360147
8.3458574
7.8752162
8.354053
11.05364
15.97341
5.6365578
11.582821
8.1380842
9.3118502
11.010021
12.854608
8.5481355
7.9897822
6.8040612
7.0585715
7.530912
5.6718268
9.1200243
11.962708
6.6328794
6.1366672
9.1442071
8.2492847
11.000729
8.7696129
10.475375
11.32933
11.469215
10.689933
11.418495
19.835445
6.5981223
7.6755042
14.646671
7.5458877
15.2785
10.473336
4.4697676
8.4891106
9.9586813
8.0332573
6.5177004
12.314333
9.4165173
14.531983
14.121256
13.53006
11.513458
6.1625372
5.9671759
6.9946939
5.0586642
8.6317279
11.513458
10.437534
5.9804026
8.87728
9.4690163
17.573654
12.724655
11.999451
8.2561345
7.6202809
7.5262037
10.878108
10.581995
13.136518
9.453025
9.7105066
7.5824765
11.929801
7.0027659
9.3453545
12.031296
13.015347
8.3717045
8.7432189
16.887656
4.3118424
8.9284187
8.5592699
9.6838422
10.000864
11.985885
8.8445542
10.205528
6.0885566
10.701408
9.7672915
10.849745
8.7120916
10.691845
7.5446224
9.3251869
7.6470451
6.4415402
6.1268489
7.6637574
12.945458
11.121459
6.673158
7.8032967
7.600381
12.515411
8.5139687
6.7309546
7.9509747
6.94057
9.368486
8.7467841
6.5580509
7.9785408
7.5379052
5.853369
12.125624
10.891733
7.5734056
13.075674
6.1861926
7.8101544
6.3756217
7.9954841
7.6170104
7.6512882
6.3832846
10.595878
17.354568
5.4028886
14.238327
5.9162975
14.81265
7.9838826
10.730761
6.0124555
9.9598738
8.0706299
6.4680647
11.429445
8.6603702
12.977371
10.276263
8.2933528
5.9760632
11.463844
7.3458744
12.857235
9.5123439
8.6931987
6.6328794
6.7676518
6.1792661
7.8538303
5.6319441
9.9713323
6.7243812
8.574289
10.611889
6.4576154
8.3457843
10.14224
8.3910342
11.639437
5.3937928
6.6744098
9.4163246
5.933557
5.2487611
6.026347
10.522991
13.237025
9.2525383
11.998321
7.4430437
7.6514794
14.054031
10.010751
6.4139985
13.059906
11.611206
11.193664
9.4434933
12.022032
15.852515
7.1604125
10.749036
5.8635698
8.1684344
7.1563777
8.7830292
10.199438
5.8434354
5.7700872
9.1156874
8.3848451
8.486446
8.1195441
5.7922745
9.6272535
10.205187
10.574342
9.6915723
9.1940726
8.274844
8.6555344
8.7153742
9.585232
8.6296744
10.21153
13.147277
5.9760632
8.2334094
6.2010501
13.147721
14.720332
8.0599996
15.881109
5.5847607
6.3321018
3.8680592
8.9970126
12.080515
10.046574
6.6219617
5.3480302
9.3821869
10.029231
8.4576445
14.638833
8.3634235
9.495346
8.9506649
13.928831
9.0696618
5.8179096
8.66311
7.5590706
12.261711
10.066457
10.121992
11.684659
9.0952994
8.8355557
7.1446503
13.65113
5.8222907
8.303329
3.5122977
9.3341932
7.5638035
6.2000271
7.4572474
7.8230627
10.244475
7.8091114
9.5724309
6.2399205
11.86532
10.143701
12.046858
8.5006939
7.7291804
8.2287327
10.380001
5.0672144
9.9423058
8.0201912
11.165809
7.0686802
10.049756
9.95966
10.474902
15.907851
9.3573431
13.772103
6.0334561
6.6191622
5.5729774
17.599257
11.458105
12.841248
8.3383709
12.344454
8.6282985
8.0909055
6.0886932
8.2195405
9.3042385
5.8853272
9.9257824
6.406133
6.2222798
10.631905
6.948307
8.8534702
7.6098015
7.1289718
9.6485353
13.008657
17.024154
11.520107
9.1444735
10.977936
7.9962715
7.8655125
6.6262183
10.964144
18.013846
10.217867
8.4617441
8.5739263
9.042435
8.5460301
6.6903854
18.16947
12.574336
8.90785
11.791677
13.508629
15.647758
11.554043
6.443782
6.6641506
11.209838
5.3229062
9.9664086
6.8154829
8.8246672
11.559002
7.5928628
4.9482555
10.606628
5.9623522
10.806724
9.3374941
6.59425
9.6552548
7.6764081
4.2407766
10.725467
8.6797783
10.110231
13.66259
9.7844272
11.677821
9.0417022
6.0976973
10.0659
8.7100136
10.420658
6.949738
9.2673798
8.1032482
9.6490238
12.536894
6.7348275
8.8554562
5.7179999
10.013312
6.1430206
9.5108384
12.060733
5.7811198
8.256873
5.3356169
5.3015477
6.9068011
8.2187199
7.4014827
12.797308
10.25552
5.8194931
8.9735335
7.4101884
10.930636
6.8587377
9.499349
6.9708033
7.9003448
4.6091089
9.0157148
8.0893637
12.992555
6.6290057
9.8010629
7.1457065
8.9433683
8.8963611
8.6402661
7.7077363
5.9120843
9.2386102
8.7115272
8.8059394
10.376189
8.7389591
5.7830008
7.7006257
15.624762
10.025499
12.993361
9.4073223
9.5060965
11.156269
13.947112
5.5174821
9.8771836
7.0299258
7.6641661
9.8456518
10.626843
6.2042046
8.151207
7.8037036
8.0778197
7.8356604
10.002955
9.9255322
11.922115
8.2732832
7.7407707
7.5528659
7.8086079
9.8940681
8.1750909
7.9988645
6.3323176
6.7857628
7.7813511
10.568494
7.151546
8.6031103
7.7800601
6.9762781
9.6852732
8.8967137
4.3952935
7.0514203
9.1654657
6.8293821
9.2747076
23.353491
14.243763
8.2200264
6.2552669
7.6572508
7.9350521
7.1831361
8.7420391
6.0885566
6.7002885
8.1883773
9.2463469
12.634796
12.979069
11.777139
15.606477
15.798349
5.6691536
10.74132
10.190212
9.4132358
8.1418739
8.8383215
8.2928738
11.436368
11.117329
8.0163906
6.9676549
14.49274
8.5138956
6.7686127
7.6658688
6.2304049
6.1899982
7.8962284
6.7478145
5.636612
8.2976242
13.491766
5.8946207
12.117493
4.8355126
7.2498654
7.4160804
8.9213443
6.942151
7.3126883
8.0192652
6.125821
8.518428
13.058913
9.1628379
8.3340223
11.443349
8.0189732
10.710429
6.7139617
7.4325205
9.2596054
8.5397199
6.4445528
13.076279
9.5600611
8.5431453
10.854665
13.923975
10.086782
7.7482044
6.086759
9.4881788
8.840608
7.5565412
10.020807
7.7851905
9.5673967
11.074422
6.2643483
7.5258729
7.7745293
8.1870681
9.8800381
10.288301
6.4873717
7.9894073
7.3357685
13.036341
9.5813929
6.4082658
9.5890438
7.8331649
8.6924737
5.9760632
16.268241
10.656204
9.8017814
18.027023
8.2546901
5.5319598
7.4770247
10.999298
8.0073715
7.9757981
6.0027887
7.0222596
11.906268
8.5943597
12.662278
6.8242821
8.6673894
6.5560262
9.2324304
13.31745
7.5517809
11.023061
31.766011
7.2352043
9.4601516
8.9128576
6.2775192
6.066846
6.4909525
15.016738
10.975157
4.2713845
11.224643
5.5459763
5.6394867
8.3019245
6.1715084
11.152172
13.423376
9.5433304
11.009295
10.854935
9.5737291
10.192376
12.734571
11.66325
8.0415918
7.1626928
5.7510763
9.6014442
6.3536039
6.590512
10.367977
7.1053249
5.5439899
6.8358517
9.8115677
10.104177
12.589189
8.5287897
7.7687157
8.5456965
6.2809143
10.197215
7.1285149
13.992799
8.1209043
8.8094056
11.077945
6.7983926
13.104864
11.344501
9.9071677
14.704611
6.8759561
6.6037033
7.867761
11.448129
8.8189624
5.6730775
10.540708
6.5137515
8.7485943
9.1343359
7.821743
8.102744
8.5600626
6.0237528
12.007653
9.1937397
10.60769
15.143741
5.9760632
9.3226964
8.1191149
13.520794
6.6057619
8.2692907
7.7516585
9.0052959
9.0294597
6.252286
11.055451
5.6895708
9.041042
12.647841
7.4993348
6.2084973
11.097507
6.7478145
9.4587137
7.7412732
8.2399869
6.3020304
5.144462
8.9064103
8.4774602
8.1739646
7.1155834
7.5653762
10.239297
8.1071887
9.9529056
6.912095
8.0667237
12.151563
10.178757
16.987673
11.194698
11.812
10.103903
9.592799
8.1342802
6.53721
9.9313257
8.7123115
19.659489
6.8624978
5.9144521
9.4270836
4.9407817
7.8807534
7.9045996
5.9198165
10.877252
7.9701696
12.012196
6.7748782
12.225743
11.304858
9.3398362
13.412046
7.029231
7.4271025
8.6195171
6.397833
6.6915678
5.3362799
7.7244193
10.164365
7.4806613
5.6156911
8.8419752
5.792234
4.3432996
7.9762619
7.0151903
7.8620517
8.4445459
10.015075
8.4755318
7.5536153
8.8635926
9.3707783
5.7216323
7.6091723
8.2812757
5.268953
8.7758918
8.5016202
8.2709821
13.216786
3.4066936
8.9585392
6.8897537
12.420545
4.7931652
14.62869
6.7441413
5.7117431
11.945437
9.3975271
8.9308525
6.809177
6.4430373
10.845553
13.809127
11.918441
13.332356
7.9902799
9.7608059
8.2178077
8.3994308
10.199627
13.392663
10.762029
14.465917
9.7372254
7.8310573
10.577063
8.1010396
9.4078791
7.6258189
4.7346475
8.037749
8.2607245
10.473164
10.075496
8.3277373
12.009673
10.087273
8.3904713
9.6807374
7.1308413
7.9391956
5.1340724
12.099295
9.6114154
10.897484
6.7820417
19.854492
8.4912795
10.364068
11.379145
5.9298349
8.387264
8.5148429
11.252979
7.830669
17.585624
8.5749642
8.803984
11.150004
6.2567469
6.9538595
7.7084767
12.307409
12.696555
6.0607914
8.4403727
8.7598526
12.537043
9.2884704
13.07621
8.9380129
7.4742793
10.93777
10.837836
8.2700082
9.9846294
11.017138
8.7891172
13.845742
7.956862
7.3574265
12.269939
17.156858
12.528062
8.5419082
17.010753
9.8255275
16.901435
7.4206743
10.442805
6.4064873
13.102152
9.2963926
5.9760632
9.0635942
7.7819288
6.7634686
6.0310023
8.1279499
13.67151
8.2207948
12.330363
9.0454957
7.2584324
8.8952209
5.7119407
8.5257291
7.6962443
8.2062441
11.310227
6.8291552
15.321832
10.565767
10.185539
11.476562
18.12623
8.9954974
15.731142
8.5971987
9.4945085
7.721619
11.799133
10.347811
10.608362
10.704721
6.5158566
7.6030867
6.9226941
9.5807724
14.962249
8.6899278
8.0783297
7.9025743
16.228663
12.531503
8.7653332
7.710621
5.4546821
6.0708677
8.7112363
11.190312
15.144683
7.607138
6.7413654
10.511924
7.7497287
9.3163716
8.0715035
8.5541126
14.251076
7.6292156
7.4623059
11.067715
9.097529
8.9122643
9.314522
11.366601
6.2573213
15.486753
11.956951
19.840351
7.9218788
6.9625831
5.5762246
10.045335
8.4247933
14.679429
10.53886
10.072849
7.7379975
7.5342168
10.374159
9.7088806
8.8008931
8.4256251
7.7568316
6.5814595
8.7707106
12.75872
7.0927753
10.37291
16.823961
10.576505
7.0949115
8.0745967
12.578046
6.5292074
8.3713375
9.2347126
8.4480951
10.010029
9.9804554
10.996631
8.5805466
7.4157511
18.250379
5.8300773
10.53948
7.9979813
11.209195
8.4614045
12.888371
12.644238
12.250613
16.239954
8.8035962
6.7250598
9.2502079
4.8169474
7.819544
10.639747
10.050096
5.4489354
11.587526
12.478677
7.526779
15.864103
5.9730575
11.358651
8.8663575
13.17714
12.330018
7.3245702
7.4876022
14.498226
11.419362
11.23993
5.2726212
7.2315899
7.7430686
9.4689008
9.8237267
11.752236
9.0686497
9.377399
7.3498075
17.995536
9.7205532
12.596546
7.7574514
15.555614
11.236407
6.247092
6.8674777
7.8346084
7.9264377
7.3498075
9.2293994
10.029622
13.958582
14.094676
11.255697
7.8698576
6.6568723
9.9573569
9.4697645
10.727808
6.0526119
11.00822
9.2939932
6.9729513
14.115064
8.9275573
5.8539591
5.6876859
9.0933623
13.102112
8.9470154
7.6117469
12.329932
9.6896041
12.765495
9.3207335
10.556684
7.2204678
9.841867
9.7236558
8.7338853
8.7139188
9.6425965
6.7742069
16.264905
9.3014462
12.812594
14.166224
4.631109
11.270569
6.5147384
5.7211363
6.8119733
9.9551252
8.8058314
7.3469102
9.2797965
15.642866
5.7165487
7.0012761
9.7024077
9.188221
13.735077
11.03539
7.968725
8.2992757
15.173342
13.043145
9.8251753
9.5830819
11.534
8.4482883
7.6536221
12.078556
9.3393537
7.4618516
12.761694
10.120401
9.4565513
6.7478145
8.0370173
8.4960439
12.388717
9.5313946
5.9437337
7.2634311
5.7300203
12.120053
11.375736
7.0074951
6.6390965
9.6246004
11.160101
7.2467079
12.692659
6.3910477
8.1597026
9.2531937
7.6320891
15.461028
11.79026
6.9769871
15.143769
10.31482
8.1562405
14.502099
6.7654835
5.0973232
10.172148
8.2540001
8.4826007
11.080284
7.3445728
9.1168909
6.6466904
19.107664
4.0752843
14.375123
6.1388969
9.0244263
14.176566
13.709965
5.9607523
8.4030497
5.9760632
6.3372151
7.8453987
8.9658566
9.901704
6.6974948
6.9603735
8.7823108
7.3298649
9.690355
6.1448033
7.5630903
9.4159795
10.26073
6.4822836
12.477789
5.6303759
9.9038242
14.053035
10.953205
9.7859471
8.0464568
11.414652
11.49319
13.01137
10.328317
6.3135435
4.8984331
7.3682837
12.941451
12.117646
8.2455173
14.952448
9.8914016
10.550747
10.713632
9.6189691
7.661194
8.1923494
11.725303
7.3777953
8.2792039
7.4690256
6.5512147
6.3775462
6.0714204
7.0445124
6.0679694
12.64512
7.0515013
15.196377
9.8614674
8.770519
8.2947283
8.8775764
10.067395
12.807448
12.228203
6.7928324
8.0573975
9.4325946
8.2628752
5.6385829
8.411521
9.7819018
5.7798473
6.8415198
10.420479
13.510677
8.1329175
5.9760632
6.0323099
6.8970773
9.4607081
10.161617
8.9370712
14.048394
11.661904
5.3474978
17.875813
6.2353918
9.0480845
7.855482
8.4002273
7.0666089
6.3645967
5.588458
10.141121
5.9198165
6.1448033
11.805915
11.006075
5.8143786
8.4751965
18.338018
19.917256
8.1991076
8.2911436
14.034871
10.46502
9.9329224
10.107733
5.8635698
10.624064
7.1609109
8.1645838
12.699248
10.407788
6.7213783
17.54842
8.3376245
7.9006353
9.8212575
5.9821789
13.053379
7.4316698
10.77446
8.2334876
8.9085972
10.965636
11.741862
6.668813
8.8713806
6.7002561
7.3178442
10.015994
10.596039
8.6067651
22.681078
15.812341
10.823601
9.601293
8.3181323
15.255317
6.4790192
12.388081
12.067308
10.360792
5.9998742
14.83165
10.067894
6.8363176
9.1850459
11.53704
9.3073965
8.0738002
8.9924751
5.341463
31.929572
8.1538691
8.0723685
11.314655
10.274729
11.285024
6.863977
6.9815444
8.9601336
7.7439649
11.076472
9.9375731
8.6808934
9.7569498
6.5351396
8.866593
10.229494
7.4901417
9.1479024
10.357324
8.8713181
9.2654979
6.7914675
6.1781343
13.584
9.2150561
6.9012934
11.606423
10.921824
8.7596586
9.2234894
9.8428135
10.446142
14.971884
7.8879888
6.8841259
7.98936
10.060329
6.5806957
14.971884
6.6290095
12.646365
10.073661
7.6019821
11.306971
7.8149494
6.5192015
5.0077521
7.7113958
9.1961574
9.3784492
7.2090446
17.034077
10.62624
6.2022525
7.5542167
11.329388
14.157107
9.5716185
8.1821577
18.238647
11.599459
7.7151907
6.1316365
8.5920163
9.5051034
7.7906181
10.643016
8.8268965
5.9103767
14.190247
5.9760632
4.8301172
21.422623
7.1632652
8.3314911
9.3444317
10.317381
10.619309
6.2124594
6.7188816
10.30674
9.0401854
12.057057
8.2667025
7.762998
11.090558
9.4087122
9.7853349
6.6855875
6.052035
7.0383755
10.718861
5.8393691
10.761458
12.475321
6.767459
13.936663
6.3331503
10.824997
11.301785
11.592663
7.7436209
7.3497965
9.4465109
7.3129577
9.5901745
9.9146588
14.004008
15.738647
9.9539041
7.742498
10.968847
10.731795
9.7034333
8.8218593
9.4434316
10.506521
10.523449
6.3872902
13.295434
13.676152
9.0246486
8.2545799
5.9760632
10.58974
6.9948358
15.425662
7.6413244
8.0551222
8.8842817
12.762953
11.289164
16.265785
11.251318
6.7161965
6.759913
8.6167937
5.9553061
6.8584191
6.1773024
6.3771708
14.084983
14.47017
17.364431
7.7216225
8.9033947
6.3437085
9.6963305
8.0158748
6.3771855
6.6763643
10.749887
9.2150006
10.784237
5.826268
11.159505
7.3781474
9.513817
6.9316787
6.2058432
9.5987966
9.8117725
6.8440659
16.577832
12.235249
8.3840238
8.2480432
21.761178
9.9506855
8.0740627
14.419757
11.468348
16.602164
11.816397
8.6001305
9.62854
8.8981725
11.479028
9.2754845
16.87631
9.4175109
8.6346519
7.3593587
10.712356
9.0132973
9.1599319
9.3742721
13.833033
13.688146
8.7313979
12.961571
8.6835465
14.485291
12.178881
7.8219662
7.8984602
17.613594
12.098991
8.8799449
7.5344219
11.233679
8.2220532
5.8751255
6.6190471
7.8567884
8.347771
10.983133
18.367668
8.480209
8.1783543
6.751511
8.9462856
10.872751
10.873512
10.378463
14.511443
9.8659601
9.7081236
10.788799
13.28349
17.231712
8.7867841
9.2848818
10.337627
16.66723
7.1279014
11.86002
5.8635698
13.93117
11.209846
5.9515474
13.326654
8.292394
10.729133
12.785709
7.4705408
5.773624
7.9247035
11.105005
7.4860484
7.9572302
6.7549023
6.3743083
8.9530146
14.73553
8.7448667
9.4217657
12.854823
8.7961625
8.6929661
9.2730488
6.7161888
8.6365095
12.95236
12.160925
7.7574583
11.829942
15.342819
6.4483077
11.584157
7.2683557
7.6344461
8.5086718
15.619914
7.2299029
5.2920391
6.390012
9.532251
8.921044
11.10917
9.800312
8.7101051
9.6516815
6.7478145
11.186274
11.396644
12.589879
9.6626147
10.923225
3.8649639
7.3309205
8.1417609
9.523114
6.4695416
10.574865
5.9967272
8.0915898
9.7287021
10.847389
8.3357888
6.240398
9.0206879
12.312603
8.0295895
7.5643782
8.6481439
7.8498885
7.3797253
10.160615
8.1249275
6.2505002
6.3265048
14.236976
5.8529829
7.8458786
6.524446
6.2467099
6.2572968
12.940162
5.7175838
6.6132492
6.0586744
11.247674
7.260177
5.4332028
5.5166432
6.9524379
6.7893092
7.5655163
8.1740886
5.3606712
8.1208471
8.89517
6.19044
14.142702
5.4821254
13.191906
15.501157
9.0330661
15.593344
9.7216612
9.447605
13.518742
6.1351927
14.841357
11.255348
13.12668
9.1103321
8.831811
10.742796
10.651937
12.432747
7.5586659
13.388427
5.9134099
13.048445
6.9391785
15.670913
7.1658985
6.3621551
6.614936
10.96889
12.671163
10.88132
5.7577023
9.6665014
9.4378312
8.8031485
8.2477974
10.645021
5.2445015
10.007254
7.7912286
13.094283
7.5124722
11.186989
7.7616482
8.3673813
10.114463
7.7434904
6.5465556
10.101775
6.4873717
12.445816
6.683122
7.7556514
10.926123
10.544696
8.1967083
7.4310627
8.4137352
8.5907807
6.9966092
10.059319
13.762593
8.9241127
13.622965
12.552078
13.411382
9.1730162
6.3217673
6.8417681
14.463554
11.394757
6.6322798
7.1568236
8.3804998
5.4928324
9.8905822
9.3492431
13.159174
8.0684727
9.718518
5.9687859
12.733001
9.7469167
5.863367
9.2590734
10.407074
9.7052927
6.4959534
5.6613371
10.420377
13.665995
9.7704634
6.4431679
6.7145242
7.6826026
9.9609164
15.061476
8.4041962
7.4567071
8.1283683
7.1600391
7.8783927
10.440725
5.7040992
9.625863
8.4256298
9.858669
15.781645
8.604712
6.3624428
8.1606203
6.4379875
9.4178468
6.9728013
7.7063218
9.8994294
8.1312043
12.259377
11.27302
4.2406575
6.9929926
7.5632326
8.4874981
12.127525
7.2087284
12.515599
11.584432
6.0974295
9.1087049
5.4450994
7.7328406
14.693804
10.010815
7.0596683
7.8855263
7.506288
8.0103173
8.3161842
6.2059025
6.8263423
6.666857
13.014318
12.365929
6.4886241
10.621395
7.8067767
5.9760632
12.691659
8.4563625
12.149472
9.7624518
8.4272869
10.642746
8.7866151
11.856369
11.699928
12.214688
7.9640561
9.8266941
6.9603401
15.647153
10.493332
9.1004696
5.6784591
9.6391653
7.6775382
12.004617
8.7913973
11.110551
6.5389404
8.1259712
7.2987898
10.945755
5.4997687
7.2243915
8.5304171
6.2211764
8.9814339
8.9671498
12.796481
7.7378521
8.1209231
11.545353
7.6986858
9.2757332
6.7241893
7.3797253
8.4058163
13.373853
8.6722465
6.9198717
11.254445
9.9389771
5.9760632
9.1438106
10.349859
4.1045761
8.4979668
7.7154228
7.8431371
5.7510763
14.93927
18.651991
7.2205567
9.4336365
10.588106
7.1646114
10.759033
8.2907431
6.2010501
5.9760632
8.9745241
15.322355
9.7242365
9.6138444
9.1186328
8.925858
7.4314331
7.3089544
6.8348109
6.3837472
11.651165
14.004821
15.643279
6.973783
6.4541197
15.301313
6.9457146
9.1446621
9.2787514
9.0725893
8.3668881
9.4541103
7.1863229
5.3561443
8.5201236
18.601425
8.8949362
5.4245316
9.6301767
7.296695
10.614499
8.0275402
7.0634019
7.9668735
7.924374
6.0583195
10.236411
8.7161014
6.8293906
12.582214
11.201292
6.8516464
9.7500937
7.651018
12.167623
9.1862393
8.1273048
7.9361364
11.859495
5.3103745
9.6763401
12.983373
7.6834073
10.175182
5.8139719
7.5647681
7.2813785
10.425479
7.8940597
5.5596035
9.9045336
10.291015
15.587511
7.306248
7.5506087
8.9742719
9.057121
8.8224303
12.830883
6.116137
9.5761621
8.3663191
10.287976
7.5012978
7.6047121
7.4922187
5.9760632
10.700933
6.0309665
9.423646
8.2337235
13.564001
7.4380872
8.4101321
9.0845149
8.1291947
7.6180218
19.945866
6.7131608
11.879462
7.0201142
9.6123426
8.7078995
14.204326
9.120575
9.5278284
11.463532
9.5068193
6.0556382
14.454282
10.561304
6.5204816
11.762547
6.7872185
8.2885077
18.544265
17.183922
6.2765179
9.0901468
10.079116
11.754159
16.776816
8.5539975
5.2515828
6.6944251
12.250792
9.2797859
12.359518
7.0815101
7.1444455
9.0740871
13.46997
18.047085
4.9308205
12.464657
7.7053896
6.7326579
10.09202
18.411567
11.263674
6.4134686
6.2528315
11.737529
8.4920924
6.9634967
12.786585
8.1386197
7.5383042
21.453537
11.066469
10.529251
7.0256643
10.075513
7.8556909
8.3606195
7.4553461
8.0688339
6.9181149
5.7033954
6.6791066
12.0369
9.1524714
11.861563
6.4119556
7.5033189
12.450918
10.944859
8.0699362
6.1924929
12.860861
8.5161019
11.574214
14.749068
10.358385
12.507219
9.8694164
20.65397
8.9315421
8.1927514
10.891858
12.885669
5.7510763
