9.4225359
7.4345442
14.210012
17.004644
11.456926
6.0056605
14.653523
11.846437
7.54054
6.8284551
8.5825855
4.1836747
8.5292885
6.1642218
11.900167
10.614306
8.2069685
7.862741
7.0944098
6.6757408
6.4804575
7.3563094
11.388415
12.539915
7.387061
6.6929087
14.550624
10.460156
10.447481
18.976277
13.895236
5.990566
5.5480106
4.4606222
6.9420679
9.2203511
14.725581
13.913161
6.8032599
9.115326
16.131209
5.8074694
9.9920085
5.9313848
7.2373818
9.3135734
12.854623
12.868409
8.1426991
9.4043266
8.6560935
15.363945
10.928701
9.1179508
14.861691
6.1448033
10.763086
15.082625
12.393998
8.8965714
12.696702
7.8816624
8.7929558
6.8164968
8.1838857
8.0493369
8.9375952
9.7261809
7.1565395
6.7081564
15.083079
6.3311111
10.346123
11.332531
8.8137085
6.1011761
7.7568204
9.058452
6.8049923
8.9931978
6.6524695
8.2812902
10.446303
9.2920483
9.967018
14.546498
9.5398757
11.021656
5.9760632
14.89922
13.14575
8.079877
16.056304
7.029248
5.0831267
8.6179351
11.182165
7.7912225
6.4896817
12.580004
5.8080024
9.0251772
7.4666123
11.433293
10.532966
12.697514
5.9760632
19.13847
15.906282
6.7895551
8.5967333
7.6135309
7.6195295
15.042152
7.9431885
13.159667
14.265899
16.581131
10.624684
6.5590805
14.839261
11.729517
6.6054232
6.9194655
10.026824
9.1661741
7.0193761
7.8271124
8.4095321
9.6562952
8.3256529
9.6273731
13.470058
16.546389
6.7916012
7.3615187
5.2073861
11.2853
6.8122681
9.8529839
14.447589
10.206458
9.5163665
10.87588
12.801969
5.6660734
9.8576141
10.144774
5.6974708
5.9908679
8.2587476
5.9375616
13.023259
9.6767123
6.3471804
10.977214
10.022514
9.8322086
6.1481672
7.6106999
13.896227
7.1531701
6.2691216
10.062758
10.364863
9.972918
12.374334
9.3987834
11.346848
6.8762501
8.064293
9.309825
6.8937999
10.327629
7.6799341
13.096006
7.7986866
9.5719755
9.2862491
11.784069
11.48087
11.204245
8.2204096
5.7213098
11.19777
11.102832
9.8533729
5.9633974
7.4341295
5.9899787
6.5510592
8.3884362
11.326494
12.964556
10.005681
10.373985
12.773076
6.7675336
16.196957
10.972332
12.997649
5.2846886
11.94382
6.0325576
9.693126
9.9442852
8.5760767
9.3780802
9.5948542
13.037051
4.8065976
8.3531214
9.2056337
7.3717494
9.1661613
10.538706
8.4049933
20.708582
13.196062
9.0587089
17.214024
11.805789
9.6562066
5.4564994
5.1103362
9.6482311
9.7553435
10.230358
10.138738
10.036703
10.252455
10.066628
5.5928669
7.4188782
6.7738953
10.453556
7.7016124
8.4770102
7.9177838
6.2572968
7.3303627
9.0860654
6.2746041
7.202521
15.755034
6.9500009
6.2920394
9.4131136
11.843041
9.1064375
6.8765704
10.171198
9.5968234
8.0759829
6.8893157
8.5109642
17.020039
6.5610588
8.550529
10.929155
7.029248
11.750652
14.777848
8.8709363
13.645667
11.94311
12.809042
15.203529
12.230424
11.885836
18.373056
21.888951
13.188304
5.7498002
7.497577
8.3222588
16.492899
10.563904
5.4767449
9.8148073
10.801973
16.930943
10.068171
6.475095
18.497969
6.5645262
8.8569399
13.138815
6.7958049
11.217918
16.851921
7.67708
11.008492
6.8119976
7.1326417
9.958676
11.748913
8.3150592
9.3381855
6.4943062
6.8467612
9.3859387
9.1701357
6.9563558
9.3447456
13.14788
10.683671
6.2726065
13.707549
6.3587105
9.0836953
6.5141316
11.80318
16.274494
5.4550952
6.3336383
14.284848
11.701738
6.5239689
13.417306
8.1524926
9.1834027
6.0468579
15.887709
6.4712483
9.6126014
5.9760632
6.6866628
3.9905061
7.8032215
5.8298573
8.9403853
15.009962
4.1034341
9.1747778
4.8235522
7.1133775
9.5589071
8.7093759
7.4327434
14.552915
10.865936
6.5669996
8.2830835
10.141855
7.1296472
7.0656622
8.5571227
18.602654
9.3529783
10.97369
9.3952798
8.1162796
7.6162671
6.6200545
10.43777
14.008678
8.9021693
10.674593
7.7145049
7.4993981
8.717393
7.5367355
8.8533893
10.712941
6.0501568
9.9551553
10.604964
8.5226409
7.2743036
6.6011421
6.0822425
7.1877271
12.026747
18.119735
10.410676
7.5954701
7.2900471
11.591226
10.182017
8.9327213
5.6745073
6.6504382
6.205479
20.029521
4.2279671
6.5207592
9.9944243
11.791959
6.3699731
6.2617599
10.369087
8.8444584
7.3951364
7.4432707
8.868551
12.364259
11.799581
8.2687737
6.8019526
8.0979989
7.2957263
6.3815759
10.782366
8.6777694
8.0547335
11.384352
5.1858326
13.157486
6.8534568
9.2967114
12.893443
8.2284519
8.3858025
12.789417
5.9435418
6.4931643
10.29415
8.0102128
6.3302337
11.329045
8.864225
5.0951586
6.9176015
8.6231154
10.932746
6.2051963
6.4911636
10.12251
6.0432626
10.945634
10.131896
8.9066269
11.167607
7.9476129
5.9198165
10.588612
13.528664
8.3944189
8.3755928
13.931492
12.42384
8.9062373
7.171409
15.160845
12.483332
15.080703
15.090047
5.9320816
9.10243
7.7700133
9.4141952
6.5946787
13.039506
6.1448033
11.047088
7.9484839
8.4006207
15.342122
10.105532
7.1107348
20.093808
16.81171
9.104302
16.281538
14.314251
8.2362861
11.649094
9.4947761
8.437376
11.138695
6.3673445
7.7375374
11.200068
5.9760632
7.7596605
11.145786
7.2559141
9.5194758
6.6235318
7.7227519
6.0177411
12.395626
8.8491521
9.0118872
8.4455871
7.2878668
13.594589
8.4678444
6.2241065
8.1789411
5.8358678
10.705436
6.3178587
8.1995895
7.7024352
8.8131495
12.091129
8.0752995
8.0227383
5.3100195
8.0840333
8.4585005
6.3867209
10.679563
8.6111089
9.2841826
5.9949507
10.312514
9.0657859
5.9411998
10.459112
6.8068754
12.617578
6.1342164
8.3308853
9.9368779
9.0297836
9.2044108
8.0477533
7.4069604
9.0732393
16.151089
7.7248327
10.423847
10.685833
11.300093
4.7928141
6.0323099
10.216884
8.3743333
6.6536355
11.022687
6.3135435
13.609694
9.5928453
11.545987
11.222759
7.8976262
10.812133
12.794769
13.166683
6.5409325
7.3008053
6.9796293
9.129655
6.141074
8.9561048
10.971699
10.773522
7.7378782
7.6362271
8.4663428
6.0323099
7.8209055
11.054285
11.109887
5.9590894
5.1108238
6.5249629
9.196617
9.0609804
11.883607
7.1821244
8.8520679
13.523162
7.7758261
14.47303
8.4424278
5.8292448
8.2135629
8.3635111
13.43954
6.5866965
5.2986529
12.018425
13.541428
19.830816
14.668435
6.1556385
6.3825204
9.0518294
17.392881
7.8546741
9.0510856
8.3358399
12.641542
14.140709
12.828732
10.802057
11.3149
11.688138
4.8145664
8.1178563
13.884772
9.0955742
7.8384378
5.9600555
9.3466398
6.5748732
5.6920757
11.708703
8.6785378
5.817448
10.386736
10.367819
8.8011212
5.6423235
10.682045
6.5933271
7.3303928
8.3040037
7.4872234
13.425123
5.4030091
5.5062128
9.014504
7.0506823
5.9760632
11.584809
13.407217
12.267618
12.915743
6.2838014
7.6973569
11.384325
7.6213505
13.112747
7.3773766
10.83724
6.2118643
7.097676
8.0962459
7.7127952
8.2485504
9.7623402
7.1060468
21.30557
6.7093678
6.7449016
8.1575627
8.1080259
8.803022
12.359712
5.9347014
7.8258321
15.680979
7.4503548
7.005998
6.5546443
7.9470642
6.1430179
6.853956
10.519672
10.061405
5.3988405
8.5631117
7.4710046
8.122045
8.2374123
5.489837
7.99266
17.055501
7.6973429
7.9639108
10.573504
5.5474306
11.01116
8.2970122
9.6946569
10.021256
6.7615978
7.4144216
11.783551
8.0315359
8.369752
10.327442
7.6514794
7.4367804
9.9753529
8.6320514
8.3585691
12.769028
5.6948296
7.1326885
2.5972134
10.313048
14.773834
7.2285556
12.929992
7.695718
7.5849161
7.5113553
7.2267296
10.163023
4.9323791
14.385735
6.666409
11.131489
10.477715
9.2607158
7.916697
7.7084476
12.913846
9.3598715
11.24692
8.5411665
9.9929931
17.491232
16.490759
8.2517009
7.4836936
10.286664
7.295394
8.9027144
13.718631
9.1111379
6.1687114
6.7690923
12.752347
9.0491026
5.4431271
8.1451734
10.518991
8.8681971
6.8040612
9.6387115
8.3069704
8.9027764
8.2398807
9.7549609
11.355386
8.0223425
12.468799
5.5604445
8.4238082
12.835438
11.861414
11.218696
10.615238
9.2635833
6.1448033
6.2794092
5.7510763
5.7868409
7.6680239
8.5401055
7.7156151
7.0751455
9.90688
7.6236544
6.6501029
6.5088029
8.680582
18.620321
9.2469297
7.477486
7.3571765
10.23597
8.1129694
8.9339617
12.19321
5.5871966
5.3892075
6.8698819
8.2444832
8.539832
6.7499082
8.7545884
11.397384
15.184742
12.869736
6.6786306
10.151615
9.3708769
11.394148
8.926636
9.4788231
5.9615835
6.2406536
12.456258
13.969901
7.092369
9.7074776
7.2441231
8.7739422
7.0661064
10.730504
7.0785458
5.5778496
9.4025432
7.600521
9.1612963
5.8387063
6.7488857
14.4216
8.1865639
12.48372
10.728747
2.8920873
10.065425
8.5894321
10.296311
5.4019077
7.7529709
11.653237
5.7696804
9.2027617
9.2631875
11.242378
10.966323
6.512715
9.3292641
6.4860498
6.078674
13.06571
7.5713585
10.923879
8.3603572
12.359077
14.840184
6.4822836
13.918885
10.868067
9.0936815
11.910526
8.5194107
12.340398
5.9198165
9.6083179
8.6330803
6.105594
11.317984
7.7728292
9.429083
5.864634
9.3203778
7.7628496
7.211445
7.3444539
8.4617854
9.3484358
10.725246
6.4102351
6.7283452
7.6012071
15.949876
16.471837
12.045547
5.5706085
10.299856
6.0377227
10.516845
6.4482818
11.750433
8.475671
17.052385
8.6684243
10.757477
6.8316484
7.3633847
7.4876541
9.1200707
7.5308884
9.0697049
5.1089631
6.023395
15.024799
14.850465
12.987453
7.6062594
11.421265
9.7390357
12.331083
7.6654149
12.698284
9.5245047
7.383921
7.7052074
6.903345
10.852771
5.8073231
10.216811
8.9360513
10.944666
8.3182548
11.420857
6.2572968
10.375375
5.9760632
8.2125748
19.46027
8.0756194
5.3495339
8.4622319
9.4228486
5.5823362
5.048719
10.038031
7.7575228
8.6011719
7.3193573
8.2280288
6.8139046
7.0447508
8.7046832
12.23314
12.891722
11.544865
6.7070746
6.8565403
6.6667032
12.65074
8.2511669
7.2000322
10.454729
6.2291328
11.662219
6.3115955
5.6241703
8.465873
14.176788
7.7424547
8.0918666
6.2486557
7.1271481
6.9228635
8.6923074
9.1281719
15.103921
14.913776
7.185327
10.46165
12.233003
9.8628319
9.3199652
7.0013899
11.559377
3.835595
5.5918344
10.730168
7.2131894
8.5261482
9.7455657
12.570719
9.3065915
7.3383644
13.605013
12.354729
11.256933
10.118226
13.060581
5.8282542
7.7897353
12.089292
5.4867911
9.2222123
9.5134817
9.3743811
11.517883
9.1845336
8.0593966
7.1162187
6.9188413
10.618916
10.026249
8.2460191
8.0495332
7.7891277
9.2130403
10.37806
24.762337
10.928574
11.551515
11.641962
11.776325
14.060666
5.7587524
6.5849953
5.9392874
10.514157
19.421563
6.9242546
7.3888281
8.7591177
13.928262
13.013617
9.434869
15.750561
10.342815
8.9063917
12.638761
8.5824949
8.8236666
9.9043316
6.1671973
7.0095861
7.4918104
6.9950358
7.6119955
13.260503
7.379149
11.698091
9.0644887
13.691857
14.801042
12.167432
6.1448033
6.5243064
8.6577836
8.2664526
7.5334469
9.6335794
6.9910567
8.9890477
7.3237942
7.5986143
6.5048516
5.1392472
14.492506
11.903546
7.4325393
10.631074
18.188682
9.4372539
8.1143683
16.128794
4.9961881
11.655853
8.6864597
12.334403
10.118399
8.7170901
6.5960747
6.7345158
5.4156094
12.36102
9.9599068
12.185486
9.9228308
10.867186
11.83283
10.558465
11.082026
6.6874197
16.023992
6.3862534
7.4829071
6.734123
10.138614
11.115326
7.4074791
6.4406698
6.6915678
9.5919824
6.3150718
9.3278137
11.382044
8.3533819
5.8983309
9.3427312
12.302136
9.4093054
8.6115872
17.251777
5.9198165
11.628737
15.788182
5.922932
7.3656843
10.032642
7.8959922
7.3362601
10.9112
7.3283363
6.430555
8.628127
7.590066
9.4460665
5.8878576
5.5823362
11.500999
7.8959567
12.132793
5.4628283
6.3697902
8.5430944
10.900093
6.8134217
11.917268
8.9436027
14.474368
12.760098
10.877711
11.606246
12.640347
8.5431233
7.6014257
8.5426218
8.6056971
14.138774
7.7220856
15.863482
8.6696194
10.591503
12.105105
6.8247252
13.364396
11.436575
7.8212854
8.4666254
14.145591
10.26096
7.108672
6.1616536
11.130509
10.882141
6.9884593
12.205507
10.698313
5.7759384
7.7538661
15.20849
12.304483
15.540013
5.9760632
6.4947468
7.4111578
6.0885566
9.8486924
6.9334085
7.9385775
9.1550938
6.1500902
8.1233457
7.3281553
10.075178
10.487726
16.116895
13.990272
7.4339078
17.166467
6.1921195
5.8380276
7.3155361
12.609917
13.471918
8.1767464
7.7970796
8.9255254
7.3861149
7.9231044
10.050268
6.4927273
5.4171121
5.537859
16.442308
6.1632426
5.3732271
12.113363
10.378646
7.642704
5.0549131
11.458772
7.1409405
7.0097686
6.0461702
7.6382463
5.5172891
6.9322574
10.848269
11.608913
13.442885
5.9760632
7.2309219
9.4301524
7.590153
9.7240816
5.9760632
12.582938
8.4244374
9.0873619
10.863641
6.3792567
7.184988
8.3408409
10.191396
5.5322395
8.1614213
6.2209258
10.039638
10.407157
6.675418
10.494447
15.41878
5.9760632
7.9355344
7.0809964
8.4326628
7.0611767
9.8964246
6.7561968
13.272924
10.078252
18.037445
6.5416946
10.769636
6.5249629
13.198864
8.9556609
9.5161635
17.811953
4.8934141
8.0928404
6.0323099
9.9018041
11.288288
9.6905413
8.7117382
7.9468946
16.429995
18.567356
5.8690691
8.0219343
10.072201
9.768693
5.3667379
14.266799
5.7744855
7.8154938
6.8560796
14.520646
10.952004
11.730194
14.558702
14.645496
9.3106771
6.8227404
11.674112
7.7631952
8.2273546
8.7595555
6.2877343
7.9978495
13.396226
7.5941091
6.9282682
13.290846
12.478457
8.7946906
9.4171534
11.065246
6.7131192
7.2832674
10.762841
16.649785
5.9760632
6.2234608
7.0006688
6.6481047
10.92167
7.0597248
6.3570345
6.0323099
8.5506483
9.6505315
7.2738619
14.734844
10.443969
10.908613
5.0157258
7.0513292
9.2879515
6.3944575
8.3069974
9.5844021
10.519873
8.8203338
7.9257109
6.3697902
8.2868169
7.6391553
12.999454
5.7877072
11.80102
11.648348
10.786528
5.8253603
8.8888899
9.3818159
6.9167552
14.335695
8.5677855
6.524449
6.2757689
11.924235
10.654947
5.9198165
6.0707256
9.2571327
6.1629004
7.2259454
6.6334611
8.5769717
19.725233
7.1898314
12.378247
6.5429281
10.07644
7.9580661
14.307546
7.2810205
9.505247
10.285298
10.685062
9.5866874
7.520796
12.326643
6.6328404
10.602923
9.132474
8.0723279
5.5840598
11.771823
7.2258599
6.77455
9.8783017
11.693364
6.7145179
5.5336437
7.2342923
7.0155789
7.7097568
5.838874
10.659131
8.6770392
12.777858
9.3389174
8.3200782
8.1287218
5.8635698
13.37043
9.2087468
5.9428569
25.961394
16.353945
6.9024373
7.2041799
10.990748
18.860229
11.453049
5.9723339
10.941864
10.28947
7.8048953
12.471685
6.2505246
8.9200042
7.1431945
5.4864325
11.213628
9.8324302
7.3356007
12.176543
9.2118435
9.1674846
13.827872
8.2646203
10.840413
6.4678993
12.937208
10.139849
8.6678818
9.8274366
9.6130837
6.6927493
6.3569521
10.613736
6.7298063
6.7039869
9.3967017
6.572628
8.708989
7.8044513
11.741466
13.108092
9.283933
12.660243
10.651356
4.9531783
8.828315
12.027691
16.655795
8.0182172
19.704816
10.477715
12.963671
6.0027529
7.5948377
11.478117
5.8381955
12.799015
6.9966153
6.5638813
6.1523359
11.422318
10.499356
4.9540401
11.678151
10.531212
7.7711189
14.063708
6.6158145
10.952757
5.0714351
6.4604778
8.7472436
6.6139623
6.1312025
6.5103664
14.400957
6.8409739
10.206259
9.9197815
9.1542729
12.27299
12.854745
6.0145388
6.4986431
14.233474
5.2973722
10.177291
5.6631867
7.2205809
17.690637
11.527078
9.3819127
5.9760632
7.5620612
8.166149
9.2774909
6.2414598
8.0144137
6.0943745
5.6792564
10.235218
7.2703616
9.8675225
5.3015316
17.442048
6.7257498
9.1464745
6.5970514
10.68106
5.7175838
8.8733665
7.0320499
5.9760632
11.178298
5.9760632
12.815192
6.0250964
9.0485069
5.9760632
15.745303
8.5115611
7.1897845
9.7287421
11.943116
10.440454
11.335414
12.33451
13.933007
9.7628871
8.6538588
9.5061747
7.3571319
7.802086
7.1183821
9.8186774
5.0697871
7.7795805
7.7540651
4.8991937
9.2854371
8.7579969
8.3009211
6.1448033
24.961721
11.747309
10.427106
7.0411542
6.9965065
5.9085129
9.1819033
7.1503314
6.0745413
10.042473
11.020472
10.9145
8.9693748
6.0014108
4.7519865
9.9978138
7.2894502
8.4642542
8.0888443
7.9901203
10.95816
8.7346806
5.4353534
6.9545575
9.015393
8.5598642
6.1448033
6.432954
6.6304585
11.580773
9.6748122
11.679214
5.9760632
6.5958352
7.4519819
9.8728954
9.6743229
6.9751451
8.3957493
15.738717
18.211198
7.4969175
11.9176
6.3474254
6.9801886
8.7518148
6.7004625
8.5433796
7.4679611
15.792617
9.6283637
10.755367
10.698857
15.617777
15.826834
6.8516523
7.8462404
6.5563196
10.3347
10.159166
7.5928789
8.8231523
14.198896
11.92858
16.346201
7.4938833
7.5722881
6.9296901
5.8635698
9.855266
8.8715669
11.842586
7.8996697
8.5188365
9.1690645
7.7889344
8.8012755
11.570668
6.8495976
6.0128191
6.633684
11.896427
8.1233274
9.3188024
6.0323099
7.5144625
8.6730272
9.5166488
6.5219091
5.9846813
14.913839
9.061423
5.5431636
7.6991966
8.5344771
17.993504
10.324255
10.228967
10.930542
4.991339
6.573265
9.0585299
9.7969828
11.652779
6.0534984
8.7747597
8.9992137
13.69791
5.913873
10.228444
5.9760632
8.5252921
6.5028551
7.8031326
10.2336
9.9107929
8.0283501
9.3269285
9.5784098
9.6679904
5.8160754
6.1628914
8.3174377
8.8561006
7.2055146
7.4484344
8.9093964
8.6081558
11.649046
9.4206335
6.524449
11.322919
6.8890635
7.0233538
10.012713
6.1448033
9.5007386
17.264425
11.622856
5.5112765
10.242281
5.572118
10.932209
8.756782
10.031222
4.5644662
10.831073
6.4763982
7.4275941
8.4796185
9.0977342
15.596277
7.3129975
12.01439
6.9983304
10.679986
7.9129773
10.688167
7.4428752
9.55142
6.0907371
7.5397806
8.3026366
2.6692014
9.9768684
11.068285
8.2290269
10.443213
10.06092
10.85139
6.3424084
6.7962548
18.044427
17.045276
9.914775
7.5374585
9.5900654
9.1516616
16.020334
11.946687
5.9760632
8.2087393
5.8819317
9.2139507
6.3169074
10.395512
5.6107394
11.916027
7.892042
10.746457
5.7545829
9.039533
8.9466036
6.4637721
8.4165022
6.7331254
6.9053908
6.4327201
6.783715
8.0973012
16.484422
9.0732393
9.9391304
8.3212327
12.261626
15.585302
6.6523418
6.5677234
6.7977335
9.7470301
9.3719652
11.754056
7.9163913
9.9850149
6.8836688
5.72461
9.3756852
15.398804
5.9385791
5.7513152
11.714422
4.6924587
5.9760632
7.9275057
8.255894
8.7415338
7.1657826
6.6931156
8.7428847
9.2965878
5.5420574
6.3866728
11.945489
7.6793915
6.9510095
6.3604496
7.153253
7.6638431
4.5627299
10.082809
8.1515408
5.9662331
6.5382501
6.9065542
5.8022616
7.3533395
11.174624
9.3874887
12.912325
10.171821
11.967016
11.553431
10.518916
7.3966628
13.274703
9.6427925
7.5727218
5.8206744
8.4603694
11.456553
12.003724
8.4916618
10.163315
9.1829718
9.1783365
9.9720975
15.72559
5.9198165
6.0072982
7.0152129
8.8950564
7.4441036
7.4504355
7.1431945
9.244642
9.7907276
9.2835119
10.136297
8.4796875
10.59163
7.1848523
7.9420745
6.011844
6.7353533
6.2187811
9.5128988
6.1448033
10.384131
10.206628
8.2363634
6.8821005
5.8690825
7.2189862
9.9557275
5.9760632
6.6722827
5.0710638
5.6537732
7.7174525
5.9760632
10.703659
8.0493071
5.9760632
5.6420113
6.575092
8.3658454
6.9386184
10.298685
9.188688
5.4509503
9.8272311
8.0589021
5.6759513
12.772207
5.9760632
13.475817
8.3668831
6.9953
9.4849974
7.9002012
11.57213
12.807429
13.92939
7.1943561
8.9064579
10.185869
8.9776888
6.0323099
7.4847237
9.4833711
6.871486
7.383387
12.375571
6.768727
11.235024
13.284525
13.006159
10.235972
8.1382553
14.222316
7.2834676
7.7540587
6.8099098
9.6061379
11.908255
14.928995
11.31736
8.5380885
8.0603178
6.6976275
11.029097
6.9273943
10.59337
6.7932907
11.911403
8.5532659
6.0108031
7.4864207
8.4555392
13.623835
9.3621274
14.358525
6.1448033
6.5962228
10.958204
15.327031
8.6619673
5.161732
10.377204
7.4848208
5.9210647
10.62964
5.4334099
10.675468
6.1448033
8.4661098
6.9814003
13.226212
9.8962528
9.1409983
6.8983142
7.286882
5.9760632
6.1803828
9.2197275
11.912771
7.7805515
10.811126
18.113575
8.1621969
5.9823969
20.526768
9.5584615
9.9418771
6.056488
6.7232441
6.6370139
6.7315806
6.3180616
7.4068287
9.0550202
8.1829961
7.2183177
12.696526
13.877008
14.613799
10.089704
13.09176
12.743485
7.9471186
5.4330361
7.3797253
12.214885
7.19554
8.0665947
8.6783189
11.67333
8.1623921
11.672081
7.6537585
8.9571456
8.3465331
8.341843
12.529472
6.0586133
8.4025075
6.0766408
15.536274
8.6622243
6.2942446
9.2857528
8.3314193
6.0935195
11.000461
12.620571
11.00252
15.357109
7.3223312
8.1040128
6.4410849
6.7299324
9.9998431
10.440664
9.3312296
7.5854032
8.6882671
12.942716
12.764769
15.706471
8.6625979
11.780455
8.5069663
7.319759
5.9752057
14.007283
9.7578019
7.0322945
5.1433961
13.061428
7.9530903
8.6862048
8.4609576
5.1391509
8.5246597
10.474396
8.0410336
11.619454
10.568123
10.260981
11.248157
6.1448033
10.488276
5.4092751
10.683791
5.2394282
10.593956
10.079669
7.1041722
7.4703822
6.174433
9.1592999
9.4315704
5.8301829
5.7882
13.552043
10.002925
6.4674043
13.190564
6.903395
7.7229535
6.1082202
7.1578493
5.8584371
7.6771385
5.1538286
9.8757875
11.217164
3.931992
8.7793164
8.3957691
5.95103
8.9964186
8.9832483
6.8299707
7.1319559
5.8454365
8.7900026
6.5879238
6.2472838
8.4193197
8.4206936
7.2826283
7.0290481
6.7868616
7.5020485
14.016413
9.4283944
10.603512
7.8691863
7.8155933
8.8561433
6.9596354
10.840846
9.0945185
6.6867102
10.013878
4.8316602
5.3456337
7.0705162
7.5753581
7.9687712
9.2185193
8.2280021
9.880332
5.6876657
5.9760632
11.77449
7.3390344
6.2177746
5.8105751
9.691446
7.1635056
7.5742274
8.0983494
9.0536763
6.6475596
6.4739307
6.5619047
7.160113
7.566917
7.3675578
6.6004284
8.4274156
12.222285
5.9760632
6.1797696
7.0311122
19.023164
9.3362221
7.5187084
13.064084
15.716988
9.2387341
11.495072
19.572807
8.2223403
8.3640022
10.154395
6.7864042
7.1819468
11.563376
6.2803805
8.6330852
7.1316959
11.416345
7.8243705
13.242261
12.455013
10.277564
5.6385829
6.394328
10.668568
5.9760632
7.9275643
9.0384147
8.0720146
7.6157891
5.9034111
5.7956888
14.199586
8.2548271
6.8612114
7.1270179
2.9392998
8.0211213
7.1657592
8.4641575
5.9430466
7.5083286
14.677956
9.6428932
10.299912
9.0022146
11.14168
9.3640615
7.0412772
8.1722519
13.607075
7.1177619
5.8539591
17.314228
5.9805304
5.1705077
7.9865933
14.755529
10.314212
11.327047
8.5554744
8.6943871
5.7207455
10.440972
8.0121248
8.5954741
8.6734662
11.527592
8.4739868
6.8606436
5.9916563
7.4959217
8.5328781
9.7322057
3.8994291
10.503634
6.5732188
10.026507
6.0087613
10.376704
7.4763726
12.238218
5.9760632
9.6816768
9.7232231
8.5402812
8.3094802
9.4619573
10.194702
10.890856
10.384718
5.9760632
6.7753565
5.8022211
14.630365
6.9405777
12.306628
7.8140064
6.5806957
9.3455492
7.7629463
7.2015901
9.8230805
12.417445
9.1352069
8.4905169
9.716476
7.5157457
6.4324209
8.4089246
14.449165
11.675525
5.1519693
6.8380083
11.714229
12.885505
9.7747889
11.293664
7.485132
11.931793
13.195833
9.8866272
9.5675496
8.6386669
18.008939
5.896416
9.9740123
6.8844925
5.5680831
11.482497
4.9807612
9.3061096
7.6735673
6.747144
8.9886745
5.5122614
12.557411
7.4819759
6.3137872
6.4891388
9.8437602
12.265857
11.389282
7.7931241
5.6253015
9.6173439
14.857234
7.3161995
11.392122
22.128451
8.20916
10.598878
8.9594385
7.4432267
7.3691809
5.9760632
8.1518165
12.173778
11.532777
7.1325813
9.3670909
12.720896
7.1725549
8.7721992
14.088853
6.5228271
9.6940043
7.2153934
6.060737
8.7590632
17.75164
6.0322661
12.605676
8.5195563
5.9477947
9.6636678
5.8953517
10.321489
13.081501
10.436434
7.5674216
11.313199
9.7653132
12.35172
10.158121
14.84889
5.9017676
8.8716179
5.9760632
11.246703
7.6805375
8.2475796
5.9090128
5.1988124
9.4308139
6.1520327
9.8669956
6.4687162
9.7508879
12.2977
8.086482
5.2535175
6.0408891
14.872635
6.527271
5.4009295
10.889245
6.5155331
7.7032973
6.3998545
8.2160643
11.794094
7.4125574
9.0475144
10.571949
6.4713659
8.9119574
4.5836003
8.1121184
5.9760632
8.4650903
7.1237101
6.7618687
13.594738
10.98763
7.0464527
7.4457528
6.8025322
10.019581
9.2024882
9.877818
5.9760632
5.8073231
10.901267
5.8424259
12.036854
11.186747
9.4722634
11.420776
11.107918
7.1321674
6.1371169
14.874573
6.0965793
5.9760632
8.312149
18.350837
12.888104
11.639658
8.2343334
5.6466878
7.9697279
12.465157
6.0770354
7.2613944
11.248927
7.3247601
10.244116
6.7653824
9.6470337
11.559188
6.1341891
6.8687807
10.203164
8.4137982
8.5110437
6.5368691
9.8614915
6.524449
9.3614185
21.824263
11.031699
9.0127517
13.298061
10.975613
10.340234
11.932897
9.6264661
8.1124337
9.9434308
9.5971863
8.5581984
7.6406272
6.7506718
5.9760632
6.6692189
6.4682023
6.2010501
10.888112
15.367328
5.5733249
5.9760632
8.0495628
6.7487778
6.8040612
10.54172
12.765859
6.5947771
5.9760632
15.791245
8.2332162
7.9598424
16.578056
6.5441105
10.129284
6.1696654
11.264306
10.115919
6.1448033
8.786743
7.8402802
6.9289395
7.8974433
14.182279
7.7645277
9.0206593
7.6419057
5.9315764
10.704065
11.50593
10.737549
11.663546
8.6354393
9.9341695
14.81131
6.2644062
12.660852
15.658953
10.101635
10.289063
6.8730647
10.798751
7.09385
8.3964164
8.9652958
13.178735
9.5304809
8.6673831
8.1916099
8.6437615
14.882586
6.4834202
7.6143186
8.6616464
6.2382408
6.8699674
11.373345
8.9907018
10.372353
9.183928
5.9198165
5.415587
13.420129
6.4875047
6.9220412
7.8442333
9.8787809
13.526572
10.829172
6.9832468
12.438104
5.066416
5.4344811
10.542357
7.6857467
7.4085516
13.654907
12.690179
9.5082301
7.7793381
8.0850007
15.989282
8.8739387
7.2328609
8.7867069
9.6826203
8.854797
7.3647336
16.777502
7.1048098
10.541573
8.5515191
11.464826
7.3388546
9.6720019
11.794225
9.036471
16.398605
8.0691108
9.0064063
6.3753281
6.8564765
9.4734321
10.492337
9.7733658
11.325093
9.0678094
11.056169
10.746366
10.182874
7.7934739
9.9851487
8.0974768
4.8312523
10.615449
12.832631
7.405359
9.9844933
9.8968571
5.5436718
9.027912
5.6221215
7.7763792
11.190527
9.0761031
10.493363
6.8018009
9.8035526
7.9764896
11.108939
7.7818503
6.685555
5.9978821
8.4835937
12.1934
4.8285669
12.835482
8.4026486
5.4205843
9.4358265
7.8983834
7.4586684
8.4321449
13.851716
10.639595
9.4861019
9.4116091
7.34664
8.5430674
8.1180317
13.088383
12.105617
20.414515
9.043336
7.7234741
10.452205
7.6270597
5.0582208
6.3637525
14.581742
7.5404534
7.9777313
11.640957
13.267729
9.3964852
5.8996189
14.122129
10.013972
7.2402409
13.270561
12.491451
4.5154694
9.1443737
6.1394642
10.099715
8.037152
11.333783
9.5875662
8.3044402
12.956202
14.919207
7.0440368
7.0803945
6.397873
6.7480181
10.048038
10.417703
14.952364
6.4340822
9.5657076
12.243383
6.5733745
10.38725
8.2692951
7.7249993
12.97861
9.9879983
6.5468375
10.058028
5.2516494
6.5806957
9.0298213
13.769029
10.852139
8.183357
15.075785
6.7540955
8.5418628
22.348818
12.63457
8.7061632
8.3189329
15.919776
8.3443793
10.393368
6.3157
8.748286
6.5067862
23.341808
8.1001364
9.6774461
9.1837094
5.942356
6.0608137
8.7885427
13.505737
5.9760632
5.9760632
8.5653134
7.7876892
6.9983528
8.6336937
8.2492712
10.999775
7.3488193
9.4858565
6.2242002
19.4659
16.544668
6.4910632
13.923967
8.7594314
10.751666
10.963122
10.783397
10.347527
8.000865
8.8076316
7.6399627
7.5944445
6.149825
10.611151
14.230914
10.336911
17.559116
6.0778429
5.4210694
5.3711607
8.2282361
6.9742734
11.447782
7.696429
9.8266419
8.7128154
7.7282284
12.241267
6.6913133
7.358355
8.5689231
11.63388
8.2483351
5.649533
8.2761921
14.26961
7.5720891
5.4223343
5.0200521
7.1954075
12.037129
9.4900434
8.6321006
9.6163675
6.5627031
7.6043537
10.650571
9.6661155
10.264169
6.7506718
8.0229764
8.3947667
9.251554
7.7159158
8.4420725
7.9449205
7.1767843
9.1273383
8.444142
9.6677177
12.356239
15.658695
8.1026158
8.813878
10.488337
14.242742
8.2087393
10.209056
4.9722792
10.534565
7.0122116
11.833811
11.683213
6.4371978
9.0812134
12.589905
14.192392
11.488437
13.767361
9.0768232
7.7461529
6.2913012
7.0707722
13.811354
11.916906
6.4053586
7.0117078
7.4033153
6.9776335
8.3362099
16.604407
5.5360564
7.0530974
10.004191
7.0841261
8.88975
12.157509
6.5831432
4.2876483
7.2967077
4.5562851
15.815574
8.4789776
6.7855375
7.1702611
8.0094312
15.20717
5.5032853
12.044127
6.4497661
12.466052
6.1786687
14.157644
13.338391
11.317922
9.5878338
12.564124
9.1217463
9.0926615
11.66365
7.1661497
8.9750866
6.1180728
9.5927385
5.0628694
4.5282615
6.0074118
8.4484533
8.0476012
10.303135
7.9571752
12.068194
9.124101
11.776245
6.580211
7.4483134
7.0728669
10.077686
5.8078341
6.6271148
15.182706
11.79616
10.43572
10.696023
9.6092829
5.0461368
5.9446785
8.2715038
7.681675
11.995974
10.508789
15.903546
7.3209396
14.698023
6.6228598
14.896214
13.907579
7.7785906
10.163181
7.0061023
9.4954361
8.8480247
8.4021172
6.2861622
7.4146425
11.218319
7.9852422
14.936766
11.002519
6.500567
9.774016
6.7839876
9.137142
9.2729289
7.5211171
6.306731
30.701147
6.1338652
15.656767
8.253823
7.2494348
8.5793729
8.7229159
6.3243578
9.2532114
9.7763245
6.1326904
5.3242477
11.901193
12.649664
8.7183775
6.7308742
6.9483312
14.791473
11.110096
8.5712324
13.224712
10.215797
11.601551
9.4916499
8.4633893
7.7944324
13.618578
8.2734436
20.78596
9.0332563
5.9294126
10.642178
9.2111215
7.8961958
6.8351983
12.542786
22.851792
12.154266
6.5933733
6.5625588
10.66315
17.64278
13.98852
7.8394947
18.688258
8.9422946
12.167228
8.8425279
14.522127
11.61825
15.978665
15.79325
11.132374
7.7753816
6.0562658
12.789302
8.0684877
8.2121476
6.1042778
11.197013
8.1288379
5.8499118
14.545107
8.4149471
11.182809
8.3949278
8.6646565
8.5604832
6.8309672
10.284597
11.734585
11.121015
8.1524926
6.9165546
6.6727397
11.694386
9.1762209
11.136619
8.3374164
14.754933
7.0447689
9.3871117
12.656943
9.7380336
11.838055
10.581472
12.604405
8.8901093
7.0018484
6.5806957
5.7656058
6.3784567
5.6467023
11.978514
9.5803206
7.0193017
9.6222247
11.776898
13.282363
12.157158
10.754793
5.8073231
6.9081974
10.2151
9.5956903
15.571644
7.6677794
8.0092796
7.1753556
9.8989229
7.2581639
7.9827962
19.044782
7.3185229
10.497824
6.216031
8.5551598
7.1100563
9.4916527
11.53219
13.067052
12.105147
9.1080895
7.3740554
11.385911
10.844579
9.2616116
13.559663
6.398492
7.0171942
7.2172762
9.1498421
8.6051687
5.9760632
11.135483
19.247439
9.0710736
10.437917
14.8746
7.0183579
6.2322658
9.5101716
8.1381583
8.5906716
14.896325
8.5087072
8.2375593
5.1927224
6.5732396
7.0183579
9.5257728
8.5499924
8.7760806
8.7966572
12.200371
7.7368124
10.025596
7.2644801
6.1106457
9.2200913
9.8341064
8.6748131
9.7779105
9.5130859
14.680258
8.1997782
8.5329048
7.0358736
11.744963
12.664215
14.430078
10.441415
12.27441
11.411732
8.459222
14.396277
26.0479
16.198066
11.979141
7.218903
6.4107671
6.1448033
8.2073603
5.4308654
6.0249252
9.991229
12.143304
15.058913
7.9596281
7.853265
5.9760632
9.3554464
10.860062
10.281033
14.574706
6.1975738
16.223411
12.515797
8.6570714
12.762154
9.0257266
10.676799
17.943568
8.6026932
10.783355
11.040614
6.6237754
8.4740397
6.7846704
9.219752
7.3374703
6.0331351
6.9685144
16.717912
15.168405
10.732257
9.0568007
12.764891
10.039414
16.245513
8.5337848
15.075508
13.93994
6.8040612
12.268078
7.7213865
7.0733487
9.4094344
7.0975404
5.8685127
9.2671789
8.2087393
8.0699727
6.4822836
15.924116
7.8342484
12.864282
11.631339
12.612113
4.4302045
7.5287836
10.028058
11.795029
6.7327195
8.8790426
9.1293885
6.8673451
8.7371639
8.828063
10.249589
11.532455
11.122693
5.9198165
9.5384991
9.6483776
6.6632845
6.943563
8.6818457
8.684095
9.3059928
10.266139
11.473852
9.3377191
11.871399
9.1763306
8.5898172
11.137123
8.3112783
7.8482009
14.023077
13.613767
13.949874
5.547727
7.1291136
8.785253
8.0843953
11.392431
8.0149564
9.7869342
8.7180528
10.946505
8.1004741
9.6905498
8.5663497
8.0928906
6.7356406
10.652403
7.1251156
11.40402
6.8804014
7.4910159
9.4182726
10.743906
8.4834988
7.7791267
5.9760632
11.149083
10.630368
9.9692632
14.63347
7.057364
6.5234914
6.3598599
7.8566373
4.5861937
10.933352
8.1220631
5.7380605
7.081089
6.8264552
12.99116
7.4226665
11.093821
8.7383848
8.1677533
9.5949215
10.407021
9.3058869
14.050791
9.6124014
4.939789
9.7245925
5.8067495
10.04248
7.0018408
7.6855749
9.964723
15.804228
10.99667
6.5103664
8.2945726
9.2265028
20.836826
8.0470846
9.4337959
7.3849673
14.49507
9.8018199
7.6374269
12.382323
9.7312556
13.00459
7.6030273
5.2549085
8.7337759
5.4251407
10.947425
6.4999297
11.760881
7.2415749
6.7847221
13.308972
6.9165546
7.0005078
7.7381453
14.812722
8.3749007
11.628667
9.9816794
6.7526736
19.156961
9.565941
5.4460609
22.661371
12.842832
11.146163
9.5870731
9.5040362
10.33754
10.010958
9.2059657
16.152082
10.606617
8.326496
12.326118
14.560162
9.0082533
6.6658249
6.9025128
9.4933572
16.797294
7.77588
18.395508
15.597986
6.6937444
13.074813
14.752879
8.0738682
6.5103664
6.7679598
6.6793939
10.205471
8.1229003
11.049357
10.752549
8.3694107
11.012587
6.3480043
7.9522759
7.931784
6.8431519
10.121319
8.6496804
8.0200554
18.031013
9.4186897
5.4107359
12.792735
6.1892395
7.4840797
13.332281
7.5293857
4.5643665
6.353415
12.840908
10.921905
8.8392507
8.5564691
12.100205
8.7260893
9.70454
7.7851174
5.8635698
10.000582
9.0534905
9.3896152
8.4201449
8.3668078
8.4255372
4.4373414
7.6812947
7.1493566
8.2103426
13.275503
9.3639969
8.1363759
10.728172
7.9790686
8.0652472
10.46646
6.9303411
9.061057
9.2205526
12.055838
7.1952022
6.0693634
11.121064
8.7624871
12.0717
6.0493438
8.8005592
10.455678
10.671645
8.4833454
11.63691
7.0574503
8.4196403
7.9381941
6.8040612
8.7823166
6.1897391
6.5444566
7.3321225
6.727337
10.576293
4.8479783
19.123892
10.387755
9.0518597
6.1448033
13.171681
5.6788682
10.077083
5.8674192
6.0870106
9.0554645
11.555552
9.8236555
9.0492029
7.1775405
11.422448
7.7818589
12.905621
9.2123789
6.8206072
6.325341
8.1856759
4.0935338
6.0575979
14.201241
12.400122
7.1438494
11.398036
11.749992
11.370107
8.502163
7.9030094
7.4473577
6.7706138
7.470417
6.5903358
8.0620774
12.990495
9.3788301
8.9026745
12.156286
5.6444009
7.9972849
21.401064
8.171155
11.242184
10.108255
10.905588
8.369298
7.0228856
6.8012163
8.4235049
6.7026027
11.084527
9.3123471
12.316908
5.8017207
10.881453
6.2048328
11.694144
16.229614
12.099411
15.978049
23.157375
9.4161943
10.744842
10.327931
11.102386
6.2714637
6.0323099
6.1552429
12.357822
6.4090435
6.9513697
6.2932692
4.5361021
9.9775681
10.107967
11.330606
7.4183966
11.675695
18.6002
7.0507205
5.7826224
12.132474
11.504439
13.236372
9.6703952
5.774236
11.508874
9.84672
9.7696974
9.1409383
6.3690606
7.9680682
7.0425019
5.7212478
6.1015179
6.0546428
7.2265163
13.173735
10.335731
9.8328204
12.088211
9.3576425
8.6371563
7.2168437
5.8563562
16.547012
6.7896113
6.2035886
6.6675172
6.8842954
11.124935
8.3417358
16.498248
8.0947541
9.2810261
3.6900912
7.3654586
6.9248785
6.17248
10.921354
6.7783028
7.5555372
11.369003
11.437322
6.7572773
8.7995704
12.559308
8.9042738
6.7596369
5.9760632
9.6151304
6.0323099
8.4226492
11.872827
13.498501
7.1602114
7.6008777
5.5096361
18.900642
5.283287
10.074441
12.587278
9.4855662
10.386115
7.1242143
5.8214575
7.6573454
11.400183
9.8437606
9.1824488
7.0080513
4.8854322
6.5154486
8.2225454
10.162197
9.0938434
7.4010469
11.381927
7.5704053
8.5286671
8.8867495
6.1784228
6.4928264
13.383263
7.0044208
14.155932
8.6562307
7.2179695
10.463768
9.8095518
8.4325523
5.0059806
11.928579
6.0323099
10.478946
7.0790763
8.7031693
9.1014577
8.3783228
6.8748456
8.2521254
6.9625522
8.2839647
7.5482144
9.672189
15.786031
6.9393025
8.6566025
5.7289565
8.1902649
9.0677312
7.9943786
7.5557849
9.5702839
16.147424
8.5202737
9.9275206
5.4356108
9.498451
8.9710848
10.988029
5.6674112
9.4270587
7.1690765
11.446012
12.495227
12.93094
11.334717
8.2269727
9.4612199
9.9672077
12.37385
8.9854645
7.605431
8.1758245
11.574449
8.3010686
11.558323
7.264812
8.2358358
6.3044156
5.9760632
7.6208918
7.7037423
7.5650809
5.9102058
16.586185
12.178063
7.3868985
7.4772244
7.5235861
9.2569026
9.1339367
12.977817
9.8911076
11.955807
13.910451
8.2131135
8.938703
5.3295553
7.1577967
8.1071209
8.9314923
10.195833
11.452406
10.555607
19.018199
7.0554285
9.333539
8.0058512
7.7483828
8.0113486
6.7181078
6.7887298
5.5847287
6.6332125
5.3537482
7.9314497
10.206522
9.8579702
15.732937
9.3163429
9.3855272
6.0142073
12.259065
13.745045
11.228855
6.0984064
16.454422
7.9478793
5.9760632
13.085737
14.14514
11.553981
9.9402114
8.7891707
9.3183651
13.798107
7.569293
10.686391
8.1908422
5.4179153
14.090477
7.8395681
6.746032
8.2408728
11.340798
10.026917
8.0163314
6.4533355
8.838039
9.186628
11.087771
12.617212
15.009006
6.82055
6.7711375
35.427056
6.0733896
8.0197549
7.1343392
9.7193481
8.3539358
13.369926
6.2690943
5.9760632
11.648975
10.429799
7.9233729
8.5049873
7.3792327
7.5581941
7.2189659
7.3712259
9.0416513
6.8117539
10.302418
15.231625
8.3673552
6.8300847
13.479071
7.6098441
9.3405697
6.7303637
11.176684
5.9760632
9.5194144
9.1470091
8.5821672
6.8148939
5.839471
6.2852696
8.0762263
9.6708501
9.6111056
9.8021135
14.25669
8.7458367
8.1195504
5.006756
13.928063
8.8167519
14.072991
9.4198598
8.6155857
11.05577
10.610424
6.7080971
7.6824205
9.3913536
15.751732
13.519897
6.3832451
7.1872966
14.493494
6.962976
10.844444
12.435967
7.8901483
12.795886
9.82489
10.779769
10.294403
12.963008
7.2450694
11.096099
9.0983706
8.3320995
8.470575
7.7857145
12.836546
6.4613871
6.3295964
8.1614616
8.0359061
11.00742
7.4208762
6.7500313
12.979908
10.711251
9.6917091
7.8130368
10.406262
11.655285
9.4187865
6.5150543
10.868727
10.288913
5.5383828
5.8417551
5.5110354
6.4635673
9.8731106
7.2409757
13.386519
8.1173634
10.670622
10.223935
12.032119
7.1120931
10.860842
7.3071818
9.8563622
6.2031168
10.569448
14.214798
6.9065865
7.9197503
17.051812
18.784055
9.5703952
8.6696334
8.7052157
10.151505
8.1322277
10.599018
8.5269451
7.4073868
8.1913445
6.7273554
9.0621707
11.970251
9.0723504
6.2994621
8.7016149
6.3539261
9.7233782
5.9551027
5.708665
8.6407783
5.1628692
9.9111467
10.416629
10.998847
6.7478145
11.558697
5.2894351
8.8742361
6.6551119
6.6015393
10.716269
14.001031
14.383257
9.238337
6.2421404
10.110136
4.7735218
14.190247
12.393859
9.7578497
9.1831502
4.3467593
5.2648305
7.3752333
9.4243247
13.969326
7.2054723
7.0371189
5.1290796
6.3786728
7.0684786
18.275887
6.1951436
7.3869916
15.002209
5.9760632
5.5929594
11.051084
8.0724408
5.0062814
10.564149
10.69639
12.180725
10.760969
12.928469
5.8145061
15.515308
8.7682545
7.4542859
5.9610284
6.6944251
8.0238557
10.543594
8.622959
7.3522232
10.71963
6.8916885
12.698972
10.330058
7.017102
11.859092
8.0469342
6.5996024
12.786585
14.480703
8.329272
8.8557246
5.9608935
10.344625
6.6643413
6.2586692
17.897593
9.6325023
9.780201
13.487004
7.366407
6.8707851
7.054145
13.828625
8.7615081
12.013937
6.6299188
9.8981668
9.5983818
6.2131553
9.104093
6.6793693
8.7885979
6.9579879
8.1397055
7.0750009
7.7881504
7.2234814
9.7824026
9.3387292
7.2458806
17.330468
9.7457055
6.5855538
5.8985087
12.835086
5.6253755
4.7595077
12.728855
7.4127267
9.4893234
9.8575687
9.2949318
6.8263688
10.675693
6.5428578
9.0225801
14.907598
9.4320358
8.7216817
11.58537
6.0737237
6.9517893
13.142662
12.577101
18.472545
5.689242
9.4807637
8.1289864
16.988587
12.190864
7.8475479
10.630001
9.2149207
8.3465163
8.507188
5.5233049
6.7789664
14.446525
14.672096
8.7261239
8.4148907
9.7918492
9.3769521
11.055248
7.0538122
17.359467
12.133304
11.618827
8.5806844
8.086916
4.0243377
10.418761
6.1553258
12.538556
10.52297
10.224047
11.089163
7.486591
7.8607636
11.276037
7.0507742
8.371201
15.319504
6.9008151
7.2024946
13.902277
17.899916
6.5502608
15.400934
8.3390375
8.6984881
11.263836
8.2972961
7.0032616
6.3612664
7.4608711
9.9332098
8.2380906
8.5405587
7.6525792
11.427222
7.4912145
8.0185801
10.005307
7.7373192
7.2437434
6.2757689
20.986779
7.7600542
10.021221
8.0179733
11.16256
13.032734
6.3993806
7.8242005
7.0622138
8.1854073
10.497662
15.632413
7.4983951
11.939081
6.0756158
7.0423648
8.5537849
6.4378344
10.425783
10.367855
6.5875382
5.3207094
9.8045832
6.6719297
7.082011
14.819233
7.7447561
6.8792764
23.129181
6.9033172
11.851021
12.206619
7.1526051
12.991762
8.4757278
8.8437125
6.0072336
7.6282937
7.4639567
6.8505357
12.6612
6.9764451
14.44303
9.9586307
13.801298
9.8926416
8.7486097
20.087261
7.9209023
10.642199
10.191117
10.141555
15.564056
9.0348624
10.171857
6.7614839
7.4410735
5.5322638
6.1027717
7.1590982
11.39729
15.795056
9.2756117
8.5280342
6.1341229
17.478487
13.194557
6.5143257
6.8967111
10.349208
5.4159377
7.6617849
13.745394
7.1261217
10.0912
8.3545726
10.776028
12.479722
8.1781347
8.9160132
7.6419011
13.246657
9.9012348
5.9021842
11.137435
11.63792
16.467231
12.872754
16.22983
6.1914394
8.5599754
4.9728841
7.6750064
8.5546399
8.1196111
5.6240187
9.3380461
7.3918474
8.6627381
9.3575401
6.8236082
8.8703353
11.212798
6.6661947
9.0801703
15.623804
12.725951
14.462431
9.6849642
9.9264213
11.656416
8.4170755
8.254981
5.8073231
7.9452888
9.0281719
4.2436437
12.959546
6.1002195
8.977399
8.055035
9.5027051
6.5992441
6.9071656
9.0357623
8.6848227
10.748817
12.593504
14.031515
13.002756
15.008715
11.984567
13.497564
9.4075188
12.648491
11.205725
9.635845
15.747728
8.807127
8.2953944
5.1901837
7.780904
13.696135
9.1597379
13.112075
11.23594
7.4685369
5.9456317
15.672427
8.4178438
10.358003
17.198153
6.6684087
5.7070141
10.946462
9.7863342
11.379544
5.6235827
15.249684
13.389127
8.5234527
6.6125263
6.3210311
12.900696
10.225892
10.434545
13.718733
11.084835
5.7002287
9.2176514
10.536181
8.3999207
15.11955
8.8283524
6.290693
8.1787087
9.4063015
7.0290481
6.2487396
9.5189201
10.763907
11.946479
9.2789251
10.00036
12.408485
7.8477906
12.991893
8.3233842
13.985489
9.0025753
5.7168679
7.7949382
6.5654154
5.2406628
12.455023
9.0188099
8.6359845
7.6201078
8.896105
7.9765213
5.8221271
7.8740853
7.7896667
8.1579659
8.2101148
6.1138905
5.8595344
9.92124
20.20832
8.1504637
7.6851642
7.8233842
9.6906525
5.9198165
9.6926295
9.0631334
10.725563
18.03003
7.1766453
8.736435
8.8827851
9.8964506
6.663765
12.08935
11.653698
7.2166919
10.284583
10.641447
9.5995521
7.3797253
8.0287772
12.358632
9.9393558
6.5353462
9.2237387
9.4116966
11.14587
5.7862671
7.3127892
9.7062902
9.8939466
7.549462
11.789573
11.257298
6.5443906
14.63573
14.149096
9.8542554
7.9245184
7.0470255
6.7909555
15.631352
8.5730985
9.8132803
12.105214
4.7883759
7.8988269
7.3381088
10.271182
11.542978
8.6754025
6.199721
6.6626114
5.3401328
11.211514
10.792489
7.2030544
9.3148191
9.6924044
15.959913
10.744275
8.7961953
11.90029
10.157835
8.5016357
11.32925
9.7604055
14.447264
11.581748
7.3685845
8.4001471
13.151394
8.1981159
8.6683347
5.8861461
7.3275318
13.180878
15.196624
11.95489
7.3724476
5.9664525
9.504401
10.471149
6.2010501
6.4260369
12.076317
9.2474653
10.183615
13.827519
4.5706812
6.2610485
7.6535067
5.4695314
5.6592077
8.253621
12.216627
13.844428
10.123289
9.8581628
8.1261829
7.9781729
5.7510763
10.626535
13.329666
16.903166
9.4642879
15.93029
10.307924
8.7623907
8.8729585
7.7115819
8.4384413
5.5120345
6.9076987
11.929387
8.5548237
6.2909206
8.0895351
18.967863
11.946079
6.779605
7.3181834
9.6120506
5.9760632
13.548715
18.85247
7.5948543
12.522671
7.3284596
7.5529822
7.9342856
5.9422104
5.9760632
7.6377225
8.7981074
11.883211
4.5165777
3.1280866
6.4952449
7.160908
14.826966
6.788868
9.8951461
9.8901572
8.751825
10.269996
12.48352
8.8684418
6.3740813
8.6668904
7.8036063
16.069456
6.9040946
9.9614342
13.074175
9.3716678
8.7477809
11.12725
12.003048
10.610007
6.2356452
14.777512
9.0563814
10.548932
4.6190373
8.2895822
7.7293534
8.9063205
18.685558
6.5757954
6.6967707
9.2813387
5.9198165
7.9627388
6.8875538
8.9284266
9.1072009
6.5699653
10.878558
8.9333639
6.8347155
5.3600273
7.4398765
5.9198165
5.3537624
12.428718
15.111389
17.756836
12.371011
10.396592
6.5867302
8.2153331
7.7058698
9.8776326
9.4861932
10.527133
10.617422
6.3001976
8.1315817
9.6857357
7.8745583
6.8744846
6.2140113
6.4435829
13.420896
8.3576379
7.9195152
9.0210644
8.5362238
8.0460071
8.2448499
12.756385
8.1199688
10.201662
11.837248
9.4520502
8.7327558
10.484565
4.8351107
5.6581709
5.9760632
7.7705258
10.593786
9.5412903
9.542571
6.9126475
8.3587673
12.202225
6.3419489
5.8635698
10.135335
13.364532
9.3546114
12.578879
13.85175
6.6714074
15.856509
10.210721
20.20231
9.1912314
10.725558
13.401113
6.9001492
9.3475864
7.1104092
12.46694
4.3325933
8.5290473
11.805068
12.708063
8.9017742
7.3127723
7.4759614
13.022732
11.546934
10.932045
12.735047
9.1623143
15.016697
6.1050781
18.252735
12.370877
11.14466
7.5514444
5.3318711
5.807178
8.8901721
6.8779855
10.069123
12.85877
6.8657386
5.2239503
13.753665
10.264202
6.1846727
5.8813091
8.4260647
13.285924
9.1475592
15.676367
13.441884
7.1021359
8.7470776
8.7887839
13.811565
7.6595109
9.3485108
7.6073685
14.816576
7.6443288
10.822575
8.3286675
7.8949237
11.524344
15.623166
8.9426762
9.2408384
8.2901336
9.5233675
6.3283117
8.4110897
11.878114
7.3637947
8.3998223
9.2494701
12.533814
12.836701
11.532665
7.9382081
12.091016
9.9290037
5.2026587
17.377073
10.27079
8.596576
8.2186596
7.9310274
10.99969
7.6366473
11.121751
11.524629
12.605862
9.5186602
9.8066543
6.4541197
9.9983807
8.8666223
6.1695862
9.122426
8.9606222
7.4105853
18.965492
6.7813812
11.348247
7.7564826
10.985127
11.625741
14.601317
11.532779
5.9644253
8.1736135
13.424059
9.9226378
13.006067
7.1205512
10.023985
7.5352704
15.460195
8.322418
8.5726698
7.9844645
9.35889
7.550924
8.8511255
9.3838339
8.1045165
7.2086881
8.0483833
11.284956
17.120986
13.803196
5.4549249
10.859259
23.97207
6.6524054
7.967288
6.567052
8.3223233
7.6431365
8.7171286
7.7709501
16.31371
10.501464
8.6736719
10.162496
6.6415547
5.6320818
9.4881305
5.9198165
13.175764
8.7438527
7.0544419
12.440243
11.904688
10.748727
10.292834
11.312438
5.1953651
14.820303
8.3758959
8.7086559
7.500103
9.9358898
9.9844595
12.599495
12.401952
6.0779697
16.615833
10.850141
12.890416
7.5048978
8.9412541
10.551751
5.2470988
8.6358681
7.6390566
5.8657794
9.3395321
7.0128983
7.9082684
12.360965
8.8389599
8.8132231
5.3412074
13.104766
7.8222363
6.6050174
8.0066557
8.0025976
10.782466
8.9073325
11.655698
8.9498539
7.1710145
13.934735
6.2099039
12.235436
12.560623
13.559294
12.333934
5.9760632
9.5208139
6.4333915
9.7365772
6.9190394
8.5662761
8.8514904
5.7510763
8.6126374
9.1064856
8.6955697
6.110785
8.3848891
7.4115868
6.4645125
7.2576046
8.7390456
10.262833
11.901473
5.2252086
7.8538816
15.319168
4.3947669
10.779396
7.0165881
8.8891742
11.833182
7.257102
7.6883221
10.747182
7.6829834
16.79686
9.5232479
10.783872
9.9199954
7.5152235
13.329217
13.417769
10.823237
5.9760632
17.665104
6.9131344
7.5922808
9.377399
9.3662519
8.7707438
17.929862
5.9494816
9.818612
10.352135
8.8419749
6.5902402
6.9864146
9.3637837
10.188522
8.8998184
15.595972
8.6614931
9.5658132
6.4206304
8.5860254
12.260462
7.2270395
12.952899
18.04216
10.318012
13.299739
11.013028
6.7695016
5.5919046
14.416582
16.096292
9.4251013
12.746418
11.061594
11.13866
13.766023
8.8363295
8.017057
6.4665809
8.3034719
9.0898959
4.8775805
6.296962
11.465699
6.3265048
7.266337
9.5329742
12.838043
8.7042071
8.4088984
4.9130533
12.688552
7.2729386
8.4273099
10.087687
7.7617087
7.2354035
14.536811
14.655503
14.337372
6.5149091
4.9824539
13.722322
9.636937
6.0878266
9.13184
12.076493
13.967203
13.187547
11.491903
6.1520029
12.964425
6.8546115
14.556336
9.8987542
9.0207135
20.679924
9.0738101
9.5538814
5.6385946
6.7478145
7.1633806
9.209062
12.669339
11.402926
16.259149
11.61181
10.302436
9.5528518
6.845774
7.0577165
12.611582
17.20518
7.6290621
6.7230224
12.429756
7.5973655
6.2796711
8.9999831
12.294415
11.718072
11.712568
5.7289565
11.944159
11.621318
10.995089
7.0521108
14.159443
9.4239969
6.2188393
9.5757677
9.9085531
8.1730764
6.9066292
11.638565
5.5824517
9.3068202
7.7382821
7.8045721
12.912045
4.9996046
5.820879
13.776384
9.7738348
9.9402669
11.920863
6.0956253
8.9368236
6.5036195
8.1199187
5.1908412
7.9194461
5.0933357
7.6164783
12.451517
8.5967362
7.2541446
8.1257492
5.1051638
13.181454
10.019817
9.0854772
8.4453316
7.8266336
8.7106668
14.597669
7.9859929
7.367953
10.908629
8.2324894
7.037361
10.621413
6.8557209
8.2458847
7.3030687
7.0484925
7.5792971
7.9281111
7.2428109
10.608746
14.050094
12.932468
9.9874433
7.5922918
6.33993
12.236189
7.2255417
20.132573
6.5307142
7.2011377
13.411746
7.8879606
7.084582
8.3374768
10.950555
15.320274
10.792005
6.1616508
7.090323
5.8494215
9.340963
9.4505196
12.117157
9.0772028
10.633872
10.768855
8.552621
16.057192
11.600629
10.002639
15.259924
5.4794388
12.181836
6.4859034
9.8599247
8.1490006
6.2957724
10.013425
8.7131149
13.852802
6.0323099
14.248407
6.4695687
10.296171
10.12553
11.659264
7.3933734
7.1866863
17.582289
7.6992118
8.4209248
7.4284551
15.341506
9.3778186
10.623097
8.1031371
8.4135131
8.633941
10.599209
9.0701828
7.3507316
8.390257
8.7457004
6.5615562
8.4064521
9.1670642
7.1407874
7.6249728
14.058235
9.4981039
8.7127048
4.8633238
8.8914315
6.207283
7.7751007
6.2525236
7.2143648
7.1251723
6.2910914
9.2063709
6.7391957
8.7833701
7.0444732
10.946213
7.259179
6.7478145
9.6192879
8.8134908
8.176879
15.561444
7.1891915
7.5195482
6.3145409
11.225473
7.1643975
6.2879295
6.8727677
9.1558361
7.9402919
14.166268
8.5215483
15.64572
8.576925
5.8537578
9.0944315
9.2831461
8.9210011
10.162835
9.9309024
10.436868
15.49095
6.4550367
4.525055
14.58702
11.14074
8.6621671
8.7136205
7.3447147
7.8622079
12.785639
11.415086
6.8539011
9.1451458
8.6797433
5.950622
6.4313214
5.0909609
6.2071442
8.0701911
10.684848
12.60758
8.9621437
7.9829363
12.381813
5.9316002
13.09553
7.8023684
6.6269991
10.391149
7.5902113
8.5293053
7.3976313
6.7506718
8.8308639
5.4073168
11.685406
7.0870593
7.8607969
8.4047383
13.546676
10.314014
6.1924196
15.862741
6.6888834
5.3824247
17.30893
9.1610661
10.057829
12.047037
6.6623228
5.7161521
11.239211
13.164058
8.3213115
7.2239341
9.4661134
22.368859
6.8634794
8.4065575
8.5938986
6.4082502
6.3491362
6.4471061
8.4801777
6.4131342
6.5216775
6.7966137
8.7820818
6.906216
8.9201215
9.1016289
7.0438054
14.070199
10.464562
5.4305
6.2470786
8.7060985
13.266236
12.139903
7.0883117
5.7630391
9.0740936
11.026417
10.65457
10.157896
12.024116
9.2453645
7.7887551
6.8099883
13.466899
10.250847
11.460332
10.364668
25.036871
6.262331
6.976142
9.4742693
4.9790574
6.9957133
11.745984
6.2796907
5.9596149
11.533759
7.27178
6.5398837
11.942184
12.823422
7.7559835
19.067687
7.5871893
6.3617945
8.799413
15.154363
5.6671305
14.225158
5.9198165
7.8050542
12.530369
8.2924956
5.5683715
12.182366
8.6259195
8.3159078
6.060071
5.9198165
14.62056
9.7797323
8.1023016
8.9839124
9.0540149
8.7379726
9.8236145
6.492503
7.9446043
10.332058
8.4055003
14.547385
5.2778819
6.897834
7.435972
8.0980138
11.918669
6.6511182
7.625771
7.9112244
9.1469793
10.137345
5.9760632
10.306125
6.1511827
11.36614
10.965055
7.3305503
6.5155777
7.7312219
14.700549
8.1821065
9.4980957
9.8554346
4.688665
22.645838
8.7256681
10.064575
6.5726678
16.377342
10.157216
10.559664
5.7175695
5.9760632
10.003082
14.865328
11.082646
7.3236463
7.9184248
5.7125481
9.8177193
8.4131787
13.436316
8.9789552
9.5898843
11.25754
7.2812919
5.8073231
8.9654319
6.5153936
7.413171
8.375341
8.0634663
5.9760632
7.0081909
8.471716
9.8906181
5.6387768
31.660985
17.611671
10.85506
6.7607684
6.6607238
12.669273
10.765842
8.3421646
9.0244345
6.021723
7.3676989
7.5504442
10.898089
8.6602201
8.7015349
12.428121
8.7306977
7.9001697
8.4845246
14.082012
10.181103
7.0740707
8.4227443
6.0703079
10.261451
13.636286
7.0015522
7.7889819
12.825471
12.014367
6.5644081
5.0570883
11.304929
8.9915651
12.254519
13.298879
17.528581
12.809301
7.6771828
10.867418
8.7883239
6.5451698
11.248376
12.930842
13.000783
8.8864747
8.5869782
7.052349
6.6441404
8.7844677
6.9368549
10.825079
11.592074
6.1448033
8.4372746
6.4186643
12.169361
11.163417
4.9589695
9.5870477
5.5886773
15.257749
9.17899
13.835429
5.7906341
6.5142705
10.804138
5.3408724
9.4155545
17.313716
7.1369159
9.0559178
14.71537
7.0015397
9.5897161
11.070215
6.0603927
7.9457729
6.9040793
7.6253734
15.740449
9.3024501
8.5372292
11.598671
7.6372967
