7.9343993
8.4126566
7.4702765
20.005297
9.4133305
9.1449278
8.0357706
7.8687455
8.6830075
7.8945651
7.6596043
10.013987
7.7513486
8.0213019
7.3809147
9.2552799
7.6152476
8.6349704
7.4161996
10.059564
7.9215283
9.8415914
8.7852076
9.6079325
9.135792
8.8045618
17.139723
8.2028372
7.4535048
9.1353726
12.013852
8.6338629
7.4690233
8.242037
7.4584797
7.3484739
8.2414927
8.4434391
7.4862272
8.0911654
9.1751722
9.4999849
7.3389347
7.7296756
7.9470829
10.013651
9.1024807
7.3785538
9.1781713
10.749517
7.4863932
9.6542668
7.9201009
7.5726235
7.4205257
7.3257956
9.2226291
9.482004
7.6021822
7.8962261
8.0578428
7.8846096
7.5578225
7.5173475
7.8228641
7.6288657
7.7030495
9.9996643
7.3662711
8.6092437
7.7037917
7.5294542
7.8333305
9.7882475
7.5987605
7.4377368
7.778906
7.5514043
8.5035165
7.5712997
7.7830416
10.449734
7.3859674
9.0760291
7.7575845
9.7822119
7.4557286
7.5492111
7.9390169
7.4677067
7.5839431
9.4487121
7.3657695
9.1621991
8.1279796
8.5557961
8.0389944
8.856997
8.0572323
7.8326396
12.08452
7.5428969
8.9677801
8.2290299
7.3642374
7.7823991
7.5994406
7.7925416
8.4633245
7.452769
8.9069685
7.3741998
7.9844924
7.7044226
8.067236
8.5598959
7.838295
8.9151828
7.5261055
7.4223749
7.5967599
11.824941
8.1418551
7.5551639
7.6305155
12.372404
9.0638212
7.3636883
8.3113906
7.5255486
12.967389
10.454973
19.6279
8.1782797
9.2512827
7.8679115
7.3657255
7.3628523
7.7144586
8.4168409
8.7756469
10.826818
9.9082026
7.3585726
9.4911861
10.027378
7.3877492
7.5665962
7.7489842
7.3636888
7.3314043
7.4826157
7.4148382
7.6162927
7.4226353
7.4253666
7.6834862
7.6252964
7.3412944
8.5926657
7.3484739
9.2263231
9.2707967
7.6479087
8.3817441
8.1498629
9.8378262
7.7406134
7.8455194
7.6468155
7.4296362
8.8075372
8.4599402
7.5678806
7.5973046
7.8491486
7.884975
10.794246
9.135763
7.5262321
7.5010544
8.8374111
8.4651366
7.7869785
7.4781621
7.5106169
8.9642449
7.6561527
8.5373299
11.453631
7.3489755
7.3362995
7.364237
7.3715848
7.349835
8.0002698
7.7964369
8.733054
8.6458687
7.3484739
12.541915
7.3709285
7.380163
18.454184
7.7143533
7.5729667
7.3566916
7.9820996
7.3412944
7.5592382
7.380377
12.210919
10.038308
13.113455
8.3702761
8.3878405
13.328384
9.756801
8.4281078
12.233605
8.2236865
7.8477856
7.8877039
8.2000681
9.7755057
7.4380418
8.3914286
18.817602
9.3106344
7.9245452
7.367057
7.5804983
11.215516
7.3918163
8.1575142
10.855022
7.4841689
7.3729455
7.6015928
9.192703
7.9595211
9.1563514
7.771218
12.572866
7.3762216
7.5199794
12.036142
7.7330624
8.781661
8.6867768
8.9391101
7.3642837
7.562461
8.5916752
8.751408
8.1132844
8.745988
7.6771046
7.9161325
9.4835746
8.4022362
8.1465396
7.7513936
19.034587
8.2124638
8.6118777
7.7158005
7.7000126
8.028129
7.4970657
8.7053449
8.0999347
9.8322102
7.6047176
8.0412633
7.6308938
7.4103489
7.774586
15.087007
13.674144
21.586247
7.7690214
30.970039
8.2411724
10.419464
7.5925423
7.4325088
7.9152519
17.771185
7.3635159
7.9387227
11.290058
10.679997
8.7807503
8.1464855
7.3050392
7.3496156
8.0510445
7.5254719
7.3899529
7.4458175
9.2188723
8.2652094
9.2806345
7.9085241
8.8452439
13.526904
13.919342
8.3854472
8.3623204
7.5460497
7.4971318
8.2427422
7.3922819
8.288497
9.9810799
10.734975
7.6909383
7.4719746
13.35107
8.5955089
8.4995629
12.377763
7.5347151
8.1811907
8.6262753
9.9365669
13.068064
11.674274
12.946575
8.0458198
7.4299932
8.4845627
8.930835
7.7920475
9.2550536
10.667655
9.7674177
7.5425735
7.5348311
7.7259677
7.5868451
7.6705584
8.8643117
8.5954978
7.3684346
7.3757679
7.4623512
7.9526092
9.608757
7.9437065
7.4366775
7.819682
11.717781
8.175136
7.7701765
7.7383184
7.9157755
7.9732543
7.3766753
9.8009917
9.1655869
7.3762216
7.3775827
11.087754
7.6769097
8.4402253
7.7010803
7.4790352
7.3570571
7.5525757
7.3640133
8.566173
8.2123956
8.8789144
9.2547882
8.0494239
7.3937325
7.4725371
8.2928804
7.6990737
7.99684
7.4734945
11.467638
8.4122956
7.7499888
9.1905045
7.3723966
8.2421199
8.1003372
8.0580611
7.4625691
7.4625691
7.6121936
7.3640583
7.5073273
7.3656097
7.4335284
7.3467691
7.459754
7.463825
7.4111618
9.8292561
7.3915755
8.2425901
9.5628698
8.2163354
7.8165965
8.8342571
8.5365312
10.820288
7.5587845
7.3639415
9.109127
8.4969014
7.4599182
7.8385011
7.7037817
8.0718257
8.0050038
8.4621686
7.6208522
7.6545947
8.7107892
7.3767926
8.4194377
9.1965794
7.7077499
7.3411863
7.8547718
8.9049468
8.0499618
7.9913164
8.064945
7.3646557
9.6928943
8.4111231
11.476987
7.5105303
7.9008603
9.9648432
8.3161778
7.4200563
7.981333
7.3799144
15.873456
7.4708519
8.2803921
9.3373597
7.501634
9.8242395
14.201009
7.8662753
8.4799626
7.6996925
7.6873645
7.5738233
7.5000179
8.4278032
7.3480202
9.8404655
8.3988686
8.2480206
7.43882
7.6604739
8.7758255
8.7760931
7.4768172
7.5610517
8.0088495
10.07281
7.5694202
7.4368865
9.6716905
10.188045
7.7948063
7.6539791
7.9778393
7.4558684
9.8124604
10.465014
8.7850661
13.88504
11.886964
7.6220762
10.072954
8.5606997
7.9030678
8.4889454
7.7175746
9.3089854
8.5077519
7.472516
7.3484739
8.6258541
7.8938019
7.7555339
7.495361
7.4736333
7.3678884
8.0521652
8.4264936
7.8942259
7.3452739
7.6110961
9.2323355
7.3709552
8.0750603
8.1028496
8.5159085
7.7734847
9.567396
8.4621578
8.4928282
7.5991672
4062.3609
7.4446367
7.8288276
8.0945253
7.6950856
7.792866
9.8903822
7.7197404
21.602067
7.3489276
7.3780987
8.0464639
16.07637
21.651441
8.6786723
10.889703
7.6555757
7.4053181
8.6034098
8.9328793
7.3298817
7.5032829
7.9098141
7.5325477
7.7734423
7.5392304
7.6031988
7.525735
7.7702819
7.5632045
7.653633
7.3513039
24.632962
8.5308898
8.4133678
9.9456569
7.7475714
8.2505438
7.6858187
7.7306981
7.4008501
7.8322398
8.2988903
8.4780756
8.1425624
8.5453834
7.6399527
8.3336009
7.355059
7.5473868
8.2988903
9.6758598
7.363306
7.700907
7.5824032
9.2397786
7.3824748
7.3729384
7.6160328
7.7761048
8.0767105
7.7295342
9.7038135
8.4782163
7.5445937
7.6115018
7.6479394
8.231965
7.4312453
7.2614217
8.4459541
8.0674319
8.4855551
7.7639069
7.3657834
7.4177741
7.3448221
7.3456076
8.5637251
9.6227322
8.0126995
7.3669486
9.1986477
7.3479242
7.3913928
8.1831434
12.086949
8.3240528
9.7395976
7.5265483
7.5114667
7.3826666
7.2732382
7.4268551
7.6782961
7.588429
7.3412944
8.1947305
7.7180505
7.4533785
8.3776212
8.36206
7.6677185
7.3616793
7.7383541
7.9382681
9.5779602
7.6910737
7.4242708
10.06031
7.3498375
7.9193231
7.4439036
7.3659036
7.4353953
7.5250084
7.5039669
7.3804795
7.9771832
7.3484739
7.4140193
9.2048019
8.7679116
7.9368801
7.4973769
9.3479978
9.7324127
7.3471128
8.187555
7.5854018
12.170289
7.4361857
7.8665885
7.7816334
7.4716297
7.408082
9.566164
7.6234811
7.9196417
7.4149298
7.6179558
8.077411
10.856758
7.5916096
8.3396188
8.8666734
7.3484739
7.7806002
7.5133451
7.9054823
7.478879
8.57542
8.3358423
7.3521554
8.2234233
8.684235
7.8190095
7.3907562
7.9775959
7.5219286
7.5856451
10.585236
10.839184
7.3568972
7.3846793
7.4882801
9.3308395
7.3470829
8.8430301
9.3618199
9.4107918
7.4342839
10.000623
7.4443171
7.8719151
10.095126
11.183533
7.3605837
7.704639
8.1928015
7.9828274
7.4120339
7.3835169
9.0444229
9.5406854
7.7766292
8.0347831
7.5442675
8.7041513
7.4088631
9.7608459
7.3985783
7.5165934
8.367653
8.5877714
9.6490816
8.1397273
12.158496
8.2501783
10.705
7.6278918
7.7643021
8.1591454
7.3837333
7.470697
7.3412944
7.7070803
8.4131147
7.5981965
8.0372471
8.5153656
8.162172
7.7566541
7.8979176
7.4290925
9.8460347
7.6313559
7.4390642
9.2919812
7.3687691
8.5267453
8.101347
8.1742297
13.852706
7.8152632
7.3453279
7.6323793
7.6671487
10.816927
7.7839422
7.7480122
7.834408
8.3269228
8.2344918
8.5621936
7.4241904
9.2962514
7.3456937
8.9892162
8.1435314
10.526583
8.2675058
7.6815468
9.577757
7.507962
7.3993958
10.555334
8.431748
8.8864918
7.6426371
8.8740873
8.0894552
9.747266
7.3484739
8.0712451
7.4496882
10.235031
7.4201682
8.1473157
8.2863962
26.797906
7.7585547
9.2997591
8.3786267
8.4078357
8.4339996
10.22715
7.420353
8.8401186
7.6126034
7.346987
7.3380843
7.3489445
8.9121979
8.0440266
8.7264725
7.599637
8.9025063
7.8354809
7.9516979
7.6280259
7.9525142
8.0960378
7.8670859
7.706256
7.411792
8.7524182
7.3438715
7.9533769
7.5764046
8.7974902
7.4734969
7.3435688
7.3576541
7.5391575
8.4012754
7.6290405
10.991877
8.7502987
7.4028425
10.233351
9.4113403
7.7883258
11.849704
7.824556
8.7854821
7.6145771
8.0913262
9.3650981
7.5931233
8.3566925
7.4165654
8.8248968
8.6332098
7.7444695
7.3484739
8.6503884
7.3669672
12.013152
7.9481779
7.3830199
8.0669211
8.0382029
7.4419015
7.7054206
7.4300506
8.5335673
7.3484739
7.4754336
7.3412944
10.926775
10.321779
7.4745054
7.4422986
8.9107496
8.4759641
8.6766069
7.8734031
7.9958921
9.2670949
7.6430427
9.281035
9.9731853
7.3467134
9.260515
10.709901
8.7795635
7.8540088
7.6011237
7.7233137
7.780253
7.9987063
8.346996
9.1303932
401.25105
8.9512244
7.6834667
7.5076014
7.5763005
8.6869463
9.0915167
7.3449947
8.0129245
7.8296539
7.3703894
7.7798634
7.9296791
7.5022498
7.5894115
7.6251514
8.1018397
8.2984017
8.0267176
7.3608956
8.7640964
8.4410625
7.3751406
9.8581626
7.7785501
10.123402
11.858754
8.1698942
8.6163526
10.115489
9.4499858
8.0073379
8.2220188
10.229777
7.6890033
8.0022291
7.5697294
9.8080415
7.4078426
8.4187448
12.757171
14.40493
11.464821
7.4045808
7.9830366
7.9873658
8.4398915
9.323672
7.5273698
7.7673879
9.7675087
8.2429355
7.3484739
42.145908
11.660301
10.611335
9.0825074
7.4306033
15.601365
9.1356554
7.7150015
7.3715162
7.349835
7.9536414
7.349835
7.4875344
7.8419163
7.3919291
8.5247974
11.394293
7.631966
7.6078337
8.2513144
7.7730145
9.0941695
7.3751406
12.770167
7.8503381
7.595616
7.7526412
8.4082615
7.349835
8.7862923
8.3293015
8.6221289
8.2986379
7.6717176
7.4728423
8.3888823
8.4025462
7.7736271
8.3263396
10.964848
8.309973
7.8537073
7.7863152
9.5184047
8.0587979
7.4906811
8.4613723
7.5052614
8.7002789
7.933646
7.7718957
8.9346048
7.6993378
9.0026312
7.7048918
8.4202399
10.84747
9.4901065
7.517187
7.9849945
7.4539775
8.923518
7.5292019
7.4666989
8.0283395
7.3865472
7.9561215
8.5634343
7.5253813
13.505157
9.1126348
7.9514272
7.6405849
16.875668
8.9448328
7.7258788
7.681987
7.4799398
7.6337821
7.9114618
7.349835
7.5112517
7.3783919
8.1519331
7.6049205
10.634332
7.3483558
7.8721014
7.5799825
7.693937
8.757902
15.773929
12.095829
7.4681523
7.464053
21.824178
7.363811
8.9353765
7.5482509
8.6365259
9.7279127
9.1383184
9.1611534
7.7033152
12.396443
13.252712
8.250692
7.8234516
8.4167117
10.600109
9.5377088
7.4097705
7.5475086
9.1611534
9.4093342
10.108691
7.7276011
7.5870486
9.6601106
7.5292452
7.3484739
16.923708
14.622247
7.5326102
9.0348755
7.6411797
9.3733821
7.4578091
11.586485
10.88613
10.846679
7.7747792
11.625547
7.3779599
7.9105488
7.916531
8.1998993
7.3484739
7.6956379
7.3859113
7.7909033
7.716528
7.3896179
7.5219924
7.3642284
7.552859
7.4616335
12.00637
7.6302825
7.5612243
9.1763724
8.5118172
7.5668183
7.3493813
7.6462174
8.9814378
9.1037207
8.2111633
9.8363018
7.7018421
7.3625613
9.4432659
10.592173
10.526716
10.568086
8.9125845
8.0554742
7.6231443
7.3808219
7.4284713
7.8003129
7.837167
10.761181
7.4558052
8.1298493
7.6032715
10.802649
10.692044
11.324516
8.9640432
11.170492
8.1893388
9.5277493
7.3869928
10.135477
7.3676034
7.5687093
7.9139063
17.687628
7.8334249
9.6150926
8.2560187
7.3394899
11.183072
7.363811
15.256684
8.3605476
7.5792507
7.6288804
18.698888
19.224114
7.8501317
8.1870366
44.102499
7.5510566
8.1271082
7.830945
7.4997789
7.8014015
7.8053022
7.4401287
7.4401287
7.3565829
7.5273634
8.0009463
10.584845
8.2390065
7.4307244
9.5814281
11.201102
7.4157127
14.292673
8.9853719
7.6776306
7.3484739
8.0662394
10.089944
7.5296484
9.0077933
7.3668422
10.158597
7.9215488
8.8837672
12.80166
7.9913964
7.770055
8.3859694
7.3464557
15.47745
9.8982545
7.3613417
11.993572
7.5558189
7.9712168
7.8448205
8.6632311
7.5690742
11.901864
14.871914
8.0293935
9.0784865
10.564645
7.6347181
7.5895688
7.6733045
7.4101321
11.532763
7.3751406
8.3461675
11.057935
8.7940519
8.4732331
12.08536
8.9674202
10.341486
12.525202
8.6147984
8.6097212
8.0391293
8.0181618
7.4945326
8.4686845
9.1891155
7.8974898
7.6167633
7.721305
15.940435
9.0122407
7.504118
9.1879081
7.5382641
10.40543
8.936786
7.3940746
7.5633576
9.0850591
9.9538343
7.6190268
7.4576749
11.206315
8.8893405
7.6808277
12.359311
7.4515548
7.4406284
7.5195924
7.7866095
8.2845195
7.7752317
7.4711435
7.9336286
11.53207
7.4377896
7.6243747
8.5675261
8.098496
8.3407072
8.0027594
8.9057925
10.144331
7.447543
8.6168764
8.0530691
7.6898111
9.1766438
13.192765
7.4252626
8.1172995
8.443943
10.487556
7.3763745
8.6226118
7.31837
8.3034298
8.8547669
9.5775999
7.6977324
7.7423019
7.4803043
8.0418004
8.0206249
7.9590711
7.6442965
7.4647152
8.2694137
7.358153
8.7774719
8.6431587
7.7182205
8.3232428
11.461017
7.4542945
10.392121
9.4996562
9.589117
8.5854351
10.40265
12.076387
8.0943744
7.7839642
10.358969
7.349835
7.4767174
8.37633
11.77841
7.3532412
8.2279821
7.538204
7.9814245
7.4254104
7.7118425
9.8102151
8.00883
7.7172129
9.088962
10.779388
10.667121
9.6464724
9.7616369
7.6316624
7.526967
9.2357771
11.338925
7.8737968
10.855693
10.990857
9.2098334
7.6175878
10.132007
7.4380896
8.0049462
7.686822
7.9841325
7.7038037
7.8089142
7.3881898
7.8073597
7.3511017
7.4206611
9.7266013
7.3489276
7.9309596
8.1659734
7.9152114
9.0694748
7.3484739
7.8014441
7.6446608
7.9306174
7.3401089
7.5701572
7.580404
7.6467337
8.2048187
7.4185516
8.3387444
10.177294
8.4577082
7.358086
7.4826853
8.2354993
8.0682593
8.822249
8.133806
8.4881541
8.3740883
8.7382864
7.4532186
7.4648227
8.0064571
8.0103207
7.3718053
7.3628523
8.2842185
10.213446
9.7545264
7.4079448
9.0100054
7.6533027
8.9124068
7.3542281
7.8174768
7.3514231
13.53486
7.4773923
7.3523301
9.8179834
7.4982885
8.8380114
7.912916
8.8987081
7.6980262
13.644677
7.4405824
7.6120149
8.0215507
9.5924297
7.8112147
7.3835353
9.2720604
7.7640494
8.3265339
9.1442799
8.5795391
7.7656245
7.6040694
8.5121996
8.2127681
7.9954605
8.400064
17.06657
7.740856
7.8981812
8.7748094
9.1318714
8.0217798
7.7460093
7.6532517
13.816229
7.5797334
7.6304855
7.3485087
8.1315955
8.0990482
8.2316341
7.3925941
7.9752553
7.7169542
7.3609295
7.4178856
7.6949436
7.6644461
9.1573076
8.1098653
11.272094
16.235258
7.581081
9.6380212
12.466303
7.3337177
7.3580051
10.937568
8.6286125
13.155504
8.5016593
7.4063397
7.3676408
9.2460859
9.0975804
8.3037095
7.6264333
7.9853172
7.8042568
8.6875401
7.486396
8.3918445
7.3660926
7.4436511
7.3458649
9.2016421
10.201411
7.6647369
7.7012745
7.529553
8.3071302
8.034015
7.8151058
7.8197557
18.389564
8.4550647
7.3520741
7.4536211
10.023636
8.2730612
7.4938851
7.4962496
7.5909585
7.8151058
11.145156
7.3750158
7.6664516
11.923949
7.3497779
9.3941565
9.3899366
12.166677
7.4385574
7.3588137
9.1294951
9.3718841
7.349835
8.5835516
8.6586499
8.9550887
7.9595951
9.1808489
7.3824836
8.1974167
7.6291543
7.3436707
10.978593
7.4209205
10.123992
9.4302405
8.0583511
7.3921253
7.385791
7.5410522
9.9690458
7.6490725
14.303297
7.4859239
8.1865163
11.480811
7.8522939
14.397519
8.2655081
9.5940774
9.6782494
8.8056342
7.4769445
7.7875843
7.3681757
7.948254
7.3537622
7.4127175
8.8158689
7.0387412
7.6052024
7.5729988
8.4082982
8.0096457
7.3779456
8.2496188
9.5518671
9.0773867
8.3054259
7.7649441
7.4440955
7.6544091
7.763521
8.1717849
9.1423908
7.4155505
7.968106
10.141082
7.5224887
30.049204
13.804399
8.8661937
8.5220965
8.7162547
7.3517039
7.6224757
7.9917268
7.7929728
7.4972701
8.1145988
11.100593
11.569483
12.087437
10.827126
8.4007994
7.6650815
7.3462499
9.7165997
9.5012362
7.4680687
8.8458854
8.6979565
7.4012919
7.816356
7.3667994
10.090909
7.4401287
9.1220643
8.3894675
8.5977842
9.7362591
9.2007635
9.1815704
7.6192555
7.3722424
7.7886609
8.0440976
8.6325343
7.3484739
7.4852509
8.0443271
7.4274795
7.3615438
11.132768
7.5529652
8.6391445
7.6134142
7.3495537
7.5574791
7.5056724
8.1717748
7.4534817
8.4841275
7.4506476
7.5273946
7.594932
7.7964331
7.6144247
8.1483819
9.9504329
11.732212
8.3124217
7.4446677
8.2137175
7.7762869
7.8570941
8.4815137
7.9935288
7.8465054
7.4486373
7.4167446
7.4507035
7.3478797
13.328604
8.1015556
7.3651718
8.7371379
7.6550443
8.7517895
7.8470771
8.9504447
7.4867807
8.1674689
8.2714884
7.3471719
11.182621
9.5417972
13.328604
9.410224
8.2053059
8.963291
7.5258167
7.4670879
8.7029675
9.1622536
7.7717161
10.433554
7.4506528
7.4446704
14.932684
9.2600283
8.1976297
10.652395
7.3484739
7.3492973
29.959533
8.7569771
7.7902447
8.3264036
7.918416
10.973684
7.559579
7.8193672
8.0348931
8.8287546
7.5542443
7.3484739
7.4405824
8.0108751
7.5915596
8.0311879
8.3924248
8.7170584
7.5094017
8.1461123
7.4569086
7.3544283
8.087451
7.4119564
8.7961543
10.155557
12.944767
7.3543937
7.6449509
7.2732219
8.0978485
8.3765784
7.5076065
9.3218834
7.6289922
8.1803377
8.2906878
9.6896049
7.8696602
7.886336
7.7613296
9.156597
7.3991401
9.4332763
7.8713395
8.0182643
11.440524
7.3633559
7.5011722
27.965446
7.3571646
7.7772277
7.495985
7.5332016
8.3079994
7.5312534
8.0843733
7.3656291
7.580847
8.218966
11.62116
10.366284
11.460869
8.0176351
7.3539597
7.6036515
8.7206515
7.3840913
8.3232202
7.6182549
7.5796513
7.6999981
7.7760822
10.033614
7.4649682
8.9598015
8.2431847
8.370519
7.3981377
7.6241326
7.6122063
7.360964
9.0541777
7.9176475
7.992878
7.5803365
8.1263478
9.0568769
7.4841204
7.3607134
7.8909451
7.7484063
7.793492
11.525991
8.4171276
9.385216
7.4409918
7.5166033
7.6774031
7.8928449
7.4132402
11.661708
7.3454112
8.2422597
7.7150173
8.1363847
7.8186029
7.375143
7.4924922
10.726747
7.3458649
8.9256804
16.917727
8.7107654
8.3081312
9.2202929
9.5259804
7.7851653
8.0211156
7.8690301
7.581043
7.5104807
7.3471088
9.9041835
7.3496459
8.9231865
7.3830847
7.3783777
9.949806
7.3610688
8.1196086
7.5294051
17.980415
7.5963855
7.3480202
13.456365
7.8136997
8.023372
7.3484739
7.6499886
7.4100792
7.82606
8.4822738
8.0564197
9.9939833
8.1241574
7.573369
7.5321746
7.5644392
62.398987
8.2001007
7.3633559
8.0992874
8.1488143
7.8055518
7.561927
7.443288
8.4868325
7.4152933
7.7000141
8.0889702
7.4095315
8.6193961
7.5551163
9.8935876
7.9429646
7.6501525
7.461857
7.6132799
7.4392478
8.4452522
7.9423639
8.7661661
11.162444
7.5205225
7.8201061
10.812312
7.9385151
7.344444
7.6930416
7.3859276
7.3475665
8.2219237
8.1288784
7.6252362
8.8469142
10.357626
7.3707106
7.3957731
10.243607
10.384179
8.5207473
8.0084079
20.139676
15.92953
7.9833111
8.2861685
9.1335615
15.852187
8.1821433
7.9076489
15.939166
8.6094692
9.5691181
10.048158
8.7616662
10.935899
7.8901189
7.3255592
7.5112027
9.4180924
9.11775
7.3633559
10.454284
7.3530884
7.992653
13.940848
7.8463142
17.616121
7.4133731
8.8776559
7.7367072
8.2385314
7.4616337
7.4762568
7.7999723
7.3480202
8.3450658
7.3820941
7.8593351
8.6123324
7.5767221
9.4630404
7.4280713
10.321513
7.7571804
7.4087466
10.527269
8.9787886
8.9684602
7.8376911
7.4112046
7.4208635
8.1913951
7.7444424
8.2306382
8.6039779
7.3690364
8.510963
11.517574
8.0620964
7.6110548
9.6861374
7.8571755
11.389007
7.3819883
8.2372228
7.7844711
10.128558
11.914454
8.1028347
7.410484
9.0994992
7.9513929
7.4228852
7.9259563
8.7963711
8.5983428
8.1737677
7.7929405
8.3036435
8.5939008
9.9764109
12.545146
8.3152153
8.2288493
9.0148444
7.6661617
10.529545
8.0401199
7.7880003
8.3458119
9.9551576
9.090534
7.8982994
7.3525019
8.4410102
7.648392
17.052199
8.6926457
13.028058
9.0678323
8.1761144
8.9840708
7.3893236
10.428751
8.0366381
10.00521
8.374604
7.6835708
7.5228638
7.3708873
7.3455555
7.9124595
7.7487848
9.1123832
7.5009585
7.6484013
9.3810204
8.1916304
7.6937057
8.3516185
8.129611
10.357006
8.4713579
8.0546324
9.0644367
7.372372
11.523107
7.4459161
7.348798
16.766924
11.902645
9.4019318
7.7445973
8.3820724
7.9581623
8.0420351
7.8510845
8.437068
9.8486339
7.7317305
7.5353526
10.394579
10.127972
7.512941
7.6428184
10.930576
7.5918298
13.265651
8.4748879
7.5641644
10.88785
8.6823674
7.8622621
8.1870304
7.6844243
8.0137825
7.3908924
12.686951
7.868894
7.7151759
8.3999799
7.6350998
8.4456012
9.2761749
8.4397185
8.6821728
9.8923144
8.5680693
8.4580101
7.986897
7.779717
13.489156
7.5904832
8.1833217
8.3975515
7.8868479
7.7577272
7.3826006
7.8689792
9.4983925
9.6871827
9.2316889
7.6881259
7.3927589
7.3503673
7.4218756
7.405681
8.0429758
9.918878
7.5395941
8.7401101
7.9940841
8.130726
7.4440368
10.206658
8.5850148
8.5233662
8.42538
9.6240794
8.7583597
8.4952614
7.7184094
7.469575
11.955553
8.3268625
9.5230206
7.8018283
7.4700516
10.104761
7.6178611
10.098014
7.5454783
8.3716506
9.9288713
7.5122954
7.731943
9.0519884
10.679863
7.7932016
7.5682868
9.3077364
8.1337992
12.203688
7.7680745
7.8665398
7.5071002
7.4634314
7.8303985
8.91476
8.2558305
7.8244544
8.0998591
7.6552628
16.764138
7.8682536
7.6183076
7.3667528
11.351995
8.2151569
7.5546228
7.8437021
7.3570883
8.9519988
8.4370318
8.3266365
8.9198416
7.7541539
8.5026105
7.7727155
8.2267033
8.8480584
36.910671
8.4170736
8.0977993
7.7599615
8.4047504
8.4492191
7.5729337
7.6956966
7.8538977
7.5319205
7.8939055
10.887356
7.4935795
7.5118413
7.7142132
7.6581782
7.5727112
7.5154793
7.4059576
10.16312
7.3549554
7.3484739
7.7479464
7.6447715
7.8267577
7.7158645
7.6465438
7.6272992
7.4557508
8.4388103
7.4412087
7.9560965
8.1502241
7.8189735
8.0418621
7.5584035
7.3555342
7.4239248
7.5007538
7.3637574
7.5146095
8.1152737
7.3986864
8.3561316
7.4793945
7.4642877
10.200733
8.171314
7.3484739
9.7917471
8.4446897
9.3293068
7.4573276
7.6683874
8.0959999
8.0606973
8.5649989
7.3484739
10.47764
8.6352171
7.3677791
7.7276805
7.5028389
7.7887146
7.7016608
7.735544
8.6736898
7.3701418
7.4040532
7.4734345
8.0959999
7.7590963
7.4095658
10.502809
7.349265
9.0542809
8.6783731
7.4129414
7.3387003
7.6638466
8.0426183
10.253508
7.3574724
7.3619408
7.4825654
7.6723109
9.5612238
7.4242347
8.3298692
8.3952367
7.6203658
8.0979484
8.9188271
8.4315395
7.7017916
8.9085137
7.706818
8.6667711
10.559905
7.6254939
7.3541698
9.1122003
7.34524
10.914352
7.6177885
8.1266495
9.1027926
7.7777644
8.1697328
10.703034
8.9267002
7.6814238
7.5925804
8.861611
8.5486476
7.6877196
7.5114409
8.4063386
11.855099
7.6699314
8.5697544
7.6939803
7.6688047
7.7345485
8.1957451
8.0594159
7.7572707
8.0236951
8.5650254
7.7486287
9.6836499
7.7264448
7.5402428
9.670157
8.7338924
7.7804112
10.773783
10.075733
7.6931334
8.4542301
7.6477296
7.3645696
8.2023134
7.5357405
7.5189992
9.0998567
7.4699781
7.2692246
8.2816632
8.1532768
9.5266785
7.4733913
7.5191742
9.5060474
7.6393926
11.328274
7.9371019
10.530644
7.4217237
7.4688168
8.8221296
7.5891866
7.6046861
7.8015042
7.3362588
7.6297814
7.7998427
7.4984255
11.315786
7.3612506
8.0175269
10.094316
8.7139695
7.4013253
7.3877723
366.06081
8.5599187
9.0696343
7.6905116
7.4459123
7.3545543
7.6698999
7.5918679
8.2235159
10.390013
7.8344424
7.6971323
7.8856924
8.1038473
7.696325
9.032503
10.736983
8.6329279
8.3202913
7.6796759
8.0531329
8.3060047
7.8070958
7.7225091
8.8706134
7.3508066
7.7504549
8.0193104
7.5710019
7.373054
7.4943843
7.8166292
7.5822148
8.350835
14.355544
8.8513984
11.05046
7.576488
7.550127
8.1682162
14.564725
7.3634669
9.3197278
7.8509012
11.632282
7.4730778
8.0843159
10.331575
8.1743026
8.9222581
9.0947778
7.6090021
8.1732916
7.3548378
9.2625557
7.50022
7.6345334
7.806365
7.3443241
7.5823835
10.408009
14.199669
9.7905469
8.29845
8.5791916
8.581809
8.1733579
13.660421
7.3484739
7.3398399
9.4249704
7.6543708
11.272847
7.7514618
9.5733143
8.7235057
8.3483063
8.1773041
7.7803483
10.223276
7.8744191
10.79682
50.774893
9.0158234
7.3468245
8.7140447
7.654128
7.46354
7.7430756
8.3716547
7.3558263
8.0062875
9.6258467
7.7792136
8.7040391
8.0723585
7.7956729
7.6217531
9.9613655
7.3499681
7.3625058
10.895093
9.4081304
8.6237917
7.6198817
7.5297083
7.4845643
10.082403
7.3545592
7.8686475
9.098315
7.5528239
8.5697544
8.9397454
7.4795651
7.3783719
7.3432898
8.5324257
80.165438
9.9015604
12.224932
8.0623744
8.3478541
7.4401049
9.6106123
8.8882655
8.4263986
9.6093575
7.8192891
10.294108
7.3665365
7.4186131
8.3377482
7.5359476
9.5214114
7.9887357
8.4675172
8.5186164
7.3898895
9.3908952
7.5440379
32.04795
7.5389449
12.561361
7.4717297
7.5641124
7.5427097
11.18942
7.531706
7.793206
7.929883
7.8090677
8.688957
7.4699783
7.4407029
8.0782869
8.6025648
7.3484739
12.734551
7.912136
13.935473
8.0104802
7.6919187
13.333629
11.302059
9.8418954
7.9870182
7.4303673
7.5292019
8.0307375
7.4813027
8.7045252
8.7879328
7.6080596
7.9784743
8.3381875
9.1749551
8.4558181
7.566281
7.7072544
7.6586687
7.7440736
7.6527286
8.3918434
11.559607
9.7446497
8.1207102
8.3837838
10.797863
9.6145031
8.6507997
11.152037
8.1380372
8.3719973
7.9945667
11.086096
11.496518
11.632772
8.0910767
7.479856
7.6051071
7.425306
7.3667317
7.552395
7.710084
28.874611
8.4159614
11.301949
7.3648318
7.5023883
7.370507
7.5830758
9.8944521
7.6454672
7.3150929
7.7003414
11.57649
7.3600657
9.461484
11.963827
7.8398503
8.4464266
9.9811304
8.5837799
9.6261167
7.8924013
7.5152018
7.349861
7.6391114
8.8624633
7.9885772
8.1566634
11.824612
8.1145075
8.3583752
8.3026954
9.9642859
7.8285053
7.5485206
8.3877477
9.7220754
8.1730797
10.690433
7.8010999
7.71527
8.7309589
7.7522948
11.870965
7.8773669
8.1234218
7.3669902
10.937086
7.7918589
7.3383971
8.5197576
7.4024183
10.366144
8.4242871
9.5471904
7.3914754
8.1539066
8.1562013
8.6373849
8.7838856
8.5197709
7.7703194
7.4660721
7.8392641
7.36335
7.4592639
7.8302251
7.5606644
7.5005365
8.8071035
9.348909
8.9906833
7.3599702
7.6629998
10.142783
9.2312218
10.373184
10.329394
8.2838936
14.939363
8.7612851
7.5129959
8.6997989
9.0095989
8.7201312
7.7272423
8.6316111
8.1445087
7.3415134
7.3645345
7.6078095
7.4659559
7.6807955
8.4150218
8.4951137
7.4798685
7.354143
9.2179568
7.6698397
7.5816382
8.3576116
7.6831085
7.6851886
8.6460212
7.807874
7.3489276
7.5105747
7.7058517
7.561579
7.5668637
8.1883555
7.3471128
13.443965
7.3484739
7.5509288
9.937242
8.495924
7.3482297
7.5025868
8.1496223
10.403569
10.633206
7.4980444
7.8479032
7.4429807
10.199845
7.3812773
7.4832
8.1985867
7.5870286
13.349813
7.645608
10.020486
8.1394432
7.5654303
8.5311497
7.5885671
7.352297
7.3711369
8.7116625
8.2442456
8.9315683
7.3563239
7.380673
7.8934456
7.3650001
9.3706787
7.4031076
7.9989126
7.7753441
9.0490481
7.3632664
7.7910581
7.9687884
7.5238896
8.0510756
7.9389997
7.426291
7.3471128
7.8749689
7.6867772
7.4705278
7.3626393
7.349835
7.4325449
8.8059818
7.7305883
8.8068426
7.6887101
12.939148
7.5626637
7.8642602
12.181943
9.1430357
9.0517518
7.5818501
9.9246913
7.8266061
7.7918492
7.7159993
7.5349982
7.5755299
7.6620258
7.7038695
8.5482546
7.4969404
7.7364324
7.4191907
7.3800233
8.3289338
9.1070242
11.089149
7.4525976
11.669496
8.2352903
9.3926887
7.3484739
7.865803
7.579221
7.6921514
8.2896803
7.7864372
8.0061672
7.4666697
7.4411508
8.6536777
7.7776114
7.3577999
9.4543346
8.0729202
10.175066
7.5768189
9.0482585
7.6330041
10.736039
8.918574
9.6917809
9.0834039
7.397222
7.9752036
9.6766338
8.1955468
16.135505
11.233617
9.6610821
7.7061663
9.8035973
7.3542303
9.8197901
15.113485
8.3719897
8.2251114
9.0763384
11.160464
7.6450712
7.3484739
14.909475
16.851392
7.7420692
7.6979473
8.6361954
12.555877
7.7791126
9.0064255
7.7451751
7.3484739
9.5393002
8.007061
12.878968
8.5645362
9.670164
10.547917
7.7748148
7.357669
8.1502326
7.4973625
8.0545919
7.9859077
14.067703
15.610179
7.3484739
7.3785529
9.5448887
8.7008679
11.406727
8.1320414
7.747709
10.340998
8.7947835
7.5987163
9.3536231
7.3802494
8.0445141
8.0267665
8.8380008
7.9497538
9.5396099
7.986936
7.3831992
8.1878231
8.8618691
7.5378266
7.5765867
7.3798784
7.7706734
7.4165106
8.5602173
7.723682
8.3096528
8.1641741
8.0422471
7.5379863
8.3158539
7.4600292
12.288463
7.3615015
7.4512591
7.5695986
7.9977382
7.4958412
22.583252
7.7301601
8.5209497
8.5985982
7.953913
7.8494911
8.318833
8.4037368
9.9476073
7.3771711
7.8929273
8.2622153
7.4275309
7.6033601
8.2805183
7.7899915
7.807915
7.4307045
8.214373
7.7048358
7.6038567
9.0512469
7.6278634
8.4341947
7.5933757
7.3926509
11.250106
7.6525997
7.8314488
10.773976
7.4062209
8.1727206
8.7650099
10.041801
7.5958063
7.4851996
8.0192474
8.2658086
8.0409488
7.9334354
8.4441972
7.3469865
7.9562372
13.4934
7.5763687
7.6867179
7.8755536
8.3827247
7.7526739
7.3735317
7.5056225
9.0457555
7.922768
7.9466717
7.7414903
10.11172
7.6434291
8.428559
7.6364074
7.9181335
7.811594
7.4692281
8.7410981
7.4692281
7.9529354
7.7627603
7.3714915
7.444134
8.734191
7.7609978
7.7425703
12.052941
7.9653314
7.7682218
8.1705012
7.7332368
7.4707274
7.8255132
10.737906
7.674645
8.3220082
7.4847801
7.5642352
7.6769981
8.9936647
7.5889133
9.7949865
14.573654
7.3626869
12.411011
8.4151175
8.4804554
10.095493
7.5498187
8.1951656
8.8760083
8.1090351
7.9371266
7.5493176
8.5206823
8.8234368
7.4598069
9.9115041
9.2231492
8.9346818
7.4330538
8.4356497
8.8366929
7.7736796
7.769402
7.7322913
7.6904728
7.76138
7.7402241
7.4681506
9.3184828
9.9504842
11.128719
8.5247442
7.7729931
8.1177479
7.6316115
7.3646376
7.4546779
7.3614912
16.680678
16.297961
7.5918664
7.3983787
7.7936954
11.437638
7.8287237
7.6681116
7.7571198
10.04577
7.8522008
10.382232
7.6560802
11.78462
17.657355
9.7168208
9.2513338
7.3789403
8.7115803
8.6470786
8.0094933
8.3587497
7.8840954
7.8641886
8.0194635
8.5014104
10.342485
7.4920733
7.7215605
7.6714066
9.6073896
7.4976518
7.5751579
17.751931
8.3295721
7.4018627
15.009689
8.46988
7.7545445
9.6921384
7.7340055
7.4638675
7.3823422
8.0516421
10.767975
8.8172712
8.4178129
7.9888682
34.611515
8.2805043
7.6943222
7.7075886
8.3884864
9.7882327
7.7541059
10.639753
8.1565818
8.3514829
11.397077
9.4372863
7.5627311
7.6615636
9.8372546
8.4547876
7.5876603
7.5803693
8.0055848
7.3881494
8.9961224
7.4826666
9.5604461
7.3471636
8.1327174
12.993853
9.0998606
8.7486907
7.9900391
7.5091051
7.3862499
7.3410814
7.6603721
10.429682
16.848281
7.6506256
8.5952411
7.2721784
7.4361572
9.7175632
8.7409451
9.0024494
8.9551224
10.159335
9.432734
7.5911431
7.6070551
8.5108119
7.7548276
7.7264075
9.4068552
8.1096282
7.8173886
7.6953265
7.7302746
7.6186547
7.4762023
9.8730217
7.3597583
7.812979
9.2786408
8.0929183
8.3012718
7.416621
8.2481553
7.7188615
7.4405824
8.6581243
7.8315128
8.718047
7.7541296
15.107153
12.305231
12.348029
8.9152527
9.0899186
8.1100667
9.1881253
7.4808898
7.4390715
7.9947519
7.6231416
7.9739979
7.4088814
7.3612717
8.8413412
9.0878987
7.7991484
8.1937964
7.6710971
9.7081082
9.5090186
10.225939
9.0395224
7.7285994
9.3755556
10.090885
7.7964877
7.3722
7.6599228
11.001974
13.020276
8.2469385
7.5886204
8.6984908
7.5455836
7.9809116
9.9090778
7.585413
7.7610725
7.6029561
7.3905328
7.5638372
7.36107
7.3480202
10.9647
7.5066727
7.6286678
7.3480202
7.8318596
8.221841
8.3537265
7.3489276
7.3725984
11.488988
7.6052999
7.8630139
8.1160403
7.6369855
7.6462697
7.5336612
13.347571
12.3782
7.6018336
7.7133554
8.2979042
8.4182774
8.2406657
7.7076478
12.152427
8.6872499
7.7798825
7.6909466
7.3428042
7.916478
7.4965892
7.3480202
9.0050756
7.4513901
8.0929412
7.4995252
7.8726409
7.8815212
7.8249909
8.0882923
7.4652947
7.9277875
11.431534
7.3647107
7.4978093
9.9324653
9.8958147
8.0634067
10.004368
7.4360508
7.5606918
8.6735576
8.4858022
12.018361
7.9941196
7.65274
7.8770802
7.8782089
7.7006298
9.5232471
7.6394435
8.062878
7.9594413
8.7598796
7.6604469
11.062343
12.47225
19.521282
7.3758026
7.6107392
15.400297
7.6272585
7.9994386
7.8303294
7.8896155
8.1065464
13.24629
8.1215372
8.1170701
8.4071246
7.6843049
7.6867378
7.3799224
7.3189324
7.8919633
14.222096
11.385774
8.0377438
7.4421612
8.0443695
8.1803954
8.0972728
8.8744891
9.9932661
7.7729684
8.3413218
9.3547123
7.4597537
8.1147755
7.7735092
7.4449649
8.3366476
9.62943
8.7575607
7.8512105
7.3614912
8.3782652
7.4875435
7.3610431
7.7684204
10.272018
7.5829839
7.3576996
8.0674263
7.7567769
10.952651
9.011759
7.53036
8.5317
8.4816023
8.3584683
8.5542877
16.729508
8.5345082
7.6629694
12.132007
7.6676783
13.856683
9.2948867
7.3610933
7.5735969
7.9075852
7.529724
7.5756303
7.8606093
7.7077113
15.955979
9.3582193
13.98444
8.5440252
7.3690138
7.5765131
7.6027642
7.3616775
7.7601671
8.5440252
9.4685742
7.3484108
7.9615108
8.292634
12.798836
9.8067457
8.9410671
7.9661928
8.3776998
8.4483323
7.7255131
8.3477288
8.606919
7.5979813
8.1341734
7.4854092
8.2488994
7.8427612
7.6651436
8.0504611
11.364427
7.8895464
10.019804
9.7284566
7.7926024
8.388574
7.7532949
8.1694954
8.3885932
10.03093
7.5732119
7.5782135
7.3475665
13.062285
9.1169378
7.9246798
7.5372817
7.9560234
8.4450263
7.438708
7.4463185
7.5631683
7.4669115
7.5517826
8.9491768
9.0029168
8.0205679
7.4217348
7.5631447
9.1233015
7.9168415
7.3878738
8.1902491
7.4814347
7.4741513
7.8096076
7.4561837
7.8146817
7.5172678
7.6062785
8.6486899
11.233042
7.7612069
8.7195764
7.3608551
7.9321844
7.4399952
7.630936
7.9236018
8.2906753
7.5882976
7.961086
12.424182
7.3365274
9.6573043
7.6157197
15.578985
8.1422451
10.204111
7.6842369
7.6439511
8.1630726
7.4535281
8.3711768
8.3444001
8.4211234
7.9086483
7.9807833
7.3484739
8.444089
7.5459412
10.709321
7.7850152
9.8569817
7.5806505
9.023871
7.7306473
7.4002039
8.0398457
8.5385247
7.4949916
8.6705815
9.2064276
7.4412013
8.264749
7.46107
7.6394856
9.4247154
7.8973849
7.8163628
7.9442625
7.3899815
7.4096597
7.5773439
7.9928747
9.366398
7.7352853
8.0713942
7.4176521
7.687483
8.5757497
7.9930974
9.2917613
9.0174243
8.3713818
8.9095521
8.058499
11.330564
14.125652
7.5641644
9.8604291
7.346659
7.8825635
7.5114963
8.4340989
8.7217661
7.7109175
7.7901413
7.7295667
7.9116557
7.9365119
7.7073027
10.263448
7.9515035
8.0834509
8.5163115
7.5689241
8.9105927
8.1906009
8.92638
7.6742024
8.0826633
8.426588
7.4893059
8.8912362
7.3484739
9.2098239
7.3502888
11.619863
12.832769
7.4162643
8.9108337
7.6322345
8.3734139
7.8314517
7.9695988
10.856427
7.7793212
7.5428222
7.7215951
7.8895527
8.5428378
7.6505418
10.004564
8.1123357
9.9186379
9.4463497
10.964447
8.115103
7.5062755
8.1535125
8.4001826
10.721327
9.9049366
8.4761172
11.161149
9.0612578
7.9042403
7.6052322
9.1161698
7.3449613
7.7229642
7.5226247
8.6205503
7.7170002
7.4268214
8.0423717
8.447955
9.2400969
7.7423374
8.5418514
7.75974
8.1290448
10.542547
11.553944
9.6973558
7.8379568
7.6502344
9.3793893
7.3834703
9.1589115
8.4734373
7.7928821
7.592323
9.1977851
7.9075159
8.2931655
10.117436
8.4778267
9.0162922
7.7830253
7.4797079
7.3452801
13.378359
8.1976893
9.3690486
7.9910393
8.1405913
9.1885277
8.1413567
7.5225945
7.7125424
8.1266832
7.3442357
9.6501811
7.3516787
7.5253057
8.6120031
7.6694623
8.705601
8.2999425
7.3706655
8.1140218
9.5744948
19.958467
9.0959525
8.071541
8.4470841
8.2298996
7.9277136
7.3563821
9.1343866
8.7551687
7.8152996
8.5414716
7.6701399
10.051273
8.717375
8.3666841
15.020618
10.748835
7.8968531
10.161299
10.76832
15.256383
7.7225321
7.355059
7.955999
8.5790259
7.4472317
7.634867
7.727064
8.3859168
8.8210744
7.3660417
7.3380337
8.7362599
8.1732095
9.0388614
8.2036487
7.69452
8.3900139
7.7658169
7.3949128
8.1531868
8.1434727
8.1048689
11.249284
8.7014381
12.514927
7.5821448
7.3850555
7.9099747
8.1930066
9.0249157
8.1434689
7.8327172
8.0869009
8.7920557
8.3110979
7.456957
10.946917
7.3687374
7.8721341
7.4479133
10.564584
8.8936165
7.3490574
9.2307044
7.6233472
7.7295267
7.416211
7.5070281
7.3907904
8.4528836
8.2888921
7.3331972
7.6808732
7.6378531
10.35721
8.4145463
7.6291979
7.5323607
7.8234679
7.3040355
8.0482202
8.5005797
9.3434253
8.1395916
9.4100638
8.1006291
8.1586911
8.6806928
9.3154648
9.4222768
7.3453549
7.9536772
8.1015808
8.8129631
8.2944476
8.6364969
7.603198
7.6410815
11.76781
7.6551371
9.7422541
8.3097369
7.7215443
8.5414586
11.513662
7.4586536
9.2957174
8.4381578
7.4339321
7.7993739
8.9767631
7.9109519
8.131311
7.7453742
8.0142074
7.3748588
8.1179459
8.7055632
9.0906605
7.3898682
7.8644775
7.7823192
7.8097089
7.8928632
7.5341259
7.5560582
7.4833199
7.3726719
8.6556882
9.5988075
7.5611144
8.029615
7.8376686
7.3724587
7.7385211
7.9500253
7.3437092
7.5408863
8.228033
7.6408901
7.9556725
10.579096
13.777869
8.1038171
7.3731019
7.4141772
7.5680046
8.1857964
8.2963601
7.3488058
7.5341242
7.5717755
7.6320399
8.6704937
9.4311851
18.833735
10.784525
12.926439
7.3526467
8.3031938
9.2915973
8.4037387
7.6417303
8.0483975
8.3573105
7.968506
9.0020111
7.584286
7.6834034
10.238771
7.9213349
7.6512876
8.1697043
7.3601841
7.3609233
7.556165
7.3616055
7.3499725
7.5914295
9.3208423
7.3698348
8.0461007
7.6018551
7.6084975
8.1643042
7.6125313
7.7957025
7.6927968
7.4644987
7.6151286
8.3514433
9.1441755
7.4544023
7.4297053
9.1601131
7.4025172
8.8360592
7.3638016
7.4374882
7.9363891
8.7173521
7.370731
8.1807073
8.0652442
7.6878822
7.5542748
9.4215317
8.6916169
7.4327751
7.8719176
7.7145268
7.781273
8.1915436
8.06324
8.424338
7.5531892
8.8000442
7.3725666
7.588426
7.5639709
7.5643883
7.9842828
9.6178104
7.7142167
7.7147056
7.8366434
8.547435
8.6599401
7.5053679
8.1002779
9.2092219
8.0114384
7.3484739
13.84817
8.7473541
12.943141
15.811602
8.1502663
7.4890036
8.3183278
9.2441802
8.4148726
8.068109
7.4105917
7.6110147
8.2246361
7.5205339
8.2792568
7.4180481
7.7712376
7.4760665
7.8411305
9.9054193
8.4204262
10.080017
30.063355
7.8880403
8.0671194
9.4506392
7.5762531
7.2089395
7.3500047
11.413372
8.2155771
7.3330663
8.1645557
7.3329452
7.3514086
9.1369337
7.395398
9.1833944
8.600262
8.2336923
8.5222639
8.2240601
7.50789
8.0529341
9.1566714
7.8775911
7.7038413
7.6299722
7.3458812
7.9841684
7.4557459
7.349154
10.904057
7.4166397
7.3679344
7.6002707
9.734111
9.1442138
9.6357042
7.8033327
7.5954122
7.7683909
7.9756541
7.6198419
7.6538371
9.6326466
7.863797
7.9439765
9.1614762
7.6470655
10.787986
10.744054
7.5693854
10.480572
7.36417
7.4376057
7.7852276
8.1176129
8.7422494
8.8858186
8.4642667
7.4711759
8.1928374
7.800755
7.819485
7.3910489
7.7186088
7.4413884
8.1188054
8.1002271
8.9655753
11.76705
7.3484739
8.0428426
7.6053281
8.8819264
7.9789594
7.5956664
7.6472012
7.704515
7.608463
7.696231
8.1666577
7.5744412
7.5986699
10.554458
7.6961113
7.9935016
7.7897856
7.3614912
8.0303151
7.5608986
8.3122304
7.8195372
7.5071417
8.1246878
8.3016923
7.5337998
7.7828859
7.5565143
8.0459075
7.8544614
7.7825434
7.6806472
7.7024978
15.581995
8.3828708
11.067067
8.3703741
9.0696166
8.2037455
7.5825371
7.7421694
7.50653
7.6659896
7.6386244
13.333602
7.4618555
7.6443274
7.6886978
7.4220126
8.2116296
8.3171763
7.3480202
10.674821
7.3781878
9.1083002
10.255613
7.9687286
9.3921739
7.4212843
7.838377
7.3645476
7.4259333
7.7007899
7.6007757
7.3611839
7.5475399
8.1156165
7.9877721
8.0290736
7.7658829
8.6555573
7.3343527
7.8894866
8.9252053
7.7429281
7.742607
7.7748811
8.4574607
8.8763152
7.7154861
8.121753
7.50159
7.3711911
7.7199936
8.4746706
7.2804324
7.763792
7.9225665
7.9794016
8.1298764
8.8049924
7.8603547
8.1049615
8.6521026
7.3385044
7.8540245
7.5925841
8.4462404
9.4343824
7.8694609
7.757819
7.3500761
7.3546091
8.5747842
8.9011872
12.99664
9.2590964
8.7233384
9.0129402
7.5897258
7.7006315
7.5434492
9.9303169
8.400869
18.09876
9.3796765
7.9494255
7.9023002
7.7213592
7.8460319
8.511955
7.5094179
7.4117764
8.8986333
7.9221063
10.764502
7.6789882
10.127978
14.73674
7.8227929
8.8017313
8.6198171
7.8083333
8.3892654
9.7588708
8.1634296
8.3451202
7.3578179
15.239628
9.4178584
9.5787472
11.079372
7.7328939
8.395276
8.2388583
9.7058997
7.3705078
16.72164
7.7845239
7.436753
9.6319942
7.7204652
7.5326665
8.1268487
11.328275
10.102749
8.2058336
7.6375398
7.5990528
8.9845608
7.8182505
8.6023163
9.2431881
8.1094477
9.8318152
8.8064564
9.550519
8.8659231
8.5049276
7.8750778
9.49862
7.463867
8.423204
8.3065573
13.51432
12.216579
8.6269572
11.209039
8.6886018
10.743403
7.7402245
8.2603942
9.6155577
8.9728799
8.1392661
7.3484739
7.5951211
7.4684105
7.4628256
7.3745769
8.3706331
10.759003
7.7792387
11.665615
7.5399008
7.5801416
8.1126798
7.3977499
7.4869972
8.3499344
8.345107
10.830409
7.6061932
13.43372
8.6631379
8.0394906
8.8481005
13.533749
10.369329
11.131394
7.6084955
7.8984028
7.4650203
9.5218273
10.035222
10.685024
12.098301
7.6151235
7.7762309
7.5366823
8.1462612
8.1525662
9.1166185
7.7117491
7.9477613
12.738947
8.7820297
8.0694645
8.3453044
7.3492362
7.4895653
7.8506848
8.5498182
11.08494
7.8992839
7.4697652
7.7955152
7.4893114
8.446863
8.8354919
8.0264119
16.063395
7.9080098
7.7651341
8.0351565
9.981546
7.6067712
8.5458768
8.2633434
7.4911932
9.7477785
8.3322356
15.23739
9.6932526
7.3634921
8.7251398
8.1341115
9.0717788
10.100819
8.098933
8.8635169
7.4657689
7.6060951
7.9283127
8.1226602
8.014277
7.7358296
8.1823306
7.7792728
7.834586
8.792563
7.7114811
8.2289834
12.870209
8.10603
7.6935789
7.6324432
10.483945
7.5260501
8.339961
9.5810627
7.9987588
8.6318439
9.8314724
10.253633
7.5991042
8.0253378
13.945888
7.3647184
7.9605796
8.5422803
8.1173039
7.6540395
9.0396516
10.929472
7.8352052
9.7103276
7.667025
7.626211
8.1225868
7.342915
7.9206155
7.7197188
8.1696191
7.6950024
9.4669992
9.7338554
8.261679
14.755268
7.4222943
11.389079
7.8670401
9.3625807
9.7501088
7.7176492
8.7105963
8.4752162
12.924198
7.9254668
7.2719125
8.1842175
7.4282889
8.0819152
9.8395254
11.569749
8.58503
7.8322398
7.5372719
9.6102474
8.0831912
10.330375
8.0218963
10.728564
8.4308243
7.5103938
7.4424457
8.468753
7.729622
7.5372719
7.753669
8.7515513
9.8264515
9.0405807
8.7632259
8.0253674
7.439857
7.9941862
9.4768882
8.5487229
7.4223882
7.9816251
7.6907757
7.3905859
14.776161
8.0196658
7.3660828
7.4857723
8.082996
8.4757541
10.681487
7.3926406
9.8710327
8.7565101
10.302409
8.3064485
7.5102557
7.6613209
7.7742187
8.6660469
8.7176388
8.245216
8.1089473
7.4685969
12.928228
8.8819707
7.943897
12.906475
7.3909287
9.1618229
7.7253569
7.9440885
7.3735954
9.1180745
7.9408865
7.400719
7.8930894
13.02304
7.393181
8.0386382
8.3470116
7.925097
8.5069249
8.386761
7.5581228
8.7029391
8.1647941
8.1173099
9.2892477
10.421595
8.9943997
7.4151775
8.2147777
76.961337
7.4758777
8.5223989
8.5060552
7.8663052
9.9236473
7.3614912
7.5610778
7.5968712
8.3122735
7.7799699
7.3528249
8.0602141
7.3489625
11.55947
7.5833286
8.3640281
7.6449821
8.5212665
9.7175664
8.0356946
27.182572
7.4665138
7.6426188
8.6175437
7.6338207
9.0546289
7.7274896
7.8575553
8.3567175
8.3255583
7.3754751
10.885939
7.510128
7.3614015
8.0706416
7.965783
8.3856954
7.721644
8.2497037
7.6245239
11.760136
9.6796026
7.3338463
8.8550802
7.3424352
8.3877432
10.671344
8.5768396
7.3663352
7.6124696
7.3484739
7.628178
7.5190867
8.8714788
8.6018363
7.589443
7.5810927
8.8349985
8.4376081
8.3664677
7.3506128
7.5093801
9.5915488
8.2837549
7.3519447
10.344572
7.3472673
8.68272
9.6382564
7.8741005
9.2581824
7.424554
8.2249164
9.9506704
14.836656
8.1426816
7.3511962
7.4073913
8.4340167
9.9953934
10.711243
7.4445724
8.4443006
7.9591249
10.696602
8.5735369
8.5277687
7.9508157
7.5379885
15.29437
7.6132685
8.2087644
7.3816614
7.3980893
7.6899727
7.4561111
8.2873053
7.7644381
11.054984
7.7821677
10.760007
8.3670869
9.569496
7.9743919
7.5262345
7.4043145
14.768282
9.7876477
7.3524799
7.6203658
7.9664462
8.5798187
7.3457516
7.7038278
7.5101245
7.3471128
7.4854126
7.6989265
12.42095
7.8594124
7.3484739
7.3489276
7.3874135
7.7502581
8.221622
8.7834678
10.653738
8.790906
7.4832823
12.166207
7.3510476
7.8887746
7.7298224
8.0257099
8.3585497
7.7071601
7.4480167
9.5551861
7.3480202
7.349835
9.9342942
8.5565611
7.4927882
7.7565006
17.025076
17.661335
9.7390632
8.5792468
9.4027083
9.6762709
10.422274
10.268176
7.34825
8.2121313
8.053829
9.0206562
7.667363
9.926847
7.5807984
9.9299795
7.7849889
7.4838158
8.2483449
7.349426
8.8816229
7.9070289
8.3819443
7.6214016
7.5391342
8.6848249
7.6326688
7.6281483
8.2741828
7.6304074
7.710029
7.8132451
8.9062206
7.4914085
15.032764
12.092066
9.1669319
8.8028286
7.7288652
10.342013
7.3736652
12.139011
9.6371305
7.8589663
7.8837283
10.168437
11.643084
7.6422873
7.9025291
10.466001
8.3442223
7.7002732
7.5023563
7.6973688
52.165594
7.6142386
14.90388
8.935136
8.2783209
7.7361709
7.7673025
7.4276657
7.8255967
8.6783585
8.1448252
8.3623333
7.877598
9.0438987
7.6027521
7.7020445
8.6054369
7.8645318
7.6090979
8.1179233
9.1030096
10.184662
7.352887
7.3558028
9.0111878
7.7937971
7.5288367
8.4368637
8.9457712
7.4065445
7.6797785
7.9711114
8.719206
8.3653171
7.3743702
7.4958532
7.7849459
8.2084621
7.4437335
8.3653171
7.8039833
8.0158718
7.8374771
7.5964038
9.6192979
7.7775743
7.6828995
9.7517469
7.746912
9.324508
8.8154364
7.3770119
11.737431
8.4292371
7.6303247
8.0325834
8.3650176
9.3927045
8.287744
7.5273634
13.763174
9.3658514
8.1847686
7.6461606
7.4383331
7.8992073
8.0538504
7.7286424
11.247044
7.4444895
9.1144877
7.3484739
7.7213478
11.486435
7.474028
7.6136939
8.8351851
8.3821909
8.0359681
8.0636579
8.0259869
7.657521
8.2983985
9.0955663
7.9589497
7.4728695
10.237343
8.0354714
7.4611017
7.6239696
7.3864666
7.6754464
10.59928
7.3497341
8.1559307
9.2567588
7.6311736
9.3666326
7.3524145
9.5199807
8.563842
10.3175
7.5589009
7.7020024
7.9175294
7.8866036
7.3864248
8.1180744
9.1034476
10.412802
11.336666
7.7377481
7.9112098
9.553314
10.324591
8.1074978
8.7619696
10.365766
9.869044
7.4172309
10.020311
9.9366637
7.7472479
7.8105493
7.3484739
8.0655012
7.9291031
12.349505
7.4510781
7.7182509
7.766214
17.824603
8.264105
8.5107208
7.824546
8.4034634
7.5159395
8.5206547
7.4584565
7.5824932
7.7717845
7.3844948
12.211658
9.3107753
13.328179
8.4119429
7.545112
7.3573273
8.9823225
7.3881898
7.7596609
7.4723483
7.7050382
8.2854225
8.4383887
7.3253195
8.2129405
7.4551341
7.6774741
7.6676696
7.6542357
9.0361757
9.142873
7.396057
11.198454
8.604584
7.5096837
7.7339217
11.422798
7.9092871
7.5778791
8.7363765
9.1703684
12.130854
8.8802668
8.4288335
13.100359
8.6466825
9.2892683
7.9064846
22.469224
9.5111197
10.020597
8.2296997
8.0842939
7.9054001
7.8884515
8.9821134
8.1671871
10.952963
8.692078
9.0418341
7.6525855
8.6753334
12.957024
8.0784112
8.8462883
24.241409
14.059133
7.654832
7.7638477
8.8753297
8.0244616
7.6137359
7.6340071
7.4391957
7.9527819
8.2854879
10.689139
7.7635416
7.7608605
8.2192844
8.4232676
8.4733802
8.1589494
10.443717
9.4905608
8.5918836
7.9304607
8.2085893
9.2711804
11.378095
8.302384
8.5600355
7.7131095
10.864706
7.8973323
9.9418184
7.3475665
12.731374
8.0558724
7.3920432
10.778898
8.0694883
8.7659999
9.3934239
7.4987572
7.8919265
7.9332902
8.8256406
7.5271043
7.5746548
8.1195846
7.4165234
8.2872718
11.543056
7.4897479
8.2103877
8.8891098
8.269396
7.9268103
7.8073488
7.7355454
7.4854701
8.7105641
9.7157219
7.8028331
9.5220899
11.666191
7.7900569
8.511714
7.3758353
7.4338175
7.455531
9.1027189
8.4768593
7.364685
7.39784
8.3298806
7.7197934
7.7912884
7.6924708
8.3046467
8.2708711
7.3616055
8.8285276
8.5465737
8.5278379
7.8604876
8.4587196
7.5185916
7.3611873
7.4573562
7.9273003
7.7153766
9.1069693
7.351156
9.4189784
8.0238265
9.6235263
7.3948905
7.3746181
7.7994484
8.8214163
7.4869888
7.7879246
7.7396385
7.770257
7.3914754
7.8263254
8.168626
7.414697
7.3561192
14.969364
7.3458649
7.3746727
7.3544609
7.3498482
7.3516649
9.5575227
7.363811
7.5079972
7.6645888
8.3774094
7.4688591
7.3386846
7.3624376
8.0384103
7.3813649
7.6885415
7.6214172
7.4626405
7.7414716
8.1189078
7.4315132
15.502139
7.3756016
9.4659085
14.986663
8.6915849
10.061756
8.4216857
8.8157868
8.9095928
7.3697692
11.899176
8.8009453
8.9854261
7.5302063
7.718591
7.7922853
7.967523
8.7105464
7.8797044
10.384388
7.465398
9.9888807
7.4200835
14.256006
9.3111304
9.5183884
7.847428
7.8057711
14.479052
9.0267188
7.6111878
8.2500328
8.0423235
9.4177435
7.7892999
10.737077
7.4138124
7.887774
8.2467251
8.2295169
7.4964171
8.3823756
7.4127762
8.026082
7.7776188
7.9205251
7.6986632
8.3565925
7.7142167
12.224224
7.7086692
7.7827218
8.2549863
9.1980703
8.6660176
8.6724448
8.1935764
9.2047954
7.6640353
8.6830568
8.5017689
7.899958
10.250717
8.3646555
7.9266929
8.0056683
7.8969697
7.4236973
10.720797
8.0903703
7.780005
7.954481
7.375444
7.4910815
8.1387379
7.8512874
8.1713479
8.2829884
8.4666875
7.7047663
7.9989386
8.5186285
7.8014074
7.654505
7.8843317
8.4485477
8.062319
7.3633573
8.0575115
8.3379077
7.8599449
7.3498779
7.5396093
7.9690332
7.9382366
10.248424
8.1147613
8.0330522
7.3895509
7.4368604
7.6679443
8.0396329
7.390382
8.7446402
7.4275883
10.722909
10.273948
7.8880166
7.4692023
8.6975644
8.1160944
7.9115588
7.363306
7.6782154
8.2397083
7.7729704
7.8759735
10.991314
8.008945
8.4213848
7.4681808
7.5739283
11.599783
7.4803624
11.534125
10.000526
7.352651
8.3214898
7.8919758
8.1845617
8.3718143
8.1148114
7.4107267
7.9639435
10.297082
7.5639872
8.1147419
7.454018
7.42893
7.7727197
10.710605
10.291056
7.9481857
8.4989244
7.663653
7.3484739
8.3674071
8.12347
10.35717
7.4695392
8.1596713
8.6524143
8.7408874
8.4101313
8.5269004
8.3898659
7.6499908
9.3285996
7.4774188
12.309017
8.5891779
7.532448
7.344122
8.4743129
7.7814361
10.005298
8.0907907
10.242192
7.7730193
7.8249978
7.6998846
7.9147941
7.3424409
7.4119992
9.2754202
7.5567854
7.8819427
7.7450828
9.4126581
7.5027407
7.8204908
11.697735
8.0935706
8.5809112
7.3810869
7.3914754
7.4941489
8.2292026
7.8476991
8.008535
7.8094507
8.6020701
7.3484739
9.565885
7.6649613
7.6329652
7.8147913
7.5041199
8.3229736
7.345542
9.0772213
14.923426
7.461009
7.9613931
9.0381516
7.5432464
7.9827743
9.0069166
7.3518444
7.3484739
7.9756959
9.8233626
9.4286012
8.3907351
8.4411609
7.9803451
7.7461635
7.7193749
7.6277075
7.4991613
7.5346682
8.0005859
10.105281
7.512868
7.4716297
15.921475
7.4319307
8.4203611
7.4084824
8.1662768
8.1860072
10.269693
7.6292326
7.3422779
10.059629
15.040807
8.8720899
7.4889844
8.8614345
8.4037629
8.4035259
7.4185838
7.5505622
8.2196727
7.760398
7.3721757
8.7424681
8.1925551
7.7331254
9.9637368
9.4184306
7.5310633
7.7093253
7.8714842
8.8310278
7.6693722
8.0937482
8.5568998
9.2468961
7.3532982
7.7227537
12.476619
7.770529
8.2042476
7.8150448
8.1198654
7.4858852
7.9308806
8.1680041
7.395548
8.7948237
10.38168
11.361252
7.534107
7.8509223
8.0407224
8.7459721
7.9865305
8.3209148
7.655818
7.9546432
7.7749765
7.9179237
7.5924783
7.3928365
7.3923828
7.3484739
7.4700023
7.4123726
8.1370173
11.208288
9.1737282
9.8787286
7.647703
8.0757296
8.0943967
7.7837926
33.097835
7.4731223
9.0484023
7.7586044
8.97103
9.2099237
9.1605614
8.4213518
7.9037846
9.5981059
7.5444934
7.3671649
9.7845376
8.609537
7.6609269
8.8368549
8.2307374
7.6346339
11.253513
10.290505
7.3267095
8.310636
11.339846
9.297671
9.6799489
8.7800682
7.9933619
7.4118683
8.5183275
7.9814028
8.2678259
7.5906687
7.6822971
8.7769903
9.3491357
14.328243
7.5988912
8.1762491
7.7556836
7.6192804
8.6168339
14.752828
9.577788
7.2561655
7.377212
13.833023
7.5770869
7.8771948
9.0721623
8.207172
8.1276256
11.2031
7.7432528
7.9668046
7.5816358
7.4637076
8.0695122
8.829806
8.6506759
8.0228791
7.6331899
7.682454
7.4710079
8.7238028
8.1493105
7.7528116
7.4378448
7.4346276
10.042011
10.110927
7.7673768
7.4379586
10.767392
8.6566612
8.0244937
20.416413
7.4633799
7.8314501
7.9906863
45.605038
7.6190468
7.6097169
8.2145798
11.167828
7.346659
