8.1540478
7.4001038
9.7749408
14.940703
9.0559858
7.340645
8.6162542
7.898762
7.5022325
7.4987086
8.0162197
7.412803
8.5217282
7.5277744
8.6172844
8.2479167
7.6307371
7.896083
7.4768144
7.3635251
7.7206623
7.6473767
8.6987223
9.5581778
7.7432607
7.4421664
12.828327
8.8425217
9.0209892
15.364889
8.4032328
7.7398305
7.5752885
7.9314302
7.7934458
8.4214871
14.977818
8.5075348
7.6737707
7.7672407
13.525578
7.4369162
8.1420767
8.3817952
7.9981029
8.3037745
10.705412
7.6192543
8.2291559
8.9983603
8.1621173
9.9970526
9.1472695
9.7444456
10.769939
7.3493214
8.5144537
9.5142007
7.8637656
8.0600867
10.277134
7.7408637
8.2333697
7.4850287
8.2936562
8.492147
8.032491
12.324494
7.482078
7.657913
12.052526
7.3632664
10.097489
8.7642787
8.8565292
7.5294256
7.4699732
7.4298223
7.4465896
7.7300352
7.6542656
8.5167425
9.4054552
8.0099633
8.7532095
9.644058
11.299997
8.5672466
7.3484739
9.4525117
9.4310353
7.5910568
14.48573
7.3563787
7.4629774
7.4149648
7.6396008
8.1202638
7.4009615
10.060054
7.7831709
8.0429858
8.3121433
10.655802
9.6543712
8.8029649
7.3484739
9.4540526
9.0663868
7.7250892
8.4359159
7.4191698
7.4246868
14.592359
8.1446213
8.5655561
17.090153
11.284499
7.5045726
7.4703457
13.035764
8.5053943
7.5590108
7.9050257
8.7947464
7.7703556
7.4835469
9.55931
7.5007581
8.4118052
8.4455251
8.3204708
8.6082799
11.32236
7.7508315
7.6431135
7.5659071
9.2760696
7.5487983
7.8936998
14.273122
9.3900569
8.6111251
8.3801746
10.274578
7.5956051
8.1096673
8.9167985
7.3752443
8.4478981
7.5685412
7.3548564
8.2949258
8.6712755
7.5013251
8.3345379
7.4289511
8.2220627
7.5055332
7.5953383
9.7084263
7.7629452
7.3734467
8.6808971
12.122048
8.1975577
8.6905482
8.6076792
7.7412421
7.4576322
9.1892726
7.7608542
7.6327665
9.1535713
7.7723802
9.4349541
7.7217207
8.1643181
7.9835117
11.249199
10.621709
10.743999
7.4105903
7.574068
8.9082643
7.6270767
8.3025406
7.3484739
7.8972248
7.6242095
7.4656405
7.9015324
7.8838159
10.106994
8.424896
7.5695099
11.966098
7.4702037
9.2180782
11.706438
9.9781354
7.3548239
8.8681619
7.4208101
8.0698871
9.0954772
8.9223795
8.3947386
8.2199853
11.282009
7.4958673
8.6586799
7.9085841
7.621943
10.103836
7.8163669
7.4454187
16.271592
9.9323099
8.7779691
10.003727
8.7190785
8.3893766
7.6068582
8.1180268
15.029553
8.3999962
8.7517179
8.4688256
9.36291
8.2065234
8.6620444
7.3545681
7.3765347
7.6491336
7.6808535
7.8141462
7.7561958
8.1018016
7.3495888
7.7433318
8.5949469
7.8472746
8.1052528
10.781126
7.4037004
8.8187768
8.2840332
14.261732
9.2599733
7.8525085
7.7961412
8.459946
7.6649557
7.670616
7.7660438
8.6367791
7.9387596
7.4477224
8.4695173
7.3560024
8.4198803
10.607688
7.940107
11.043318
8.817252
9.9124878
34.677763
8.6435486
9.389258
11.777548
15.272716
9.129873
7.4360224
7.7939456
7.5738232
9.6911184
7.8911004
7.3457258
7.4717521
8.1477988
15.709626
8.6677708
7.3526442
9.1031933
7.4712181
7.7776118
9.094492
7.3636081
9.7859582
9.7142394
7.4854151
9.8656208
7.7684171
7.5491789
8.1721195
8.2417539
7.5970615
9.3151267
7.6062143
7.6816705
7.8044323
8.1386117
8.0308662
7.5299471
10.117917
13.351722
7.3731014
9.0470585
7.5699105
8.2090504
7.982893
8.9575633
13.724815
7.6019612
7.7520783
11.996052
8.1826697
7.3654058
11.797754
7.5287482
7.4026398
7.4508883
12.294564
7.4394593
7.7984806
7.3484739
7.500002
7.5100869
7.9305068
7.6512485
8.5807774
10.104173
7.3326799
7.8730474
7.4824598
7.4747309
8.3184328
9.0746226
7.9415214
10.926518
8.1634049
7.6863777
7.5932803
8.3999496
7.4094524
7.4001316
7.6906302
10.814074
7.884142
8.1300922
10.39372
7.8606596
7.4660308
8.447644
8.5876062
9.0177368
7.5607306
8.7216453
7.6283745
7.7767235
8.4020865
8.4901785
7.4586195
8.7908029
7.3175729
8.1390596
7.8486195
7.5093476
7.4162909
7.8605113
7.3502829
7.7413601
8.4646916
21.118917
7.6254596
8.4985746
7.640943
10.638311
7.6041102
8.0583157
7.4673716
7.9504508
7.984736
11.850472
8.2540325
7.5029503
8.9300338
11.72855
7.3524378
7.5946675
8.7206669
9.477685
8.5360637
8.0248534
7.5056994
8.1518711
8.4874029
7.7904286
7.6057161
7.6508682
7.7929303
7.5178108
9.280282
7.6638766
7.7717795
8.8123561
7.397546
9.5524859
7.6994952
8.1534701
10.108153
8.0610226
8.3342495
8.5745126
7.3780263
7.8164463
8.6440769
7.7124363
7.6484069
9.9285738
9.725438
7.7034739
7.8161702
8.2619555
9.1276729
7.3625376
9.1483679
7.9009277
7.5613176
8.8808048
9.0936911
7.6852925
10.66397
8.2348078
7.3491159
8.3758606
9.0543993
7.4774115
8.0856077
12.259445
8.2938943
7.7760822
7.6409795
11.76684
9.1295001
8.5005276
8.7511933
7.5124452
9.6558336
8.1701772
7.8998582
7.5878711
8.4577706
7.349835
9.8975387
7.8581712
7.5548671
9.3528286
7.762188
7.3978301
11.941062
10.763664
9.0371522
9.5842116
9.5010393
8.9765606
8.6688263
8.5113099
8.1120603
8.9946239
7.3847782
7.7016862
8.8667469
7.3484739
7.6806913
10.957303
7.6413336
11.286626
8.1033542
8.052767
7.3491622
9.1665995
8.808703
7.5428047
8.818422
7.5819392
8.4837239
8.0943783
7.3855112
7.769937
8.1157671
10.55426
7.4186436
7.6094939
7.4225718
7.8195723
8.5798491
7.9404416
9.0592498
7.6245084
8.5233228
8.4259054
7.6694777
9.0015381
7.6090178
7.955723
7.385253
7.9203568
7.7445554
7.9202594
8.7776262
7.3687984
8.1690805
7.3492823
7.5540514
8.6013285
8.0625982
8.0874398
7.7265326
7.9471757
7.8681285
9.6196663
7.3760276
8.8693071
8.6891123
10.58546
7.553286
7.3489276
8.9941056
8.2173355
7.9728828
8.4730881
7.35138
8.6248981
8.0096904
10.187138
8.8475684
7.4894058
7.868693
8.1856664
10.655871
7.7059047
8.3347963
7.6777846
9.1838713
7.7270877
7.9119373
8.510704
7.9585637
8.1570279
7.5331233
8.5937941
7.3489276
8.4288128
7.5222908
10.647727
7.4372638
7.357786
7.3783719
7.6659062
7.6060606
8.8913299
8.1591822
7.7193789
9.953056
7.7614596
10.361687
7.7841977
7.3600774
8.0732411
8.9305815
9.2201546
7.6577138
7.4807554
8.238119
13.69465
11.690001
12.284061
7.6418127
7.95371
7.4616557
9.4810089
7.4986144
8.2732974
8.6435052
10.934461
11.954093
10.060546
8.6095731
8.4820298
9.7183597
7.3819809
8.3422061
8.9518518
8.1094424
8.5086931
7.3498433
8.9760335
7.3530583
7.3655091
7.761149
7.4281935
7.5258777
8.9865559
7.7681756
8.1096139
7.3915188
8.9929335
8.0513212
8.0077854
7.8541799
7.7379099
8.5520444
7.3429175
7.3613491
8.324658
7.4698104
7.3484739
7.5897094
10.667187
9.5055023
9.0679253
7.6047887
7.4388904
9.6680884
8.2575783
10.378672
7.5949514
10.069154
7.3880797
7.8632931
7.5282945
8.0618149
8.0215686
11.773261
7.9394346
20.327476
8.8915418
7.8490643
8.2924752
7.5422363
7.8332453
9.2946234
7.3749121
8.1398895
12.261714
7.9362833
7.5019457
7.5137228
8.0460595
7.3895608
7.4035418
7.6983593
7.7348325
7.3739377
8.4542831
7.5448941
7.5183093
7.8228412
7.3543554
8.8820986
11.0152
7.3720483
8.2417166
10.30473
7.3707236
8.9436917
7.7142889
7.7034418
7.6436027
7.6245676
7.3708465
10.409347
7.8534076
7.4261785
7.7971277
7.687483
7.4226265
9.092933
7.7835407
7.6263292
10.014049
7.345479
7.743569
7.268909
10.903574
9.5337554
7.8161351
8.4769257
7.9242076
7.6082129
7.7863575
7.7592279
7.5082981
7.3862435
12.147592
7.3807423
8.0796189
8.6928889
8.1728303
7.8317717
7.766734
9.4869929
7.8735906
9.1586815
7.7140812
7.968418
11.703678
11.412339
7.460994
8.0392369
8.6565902
7.4398764
8.592025
9.9903856
7.5482378
7.7588009
7.7074192
9.0308085
9.9109705
7.3412565
7.8169934
9.8271388
7.5394681
7.3619449
9.4955128
7.751008
7.7890712
7.8609556
8.8278656
9.2002329
7.7838673
9.298438
7.3378261
7.8844005
7.58389
9.4360263
11.031124
8.1994514
8.1602017
7.349835
7.8280945
7.3467734
7.4478177
7.689294
8.2228555
7.5694713
7.4131535
7.6899836
7.9766249
7.8951098
7.3783741
7.782766
12.406387
8.0704884
7.5118699
7.5237413
10.670656
7.4575078
8.1615627
9.1903446
7.3606791
7.3451506
7.6908834
7.5874026
8.3184135
7.5539505
9.1822316
8.602959
10.841342
8.3146035
7.3785463
8.0332725
7.8754643
8.7718634
7.7702809
7.7431002
7.3702511
7.7767967
9.4535523
11.495293
7.7783793
8.355915
8.6316755
7.600779
7.4766162
8.0719398
7.8747161
7.9249016
8.9892929
8.8764698
7.743479
7.3907611
7.3910957
12.691031
8.4214482
10.692953
7.7356223
7.4345511
8.9394305
7.6194626
8.5260168
7.6759343
9.9870339
7.9701069
7.3541796
8.164253
7.7559803
9.173129
7.8441795
7.4143564
9.590325
7.3727301
8.0607042
10.309479
7.5803623
9.4341218
8.8838858
9.4757275
11.314611
7.3607242
10.287017
8.9700919
8.2906141
9.3799844
8.2279232
9.1104542
7.3480202
9.4153347
8.4738343
7.506922
9.0517006
8.0835435
8.7127839
7.6705411
7.726405
7.8346906
8.3386201
8.8371207
8.5507942
8.6750524
7.7917037
7.6685098
7.5895691
8.8629507
11.470716
13.611469
8.5230632
7.5481611
8.2726852
7.7014848
9.6655989
7.7836037
11.938311
7.4564755
22.811581
7.7233063
8.0225626
7.3648186
7.804787
7.898293
7.8998296
7.3932271
7.8176867
7.3376901
8.0687254
9.1336561
15.016603
10.396754
8.0119608
7.9197144
7.6863889
8.3015515
7.416162
8.7344392
8.1432049
7.4845022
7.5648783
8.4505868
7.9458009
7.3475665
7.7784286
7.8376955
7.8811128
8.0790167
12.555966
7.3509374
8.5490592
7.3484739
7.8656517
24.150978
7.8055163
7.3751406
7.8926322
7.7330463
7.3446544
7.7848947
8.5905477
7.4084578
9.809767
7.8825183
7.7245744
7.8381228
7.3623318
8.4918154
11.064826
10.05174
8.8540322
7.3941767
7.6074312
7.4190572
9.3617791
8.0574298
8.6960089
8.7682978
7.4677172
7.7225572
7.5521074
7.4424059
7.6284551
8.190373
7.3975081
8.0395846
7.4851422
7.992044
7.3711573
7.9488715
8.7327915
17.946426
9.68772
7.4760862
9.5822572
8.8824987
8.1393769
8.6449006
8.4281774
9.2574974
7.0377444
7.9325063
8.2297334
7.3790278
8.4541422
7.8218049
9.1109276
8.8874474
7.4794922
10.37259
7.9315153
8.6039641
9.8575237
9.6047466
7.369666
7.7174862
9.3382538
7.3461668
7.6674636
8.2656234
7.668842
9.7238405
8.7566379
8.4102255
7.3694767
7.5951656
7.9687779
7.8539664
7.71749
7.8649256
7.8276119
8.9875439
8.264347
23.894143
8.5026837
7.990899
9.2505607
8.5051973
11.326172
7.4340181
7.6036511
7.3601645
10.39341
15.743644
8.2299454
7.3976086
7.6993378
7.9983599
11.771628
7.8934055
11.304189
8.4266706
7.9259646
8.1684874
7.5007313
7.5120347
8.2836962
7.3767495
7.4105008
8.0509449
7.6939741
7.6592189
9.3023337
8.4592439
9.5877584
8.0135828
11.404654
9.1416533
7.8196891
7.349835
7.355059
7.7164635
8.8925387
7.3752237
7.9550363
7.7712341
8.0571442
7.6294712
7.6652784
7.3542115
7.3841804
9.2732737
9.0975814
7.3689072
12.708094
13.267534
8.2013472
7.8747646
10.128155
7.3397116
8.4347105
8.4329607
10.783978
7.9978744
8.2154285
7.4396746
7.3714898
7.4049236
8.5028607
8.4805801
8.506633
8.1782793
8.8100378
8.2403001
9.4376495
7.6531221
7.3592511
19.764465
7.4768636
10.992722
7.3585429
8.0983218
9.0605053
7.7617728
7.4466802
7.3616713
7.5438715
7.4255784
8.163048
8.9038868
7.8344984
7.7561937
8.5049417
7.9370841
8.344958
8.2133848
9.6270796
7.3478022
11.722692
11.810524
7.6470411
7.7223557
8.2160478
8.369717
7.9578055
8.4243409
7.6996596
7.4175737
8.0384558
7.5674726
7.5668137
7.5333335
7.3446544
9.822753
7.6849451
7.9368636
7.2743452
7.3510772
8.3090588
9.3011078
7.8165393
11.426935
7.9342148
12.759889
8.0668906
11.461716
11.221515
10.611305
7.7456921
7.4434253
7.7590922
7.7329595
12.447302
7.4104593
9.9484153
7.9885602
7.5443421
11.724091
7.3640639
8.4220721
8.441879
7.6429355
8.8433025
11.321386
7.8251033
7.5930227
7.6245186
7.9135322
7.727203
8.1797162
18.884385
8.504933
7.5444301
7.469115
10.534982
8.1608695
10.073775
7.3484739
7.5058154
8.3970849
7.3497391
7.7937168
7.4690659
7.9429411
8.8456664
7.4902528
9.5548596
7.5403615
7.4713514
8.1527166
11.474642
14.640872
7.3631865
16.396644
7.6885679
7.3600286
7.7972478
8.8079469
9.456057
7.7035941
7.7941531
7.8141382
7.6158998
7.9072552
7.5966927
7.8283349
7.5771414
7.4482238
8.9490789
7.6164033
7.343344
7.8869615
8.7259598
7.9022074
7.3407163
9.3310269
8.7060226
8.5705418
7.4278185
7.7694566
7.36746
7.3596312
8.2918207
9.816822
9.5125176
7.3484739
7.3755791
7.8935167
8.3250442
8.8184909
7.3484739
9.5979183
7.5485176
9.1052146
9.2134562
7.2875049
7.6702807
7.9157333
8.546318
7.388554
8.0006438
7.4763681
8.4142668
7.7378623
7.647778
8.5348681
10.152083
7.3484739
7.9274887
7.6716914
7.6725253
7.4013423
8.4804056
7.8033748
7.8953482
8.313479
11.603682
7.5905733
9.6424552
7.3779182
7.6954639
9.7857245
8.8130838
15.06156
7.4733176
7.5745446
7.3489276
8.5189756
10.294944
8.5189263
8.4727646
7.7315227
10.802135
11.427319
7.4818081
7.5272907
8.755708
9.958417
7.3391019
9.8416804
7.3575136
7.6402565
7.6208457
9.5427656
8.0147673
9.398966
10.274254
11.068507
7.8603558
8.0149231
8.4127576
7.4098657
7.8683242
8.1629668
7.4481634
9.0407018
10.522432
7.374446
7.8176536
10.996486
9.255587
8.6317475
10.387597
8.3930799
7.5344194
7.5904859
8.4699436
10.421864
7.3489302
8.2153752
7.7224402
7.8781877
8.0143976
7.4552972
7.3524654
7.3489276
8.0815395
11.81572
7.7949248
14.466896
8.2786722
7.7745958
7.6973439
7.4289474
7.613822
7.3525543
9.4426005
8.0604502
10.132296
8.1030896
7.6889705
7.3516499
7.5700949
7.6346348
9.4810829
7.5614314
9.178888
8.225762
7.8012997
7.8140531
8.6623378
8.1668143
7.6764918
11.505206
7.5425881
7.4405824
7.5037193
8.9437885
9.350975
7.3480202
7.5637912
8.0714982
7.5817549
7.7398823
7.487846
7.7344182
14.511109
7.4188001
9.569182
7.9821124
9.4020513
8.0507428
8.2622246
8.0511782
7.9572334
7.8358199
7.8488356
7.9098129
7.4644903
10.809008
7.6976597
8.3824257
8.6509344
8.491886
7.3492234
8.9690799
7.6755912
7.7665887
7.6556899
8.486137
7.374814
7.7248121
7.5565328
7.3884759
8.1381462
7.411271
8.209975
12.105311
9.9839628
8.1201665
7.6313217
7.6788197
7.3479566
10.612507
7.9531958
7.388816
18.65492
10.861089
7.8521925
7.3230534
8.006262
12.400195
7.8682261
7.7274118
9.8694493
11.155318
7.398385
10.234431
8.2681618
7.5974584
7.3649577
8.0437183
9.636868
8.9232187
7.3970165
9.4657103
7.4085244
7.754794
8.1473647
8.5707877
8.4424754
7.5792491
11.09331
8.3925313
8.0475734
8.3160583
8.0530264
8.1584437
7.4393091
8.0065394
8.1733455
7.5596543
7.6262971
7.4879049
8.1408475
7.4389663
9.8560728
8.8072659
8.331593
11.004906
8.2371463
7.6994926
7.6831992
10.895308
9.7105462
8.796576
12.322813
9.5093217
14.310828
7.3866866
7.4058895
7.8643362
7.568384
10.485052
7.3694344
7.4229333
7.4068947
7.9842785
9.1988116
7.3215261
11.104975
8.5081754
7.6744733
9.178619
7.616497
8.4813306
7.346257
9.6393371
7.9663934
7.3862214
7.8382369
7.4715599
15.562598
7.708192
8.1519021
8.0478762
7.8805877
7.9582941
8.5807417
7.5085236
7.4167206
10.808846
7.5631701
8.4250724
7.3507146
7.688883
17.895293
8.6482077
8.9327533
7.3484739
7.9853614
8.4412417
8.8006653
7.619664
8.2427502
7.8185208
7.4000296
8.1241084
8.189186
7.8732679
7.34549
10.115348
7.8473472
8.397589
7.3901238
8.3708287
7.363811
8.8274803
7.8600809
7.3484739
11.809658
7.3484739
8.9665821
7.3502888
7.9581134
7.3484739
8.3617701
15.823036
8.6667249
7.9862055
8.4351725
7.7813787
8.5704467
11.357859
15.944604
7.7780035
7.9313533
7.5639455
7.6303401
7.8478538
7.3878342
8.2723314
7.3606443
7.9155361
7.7065226
7.5553309
8.6138261
7.7690962
9.363537
7.349835
14.2308
10.367453
8.268898
7.3580189
7.5804779
7.3979284
8.239524
7.5384758
7.4152554
8.2134433
8.8552692
9.6733065
8.1456973
7.484972
7.4770568
7.5469226
8.0903342
11.259419
7.4924476
7.6390091
9.1153372
9.8149092
7.340606
8.3477216
8.0514897
7.729331
7.3493199
7.7824635
7.3928163
8.5174602
10.228516
9.1318046
7.3484739
7.9466258
7.6484632
9.3088461
8.5085601
7.4197854
7.5449463
12.976044
11.606295
7.7134728
9.6950894
7.5703825
7.7312667
7.9582414
7.4234134
8.1633738
7.8347789
7.7056307
8.1070535
9.9599351
7.9870654
10.698001
11.559829
7.9826564
8.3377288
7.6299144
8.0895719
8.7437351
8.4693551
8.6737795
8.5813213
8.0988476
11.901222
7.7228779
8.0799445
7.7836695
7.3479295
11.91559
7.6172373
8.2417747
7.8992445
7.5749135
7.734881
7.9901037
7.7718939
10.108603
7.63829
7.3366279
8.0931107
9.2574312
7.3837029
7.8709617
7.3493116
7.4764501
8.6160339
10.897375
7.4313069
7.4466528
13.148421
7.513236
7.7442025
7.4869947
7.5167429
9.1260072
11.156965
8.4950319
7.8510998
7.5424267
7.3706979
7.653121
7.4906824
8.7876768
7.4888864
8.171072
7.6508238
10.472849
7.5094578
20.70614
7.3484739
7.6625094
7.3537954
7.6293854
8.8951449
8.6784555
8.0782425
8.2524421
9.2169115
11.877231
7.3398726
8.2409854
7.3959205
9.3963674
7.5553106
7.809949
7.6144611
7.5771574
10.071943
7.8140366
7.4401287
13.787883
7.397064
7.3590513
7.8344155
7.349835
7.8416639
12.989728
8.5921999
7.4406396
11.496522
7.3449237
8.4819016
7.80515
8.2545641
7.336156
9.3234706
7.4089763
7.8989944
7.9589425
9.2738582
10.131582
7.72994
8.5896002
7.7770303
8.8994233
7.5855898
9.8595642
7.7392681
7.9099118
7.5903951
7.7782915
8.069191
9.8583517
8.5110091
7.6466033
7.6148026
8.8272552
12.424988
8.0421301
7.5383829
7.4644543
11.567246
8.2697462
8.236314
7.7019553
7.639778
7.4343838
8.9014039
8.7331764
7.3484739
7.5292019
7.5729262
8.4017604
7.5092278
7.9478166
7.38856
8.8693778
8.0791545
8.1658838
8.7358153
8.472036
7.9283606
7.6710077
8.0377492
7.630315
7.6055809
7.6159721
7.5750962
7.4516455
11.784379
7.8681285
8.6613045
7.5301093
8.2552405
9.7397426
7.3639157
8.0373972
7.5850234
8.174902
8.4370953
8.2780642
8.1213913
9.8369245
7.7853319
8.0751667
7.8344756
10.791055
7.3853056
7.4631435
10.39921
7.9935486
7.3484739
7.5234847
7.8108125
7.9627419
7.7649814
7.5720367
8.1114216
7.7010065
7.3475066
7.5999535
8.8042618
8.6340575
7.6549218
7.8861978
7.525825
8.4403876
7.3462881
8.906794
8.9345623
7.3484739
7.6648478
7.6038438
7.4287034
7.5904047
9.7451391
7.8340235
8.8317901
9.5560294
8.9913565
8.4755199
8.7138762
7.4352757
9.1319749
8.1170626
8.2825924
7.3769206
8.2025059
7.7366374
8.3009019
7.8353252
8.1626091
8.4740821
7.9214129
8.0904145
11.601572
7.3489387
7.4215825
7.6269344
11.055913
7.6841229
7.7769374
7.3646557
7.8236991
8.3156833
9.4966488
8.7339497
8.1843138
7.6753372
7.4858427
7.6764319
7.67866
7.4719687
7.4014302
7.9814127
7.349835
7.7377027
7.4520081
7.956994
7.4658919
7.8858657
7.986106
8.2921584
7.3484739
8.0141549
7.4544872
7.3519841
9.2785047
7.3484739
9.4010157
7.6906676
7.3484739
7.9473249
7.4787531
7.4067998
7.4308824
8.0914793
8.0665248
7.8221127
8.1249426
7.89028
7.3646277
9.8779773
7.3484739
9.9397781
7.6004748
7.8007158
7.5819048
8.0317047
8.9879278
8.3207804
10.468375
7.3931942
7.4763143
7.6728502
8.5023207
7.3489276
7.7035169
7.6777184
8.5807945
7.6391533
10.277586
7.6576181
10.49824
11.797291
9.1404776
8.8257374
8.4948217
9.6446971
7.8886404
7.7208812
7.552643
7.543496
8.0939762
10.144248
8.4678881
7.4351212
8.7533996
7.6285515
7.5561396
7.4145002
8.2109225
7.4715028
12.070406
8.1041779
7.6369811
7.7359908
7.7303541
9.9384371
8.284928
14.013349
7.3494108
7.659062
8.157296
11.533835
8.350085
7.3507066
8.8299858
7.4725987
7.3468717
9.4826658
7.3631129
9.0570888
7.3504086
7.6305246
7.5739387
9.0243871
8.1718105
8.2355869
7.5292649
7.6728069
7.3484739
7.515214
7.6394613
8.6044314
7.5770142
8.5060355
13.197699
7.5217504
7.4727827
19.31417
8.7217841
8.5186793
7.6149386
7.515636
7.380425
7.4770866
7.4152919
7.4338708
9.1117822
7.3701964
7.9880166
10.52952
16.598257
14.646124
9.003851
9.5357398
8.1569752
7.5434737
7.3476247
7.3914754
9.3383423
7.5253217
8.2751282
10.409734
7.9653795
9.8267225
9.2537323
7.5549441
8.5619035
7.3974728
7.8064361
8.1196588
7.6874899
7.4844675
7.3503251
10.750957
8.6548092
7.3654893
7.372273
7.9327114
7.3496307
8.7564773
9.36911
9.2594124
10.649972
7.6488017
7.8360726
7.4406043
7.3594571
7.7247106
9.6799673
8.2425292
7.3867321
7.6119556
8.0973189
9.8908303
11.609789
7.6059064
9.262365
7.4542232
8.16758
7.3765292
12.882998
8.4398393
8.0881961
9.2726878
8.9807188
7.8934598
9.7486874
8.172345
7.3721619
7.8046996
8.036233
8.2880938
8.4587221
8.0330968
9.0882682
10.117881
7.349835
8.7639729
7.3395075
12.187434
7.8323914
8.4514909
8.7785105
7.4578774
7.9614821
7.6201407
7.8053507
8.8667113
7.3704328
7.3515429
12.129217
7.5928015
7.8974039
9.2607681
8.9248568
7.3977506
7.7164596
7.3606453
7.7928127
7.3749983
7.840337
9.5429306
10.527975
7.6963448
8.4615322
8.2696224
7.3494033
7.4998789
8.5205515
7.3611674
7.6664545
7.5403337
7.5626092
7.4341485
7.4234614
8.5515297
7.4522751
7.6304793
7.3637597
7.5750892
7.3768928
11.515605
7.9103255
9.3867482
7.5899276
8.224528
7.8752241
7.3671404
8.2193476
8.392907
7.3926946
8.0448233
7.3425466
7.5619798
8.1757085
7.4363208
12.666399
8.5227043
7.8549177
8.7803434
7.347866
7.3484739
9.0610335
7.4574641
7.4645872
8.4926712
7.4828741
7.7931522
7.7384833
7.5682978
7.6212187
7.3803537
7.512995
7.4116101
7.462706
7.6408658
7.3760326
7.6996155
7.9316544
9.132227
7.3484739
7.8907941
7.3799504
12.529482
9.4213753
7.4598498
11.026067
13.927753
8.8995755
8.9794928
11.543587
8.32764
7.5368361
10.333462
7.6772033
7.7256027
7.480033
7.4248513
8.8666859
7.8301526
9.2408482
8.162188
8.8761017
8.4196438
8.6653419
7.3445053
7.3524271
15.406912
7.3484739
7.6562786
8.805541
7.3710728
7.6031421
7.3483677
7.4556325
9.9989039
7.5949804
7.7034261
7.6950766
7.4895224
7.6015111
7.601761
7.6119428
7.434957
7.3935331
10.819665
7.834997
7.7467599
8.87509
9.4576053
8.8673687
7.4441357
7.7289746
11.333327
7.5529512
7.3681985
11.052404
7.3532022
7.3621428
7.6110306
9.7435123
8.9360885
8.7677562
8.3863663
7.9858173
7.4850923
9.4683742
7.4182168
7.4839333
7.6716875
8.1880551
7.908031
7.4173645
7.4410354
7.8179211
7.5697236
8.2862338
7.3736242
9.4390429
7.4628138
8.4274786
7.4840612
9.4964383
8.1472425
10.283693
7.3411432
7.7494557
7.640899
8.0223687
8.1347096
9.212748
8.6765821
10.082035
10.108683
7.3484739
7.3565342
7.2614564
10.720908
7.9444562
10.235478
7.6803592
7.4419435
9.2311542
7.6287629
8.6039521
8.0583458
9.7257221
9.3157586
7.7085287
8.7059655
7.5698064
7.5209611
7.688954
9.9461718
11.677798
7.3379658
7.6246879
9.3336434
10.378498
7.8803473
7.7924148
7.9451822
8.7567162
9.2727594
15.484306
7.8628087
8.7336966
11.582478
8.0486077
7.7236179
7.4924167
7.3420977
10.199334
7.442506
8.0197053
8.2647571
7.7044361
8.3293568
7.866558
8.8314157
8.0886987
7.6114621
7.7019549
8.1847095
8.3631537
8.5035772
7.4271482
7.4610351
8.5042834
10.721928
7.4992317
8.4767405
14.101272
7.5852583
8.6401723
8.3857332
7.4184399
7.7425263
7.3484739
7.7023283
7.9905101
8.8343068
7.3676345
7.7876907
10.281455
7.4515051
8.3264702
13.716871
7.6498094
8.1269307
7.4513631
7.3681351
7.745404
12.394277
7.6573197
8.8517717
9.1049089
7.6550465
7.7082848
7.3596021
9.8451094
12.073647
10.848693
7.4301636
8.2370121
7.6013284
9.4902951
9.604769
10.212744
7.7147725
7.8346156
7.3484739
7.9589197
8.2252108
7.6581633
7.3499276
7.3739043
8.2629215
7.6845004
7.8973105
7.3774644
8.4619655
7.9811472
8.0923508
7.3663958
7.3980545
10.591206
7.4999779
7.6768018
10.039598
7.8005807
7.5417007
7.3521624
8.9587676
9.5673249
7.5560553
7.8766041
7.7574523
7.6696451
9.6312644
7.3791822
9.7782623
7.3484739
8.0247661
7.3347155
7.6412136
8.8344736
8.5716671
7.5963069
7.7430861
7.440675
7.9071596
10.307386
8.4406246
7.3484739
7.3468449
10.043337
7.6538726
8.1991569
8.3092278
7.817737
8.3506011
8.3888747
7.4561381
7.3496082
8.861814
7.3494837
7.3467887
7.718164
10.912867
8.3868255
8.4939974
8.0991975
7.3765897
7.9629517
18.952116
7.348898
7.5241054
10.248127
7.3889596
8.4687954
7.7711252
7.7781132
7.7727826
7.6786797
7.6241478
8.7371369
8.8151286
8.8939426
7.8043753
8.8974879
7.4405824
10.068409
13.476418
7.6013392
8.2566964
9.1816165
7.9373289
7.8741553
7.9389993
7.4876571
8.050148
8.2139317
7.8732094
7.8221634
7.3826769
7.4120891
7.3484739
7.4614505
7.4401287
7.3502888
8.342217
8.5329423
7.682676
7.3484739
8.0808974
7.5630256
7.3619449
7.8970574
9.4118315
7.3533242
7.3484739
10.644269
8.7810024
7.5315131
11.590872
7.7626005
9.8772812
7.5629602
9.8107303
8.286036
7.3514212
7.9804851
7.7193302
7.7109698
7.5236046
8.1089959
7.9187396
7.7260334
7.6722944
7.495087
8.0336232
9.1755691
7.9973543
8.1818039
8.4845052
8.6514222
7.8744866
7.644107
7.7559201
11.693548
8.0301559
8.9066094
7.4984083
9.0305339
7.6917129
7.5847306
8.7125233
8.2709591
7.6857944
7.4512157
7.6000917
7.6557732
91.78748
7.446116
7.6779937
7.6693442
8.0737692
7.4312408
9.3213897
10.566724
8.4426943
8.2135097
7.3480202
7.3416687
13.869856
7.3600553
7.4325595
8.7235362
10.525045
9.4185117
11.11811
7.3578821
8.4810263
7.6898757
7.4353063
7.8219462
8.399033
7.4490183
14.988122
8.9861938
11.611145
7.5532804
7.6367378
9.6767066
8.0270279
7.4262915
8.8985549
8.161899
8.2929748
8.1922835
8.9168872
7.6323947
7.8245135
7.4222276
9.3689788
9.0839006
7.8607206
8.7113452
9.5447546
13.384092
8.4177333
7.480596
8.8178618
7.5807711
8.3932663
9.2428488
7.5176404
8.1862926
11.972449
8.3896716
7.9726425
12.972967
7.8959928
7.7922873
7.6517675
7.2665004
8.3139687
10.214535
7.5036679
8.8201927
8.7868351
7.3933008
7.898753
7.3413744
7.7960779
8.7088365
8.3546139
9.0127436
7.9651941
9.2105435
7.6683834
9.8379031
7.7408026
7.841274
7.3630372
7.3936082
9.5389505
7.4108348
18.207819
8.2757745
7.6400431
7.730362
9.8178971
7.5616313
7.8805874
11.010433
7.9331366
7.547435
9.9245826
7.6488121
8.4774321
7.6892769
9.1485224
7.7247965
17.316051
11.606634
8.4270079
8.2723246
7.6148463
7.75171
7.4497588
9.1795574
7.4688161
7.7150548
10.5026
9.6095491
8.1359508
7.3653445
18.279511
8.0387044
7.5654602
8.8660928
7.9771274
7.3612937
8.0626042
7.5673038
9.023043
7.6567874
8.1160988
9.1969115
7.6843226
8.4255702
11.736307
7.9971889
7.7947331
7.468568
7.4190631
7.880919
9.3396996
8.9182085
7.890952
12.083168
10.89475
7.5192645
8.8836725
7.5259258
8.0140533
11.418149
8.2385922
7.7359323
8.797277
7.3641011
7.4410361
7.6218497
9.9872364
8.3929639
7.8739851
11.350861
7.6549494
7.4699488
13.073842
10.05876
8.4864449
8.554926
9.7292623
7.7953855
8.4013772
7.6102305
7.614879
7.4041596
14.060881
8.0142512
8.4677922
7.6038948
7.3624398
7.3511526
8.7855163
13.685002
7.3484739
7.3484739
8.4186929
7.4747998
8.3265962
7.7049992
8.1231948
8.3651785
7.9670836
7.8173631
7.671899
10.892573
10.008547
7.5805501
8.7665681
9.4172284
8.711061
9.0425573
9.5681423
7.8586093
7.8956044
7.5659787
7.5968828
7.5438243
7.3485833
8.0486993
12.724189
7.920453
13.015414
8.0294881
7.5456134
7.3589559
8.3764882
7.5644335
8.8255663
7.9460369
8.9418414
8.3505987
7.451353
10.554542
7.7310444
7.8792001
7.9323088
8.9879533
8.7183726
7.3601512
8.1232977
9.6533151
7.668722
7.636019
7.6837119
11.407932
7.6831703
7.8842324
8.2140024
7.4689254
7.4037007
7.6424187
8.4945005
7.8969756
7.7808915
7.412287
8.032357
8.6012921
7.819163
7.5250717
9.565159
7.6304658
7.4599703
9.1338374
8.2665429
8.4047876
9.8866661
9.3556734
7.8821051
8.7516568
9.0148782
11.625959
7.5292019
8.5898461
7.6734274
7.8084742
7.5690753
9.439557
8.726437
7.4650672
8.9628119
9.3621993
10.792167
9.2256078
9.0404088
10.193388
8.3557321
8.4186689
7.6784055
9.7939703
8.7404894
7.3697016
8.8452516
7.9434731
7.5022312
7.5580336
8.7196573
7.3473186
7.399514
8.8737975
7.3621547
7.7711649
10.355032
7.6154375
7.6119645
7.3718812
7.3680278
9.3847532
8.4522362
8.3253178
7.540388
7.7921033
10.239732
7.5320728
10.768266
7.616305
9.0318898
7.3468329
11.568831
13.488722
7.7641783
7.6118035
9.3672144
8.4317261
8.3069205
7.7318775
7.5885822
7.7936085
7.4546183
10.057811
7.4026727
7.5629096
7.3433477
7.6548168
7.8864262
8.1024509
7.632641
13.611607
8.1914098
10.240569
7.3758139
7.7635067
7.5809631
8.379068
7.379767
7.5295304
11.058143
8.3274287
8.3470351
8.4787409
8.2932592
7.3488413
7.559999
7.469695
8.1075463
13.944012
9.2556929
13.494494
7.4415745
9.3632101
7.4724674
10.983168
8.9983236
7.9193887
8.5487604
7.8093991
7.9504957
8.5798673
8.9341753
7.5763995
7.7778777
8.6678319
7.3733391
10.400081
8.0402691
8.3131771
7.9077645
7.4496159
7.7497109
8.4347808
7.7272643
7.5704728
53.829974
7.3463505
58.449683
7.3955873
7.5445284
7.4686481
7.6386711
7.3889871
8.1685027
8.6531168
7.37106
7.5608867
8.099602
8.6437003
7.6878747
7.7043658
7.4415754
9.1312917
7.8293332
7.790115
9.0114549
9.6772597
8.2776931
7.8509684
7.6651925
7.8231571
10.295085
8.8345637
25.513655
8.2633964
7.5189652
9.8134264
8.2705703
7.7398907
7.4778885
18.669342
33.013741
9.7684316
7.5552962
7.5637342
9.233379
12.953115
10.588077
7.5320205
31.57
8.0946898
12.945989
8.0803239
9.7402661
8.0992405
8.1896067
19.482292
9.2568987
8.08492
7.3512291
9.3597311
7.4341137
7.5739111
7.4432551
9.2737556
7.7251133
7.4063317
10.023556
7.8167246
8.8889483
7.5350861
7.4120023
7.9598524
7.3568102
7.9818416
12.95259
9.7848844
7.5272006
7.3637597
8.0075881
10.655724
8.133132
8.3951858
8.1769591
10.275734
7.8987548
7.6512409
9.4998096
8.268837
10.016547
8.4753723
17.858916
7.5745638
7.8373326
7.4410361
7.3997713
9.7558982
7.2950101
7.9159126
7.8298392
7.3032198
8.1803208
8.2590936
9.4840502
7.9571434
8.6247805
7.3481246
7.3763815
7.7206129
8.4335343
10.140878
7.6442567
8.3774076
7.8733229
8.2359216
7.5391675
7.4237082
9.9830907
7.5843721
9.2017227
7.3507073
8.4754536
7.4203138
7.6685198
10.567834
9.6077368
9.1912552
8.259118
7.3446611
8.1293811
7.7727151
8.339009
9.0795144
7.621615
7.581219
7.4789665
8.640132
7.4914558
7.3484739
8.4561806
14.632837
7.9823679
8.9028244
11.679044
7.3722
7.3595038
7.4622652
7.7060289
8.4233172
11.466117
8.89642
7.703132
7.2720179
7.9174214
7.3722
8.2523906
7.5525085
8.7963353
8.5903729
9.2577483
7.7605635
8.6810978
7.6959011
7.8042445
7.5882964
8.1873467
8.0493906
8.6030922
8.1273621
10.219942
7.997028
7.784589
7.4286621
9.056523
10.397323
10.794305
8.0464249
8.734512
8.4639129
7.6525423
9.1849598
35.634702
9.1023121
10.145886
7.450428
7.6400259
7.349835
7.6873287
7.3443842
7.5635966
7.7894593
11.43038
13.911412
7.38882
8.1614636
7.3484739
8.0841605
7.4847451
7.7951008
8.4821538
7.3855549
9.8791217
11.63504
8.1985889
9.802481
7.4055179
9.2123369
13.695176
8.226324
7.8594805
8.1261094
7.5018583
7.8384458
7.8959234
7.7002392
7.4872771
7.3500274
7.5753428
8.6063788
12.119681
7.9641842
8.9207875
12.84201
8.5228139
9.6114723
7.9682611
10.775648
8.3123375
7.3619449
9.2646728
8.0856231
7.4670287
7.4712033
7.3810295
8.3884303
8.0342708
7.5292019
8.4290327
7.3552318
12.160085
7.5001232
15.360439
8.8400907
8.0704602
7.3702961
7.5480414
8.9070322
10.213079
7.5032221
7.7083736
7.6379674
7.6207069
7.7373705
7.7952041
8.1288163
8.0950714
7.6247042
7.3480202
10.645079
7.6506751
8.0033991
7.4036116
14.168913
7.9594125
7.5957111
8.7605741
7.9844563
8.0979825
9.2191083
9.5764056
7.7244433
8.1163144
7.9379862
7.477112
9.5783864
11.211729
10.432712
7.4253252
7.5842268
8.0654983
7.6850791
8.9029113
7.5102889
7.7311349
7.3901707
9.6276696
7.9956982
8.5599965
7.8230542
8.9531643
7.2944953
9.394971
8.1013181
8.1227874
7.6073382
7.3767341
7.4786053
12.993801
7.9247598
7.9430051
7.3484739
10.135966
7.8393456
8.070693
10.101153
8.5710592
7.473241
7.426627
9.0798349
7.3653683
9.1667528
8.266434
7.3850696
7.5216077
7.3872713
7.9716515
7.7901059
9.155368
8.2981286
7.8098506
9.167472
8.5377297
8.0029955
9.1941622
7.5720682
8.1089352
8.5268476
7.3429589
8.0432675
8.0042773
7.4263489
8.0462562
10.507691
7.986427
7.4696203
7.7073205
8.0152225
13.999274
8.4009556
9.9411182
8.4115327
8.291647
8.9197786
7.3803744
9.0512082
7.6054952
9.5995269
7.6366317
7.618114
8.0960313
7.4411421
8.5001733
7.3783719
7.9389297
7.7489326
7.5302815
8.7914618
7.3622768
7.5657157
7.9250943
11.293337
8.5971997
7.8266814
7.6104648
7.3800075
26.57004
7.6079635
7.8240126
24.013666
9.0726161
8.3561048
8.073917
8.7855561
7.9438813
9.1050584
8.9210038
12.848798
7.8887586
7.5380671
8.7764853
9.9297465
7.7215978
7.3975305
7.4565449
7.4737072
11.23474
7.5204015
11.585723
15.002935
7.3624786
9.605875
9.7170807
7.9503258
7.4715143
7.6197843
7.2940416
7.6662103
7.4681492
8.2601767
9.2162569
8.3189921
8.2310199
7.8575972
7.5819259
7.4811225
7.3650642
7.4844745
10.30661
7.7611295
15.456492
7.7847063
7.3470838
9.3839925
7.5656846
7.9883472
8.5006953
7.5599356
7.7835438
7.6541239
8.5892051
10.009629
7.5363431
8.1667939
9.1509756
7.6222675
8.2668954
7.5934893
7.3503172
7.7463345
7.6210722
8.9100654
7.6574689
7.8789654
7.4349887
7.6860764
7.5711128
7.9145799
7.6017641
11.135739
8.4858457
7.402029
9.42267
7.5607044
8.150082
7.7392513
7.7093549
7.7440947
8.5790283
8.8238509
7.3701323
7.6823644
8.7421432
7.7815577
8.381867
7.3724388
8.195523
8.2328379
9.3648032
7.7259748
10.406732
7.4449892
8.4777981
7.80073
7.3619449
7.3918557
7.8312653
7.4235631
7.5115215
7.383665
7.8342374
7.3448375
10.051593
10.426397
8.7771053
7.349835
8.2907467
7.3770435
9.2750631
7.4582627
7.4787968
7.6610865
8.9309892
7.840737
7.4629785
7.5419354
9.932389
7.6701308
10.67369
12.984871
7.4230113
7.3538334
8.6004156
7.3230931
7.9553287
9.231705
8.4267437
7.7057809
8.714738
9.7964458
8.1398492
8.2964103
7.7661683
7.6585463
7.3839708
7.8419638
7.6258652
7.6639246
10.282814
8.0223587
7.6582728
10.713886
7.5637243
7.8811822
17.075143
7.8866775
7.6731776
8.7266078
8.2090606
7.9209124
7.4874168
7.7562556
7.4923714
8.4519391
9.3918191
7.9177935
9.2247477
7.7953853
8.2087462
7.6062052
8.6782672
12.468987
8.1798823
9.6729187
17.749086
9.8294567
8.6275695
13.792603
9.5989202
7.3533241
7.3489276
7.4915157
9.9402936
7.4759367
8.0657221
7.5453985
7.8344626
9.4387727
9.9356804
8.210365
7.4234603
9.3268061
9.0405247
8.0715521
7.3650997
7.9939391
9.0957591
7.9114983
9.3327856
7.3976547
8.6298575
8.336308
7.8183029
8.76156
7.7341124
7.8001682
7.6605884
7.7065658
7.3543043
7.4880667
7.7902156
8.4286829
8.3681452
9.8156328
8.2220236
9.9919249
7.8436602
7.4577262
7.3489276
10.255825
7.7896771
7.5374312
8.2345646
7.3598725
8.4853233
8.866989
10.855455
7.704949
8.3391668
7.2375194
7.7083954
8.2306225
7.5358007
7.9582808
7.367179
7.4154369
9.8366147
7.6481137
7.607443
8.8330471
9.7272602
7.702044
7.3608319
7.3484739
9.0152277
7.3489276
8.3954693
11.974344
9.1257356
7.983653
7.9102053
7.3437873
14.289853
7.5594748
7.6791282
8.7678269
7.8571631
7.8704468
7.4018953
7.7316664
7.3766153
7.8914025
8.4965926
8.9801446
7.690637
7.5483845
7.5545598
7.9780777
9.0304861
8.2302533
7.626864
9.6827108
7.593513
7.6884418
7.6815517
7.3560912
7.4139313
9.7255226
8.0795776
8.9187909
8.578755
7.9192372
8.0530995
7.7269615
7.6490454
7.8400559
8.9631644
7.3503865
8.7974419
7.6361393
8.7599101
7.6168396
9.0387391
7.4036524
7.5824069
8.6390674
7.4956588
8.7706004
8.2136567
8.2516079
7.6568352
8.3436562
7.6039561
7.7100406
11.94444
7.9958206
7.6675718
7.8878002
13.07036
8.0099069
8.4638705
7.5937643
11.904152
8.3563586
8.5724604
7.9104029
8.2436252
7.4786032
10.173605
10.26463
8.77327
11.055494
8.2833949
8.2833172
8.3272462
8.9950668
7.5848314
8.6773684
7.7943005
8.6708146
7.5897499
8.4811547
7.7409173
8.3550879
7.4113624
7.3484739
7.3745446
7.7998388
8.0439109
7.3665365
15.06332
10.568763
8.4490611
8.504956
7.6457622
7.7860149
8.2058338
10.509417
8.7314044
9.2004895
12.275062
7.7454874
7.7475765
7.5547875
7.6386878
8.5416111
7.4926702
7.9827148
7.82822
9.092929
12.059532
7.4281464
7.8170401
8.3427525
7.5019135
7.9231461
7.7972623
7.8756194
7.6907771
7.6018401
7.5879917
8.3866576
7.7969612
8.0401901
52.006909
12.583484
9.0409071
7.3492793
9.3025368
10.370385
8.7728181
7.3328243
9.6142812
7.8305046
7.3484739
8.3278949
10.801408
11.56228
7.4709688
7.6517752
7.7271214
10.10019
7.9013309
8.3199546
7.6743505
7.3860539
9.3120109
7.479532
7.7241596
8.3760307
8.0918696
8.0740991
8.5437693
7.7283931
8.0402591
7.8104019
8.7297609
9.6778792
8.9714578
7.7163671
7.4145459
74.216299
7.5745074
7.7183882
8.8939281
26.025136
7.8498812
10.012088
7.354133
7.3484739
13.641553
8.8006518
7.7516901
8.5708983
7.6449833
8.7138924
7.4094473
7.7280585
7.8896457
7.725729
8.6407066
7.9911799
8.4805858
7.69233
9.1215587
8.1384293
9.0426137
7.8035079
9.4342416
7.3484739
7.6420298
8.2453275
8.8857857
7.3924804
7.3996954
8.1646621
7.8994931
7.774749
8.1186886
7.8004328
10.162547
8.1844454
7.5348053
7.3157097
10.050117
7.5252293
9.526682
8.574782
7.4485403
8.488573
8.7377928
8.5109455
8.2158807
11.86552
11.104149
8.4092301
7.5210908
7.6115116
9.7605131
8.4049647
8.9399015
9.6084699
8.041202
10.948361
7.7576678
8.1888474
8.2221845
8.5223323
7.4458773
9.262726
8.1688137
7.4788832
9.4110637
7.7173389
8.4835848
7.3979153
7.5702283
7.7539852
7.9135571
8.926991
8.0254606
10.719913
8.2133304
9.5910546
9.8346062
8.5135029
8.6160711
8.5271651
7.5652189
7.4489381
8.5089604
8.7392394
7.4143193
7.3598571
7.3474039
7.5439602
10.406402
7.9154065
8.1908951
8.5751576
9.7868136
10.337478
9.8319826
8.7610358
11.013947
8.3826953
8.4100201
7.5032297
8.1052179
10.006509
7.7860912
8.2922611
13.550359
10.356647
8.0006868
7.4604766
7.5233754
8.1805996
9.4012733
7.8907664
8.0459714
7.4608642
8.2124179
8.4241332
8.1695045
8.6013409
8.1680297
7.4409065
9.5345053
7.5477984
8.768963
7.4130297
7.3544882
7.555675
7.3466749
8.7483365
9.3861422
9.7895542
7.3614912
10.867779
7.9250298
7.6242633
7.6346335
7.6948358
9.6957301
13.945152
9.7840744
8.1999762
7.5833272
8.6505057
7.5973158
9.1144877
9.5300135
8.6389113
7.9278662
7.5559382
7.4348331
7.6027353
7.8186407
10.573751
7.4298356
7.6878531
7.3889592
7.4017044
7.7547234
10.262788
7.3437964
7.6113066
8.966851
7.3484739
7.3451504
7.741395
8.4058607
7.3869361
8.2946308
8.6143409
9.8555216
8.5147799
8.2056909
7.7167894
11.616631
8.6824297
7.6603116
7.3207262
7.4116354
7.7372098
9.0189656
7.9287068
7.0611642
8.0427518
7.6150792
9.7412633
9.5604215
7.466575
8.1899625
7.4621997
7.4273761
9.0721623
27.232905
8.1088109
8.440736
7.4884405
9.5895084
7.4789978
7.5760927
11.393472
8.1589419
7.8033597
7.9022791
7.6867636
7.8819863
7.6045597
8.553115
8.6582687
8.2924732
7.6034251
8.7191769
8.6448644
7.7734161
7.900108
7.6277854
7.6444358
7.7584333
7.4313758
7.9933146
8.2767824
7.4778728
8.0804667
7.5137849
7.6923077
10.583489
7.56199
7.5658073
7.352348
8.3537625
8.0140147
7.6962975
8.535729
8.102809
9.0359211
8.4811133
8.3254031
7.6820256
8.7810199
7.4136388
9.9838174
10.32447
10.294784
8.3877123
10.97932
7.4404419
8.0818478
10.92871
9.4703328
18.88717
7.2838995
8.8330248
7.3594899
10.625064
8.9896027
7.6028243
8.5569376
7.5996532
8.3835778
7.9822041
7.4661341
7.4339988
9.8950792
10.862248
8.4953715
7.567265
8.4035489
8.2127145
8.1200749
7.7427859
9.481261
7.8039522
8.8243237
7.6072939
8.412032
7.6998651
10.810748
7.4403696
8.6296324
9.6903618
7.8288501
9.8216057
10.706616
7.4457644
8.0329812
7.4462956
7.7522467
10.477868
7.8781414
7.6580054
9.6783667
14.294517
7.4210773
8.2688194
7.587389
11.033643
9.5220235
7.5511407
7.420795
7.5701963
8.14563
9.501653
7.5185414
7.6807337
7.9242593
8.9721968
7.5287894
7.6469311
8.8304164
7.4663221
8.9661153
7.5061274
22.86671
7.5390006
7.9629501
7.4875852
8.8799363
10.913037
7.7685497
7.509386
7.5784276
7.9083493
8.0468786
9.5619362
7.3987496
10.329861
7.5556808
7.6766954
7.8655642
7.3542411
8.9689998
7.954314
7.4093286
7.3384793
7.7734894
7.6927367
7.5649952
8.758063
7.5681577
7.8717608
26.559404
7.9163826
10.664057
8.633051
7.7425977
10.220317
7.5160018
8.837581
7.5740767
7.7889125
7.6315629
7.3809474
8.0830941
7.3987931
13.514714
7.8711717
9.4236847
7.4416907
9.7513385
15.334268
7.5272017
9.4143635
9.1562838
8.4392883
10.018778
7.5207355
9.2762792
7.3695122
7.6341814
7.3851855
7.3480735
7.611551
9.257778
8.6723831
8.5054003
7.9386041
8.6457365
13.518335
12.430895
7.6771219
7.5099765
8.5482738
7.4987284
7.3704088
8.2956197
7.4742345
7.7975456
7.8167857
7.9978505
10.177095
7.7728408
8.18739
7.6746618
8.8631035
8.2683781
7.4398245
9.185604
8.3720582
11.53814
11.998212
9.8221001
7.3697667
7.6827177
7.5897477
7.8296511
11.762834
9.5879242
7.7466543
7.7960762
7.3974702
9.1313479
7.626944
8.0473577
7.8021997
9.2256968
7.4269037
7.9148009
9.9196932
10.475757
8.1879324
8.560683
8.555973
8.91847
8.1123858
7.6178396
7.3462053
8.6249766
7.6052573
7.2920542
9.3170585
14.167528
10.931919
7.7766659
8.6014406
7.4703436
7.8200418
8.1873974
7.6582997
8.9234892
8.9667541
9.8162544
10.646473
9.6313968
12.798142
9.0422948
8.2158181
25.390127
9.0715936
7.4725214
9.8211299
8.7763227
7.7531617
7.4911753
7.7480107
8.317625
7.8255336
9.8089631
10.424816
7.3845105
7.4421901
10.351122
7.7526531
8.2519338
13.11694
7.3994897
7.3498429
8.5767742
8.3399541
10.592124
7.3680641
10.810222
14.038872
9.1358736
7.3530806
7.830381
11.168369
8.0078094
7.8504386
9.2595428
8.8707545
7.3681666
8.2281767
10.150456
8.2628173
10.645887
7.8790825
7.5550952
8.5494995
8.0673535
7.3671871
7.4433329
7.8720018
8.0679104
8.1495695
8.4679668
8.6933683
10.984135
7.5046305
28.068044
7.8857072
11.551364
7.8220835
7.5758659
7.3723231
7.3765523
7.4805548
7.8633564
8.0618303
7.685105
9.5438337
7.8358627
7.4546488
7.3579383
8.2291722
8.4133143
7.6451468
7.6298903
7.5858697
7.3470802
7.6893404
13.080435
8.1607862
7.7084545
7.6745326
9.4505288
7.3482766
8.0651029
9.3270599
8.4809725
12.557483
7.5877079
8.3394192
8.2282822
7.543656
8.077791
10.768674
8.5656165
7.3722452
8.7192019
7.5746418
7.5978101
7.3914754
7.5133272
9.9617851
8.6063652
7.3579786
7.7044852
7.7141181
8.0800007
7.3498421
7.5805347
7.9197381
7.9871866
7.4237619
8.3135827
8.3226638
7.8128598
9.2585107
8.3138588
8.375105
8.0780213
8.592795
7.4125949
11.103019
8.3408524
11.318945
7.5577459
7.3017526
7.3855367
7.9592117
7.8954233
12.618876
8.7111579
7.3578177
7.8461356
7.3433199
8.9651531
8.4409215
7.5930885
7.7522919
7.7883975
9.9619815
9.8937313
8.6169775
11.257864
9.2901383
7.6269203
8.7124494
8.3955551
9.6922802
9.3467039
7.9754669
8.1238546
9.8703039
7.9286817
7.8695517
7.5208945
7.7263727
9.33541
13.13637
8.6171729
8.7336302
7.3669902
8.1073565
15.680919
7.3491798
7.354437
12.158569
7.7647673
7.7963192
10.338902
7.9321739
7.4650947
7.6635943
7.4732297
7.3478974
8.4441972
10.51587
10.561991
9.7758847
8.0028579
7.7670527
7.6714993
7.346008
8.8047853
10.607957
24.889728
7.6136774
9.00092
8.6836347
7.6725971
7.6169174
7.7201398
8.3436928
7.8677223
7.4969923
8.9362529
8.1098996
7.3628929
7.6112761
12.564922
8.1277113
7.6013726
7.5383316
9.3196463
7.3484739
11.793397
13.598024
7.8539212
10.319632
7.591569
8.0524854
8.5020347
7.3754158
7.3484739
7.7186178
7.4913793
10.613259
7.4032858
7.248833
7.3574803
7.4528046
10.942186
7.4456199
8.6019297
23.395381
7.9301281
9.445513
8.6436306
7.5044144
7.751558
8.8729702
9.7903215
8.265549
7.7458709
7.696247
11.501738
7.8365815
7.7624428
9.5800156
9.2617494
9.0313489
7.5690026
12.171249
8.0385351
7.7327196
7.3334599
7.6032206
7.7390126
7.8403227
11.243695
7.541862
7.432417
8.5263551
7.3474788
9.0602894
7.4930294
7.9191962
8.1945301
7.3611246
13.177129
8.2642409
7.4965254
7.8132222
7.8162757
7.3489276
7.5389758
9.2246918
8.7919509
11.92303
8.4993448
8.0921198
7.3502432
7.8201196
7.6366595
8.228239
8.0167774
8.0802677
8.1885899
7.3666377
8.3817724
8.794823
8.1407474
7.3793684
7.3543043
7.4471923
12.649659
7.6950191
7.5283917
7.8012975
8.2104948
7.4458116
8.2312822
12.765856
7.6771581
8.6794451
7.9214343
8.607355
8.6640207
8.3142966
8.5337371
7.678664
7.3484739
7.4552751
7.6594683
8.623782
8.0736068
8.0758436
7.8878341
11.343426
7.3632512
7.3483863
8.1784222
11.302763
7.4700796
7.7469509
9.5184496
7.9969938
9.8474497
9.040486
12.649169
8.7510647
8.9939413
11.431061
7.3620397
8.6521927
7.9573667
10.11618
7.3692101
8.3216882
9.8676953
8.342291
7.7903907
7.6624279
9.0178039
10.078368
8.1294176
8.8462596
8.3700702
8.9387459
11.297029
7.3874046
12.64035
11.068141
11.175058
7.9245704
7.3399661
7.4392539
9.055296
7.5853263
8.1512169
10.759374
7.8462451
7.3190466
10.368055
9.186442
7.350384
8.4044391
8.4019138
14.004438
9.6595832
11.860251
9.6870321
7.4379427
8.7068906
8.0473229
13.774512
7.591387
13.883901
7.8409212
12.646607
7.9800548
8.7931803
8.4683881
8.0260592
8.2552077
11.232726
7.7965263
7.8704141
7.9591186
8.5083758
7.4458636
7.7601137
11.6608
8.0289868
8.0481889
9.6021563
9.9850955
8.5499617
10.998545
8.7178249
11.074957
9.1377562
7.3553664
12.39235
8.1848965
7.542364
7.9627768
7.5714136
8.2716475
7.8043039
9.2330119
9.4449219
10.135519
8.4703563
10.503977
7.4569832
7.8173596
9.3893737
7.4060265
9.6639433
9.4723998
7.5480377
12.177027
7.3774233
10.32941
7.8703452
8.3427479
11.067361
12.007153
8.5908759
8.7676031
7.6093463
8.3118666
8.6975742
10.882604
7.4021207
8.776463
7.9979884
11.453083
10.779806
7.4073796
8.2613963
8.5917019
7.9316813
7.4719711
7.8063183
8.0753769
7.5058367
7.9405628
8.3659047
13.318862
11.469808
7.3715614
9.8340463
25.334379
7.3636017
7.9762215
7.3582637
7.6115067
7.7089934
7.5303771
7.5278293
10.167243
8.9231112
7.7996261
8.455488
7.5582531
7.5700471
8.8692166
7.3486426
9.1518305
7.941563
8.2466701
8.7380109
11.58916
8.1421623
8.6774068
7.9842191
7.4117278
9.8657324
7.9571813
7.9779737
8.5436698
8.2158428
8.6709887
9.2544455
9.7851364
7.3493038
23.48136
7.9010285
8.1452228
7.4012606
7.4888131
10.558986
7.3436277
9.1629513
7.5153001
8.0857439
7.8672865
7.6426615
7.964584
9.4299458
8.8299926
7.4971157
7.5094485
9.1033737
7.7193661
7.4868457
7.8114609
7.638423
8.0629626
7.9945272
13.405304
7.8639978
8.1722542
8.9937573
7.7320432
8.923094
9.4714906
7.7324972
8.8631016
7.3484739
7.5669069
7.642818
8.0483401
10.247825
7.6589984
7.7453385
7.346008
8.4976904
7.5978029
7.4460875
7.3828
8.0765231
7.7060496
7.5024966
7.6412634
7.5684306
9.5737676
8.3325248
7.573441
7.7564624
11.260255
7.5971606
9.5078747
7.7471177
9.2274724
8.7973961
7.7385392
7.6206151
7.8270598
8.4670128
10.953035
11.289444
8.0432795
7.6535541
8.8873402
10.482897
9.7902527
10.518045
7.3484739
10.846935
7.6572545
7.6665283
7.8322398
8.8834334
9.854469
11.930671
7.3474132
8.4496558
7.8480103
7.6610429
7.8215981
7.4289176
8.2523198
8.106899
9.2250481
9.587621
7.9376606
7.8539337
7.9620793
9.9905458
9.7002713
7.6628073
11.393066
11.607102
10.012705
8.59136
8.7323128
8.2047306
7.3758916
9.2067929
9.0767028
8.0839583
9.8123202
8.0576844
8.0214701
9.275759
7.9270371
7.5345532
7.3615814
7.9155585
9.548368
7.3572682
7.7923505
10.993909
7.3563756
8.5797671
8.490202
8.2512932
7.8391455
7.7203184
7.3651943
12.591693
7.3726989
8.1912552
8.7002847
7.4167467
7.5538492
9.3301232
8.7074068
10.437831
7.3998438
7.7737116
9.2257889
8.3510054
7.4605277
9.9315332
9.0404385
10.752709
8.4526029
10.449616
7.3695849
9.1885963
7.6374056
11.762324
10.004826
7.987301
13.618931
7.763934
10.30978
7.3510571
7.3623076
7.485349
7.8675999
10.616675
9.4040976
11.579764
8.4467706
8.2541531
9.7679643
7.7729187
7.7699167
17.961342
13.040183
7.4327163
7.4155187
8.8833545
7.4626709
7.4372537
7.6461593
8.2655556
10.78956
10.042929
7.6039561
8.2194548
8.9282477
10.619725
7.6700388
12.145981
8.0938961
7.6198365
8.8256853
8.4347127
7.4206652
7.5158814
8.4776942
7.5502804
10.154432
8.0341337
7.9733422
8.1655335
7.375766
7.3817723
10.178895
8.0168211
8.6034347
12.191144
7.8311037
8.1009664
7.8378415
7.4417136
7.4023998
7.7698569
7.3478737
7.6899379
9.029949
8.2335152
7.4759117
7.4150529
7.4714998
8.4554251
8.1942381
10.520039
8.0368669
8.337247
7.6941242
13.719884
7.6588004
8.0885014
7.7615435
7.7838591
7.9845516
8.791499
7.8565642
7.9454209
7.8962805
7.7366666
7.6071548
7.4841204
7.4972361
8.6729294
8.5130965
9.9666425
7.5859479
7.877798
7.4148474
8.7216509
7.4580682
11.557115
7.538466
7.4317677
11.729984
7.6907008
8.458383
8.7944865
9.421244
11.018049
7.8824368
7.4304739
7.5651932
7.3460225
7.7029262
8.9464008
9.0177247
7.4142983
8.1486055
8.488136
8.2715717
13.568543
8.5311997
8.3215507
12.579626
7.3647786
8.05372
7.6223247
8.3027898
9.0914196
7.507969
8.0390309
8.1204507
10.119998
7.3489276
7.8099753
7.4284261
8.2086654
8.5368115
8.4396913
7.3761826
7.6503109
9.6036965
7.7542896
10.445825
7.4202094
8.8441286
9.0058823
9.1224157
7.5677084
7.6644424
8.1709781
7.6178212
8.6197793
7.5676218
9.6852028
9.1693866
7.6334693
7.9590746
7.4391041
7.6780475
7.6058616
21.283973
8.9088739
7.8269542
7.4937437
7.8589988
7.8265038
8.4293672
7.455465
7.8639774
7.5915874
7.6090369
7.5594147
7.6763035
7.9181503
7.3586631
9.5225318
7.4581501
7.3619668
10.235395
8.4532757
7.8873659
11.852522
7.6395738
7.7971602
7.6053184
11.120748
7.6249689
7.5174596
7.3587952
7.5863073
8.4732649
10.756916
7.9461241
9.9484488
7.916068
7.3486806
7.9325474
7.9408833
8.0695423
8.7323872
8.6495605
8.3637379
8.3375931
7.3546794
7.3262926
10.866936
9.2079205
7.549952
8.5975262
7.4053936
7.7209957
9.3180808
9.7399914
7.8348026
8.2903402
7.5880281
7.3480531
7.3658806
7.3625344
7.5228805
7.8508136
8.1069335
10.629695
9.5155516
7.3990661
10.016061
7.612244
12.936324
8.558122
7.6369553
9.7478738
7.9139964
8.1417948
8.1475484
7.4128669
8.9509775
7.4864959
8.1019101
7.6133345
7.837025
7.4755449
9.6576389
9.2591216
7.6071337
9.4296099
7.5611283
7.631199
10.417439
9.2126464
7.9076824
11.703774
7.8722228
7.5266606
8.0336587
9.2425565
8.0081458
7.7638979
8.1667923
16.193918
7.3741698
8.6424909
8.6455503
7.3725778
7.6224853
7.439131
7.5110372
7.6323388
7.9436962
9.3003601
7.7295956
7.6126326
7.8367337
8.4791492
8.6253291
8.9686616
8.3787915
7.9826757
7.351121
8.4498459
7.8997964
12.103869
7.4490718
7.3680627
8.2664272
9.6608076
10.125273
9.0879042
10.37919
8.2528727
7.6787122
7.5903505
9.0500699
7.6484902
9.3068112
8.2828314
15.620306
7.8967776
7.7767117
9.1479524
7.3379043
7.8966967
8.4970289
7.3784348
7.3748703
11.273266
7.3697844
7.350108
12.151346
8.2896294
7.5350554
17.273544
8.2881019
7.7337683
7.5008517
8.9845564
7.36628
8.3805905
7.3484361
7.6445259
9.9278525
8.0472213
7.3822455
8.2147922
7.9734004
7.7527261
7.3719441
7.3480202
9.2985628
8.8166148
7.4288544
7.7363129
7.9441766
8.0222721
8.0364141
7.3768641
7.7328329
9.3230224
7.4783604
9.8513126
7.5472832
7.7998044
7.3919291
8.3382358
11.483613
7.5935466
8.6171649
7.5334373
8.0950252
8.4584029
7.3484739
7.8311926
7.6095006
7.9311793
9.1469447
7.416937
7.6131309
8.0178551
10.030198
7.5378907
8.1700699
8.1757318
7.4409351
20.362173
7.7663789
8.2434173
7.4712911
8.9517824
15.083116
8.8720854
7.6281015
7.3484739
8.173288
11.266941
14.862654
7.4791255
8.4302775
7.3454955
7.7809829
7.8278525
8.6660104
8.1710932
9.0341322
9.0607173
8.1502867
7.3481246
7.5833293
7.3805214
8.0516867
7.9244523
7.7831948
7.3475665
7.5130481
8.5116776
8.6437102
7.460065
60.13536
11.144977
8.3437562
7.4113396
7.4937128
10.299651
9.11508
8.7005666
7.7808314
7.3480333
7.6632465
8.2714042
8.3386875
7.493007
7.5961526
8.7852455
8.4455495
7.5441138
8.1642963
12.089639
9.4317647
7.498746
8.0895824
7.5681606
8.4992919
8.8527135
7.4509473
7.9322826
9.0043782
13.935271
7.4940394
7.752581
11.956226
7.5630975
9.0665727
12.186836
9.6945452
9.6419509
7.419713
18.275945
7.6964507
7.3753224
8.5700157
8.8529934
10.992854
8.4968254
8.3831416
7.622049
7.4945972
7.921632
7.4321553
7.9861843
8.0860452
7.349835
8.6878165
8.153898
13.750848
9.2122309
7.353533
8.0408449
7.7216383
8.2741163
8.7041937
9.8145992
8.0974657
7.4497194
8.7425163
7.8483685
7.9146325
10.661621
7.4739825
9.0016763
8.7929879
7.3772876
12.300206
8.291647
7.4446201
7.6019837
7.5739981
7.4029683
17.343157
8.147105
7.8072496
10.616993
7.942956
