15.333184
8.8027357
18.519229
17.400006
13.09915
9.3859868
13.447831
13.011953
10.484183
12.558248
11.212802
9.499055
11.400825
10.184006
16.310944
11.337225
11.534488
12.448231
9.704647
9.355951
10.383578
10.004607
12.586638
13.34953
10.282646
10.28098
20.849084
13.332801
12.898884
18.959041
12.921721
11.383505
9.7348923
11.170905
10.574824
12.332182
16.90859
13.940341
11.040101
11.956859
18.809523
10.693817
11.541465
11.421414
11.573398
12.039349
16.75117
10.629918
12.636942
13.391342
9.9325235
14.120569
12.83421
13.799339
14.054732
8.9476092
14.452107
16.41438
13.037274
9.9841467
16.05805
13.324791
11.265229
10.667582
10.895151
13.136205
11.475234
18.807692
10.904104
11.111088
17.614707
8.6829619
14.615617
15.412343
11.030664
8.6314479
9.7881218
10.591638
8.7608773
9.6538809
9.5808114
12.756667
14.492723
10.343843
14.935815
16.533631
15.419541
14.811792
8.8942343
14.752974
15.8747
10.738024
20.73119
9.000984
8.644768
9.4101106
12.720552
12.491783
9.7733347
17.776679
9.8177452
11.82679
12.099617
18.766896
15.466379
12.700389
8.8942343
17.88913
13.823556
9.3906286
11.038652
9.0731219
9.1870653
27.00333
11.721082
14.511127
21.130227
16.891196
10.59073
9.7339481
16.599244
13.121675
9.5952327
12.625521
13.16397
11.252451
10.431982
15.550056
10.662129
14.514281
14.802159
11.855499
13.287957
14.952736
11.408782
9.9303222
9.6040608
12.902965
10.076904
12.118354
18.204325
14.707726
13.111054
13.504143
15.757223
10.246293
13.070463
14.307134
8.0537468
12.679674
10.803328
9.1077338
15.032253
14.937537
10.556916
14.766974
10.094009
13.579616
9.2911644
10.553391
16.512936
11.944247
9.6119055
10.712848
16.206541
13.186342
12.525494
11.454745
13.489962
10.355987
15.472735
11.351394
9.7168227
14.178728
10.151386
15.789944
9.2371491
11.897629
10.153647
16.468404
13.856115
17.928019
10.377816
9.6806377
12.8145
10.831006
9.7597749
8.8942343
11.445816
10.577186
10.332363
10.245851
13.012014
14.148492
12.500801
12.354915
18.299817
9.8589851
15.149187
17.102562
16.902392
9.3268681
13.221235
9.3587641
12.06002
13.303229
13.648588
10.624125
12.625849
15.1247
8.322491
10.969154
11.393303
8.9979509
14.308132
11.598685
8.3942484
23.502173
18.028429
11.675633
17.243439
14.705389
13.069372
9.9538396
13.046083
15.164091
9.9727245
13.129917
14.932157
13.507712
12.113454
14.930664
8.1282503
9.1848696
13.048051
12.280233
10.197048
10.521475
11.660501
9.0543589
10.114373
12.85917
10.540638
11.61046
14.636364
9.1810979
10.205784
12.58383
18.386052
14.088546
10.763233
12.302974
12.144101
8.8715249
11.231589
11.787126
15.513943
11.476174
10.470502
12.994886
9.000984
14.369714
15.544082
10.729757
18.849817
16.091039
14.827566
25.894362
13.492913
13.514656
16.764773
17.857564
12.340397
9.0796773
10.577856
10.214932
16.875908
11.919087
8.8724552
10.340059
12.838251
20.826137
12.826222
8.7341097
16.956468
9.3808383
11.538242
14.027749
9.1077338
12.031227
16.316593
9.9061286
14.88927
11.219085
10.610557
10.5451
11.107664
11.551234
12.530855
9.3004199
10.099146
11.433412
10.188741
12.122025
10.887688
17.37453
16.722096
7.9401987
15.774532
9.1012827
12.49328
9.4273284
13.364668
18.60856
9.0486032
11.785849
16.794313
11.093147
9.7157672
16.485623
10.167082
9.8141695
10.042598
15.231007
9.3332137
13.56838
8.8942343
9.0250421
9.8996544
10.255504
9.2899421
16.884417
16.24572
7.8406907
10.713665
10.315059
9.7010875
13.556089
13.576397
11.525799
17.055012
12.503995
12.074371
9.7519195
14.275764
9.9324933
9.169791
11.056515
18.9123
11.998989
14.926996
15.093892
11.055198
10.440294
11.323387
11.093542
15.242563
11.034335
12.760768
11.24891
10.261216
12.543774
12.464678
9.5689746
11.709203
8.6771857
13.04553
10.442039
11.063478
9.2089924
10.533269
8.5701958
10.294759
13.493196
20.514631
11.754562
11.371861
10.385249
15.871122
10.344934
12.420738
9.9170737
12.754361
11.128496
20.861272
11.027975
9.3979142
13.649503
14.562669
8.8408594
9.7728288
11.931907
10.666352
11.178723
9.4718185
10.663677
14.096553
12.062499
11.986841
10.046627
9.0788769
9.7672734
9.2178781
14.984681
10.304232
10.923386
13.067345
8.3025538
16.639276
9.9963459
12.642096
14.419589
12.79355
11.303886
14.052371
9.3181184
10.393614
12.514016
11.197773
8.2831759
16.075853
12.859742
9.8599405
11.299775
14.095165
14.183591
8.5739851
13.823682
11.749159
9.991573
13.826582
11.179443
10.557227
17.664462
12.643454
9.000984
12.430087
13.642295
9.8640285
10.883787
15.03168
12.852793
10.865907
10.170403
18.955879
15.54208
11.906046
14.478656
9.1687363
14.228071
10.053881
10.915121
9.9529828
12.434591
9.000984
14.861093
10.713729
10.505825
14.488064
11.595201
9.913267
16.440396
18.31202
13.895976
14.926434
15.064073
12.889274
14.45625
13.166451
9.8345075
13.392626
9.5241633
9.5704935
14.093235
8.8942343
11.595252
15.695679
10.15767
16.191337
13.245495
10.884756
8.8942343
13.189898
12.782285
10.266144
11.538992
11.061526
15.5614
11.395613
9.715861
11.578528
10.366166
14.39802
9.2888404
10.120192
9.0569863
12.84756
13.988133
9.9162222
15.13608
8.9659134
11.759903
11.886809
10.751381
14.163336
11.650304
11.346274
9.2294575
11.985111
10.493875
8.7556993
11.740438
9.0741076
13.251484
9.1077338
9.8813876
12.057028
13.183807
10.290269
12.900348
10.844182
10.565323
15.269001
9.5437491
15.482448
12.184798
15.773225
9.5105464
8.8942343
14.720601
11.425271
10.61115
11.126375
9.0543589
14.986946
10.267443
15.982915
13.737506
12.356828
12.309723
12.427599
17.913872
9.9338478
10.713165
10.168946
12.282678
10.903644
11.782989
15.847154
11.715648
12.560635
9.8167899
12.300691
8.8942343
13.758371
11.940907
16.233018
9.7989931
8.9421374
8.8272175
10.296077
9.7004022
12.382852
11.146598
9.9649835
13.932208
11.997599
15.451622
10.338254
8.8890396
10.817101
14.158844
12.358658
10.680391
10.266115
11.145397
19.016404
14.299765
20.198845
10.343412
9.9238665
11.644627
17.854855
9.6293396
13.547559
12.885867
16.069659
17.548388
16.870618
13.940691
12.67381
13.098046
8.0946931
11.655779
14.383057
12.606181
13.002028
8.5120965
13.210197
8.9774144
9.596142
9.901731
9.0590676
10.144777
12.674659
9.588688
13.795139
9.7682257
11.211227
11.517913
10.112959
10.127245
11.973767
14.037146
9.000984
8.9051632
14.434489
10.10106
8.8942343
9.5978322
15.649536
14.732888
13.111574
8.6773717
8.8695576
14.557323
13.444192
15.060159
9.8895513
15.026226
9.4903705
10.699222
10.167082
11.511295
11.912607
16.317795
10.982679
18.973993
13.512635
10.42812
11.664366
10.249281
12.3993
14.431331
9.2445409
11.698073
17.541034
10.773476
10.540435
9.539174
12.151104
8.6685593
9.2269926
12.650362
12.312683
8.5419582
13.486867
9.0265171
9.5880861
11.932366
8.4774737
14.002079
15.886992
9.0188408
10.149997
16.802392
9.2667781
13.185285
11.111633
10.681321
10.510292
9.0896052
8.518251
15.967494
12.136459
9.9087341
10.89162
10.447878
10.465125
15.385673
10.920152
10.250487
16.851426
8.9476092
10.682112
8.7904821
15.854796
14.305163
10.977153
12.924139
10.964084
10.498063
10.867891
10.392151
10.964288
8.8317174
21.276275
7.8868238
12.585479
14.451263
11.557312
11.334434
12.075225
16.143075
12.347696
14.035991
9.8114706
11.707868
19.236818
16.895297
9.3247684
11.237589
13.755572
9.3629468
13.346919
16.738479
11.182258
9.5492206
9.6628107
12.651037
10.502546
8.8681911
9.821391
14.994025
10.433956
8.8964614
12.050342
10.714483
10.731504
10.128453
12.629018
16.997137
11.929335
16.897925
8.8766222
9.8570036
11.90633
14.877186
14.004161
12.97508
10.89252
9.000984
11.791889
8.7874846
9.3725949
11.252095
11.931564
12.841085
10.250192
11.562953
11.510815
10.167128
9.5795815
11.229592
15.192622
10.749036
10.005043
9.451289
15.992827
10.363112
10.052445
14.071309
8.9055205
8.8942343
11.726114
10.058506
12.163487
8.75651
11.534427
12.422642
17.356209
13.923177
8.5126192
11.640572
10.820892
14.117773
8.8042662
9.9328414
9.2360662
10.534435
14.253778
18.283946
12.237281
14.188087
15.006731
9.8784968
9.9883
11.734071
9.7110609
9.6611989
10.317704
12.719592
11.013359
9.5121188
9.7293817
16.274723
11.144548
17.020944
11.310604
10.311817
15.932234
10.635094
10.710595
10.725604
13.983062
10.957031
9.4590157
12.660439
11.690953
14.578638
10.963171
9.2465416
14.176746
9.8402908
9.826103
15.368217
9.6822823
17.200877
14.16214
14.863764
18.233268
9.2144835
14.891073
13.08462
11.738834
14.884461
12.195199
12.617568
8.8408594
13.85688
10.199636
10.7683
14.299058
14.294063
11.913329
10.774094
12.930426
12.31865
14.078017
10.89599
12.501723
12.501663
11.265696
9.8074185
11.062084
13.465109
18.752289
19.14621
10.653789
9.7153235
12.046506
11.335829
14.75793
10.384727
17.884494
11.48118
