0.89810055
0.89767377
0.89822989
0.89829127
0.89765404
0.89799952
0.89834744
0.89828697
0.89821443
0.89823153
0.89810637
0.89779234
0.89840232
0.89826331
0.89840966
0.89848599
0.89833949
0.8983965
0.89815653
0.89826508
0.89837768
0.89841838
0.89820136
0.89779874
0.89789142
0.89834826
0.89775097
0.89796143
0.89819846
0.89836765
0.89797618
0.89795641
0.89788143
0.89850438
0.8981499
0.89819637
0.8983313
0.89825867
0.89824413
0.89816648
0.89858022
0.89853435
0.89829497
0.89859799
0.89868921
0.89827077
0.89813057
0.89845874
0.89802356
0.89820485
0.89789928
0.89871922
0.89853195
0.89827326
0.89832696
0.89853689
0.89865282
0.89863047
0.89824961
0.89863793
0.89876754
0.8983327
0.89832356
0.89798956
0.8985506
0.89802852
0.89869739
0.89841955
0.89842101
0.89804108
0.89853312
0.89846041
0.89824503
0.8988561
0.89870089
0.89873098
0.89873681
0.89859978
