12.851696
12.526536
13.264126
14.10083
15.513766
12.570586
13.033278
12.858181
11.870342
13.760846
11.150708
14.26644
10.368387
12.3134
10.923617
16.090763
13.774688
12.595752
12.219338
13.843484
9.026168
16.584415
21.169023
13.461616
17.576097
12.779575
11.761474
17.831501
12.651401
13.173454
14.607861
10.993387
13.111865
14.413366
10.273336
11.172186
13.492999
16.202674
15.423702
18.757077
16.64723
13.70383
7.0934938
13.263535
13.618799
20.263775
16.029582
4.2972704
12.505836
11.899531
11.744793
16.069942
13.704891
13.504614
8.6118747
14.672342
18.759456
8.0964117
12.628765
22.394506
13.419336
12.870806
13.686313
12.913867
18.13112
9.4253496
13.371401
12.287902
13.229889
7.4621504
5.4990336
11.918928
16.888168
12.369204
17.533542
11.019503
10.776868
12.001341
13.118323
12.303686
12.049316
14.284879
14.246851
11.758747
9.7322169
13.798604
13.958624
11.172186
8.5122443
15.294587
9.4311275
13.525697
7.2553014
12.147113
16.589904
14.491134
12.588367
15.696149
19.709447
14.3916
15.706684
14.088818
20.538902
11.067043
9.3017332
10.496584
9.8894939
15.150012
11.873225
12.664422
13.985149
12.042788
13.569301
11.411971
13.339602
19.083553
14.602409
13.083276
9.8087908
11.512434
14.897435
10.915942
14.559223
12.169305
15.38222
18.007805
10.333047
13.759696
21.226809
11.47391
8.9575369
22.252036
11.453689
15.294785
14.7388
12.777169
11.281143
11.172186
7.7133496
12.569068
15.566198
12.581791
10.61711
8.4455523
14.512512
14.408605
10.910118
11.958686
13.898708
6.9503006
19.227738
8.0021041
11.443425
12.408245
14.223375
10.722876
14.379575
11.172186
13.274149
12.589997
11.172186
17.744862
15.096725
12.905098
12.980261
13.552239
11.718437
11.020261
11.360405
11.512453
13.392503
18.01696
12.490685
9.8262472
10.72698
12.007411
9.9812682
13.813181
13.018937
11.505577
10.578358
12.332149
11.203689
11.479183
11.510015
11.741123
18.391838
13.577931
9.0508696
13.138419
12.114937
13.074918
11.070571
13.332482
11.172186
17.04591
15.889894
15.715298
12.074512
11.172186
12.298565
8.3735467
12.394554
11.617441
10.137696
9.3520286
12.533004
14.443831
13.274149
6.6237102
11.028136
8.5418523
11.36758
13.266134
13.669381
12.428353
10.7093
12.808013
13.286243
9.6925737
17.344626
9.1149731
13.790946
19.334866
15.76517
12.873842
14.904302
10.001607
13.042238
9.6821469
13.368041
11.699057
16.038009
10.84006
17.974701
14.757061
9.6821469
12.228814
11.424615
12.690931
15.623187
15.261818
13.78766
13.251163
11.198171
17.209535
16.931443
14.196223
19.452147
6.6750121
10.668061
15.576324
11.172186
11.172186
9.4165048
9.9882298
9.5124835
10.477224
11.477551
17.366611
15.787078
10.565793
11.172186
22.387447
11.718547
14.157168
12.772053
16.442399
15.604905
13.037944
14.697739
12.965883
19.192094
12.841096
17.10653
11.893968
12.417896
14.533758
14.446672
14.903498
12.558832
13.830681
12.063384
9.5921461
13.3983
14.028549
12.607018
16.664192
11.998181
12.12708
14.241176
15.554454
11.411366
12.641827
16.541122
12.470629
11.782917
12.663136
9.8398833
11.312643
10.103407
6.2061359
10.670204
18.312758
12.365479
16.307996
15.653313
19.634444
15.195422
13.516031
12.047037
13.465617
16.477613
9.6625365
12.319072
14.081782
19.712134
11.303068
13.115199
14.460341
13.509997
13.176187
10.703425
15.873662
13.432479
14.062821
12.494701
16.836937
13.660585
11.455595
14.209571
7.6489503
20.031515
9.9528958
9.4403192
11.555788
9.5723713
12.349945
8.0414527
11.317731
11.517947
11.324869
12.031008
4.0929736
18.109269
9.2374015
11.198171
14.237198
11.438023
14.506754
9.2130863
10.976744
12.926158
15.710409
8.5573163
11.943097
14.835905
14.157612
13.787057
11.5481
10.520896
15.50437
11.198171
10.740123
16.559597
12.582357
20.840963
8.458686
7.6649481
11.198171
17.558975
11.172186
11.332422
11.489512
12.372253
11.72148
13.683807
10.506295
11.305265
15.614569
15.287526
20.25749
11.422645
9.4734229
10.8935
11.930138
21.625941
13.158323
16.944519
14.807806
9.484057
11.110423
11.110423
12.308579
11.109308
10.931038
10.414245
10.558862
10.694114
12.1665
12.488084
3.9200453
14.266534
12.440099
11.974622
12.394245
10.500861
8.4567749
12.956589
11.888667
9.2905519
13.414367
11.172186
15.287393
13.170698
14.593453
14.710447
13.695257
14.288867
14.740196
10.373611
14.776537
12.364909
14.688733
12.168714
8.6027915
14.068503
12.416053
10.681762
9.6210604
17.543415
15.410176
14.782592
13.780321
11.477551
19.052735
11.767806
14.177093
11.346117
14.643661
16.40395
14.429383
13.808437
12.318721
13.152451
11.481669
10.654139
12.06832
12.000708
13.978482
11.194825
18.20834
14.702832
13.358653
17.038992
11.887059
13.26234
12.318712
9.3964945
11.151947
17.937017
10.790114
14.126931
10.714138
12.708798
14.66713
13.487494
11.488007
13.471498
11.957943
12.877228
12.662451
11.904606
13.257361
13.197314
12.805896
14.530271
12.624418
14.492685
14.861224
14.471938
14.26157
20.688468
10.404015
12.198625
14.04019
14.514862
19.417818
12.783703
13.418692
13.065439
16.860641
10.835322
11.172186
13.806204
10.931524
10.078815
17.493988
11.694305
8.9945308
12.932226
10.790054
9.5002908
10.714138
11.587732
14.073158
10.814852
15.566918
11.629044
11.717989
18.516256
15.018732
13.038617
11.155688
10.656803
17.083852
14.922286
11.630234
12.292802
4.7035711
10.02275
13.005733
12.636597
11.9356
11.080431
7.935069
13.946021
10.525699
16.496547
14.930467
15.553164
16.809119
12.433449
11.133211
9.2825573
10.291925
13.713752
13.071221
13.420279
12.522808
11.925562
10.945712
15.040931
12.298156
14.339684
11.144573
12.767847
11.81171
13.092915
13.438222
12.559129
11.172186
13.690554
7.0472274
15.304095
11.127438
10.561455
13.252209
13.728387
11.983273
13.563697
12.384746
11.176484
12.461376
15.947285
13.252209
10.431204
11.172186
14.083851
11.850523
21.621051
14.418107
12.118616
10.232486
10.116499
11.410184
4.2272202
13.082359
11.530961
11.304451
15.397385
14.067106
11.510198
12.705598
12.496299
13.680046
9.4374321
9.3310927
11.467099
12.080037
9.7946003
8.4386711
11.554785
14.043368
9.8104666
13.350662
12.59697
13.656035
11.460438
12.861137
12.22504
19.534465
11.758989
14.549018
14.587393
13.643805
1.7404406
15.963418
12.253278
6.5350948
9.5038241
13.274149
13.975682
9.5778707
10.054062
12.944422
10.518632
17.015929
10.879413
11.938672
13.037574
11.079448
12.264619
14.255561
17.89739
13.012323
12.132381
20.736887
11.278734
11.019503
10.46095
11.474592
14.474089
12.928798
11.172186
11.324869
12.098027
13.061283
15.417789
9.1430908
16.266647
11.467477
11.431855
12.726256
12.823351
13.14239
12.129575
19.205787
12.576699
11.782917
10.774592
15.762631
16.10671
13.280241
11.826951
14.154848
14.693629
9.9637241
11.776901
17.974175
11.250328
11.172186
11.67498
12.408001
14.368699
14.294508
12.813082
9.4200328
8.0633433
15.264792
7.0190933
14.753693
11.017507
14.617498
11.18853
20.221445
11.57624
14.534124
12.523953
10.62477
10.714138
15.104361
13.739543
12.538918
11.786125
16.577027
9.438456
10.276512
10.86958
15.956176
10.209065
15.420114
11.172186
9.5053159
13.562623
16.051211
10.783619
14.805828
18.512004
16.299377
8.8301718
13.555284
12.975119
11.911529
7.3331918
13.190799
13.70328
10.512366
14.039564
12.123694
19.253817
13.194421
13.977111
11.883825
22.96263
10.25609
15.896211
9.3142621
13.449709
11.331304
13.274149
12.837978
13.479417
8.5911876
11.629121
14.203411
13.921604
11.796547
16.745166
11.228982
12.446932
15.079061
10.326733
16.64602
12.604829
21.580201
13.359914
16.698186
18.503057
12.055603
11.630234
10.382012
10.86623
13.759435
11.377801
11.80328
15.687105
11.642528
17.91111
13.439303
10.731253
13.369827
11.571578
11.213473
18.142139
21.994369
12.2073
10.569689
11.9356
11.324869
12.632688
12.243099
11.38132
13.963837
10.756126
10.120703
15.772279
9.5908353
11.172186
11.172186
14.403562
18.251766
11.06099
11.433161
11.535727
12.615923
8.2860525
17.39834
12.33292
12.445536
14.499034
12.420683
12.463124
13.053073
11.925383
13.745106
10.604171
11.019503
18.437081
11.172186
12.795429
15.713811
10.452808
16.675364
13.651249
9.4563932
12.013485
15.732281
11.088955
11.172186
11.328455
11.411539
13.272683
11.991106
13.139327
13.433055
11.483402
13.309744
16.182558
14.004621
9.5074812
11.172186
12.022064
12.717471
16.369599
15.822645
14.954987
16.261692
16.073821
11.788648
17.17403
11.367734
6.7231202
15.245204
13.922937
15.263058
11.598769
17.996839
15.457986
14.040674
11.172186
10.255314
10.685872
13.387318
13.159793
9.5841284
8.2675342
13.146848
13.59727
10.17779
11.172186
12.408839
11.172186
12.025296
13.274149
16.533995
15.959261
15.553008
12.276503
11.009627
14.19342
10.251252
14.494172
12.742942
15.469222
13.885638
