11.86196
5.2441774
9.95366
14.254841
9.1445274
6.8205712
16.203482
9.3752027
9.001794
7.0503668
10.794128
11.682134
6.7818699
7.5518233
7.8614641
8.7972731
7.7849407
10.979114
14.996468
8.1999014
9.4972828
9.2639064
19.487266
22.211338
12.590206
7.0404737
17.125621
14.128921
13.687312
9.6276311
12.070999
21.316691
8.9829794
16.030939
7.4762401
12.331999
21.07312
3.0131139
5.4065874
11.221523
8.7738027
14.716669
12.234697
10.636759
12.588015
9.3902406
6.4482962
10.703299
10.338617
8.0619197
9.8596101
21.839283
18.102697
8.4731831
6.8651968
9.6608116
12.224472
8.6333247
11.160519
11.140925
20.91855
13.093305
9.5904795
7.1904303
10.199268
16.16475
13.19946
15.253063
6.3891187
11.999795
13.533884
6.3609801
12.124199
9.6409266
10.661703
8.9029021
9.2522587
8.037363
10.823184
8.9398988
12.803368
13.309217
9.8599616
7.5099579
7.7448188
8.5807295
13.226594
10.151005
6.8205712
14.089681
7.116028
14.32049
20.936758
1.4642599
10.290654
8.0073113
14.267697
11.253164
3.9132908
13.093994
8.1255971
8.1306772
10.306663
10.226375
11.776442
8.0346896
6.1311845
10.025428
6.1209379
8.3687708
4.2794506
11.136943
11.971751
13.829187
6.2751913
10.644536
13.882717
5.6262214
12.253171
7.2981492
13.382087
6.835877
10.359436
7.1393167
11.34847
7.2801623
12.14087
15.507267
9.3518017
17.051634
10.083463
4.2149863
7.277842
23.035969
10.910762
6.8205712
16.026028
12.945922
6.8205712
7.4352685
13.714633
10.80258
5.6162003
10.239193
10.983202
7.4912898
10.043528
11.598884
11.605321
9.4897747
6.8205712
11.278951
11.116426
9.5287778
7.3494686
10.319089
7.2510488
5.562162
8.5999637
14.222403
11.347273
13.708356
4.7352716
7.6502029
10.644407
8.8911166
8.7409011
10.310452
3.867153
8.2997144
8.4935782
8.9292711
9.4991897
6.3299185
8.4045606
11.004535
10.231495
7.29477
13.512092
14.031731
10.292227
5.6615198
6.451715
20.989583
8.5871743
6.7521245
10.675075
6.8601374
9.7588194
10.622389
7.9352119
13.844009
10.791032
1.3181986
8.0592183
13.582346
13.216033
6.8205712
9.4780357
8.3095897
9.8869769
5.3479222
9.8237601
7.6886986
8.0013193
8.2573818
14.424681
9.1396656
8.0061231
14.738176
6.8205712
8.545458
3.7605186
7.9454787
13.339465
10.281965
7.6902061
13.183667
14.466187
6.8591448
17.806286
17.897806
8.3246008
6.8205712
6.366993
9.7735553
8.0255696
30.273637
7.2060978
14.197283
9.8174666
11.11033
2.5000751
6.8205712
17.948513
3.4889116
10.982939
9.1001369
11.160595
10.643633
7.9735831
16.374212
10.240354
20.506484
4.1452518
7.6042983
5.3001406
8.6352968
5.0707309
6.7722797
14.835907
6.9040153
8.0013679
9.8754684
13.203992
8.4292134
8.5538639
8.1566805
9.2048105
17.837944
8.765604
14.772564
13.78131
8.2631439
6.5701021
13.140271
11.7974
16.78001
12.025385
10.024959
16.112029
10.872549
8.4130744
6.8330679
10.486255
8.2283663
14.943029
6.5440358
9.9136352
7.3062695
5.6951117
8.2014904
8.6520848
9.6889696
12.466573
6.2573069
5.6715934
17.076657
7.1948878
7.4866591
15.523087
10.585965
10.230967
13.103045
11.040627
11.05276
6.5124665
9.6742832
5.9348002
8.5490708
7.4407908
4.9683748
5.6052344
8.8247943
12.617558
10.761878
15.710171
2.9730157
10.974422
10.277266
10.533989
8.9773587
16.904995
13.129833
12.37408
22.674663
6.0862924
9.125114
8.2200992
12.698453
5.120987
16.86277
10.036368
15.048728
7.4826729
4.954996
6.8205712
17.870345
9.8337145
6.6392846
9.0460442
11.401444
1.804204
7.1791306
9.9376081
7.9751769
7.0503668
8.2353191
9.3695392
11.848226
7.7397534
13.745851
12.938324
3.6845057
13.813807
8.5421448
7.2801623
8.8099241
16.471041
8.3627118
9.4756687
10.491637
6.7328662
9.2246346
17.492857
4.0379035
10.42393
8.1414059
16.770196
11.366491
7.6790752
8.5964011
8.4166753
5.1870005
23.687703
8.2598138
4.7295361
6.450225
7.0503668
7.7816599
17.394198
10.755834
8.6644864
16.880095
9.0771853
11.078028
7.2217545
6.7398014
14.896736
6.8302514
8.7781758
7.1432586
12.717362
7.0745639
15.732599
7.6687051
6.259248
11.994447
7.6912389
5.5332732
12.537789
11.549398
11.38945
6.6839059
10.482234
11.657941
6.8205712
8.3530315
14.647801
7.5099579
9.4880537
12.544633
6.8302514
13.254793
8.5052328
10.712275
8.928953
7.7239288
9.9213258
12.312091
12.728724
10.948137
11.038652
13.807269
13.059472
7.3502567
13.893507
10.480661
7.6032762
9.5665799
14.950576
17.864711
19.374784
4.3316241
7.6102648
9.2759415
8.5571799
11.42386
10.036959
9.0694679
14.534269
15.323617
7.1891462
20.615208
4.6047274
3.9146722
13.006656
16.743506
10.947633
7.8927893
13.738691
10.199839
14.852859
8.1557811
9.1358104
17.648315
12.197857
11.395838
6.8205712
3.4339317
8.6581703
6.1650638
9.0940844
11.524073
6.8205712
11.726649
11.516206
7.3040264
10.542575
7.4037692
6.8698478
12.835922
3.7352543
16.021281
11.808462
7.6006586
14.725413
15.379344
5.2942164
12.70807
9.5976611
9.5967309
9.3422373
15.480535
6.8205712
10.461032
12.378309
14.624956
7.168418
9.3813141
12.380544
4.2824635
7.9358992
8.7351675
7.6065867
9.1671512
6.4616023
21.98647
10.421571
8.690706
9.5395776
13.602007
7.425571
8.4773332
6.8205712
9.1827417
10.44306
9.9778734
6.3542355
11.314688
7.5714627
9.2027844
7.5346397
8.6709904
15.358462
6.8205712
17.406854
7.6946094
9.2005668
7.7083242
11.632734
11.533415
7.7866708
10.650714
6.3609801
9.2069824
9.2598524
7.5801724
7.7412164
6.2318506
17.352896
16.117912
9.3782596
5.9502125
12.519379
12.043821
6.9194342
10.7893
7.5099579
9.6872899
8.3977231
7.4677097
8.9706247
6.8205712
8.8162417
4.0235314
9.972486
16.731934
6.8657015
11.246034
6.4296355
10.930841
11.714099
9.8907783
7.7451629
10.636883
5.8523713
9.6727635
8.4341773
8.0774258
16.814095
8.364085
7.2703298
6.5982827
7.1889437
7.8980014
14.865802
9.6745429
6.8205712
7.4809475
14.188461
6.8205712
12.382796
7.6480373
7.1825551
9.4310474
9.6671869
10.709614
10.783883
7.4590815
11.609117
14.000304
7.056114
9.9402772
7.015844
18.678109
26.652552
19.204173
8.9221097
6.8205712
8.5653034
6.8205712
9.1580125
6.8205712
7.3572695
12.625035
12.845474
23.081642
10.874226
9.2593923
2.8928251
12.939751
11.268034
6.3215697
11.254739
11.565922
8.2054007
6.7884074
8.3673392
8.4684218
8.5736492
8.3814752
11.155811
7.65035
12.672245
8.9066889
6.4254879
6.8205712
17.633283
5.7621187
10.954047
9.2105685
11.224548
15.153234
6.5359049
7.9714653
7.8324323
7.1682076
6.8205712
6.8667365
13.737199
14.445774
10.882036
7.9108263
7.0236159
7.3192956
15.12858
19.834773
8.7858642
7.0109923
6.8205712
15.209997
8.4178626
13.184635
17.560742
7.4273576
18.839313
11.291663
9.1258519
8.1547428
8.3991858
14.176303
16.212796
7.9396664
5.9773188
13.641077
14.714718
9.1416565
10.693177
5.9456034
17.569538
8.8858385
7.0169534
2.1310228
12.935791
7.3678264
11.582028
10.485329
5.7844689
12.295722
8.7250536
12.691575
12.100318
5.6715934
10.446007
11.614825
8.7021501
11.567163
8.5459607
7.5099579
6.1330123
16.895873
19.71442
14.284572
8.73539
6.1601122
7.5099579
10.621063
8.6278269
7.8994414
7.4862808
10.683488
13.545048
5.901389
8.2923991
11.236136
12.814818
9.4492163
12.504289
10.499779
16.532427
7.0360487
7.2755821
3.6535556
7.6275126
9.635232
7.623742
6.8205712
7.290585
14.359748
6.0800748
3.7629774
14.849865
10.515818
24.196325
10.780323
8.0541142
7.2184668
19.135691
13.526637
3.4144529
9.8970082
8.773157
4.8602041
8.7394197
9.807334
10.080385
11.645036
6.3565659
8.9968129
7.4841851
5.8253353
5.7299186
5.9419516
13.019912
6.8205712
10.030488
11.742963
6.641215
5.460403
7.4139305
7.1017659
8.3209902
10.090978
9.050561
14.96205
5.1505512
11.77754
9.0810596
13.120007
9.3457146
7.3560255
9.1186477
7.7081845
11.279074
4.697943
8.1592958
16.464742
9.9021353
11.37357
11.666575
6.7691012
8.627415
11.223132
11.831925
8.948592
7.2801623
4.5226549
22.46219
6.5907756
13.596805
8.4187515
7.9378493
4.2180745
20.211782
8.2067671
12.241855
7.1322489
11.470898
16.707303
9.8039659
9.1779338
15.721258
9.9054514
4.6957823
11.605432
15.266292
17.121068
11.436444
8.5900978
14.084109
16.024278
23.676258
12.48187
7.4780123
5.5155656
9.1022665
8.0183769
9.6496221
5.9886927
5.4212262
5.9912808
9.0978118
16.378344
10.527659
13.560715
2.9730157
9.9446705
8.9538591
9.2508883
20.869226
5.8621305
9.211511
12.267367
8.5001281
14.40941
9.567641
9.8768664
11.754961
15.35375
6.5363356
10.946695
10.176633
9.1289716
12.630735
17.743636
7.328082
22.031565
15.300271
8.6437257
14.694758
6.8205712
11.155184
7.5484616
12.317508
6.2865435
6.8205712
10.541974
5.7758865
25.264955
7.4643633
8.8473324
8.7017497
11.653776
12.672203
11.338218
9.0305158
9.8054034
12.211559
12.008593
11.65672
19.358372
6.2151598
6.4616023
7.6905564
7.5715222
19.245471
15.562556
5.0541389
8.754383
19.538068
18.401717
17.382476
6.1311845
15.634369
5.3250941
13.506177
5.7749738
7.5298995
6.5841465
11.481618
8.7481766
8.8165151
6.5878465
6.8138099
7.7180678
7.8758749
16.122387
14.582229
23.908688
12.392884
8.5507772
5.4647008
15.582723
9.4955574
10.52331
8.8511368
4.946605
10.152933
7.6723362
10.872535
6.5505098
14.757901
5.1972125
13.555678
7.179414
11.352934
9.4527315
9.4281024
6.1311845
6.6665296
17.804705
13.045556
6.8205712
11.714735
10.190448
9.4499079
11.881507
10.442263
7.4195092
19.124961
9.5337813
4.8531129
7.3458093
6.8205712
6.4052888
11.198835
7.2303398
14.926557
12.654284
10.120792
11.643511
5.5584447
12.23366
9.2049236
10.434384
11.633535
15.162238
10.693408
11.011872
12.574039
8.5116734
5.2159065
4.7516696
7.7397534
9.0690301
2.7945506
7.2719307
10.420587
11.85728
16.607654
4.4546924
7.8337832
8.9249951
8.3539719
12.068931
10.647022
19.6126
7.7751876
7.6420047
9.5243229
6.554155
11.694385
13.591475
8.1143653
8.6685351
7.5099579
10.034344
8.8234193
11.64668
10.5383
11.491879
6.8205712
8.7416765
6.0414883
11.413799
4.9480691
6.660545
7.9853956
16.562854
11.96286
3.2788822
3.5940422
7.2801623
7.2801623
4.1262708
9.4803327
8.6572647
6.2033677
6.3609801
11.687557
8.1893857
8.4363418
7.4577784
6.8205712
6.0985352
10.01917
7.3215073
9.7389304
9.299151
13.447188
18.764982
9.6181066
6.4233422
6.8205712
8.5110485
15.087207
7.4394505
6.8205712
10.652127
7.5988801
6.8205712
11.281321
11.574116
7.4401639
6.8205712
9.4456233
7.6839181
7.2842762
4.9758508
15.301721
12.040962
9.408346
11.165471
11.012256
12.57055
14.918312
6.8205712
10.088292
4.6505657
10.504129
6.7379901
9.4829638
9.0838233
13.609019
13.082859
7.5989623
5.971642
10.758606
8.0715043
8.7025796
11.46326
22.719898
6.0016766
8.1879301
9.8028348
15.917666
9.8906085
9.4121394
9.4337298
15.971199
14.039947
11.894114
5.426636
7.6374583
11.150406
16.828721
7.3917315
8.1155999
11.697098
4.6785014
11.753069
11.564628
11.589467
6.8205712
14.004715
13.261893
14.756171
9.0687809
10.722584
11.309238
6.3025722
10.060675
7.5561606
9.5202457
10.445002
8.6048398
16.68196
5.4597764
8.1993445
7.9329626
12.412187
13.829873
12.742727
14.798679
6.0552136
18.066855
22.958619
12.154427
10.140842
8.2317674
11.667988
6.2378502
21.061342
7.4931509
6.3707943
3.8766431
8.0509486
5.6715934
6.3232923
9.4499079
10.714533
11.358206
10.107489
6.4282661
8.3598174
5.1830305
9.8265225
10.315235
12.16611
7.5517686
9.0866058
8.6159608
6.8205712
9.6475219
8.7187702
8.4689839
11.246751
8.9843336
10.161781
12.02853
10.760099
22.520598
8.8323808
7.5099579
10.868754
6.8205712
5.8590518
11.917188
6.9829218
11.135238
8.968862
11.014504
8.9451972
2.3916205
11.63158
5.1583902
17.423459
10.442581
11.171463
6.5907756
13.72728
14.111857
7.811927
8.2179576
6.8205712
6.8205712
11.124915
4.818039
9.2841898
7.2801623
7.3094992
11.322625
15.550644
8.0539151
9.9267771
9.1230723
6.5740658
7.2432006
14.383747
9.1977115
6.3045468
8.8479383
6.7704797
9.3191823
14.788725
6.0016368
10.374251
7.799774
8.6589356
10.873594
10.562427
11.460827
4.0420718
12.630697
7.2801623
10.567842
12.476276
6.8205712
11.508544
10.507577
10.575521
6.2200866
7.1957308
8.078905
12.017523
3.3216824
6.555716
6.8205712
11.657043
8.1691576
5.3080049
5.1548231
6.8205712
10.020473
17.454567
9.3631946
8.6609135
6.8205712
13.008712
8.2461804
10.1175
8.9955634
4.1446184
8.9047249
4.1540778
10.386299
8.9995855
10.982064
7.1974417
27.061833
7.3147148
12.077302
23.055722
9.4037944
6.8205712
5.2652066
11.579867
13.39504
9.3483223
6.2198693
6.8205712
9.3114552
9.5112361
6.4282004
6.7027894
11.003007
6.8205712
3.551898
14.420934
9.1330462
11.480553
8.8293534
12.926826
11.745139
8.8657004
8.942246
8.7954061
6.8499974
8.0467558
8.5063801
11.946752
9.9232115
9.6256608
15.697143
12.666696
7.5099579
4.3935218
6.8629034
14.165422
17.931339
16.438195
21.236169
6.2670812
9.9480949
9.9160927
11.456254
14.815557
7.7248456
6.0180201
12.177848
10.938348
12.159351
11.109465
6.7282017
8.9761163
7.7452043
7.4649033
8.1123818
12.384957
9.3890733
9.0314875
8.7476437
6.9364961
16.748772
13.256888
8.1442582
9.340211
8.615683
9.8752431
9.7829618
7.6811699
7.1753562
10.463943
18.769411
11.915874
-1.7724637
11.910333
7.020166
9.6056306
10.281401
6.9542855
6.8205712
9.8666504
7.8780545
12.730003
16.99992
7.969549
6.2883938
5.8278998
8.246377
10.598658
9.354728
6.4997907
14.182659
9.032647
14.919916
9.3080117
6.9602481
12.065608
8.9953281
19.404249
6.8205712
6.8205712
6.8205712
14.825285
8.0761358
6.8205712
7.1419292
8.2983844
6.5326943
10.670991
3.5240991
8.5897685
9.6520509
10.035274
7.880146
12.851927
9.1963051
10.223077
8.5124779
10.871421
10.419559
10.321309
11.77089
10.225839
7.7397534
11.203593
14.861785
12.819206
9.3953385
15.700941
7.6534133
15.73073
10.568808
8.9480591
6.4052784
17.760121
9.117186
9.7148065
13.204654
6.6499184
8.1824463
7.8228695
10.948014
10.53013
12.63147
6.5044841
6.777669
5.9337644
4.7524112
8.9366293
9.9134382
4.6625151
20.721116
13.696755
7.9066658
9.1581064
7.9560691
8.988265
10.713679
1.1526847
11.572899
15.566353
6.5907756
12.992244
9.2542911
9.3402983
11.807153
13.888749
5.5885885
13.027508
6.3609801
13.16584
6.3154384
11.255623
6.5989424
16.176309
6.8205712
6.8205712
9.4142965
13.125607
9.5139049
12.644081
6.0788646
12.250211
5.2846572
9.959494
17.564879
11.553222
8.6664659
5.9672641
11.843558
7.9326588
5.9485791
15.771217
8.0194677
8.2878343
8.6457892
11.545448
9.3166142
15.342975
12.675405
9.5431374
11.671207
10.442989
14.005188
7.179414
7.2801623
7.5190088
10.066912
7.8176187
7.0499904
10.197193
8.4227783
6.0257235
12.214144
9.6554111
9.5216828
14.755072
5.2474278
11.253328
6.0993906
13.11609
6.9860493
11.81576
14.649279
6.6051029
18.135883
7.2964113
3.8136595
6.130431
10.78782
6.6906089
8.6678807
9.9380018
13.295014
5.9853643
6.1418265
14.036764
7.4361299
9.3248097
7.0683453
7.2420503
19.117366
10.953811
9.275946
6.8205712
9.5553568
6.3947287
9.3281147
8.2279962
6.7976072
6.0158354
7.0980467
4.7384255
16.235143
6.6525961
6.1975246
5.8067599
9.2655267
6.3609801
14.598567
12.347266
7.5099579
6.4879785
8.0673974
6.8205712
13.432093
6.8205712
11.113178
12.059205
10.219579
7.2801623
5.1184892
8.0669197
10.732605
7.4496011
6.2515776
10.017777
3.4160503
5.5225637
19.581876
7.1536675
6.6612103
11.852665
8.0498798
6.1712018
5.9281378
9.8511278
7.3306198
6.2298435
6.417284
2.3597765
11.616337
4.4046333
10.612036
6.8205712
6.8205712
8.7970364
3.715118
9.2868555
7.1666514
5.3858366
7.9066658
7.8391845
9.5605197
14.259152
7.5674728
15.284826
5.519737
7.8675422
5.5861876
2.7626682
12.086167
7.3475798
6.4435316
14.186318
13.093227
9.7399852
6.0574752
11.163179
6.8205712
8.8388813
8.1143611
10.768736
9.0931039
10.072661
9.1191432
9.4746957
6.8205712
8.1421957
5.9643286
14.626727
5.2013614
6.8205712
6.9106304
17.814121
9.4080705
7.7972936
6.4817548
6.2819552
9.5686675
14.943979
7.8102807
10.642889
14.876958
9.9240781
11.538154
13.160111
10.252039
7.738724
7.8701291
8.4325014
7.4884181
10.436263
8.6797054
8.3268051
9.4746624
17.012524
9.1459625
11.100772
11.920087
5.9534952
13.619167
9.7166982
6.9902459
13.03874
6.8205712
11.492036
10.679733
11.765051
4.4762272
6.3677789
10.08271
6.5799869
8.2445052
7.2997441
10.770332
8.5628669
7.6703083
16.573677
6.8205712
6.5791178
7.2736453
6.9010744
12.426754
7.969549
7.5832045
10.837191
5.6220405
7.4119231
4.8034067
7.2915008
11.997791
7.2856196
6.2951763
11.737983
6.7601248
8.116989
9.4356165
9.2926401
4.2948641
5.1082964
6.5374091
9.0628904
8.3536125
10.002126
6.5907756
6.8205712
9.1589484
13.462682
14.022607
18.66828
8.8092869
5.7724291
7.0932769
13.949332
10.40415
8.7860836
15.113414
5.0251708
8.4866802
7.2801623
8.153101
10.978465
6.0747862
4.9762416
6.8205712
3.9691079
8.1092711
6.7881717
7.2699794
7.9748909
14.317735
3.7326101
7.2502186
7.1071923
12.920958
9.0547617
10.811097
4.8502473
10.246432
5.1607611
16.309099
7.6907388
9.188597
6.8205712
6.9860923
13.401314
9.1162267
7.4091478
10.3816
12.616909
7.3835569
10.972874
7.9473384
10.11861
9.1811755
7.2919712
7.0949924
9.931449
9.6555303
11.705497
6.5907756
11.587035
7.0802663
9.9047276
7.5099579
7.0707441
13.844962
13.456664
12.036374
10.944316
6.8205712
10.967087
7.9242603
8.2213952
6.8205712
6.8205712
8.6558931
8.7223498
11.321585
6.1311845
7.0261933
12.923301
7.1790529
8.7996092
14.685881
10.222902
8.1954171
9.7426083
12.188142
9.112754
7.6575855
9.6143669
12.10201
6.4618258
10.611884
16.117912
0.56418186
6.8994155
11.632949
11.790859
7.1536675
8.5974537
10.713496
8.9128929
13.494148
14.620871
9.1516166
15.904365
8.3238837
8.8013009
11.238514
3.2525573
7.1746508
5.1459993
13.562506
8.6776635
6.8205712
6.8205712
19.424582
8.8077961
10.870976
6.1455853
9.109621
10.29974
4.0227038
6.3098254
13.108011
11.670408
7.3957507
10.256654
6.893395
11.357461
9.3915367
6.4841138
15.018229
6.430825
7.9474562
8.4200993
5.0806739
8.3963337
3.9340475
8.962529
12.376939
7.6125162
9.0712512
9.9797885
19.343879
16.300215
7.5766345
10.853064
7.2479375
9.2500958
9.7918253
10.636655
7.5518233
8.8389558
9.0167748
8.3793399
6.8138099
6.1412001
14.79278
11.231837
12.223661
6.8205712
10.148826
9.9075528
7.2551627
10.099817
7.5810843
1.9924635
10.402779
7.3863832
11.602101
7.5203296
7.5099579
13.206884
8.0388545
9.1381906
6.8006727
4.2865236
7.3560255
11.417973
11.842602
12.045366
7.2905341
9.3646535
13.771728
11.04506
6.3609801
10.995225
7.5279608
5.5661324
9.5764326
6.3609801
8.6762221
6.2911264
5.2025013
9.585123
6.3493222
6.9519962
8.7283059
10.754794
9.0832962
10.885668
3.0802494
6.9935684
8.2210806
6.8205712
6.8205712
6.9600897
10.850884
8.1499624
5.2279162
12.216035
7.0155597
8.076376
17.572547
8.3773236
6.8205712
10.407976
13.953486
8.2359186
9.4522412
8.8115582
5.3140711
11.022752
12.980071
6.7541446
13.154479
5.2798437
6.5957483
9.7624121
9.5465172
12.459715
7.8506538
13.33602
9.2626472
5.5906332
4.9129954
12.254587
9.5041484
6.3609801
7.9208432
4.8513519
6.6742578
8.4288204
8.1313189
6.8258772
15.037355
8.9209407
10.575664
7.971005
7.0503668
16.827366
6.2121293
17.549249
10.35863
6.8205712
3.3290379
9.4579802
13.2309
2.9131692
16.940604
5.9523631
4.9910737
12.589642
5.990291
14.237842
9.146521
13.576881
4.6828047
7.2194227
6.013579
5.9027495
12.919672
10.728125
6.8205712
6.8205712
10.139386
9.946437
6.6892473
7.5832006
9.0668434
8.8602613
11.921864
12.279682
8.7760842
5.2896552
7.0645051
8.0368093
8.0675955
8.824654
6.4169532
4.651135
18.393738
6.7915524
12.292234
16.75455
19.370672
16.935319
8.5547805
13.123822
6.255519
12.241557
5.7724291
5.7183183
7.1061335
12.141302
17.109183
13.511767
13.862872
8.9237806
10.543739
12.760002
5.9678937
8.2302758
8.6959671
7.515805
12.455367
4.8226835
9.8406558
10.687266
13.996926
10.921822
11.080015
7.7397534
5.9088626
7.6250695
9.9287173
7.0221735
10.812923
12.409567
9.5977395
7.2334155
6.6488213
9.1247272
4.3165511
6.5689504
5.1985058
7.9422279
17.029204
8.3713237
14.422142
6.9935684
10.004483
13.870945
10.66481
7.1947661
15.491759
5.1061572
7.3568773
11.721896
8.584572
6.7582372
11.200209
12.382813
12.16831
8.8136813
10.718893
8.2218458
13.586106
12.001718
27.643766
7.4394014
7.9748909
12.355967
6.2200866
12.746874
9.0334494
6.9864304
13.769332
9.6881197
7.7643675
16.007872
6.9704756
6.2955369
8.6330684
-1.9157561
11.728349
6.8205712
9.0496696
17.400032
10.189525
7.2253711
5.1058592
8.2980315
12.757215
5.7453611
7.8227675
8.9459052
12.321436
25.498011
12.087782
11.943628
4.8020405
8.9195111
7.9804966
9.0979774
7.3904542
8.5141677
9.4258677
5.5683754
9.7653014
7.6801799
8.2923991
7.1051254
4.3722776
10.6907
7.787759
10.62188
9.328545
6.4768402
13.100676
10.233132
8.5536168
7.5617887
7.1358011
7.6257934
5.6398526
9.7890062
6.8205712
10.489479
13.255322
8.2923991
11.742201
13.198788
4.3450938
6.7407667
7.2322414
6.8205712
12.222722
7.5952983
8.2252875
9.1570202
7.8890594
1.1504251
9.8783789
11.731698
6.821113
7.2479575
4.9796747
5.7555687
7.738284
9.4590686
8.2210806
6.8888654
13.251275
14.547216
7.2801623
7.3165413
16.782355
9.8731596
6.2571519
11.743205
10.450617
6.9106454
12.198666
4.8889215
12.468037
10.600215
3.7381031
8.564492
6.6661217
9.1743408
8.8765198
6.5080961
8.0179363
6.3256121
5.9032167
9.7176878
7.6661605
14.085898
6.8205712
8.8012325
8.6585157
16.378991
6.8205712
6.7564927
12.51369
6.1880297
7.480013
4.1590391
13.432424
7.7664425
7.9650877
8.2604398
6.703037
7.4107676
7.2521159
6.8205712
5.1219537
8.4145996
6.8205712
12.74126
16.582257
7.7550978
15.907398
13.275328
12.463938
10.057237
10.181285
17.4347
8.4074634
4.4607791
10.275178
7.1071923
4.1468836
12.289043
19.918057
4.8263591
10.964093
8.0631925
7.5936363
9.3333909
7.5767352
8.2926302
4.8303503
9.4271425
7.8567636
1.7683078
7.0291076
8.3830961
13.08336
6.8205712
7.2266934
7.2227103
11.499186
8.2646618
8.9442529
10.037356
7.5186341
13.428658
16.724436
-3.6760953
7.7397534
11.568702
11.164099
6.1339921
8.7756126
9.0536657
10.730984
13.604141
6.8205712
6.2168142
4.8796072
10.42217
8.3551706
9.8969682
9.012242
7.3430026
12.147613
7.1935525
12.52428
4.9698044
14.606756
8.5506722
10.035602
6.5907756
5.5679202
7.1133988
7.4172619
13.360873
20.724176
7.7948298
8.103664
8.5278643
9.2675336
6.8205712
13.613056
8.0199441
7.5691985
17.390446
8.272428
7.9817535
7.3427564
5.8322112
6.9930099
14.170412
6.3965345
9.7140461
15.834019
8.9886449
6.5906018
7.9268003
12.702345
13.669436
6.7223268
8.371353
9.4728612
7.3267955
9.1385307
-0.58727331
4.4972134
15.50785
4.2481864
6.6487411
11.858029
10.208051
11.376343
11.354619
10.832646
5.7034695
6.5628554
4.3086244
7.6962542
8.6916172
6.8205712
13.661006
7.8027855
11.012411
7.5358275
9.0114958
6.3832219
8.7518726
7.4046565
6.5933093
9.4735859
9.2310907
6.7441476
9.4006096
9.2742371
6.035895
6.2957258
8.9863185
12.787837
9.3668266
6.1311845
8.5468105
8.1600629
16.939699
12.617068
5.3933222
9.1114737
10.988751
6.5490722
5.2120023
10.583356
8.2941715
6.9604463
6.8205712
10.053918
15.703719
6.8205712
8.4936268
8.5220635
5.7530723
5.7960499
8.3468355
8.6727503
9.9592716
13.597499
20.252124
8.8496251
6.0409407
13.406544
6.9775477
5.5050095
12.019133
6.0471861
7.2369827
6.8302514
12.930951
4.7929342
7.3867405
18.217945
8.1513939
6.8205712
8.2190304
17.904504
11.019591
6.8205712
6.4539169
7.0683453
8.3836121
7.2859476
9.3991346
12.272377
5.2322824
7.4570496
8.8778112
13.963739
9.2261171
6.8205712
6.8425906
4.973303
6.5598486
11.11589
7.1730625
10.527468
6.1333559
8.165994
8.854477
6.4270841
10.832317
5.9320945
4.2865236
10.404693
10.325648
10.96692
10.803092
11.350922
6.8205712
8.2348957
10.183353
6.4399653
7.9409896
12.337278
7.1470637
6.9190438
3.3527597
7.8289495
5.3131889
9.6591543
8.0194217
8.9908834
12.532276
3.5059256
7.7740928
8.2429577
6.8205712
9.0093382
8.716464
12.698557
9.0840946
12.53342
7.0952673
12.775973
8.7156729
11.154219
13.294152
11.515841
9.2618352
14.79782
4.9840256
6.9947996
6.8205712
7.6756762
7.7441797
6.5082792
6.530809
7.0457599
5.498665
6.8205712
7.0062895
14.382593
6.8205712
8.0514403
8.3581376
4.4546924
6.8205712
13.277394
10.508267
6.8878572
18.83357
5.0111344
5.8833243
5.7681194
10.408092
6.2482478
8.3715395
13.5268
12.855565
8.8391628
13.307871
8.7049165
12.876225
6.8693614
8.6523773
6.1519597
6.8841733
15.486373
9.5981218
13.115719
9.1185267
7.2911535
8.6170589
10.6416
11.865307
13.609255
8.972769
14.91261
7.5208464
5.4358603
8.4164136
7.7435817
15.582623
14.391066
6.1108644
6.163379
6.591774
7.0503668
29.125361
9.1830141
15.105792
7.7443134
8.269131
6.6945186
8.1381079
15.566927
2.9258011
6.1049029
5.7584986
6.6965906
11.489483
4.3852291
8.1149187
5.6020084
11.927024
9.2429769
10.990989
10.586303
13.889913
7.571838
9.8937135
7.2801623
9.8345808
6.1842646
9.1131232
12.122901
13.324425
8.8096867
7.0969999
9.5129393
5.5554952
8.4818944
6.6284981
10.352349
13.223282
10.6194
15.11976
6.3082955
9.8811406
12.204259
6.8205712
6.5579815
9.0880268
7.0925626
8.9856349
6.7927804
9.7582755
9.3845714
10.430818
12.683777
11.90832
12.33227
10.418266
15.026189
11.793732
5.980467
5.3302622
16.8187
7.7463305
12.325665
14.54283
6.8205712
6.5907756
10.55751
11.444588
7.29477
9.2982164
8.0804177
7.5001253
6.7950729
6.5946798
12.88476
12.094368
15.272581
10.024985
14.814187
7.3610828
13.201491
11.192657
16.771479
10.415703
6.3609801
10.074044
9.8873466
14.566652
9.4536315
16.350921
12.033869
15.933206
6.8205712
7.8645016
18.226526
7.7588946
6.8041963
11.601303
7.161221
9.143031
7.969549
12.040562
11.979284
12.155561
13.155503
10.757394
13.548343
7.0460466
9.2904725
7.0073062
11.86576
10.008569
13.389607
9.7432739
10.299312
14.180846
8.4420201
28.876652
8.3266589
19.483244
26.787647
6.9599127
13.865167
14.533352
7.5401508
14.256284
6.8457571
16.457067
12.210862
7.9911946
9.3628565
9.6657861
8.5719318
19.411243
8.8376112
7.3689382
8.5973938
11.488622
10.522089
9.8061646
4.3672864
12.678982
8.4956156
11.924647
8.4967487
14.661186
14.890988
8.5778071
6.3933001
7.6055839
15.155162
7.2914846
6.6440277
20.981599
10.837633
14.983652
11.621511
12.535001
22.16766
13.025327
7.7746003
10.193263
13.30588
11.521304
8.4501382
7.5099579
14.048015
10.094774
7.7786846
17.985705
11.892704
6.4595878
5.4493931
13.371767
7.5099579
13.558755
18.426166
6.8205712
6.8205712
14.123896
6.4617517
9.4041438
8.1855679
10.030931
10.173208
29.594149
10.00645
9.3028097
14.382921
11.983042
9.6006637
18.259819
12.883966
16.142601
13.491428
11.851347
12.923646
11.673451
5.6043116
7.3221977
5.3296552
9.6833085
6.8205712
14.191774
12.482522
24.16269
8.8527554
7.9379026
7.2727244
14.073156
6.67837
14.651412
6.1519128
11.841959
6.0698983
12.077926
17.484803
16.839173
18.704803
17.74274
16.818349
8.3836944
9.1970747
7.7196663
16.24201
9.4574938
12.585286
12.334102
14.435862
18.875028
5.6348877
12.832786
8.0046615
6.1703937
12.434788
8.878736
7.2351072
27.783992
10.448086
16.621252
11.557779
10.760165
7.8490216
11.497351
9.8049293
12.513838
8.4064245
11.859661
18.761929
23.842633
10.190311
14.642009
11.665535
14.442225
8.2270657
7.2801623
19.097339
13.405681
13.672509
8.8399091
10.434367
18.113126
6.61902
7.8323758
15.400513
19.037236
13.288165
11.328088
7.8219164
12.067511
15.605064
8.7239591
16.382384
9.4712869
6.8205712
6.3676783
9.8476901
8.9665351
11.266207
9.4205198
7.7112866
15.106098
16.929546
11.358161
10.189853
11.145206
8.4940874
8.0001137
7.2162255
12.558922
12.895458
20.185632
13.735539
9.1684465
11.784332
17.564154
4.0479324
12.446127
8.3175116
10.038215
8.8165914
23.356598
17.168816
9.3901219
7.4022672
11.093359
6.631922
12.400195
11.029376
10.035459
4.5855524
9.0607649
17.302929
8.1043649
11.668632
11.979667
7.8504076
10.299329
8.4573794
11.00121
18.758152
11.198031
20.370495
7.1006489
11.886701
8.0862932
12.505493
10.387965
15.560583
6.3740642
17.266387
9.4815386
10.507646
11.913527
9.8297115
13.051719
8.3405584
14.667079
10.810911
11.489292
4.526461
10.223593
8.4152895
8.2887808
6.8756476
10.559072
13.009222
9.2105046
7.8109018
7.7216881
9.2485114
14.192238
6.8205712
11.489179
14.552982
9.7468763
10.611387
9.9876595
14.388037
9.3200822
15.884719
5.6715934
6.2186431
5.5174519
7.8319061
11.176006
7.5099579
5.0433162
9.6435151
6.5875601
6.8898345
4.3164113
10.019633
9.8334061
6.5268395
5.1723003
5.6236676
6.8205712
5.3866521
3.780821
12.635721
6.0010678
10.994171
6.2936327
6.3831385
13.070954
13.374531
13.026252
7.5810996
7.5099579
8.126182
12.177097
9.9342975
7.6414037
11.583081
2.209294
9.6420946
18.973132
3.9132908
6.2414428
5.6860748
12.390701
7.8608648
7.2755863
7.7397534
11.066831
20.109409
14.409962
1.4140813
16.208845
4.3473942
23.594982
8.6540937
4.6592168
7.5946504
9.0441074
8.6127218
16.530939
7.1194825
2.3483406
14.83782
12.260272
6.4185504
4.847158
8.5784474
6.7012802
6.835877
12.437095
9.4986736
5.3868098
9.0612033
7.0109735
10.324292
6.6105061
5.3564607
10.869501
10.962023
6.2406494
5.7764939
5.6939141
11.886641
9.9936591
7.6820466
8.1637274
7.7540126
10.486572
7.3953542
21.199911
6.2122432
1.6429019
7.9455226
3.4517689
9.9113413
9.7284347
7.7232389
8.6202229
8.1104017
5.7522697
6.8280367
6.6189725
7.0683453
4.2678574
15.026008
12.017451
6.7821751
10.662829
7.1297931
8.8612177
6.0827088
10.493728
10.023541
11.487358
6.7902332
6.5273401
5.7661592
6.8205712
7.2822167
6.8205712
5.9418238
14.323384
7.6475382
6.144383
8.4828275
7.5031966
6.4094562
6.9168842
10.387163
8.1413033
14.346773
14.006139
12.884135
10.082609
2.7242049
4.5810169
6.4506927
5.901389
9.9907273
6.8205712
6.8205712
11.717918
8.7057624
10.408993
8.7802575
2.8514497
7.5923843
8.1797495
5.4436256
5.901389
9.1520423
5.6848048
8.9706286
12.534838
6.8311328
7.5907359
6.8205712
8.7392133
11.299433
7.5607318
6.8011192
13.430718
7.1496459
7.194483
8.7123275
5.1432399
6.6795843
11.003433
6.6570473
7.8675913
7.0503668
7.2762198
11.511509
6.1311845
7.7368965
4.7656079
7.6193322
6.8205712
10.142779
7.4012731
8.3163068
6.8205712
6.6626098
7.1071923
7.2847533
9.1850391
7.0152439
9.0023986
6.8205712
-0.16639132
7.6551885
4.946605
6.7690081
14.541432
8.7753236
6.8205712
13.431121
6.8205712
5.0430609
6.3895202
5.2809506
7.2871727
5.7614794
6.4845225
12.116718
7.4324281
7.326084
11.608739
4.7754979
15.049229
4.2189075
6.358377
9.1716012
3.3451661
13.177049
9.0595548
2.4719366
10.06203
6.0788646
10.136887
7.3534712
15.936132
11.457278
6.8947832
11.136865
1.5206595
11.092366
8.6037567
6.8205712
9.3322099
6.8205712
9.4312827
15.077958
6.5907756
7.6907388
6.8205712
9.6446435
4.9826512
6.5198816
13.221932
5.9686328
14.882838
7.7410278
9.819077
10.682801
3.4406414
8.4950513
6.835877
8.0966685
8.8840593
6.8205712
9.9271157
6.8993267
8.3460686
10.203054
6.3427892
15.004615
6.3674984
11.469396
12.820121
10.351723
8.2196597
9.8300314
7.6441428
12.002581
7.5907967
4.5810169
5.6759934
6.8205712
2.9606609
11.37921
6.6575295
7.7311644
7.2553624
6.3043893
6.6353232
16.804055
7.5625584
16.609195
6.042667
8.4197623
7.0106971
1.3511027
12.16078
7.7384596
8.1417825
4.6655036
10.23141
9.3176302
15.270546
7.702513
11.424758
7.0683453
7.7244752
9.7117715
6.5595063
9.1753146
6.3609801
6.9380207
20.833878
15.085235
8.3747995
6.8205712
7.1830106
7.8726631
7.6349473
4.5890332
8.0765248
6.1879619
7.5099579
10.204918
6.8205712
7.6656284
9.4642115
7.0503668
9.571265
3.1438423
6.6714982
11.688427
11.16336
8.5574807
7.598799
9.1683955
8.9412201
8.7007939
12.932993
7.3711451
11.366687
6.4986918
8.4834866
13.774725
6.8205712
4.3408436
3.6117469
9.7301835
7.2350268
7.8803653
6.4676457
12.67599
10.674211
4.7229675
6.2753805
5.0138621
7.8770364
18.955499
5.3131889
12.613741
7.5607464
17.458845
8.228917
8.7831422
5.1369286
7.0051003
9.3954592
8.6727503
12.262352
8.2512822
7.114893
0.58638983
7.7659715
5.5446092
7.0462348
19.185229
11.49397
7.031604
10.636436
7.6667138
11.820691
9.8762451
12.511818
12.173442
8.3494751
6.5000901
7.1925627
7.6444212
8.2191558
8.471428
8.4695427
13.578964
4.574436
5.7993631
14.734715
7.1733037
7.3171712
4.6462615
7.2801623
6.8205712
15.830021
9.1303776
20.918595
0.89846098
6.8205712
11.636913
9.2828787
8.3912183
7.7220112
9.0067652
6.8205712
6.7629455
6.7403269
3.9061114
9.3332069
9.1648608
0.52669238
9.1115264
6.1130534
6.8205712
9.3646535
8.7317198
11.725942
5.7522697
8.8731063
7.2854117
12.01764
8.3269424
8.631512
7.0323564
8.8033498
7.4064764
5.845458
4.2337474
-2.7034512
10.251576
8.2406264
9.4282194
6.8205712
8.2307077
7.2087207
7.2478312
6.8205712
6.9263862
6.2209874
12.178307
6.5854829
10.941837
6.5636758
6.4615968
4.8102928
4.7803163
4.2582769
23.276805
10.619324
10.279634
9.9994964
8.357896
12.007495
5.7575831
7.9247203
2.9322307
5.1713008
7.3264366
6.3688625
7.0546051
9.7956388
5.4961875
10.506991
8.2311148
10.709408
14.705896
14.249014
7.4906608
7.1135126
8.0945384
9.5477597
11.725234
8.0356543
3.7536908
10.46624
15.359218
7.5314205
11.887597
7.5184374
6.9194528
9.1183216
12.601694
14.100818
6.8205712
23.338732
7.2801623
7.9901331
10.064784
8.5654076
11.192681
10.198492
4.9186715
6.5873822
8.7864361
11.969387
9.2332377
11.028183
9.4056715
0.65791225
8.490764
7.5778479
11.903452
13.935978
6.7127698
5.270867
9.5718036
8.6330685
13.664903
21.054193
17.966324
7.7288128
9.8973349
7.037639
9.1644776
13.821029
6.2320302
7.6751545
8.2773043
7.2453552
9.0913947
19.84715
7.0264653
18.074327
12.817326
9.8957491
16.315642
15.385463
9.4989463
12.81713
12.119035
11.675872
12.409407
23.599664
7.8492556
8.7855441
10.217771
12.751451
5.6539691
17.835374
16.749004
10.163117
10.189944
12.490859
11.500758
8.6356561
12.694569
11.848518
9.8410304
12.348874
7.0387979
13.124647
7.1746508
6.3811743
4.3935218
11.755036
11.106952
14.321967
15.575864
11.630436
6.4290959
14.357124
9.3999582
16.983627
9.5552758
5.8860073
12.894419
14.009234
10.811051
21.565846
11.990967
11.18106
11.499368
7.969549
10.790847
10.238606
12.167418
8.8830732
6.8993739
14.577857
11.862298
12.466428
8.8887312
11.901483
19.629327
11.364767
13.512758
12.201059
11.00574
13.440898
6.503462
13.370018
10.438568
10.179008
10.86563
13.01625
7.5929469
13.113964
6.222219
9.2077274
10.216662
9.3341457
6.8205712
13.343267
11.139705
9.5447384
11.921928
7.9795916
10.664769
17.721102
6.8205712
7.4595467
6.8205712
12.715536
7.4530787
7.8310895
16.139892
13.909956
11.681468
12.511834
8.1189937
19.4679
5.3277174
12.037945
7.7494571
9.6833221
6.6671298
7.4985192
10.415317
6.8701194
9.0542486
7.5150912
17.82759
8.7035489
7.0115282
21.304724
6.9424315
10.632114
12.256242
3.5925404
10.487059
8.0381586
9.5726484
8.6727503
11.404686
7.157187
14.002741
9.5231003
17.090952
8.6228707
13.572852
14.106199
9.5951584
7.4701753
15.009752
22.85854
9.0848213
17.209922
11.776286
11.573687
8.8808902
14.260383
5.6715934
5.8702515
17.789699
11.814141
15.047413
12.426035
13.821828
7.7367646
7.1159911
13.918581
13.193923
10.224703
9.1868585
13.811643
7.426591
7.7338295
14.079853
14.814875
9.8554177
13.94068
9.5090859
12.130134
9.8640107
18.775532
7.9164647
6.4586251
13.844662
8.1123529
9.9299235
9.8563836
11.435192
7.2528811
6.8205712
6.3609801
16.059898
6.4894146
7.5048622
8.1661989
7.9449416
9.7700611
10.916876
9.6251475
6.8205712
5.5155656
7.3547717
8.5537912
8.1694238
9.1849146
5.7320664
15.981876
8.2462007
14.201513
7.5533388
14.848155
10.800709
9.331753
6.7730943
22.113953
7.1892966
9.9217717
9.448533
7.1476393
9.2387117
14.806954
8.0677097
8.2810018
11.126701
8.727603
7.9828031
5.3722448
5.2585825
21.240053
8.6589356
7.2437749
20.375207
6.8205712
10.744809
9.277232
8.8879448
8.4021274
15.857868
7.3955795
9.8736331
9.9126988
5.2400508
9.0712512
14.498882
2.765006
6.7800232
16.506511
12.375204
6.8205712
11.1974
6.7833559
13.168292
3.122907
6.7488536
6.3174605
14.636536
4.6756315
7.0503668
7.9225183
8.8792544
5.9703078
11.549938
12.161197
15.221096
12.510661
6.6796777
7.8665767
6.5137967
14.2066
7.6349884
6.5344891
9.9905663
14.783714
9.1915944
7.0779614
7.2801623
7.6521046
11.287899
14.451235
16.028346
11.764235
8.3260489
1.9564999
6.8994155
10.424071
15.95189
9.0431219
7.2944896
10.568893
25.735445
3.9786192
10.40023
11.352614
8.876196
13.272191
11.088454
8.5618899
11.195509
15.141988
11.118441
7.1573742
13.944914
9.0682131
6.8205712
9.4791334
9.4639853
4.1926075
6.0056821
12.542427
6.8530485
13.20256
5.2950023
7.0792777
7.6482595
8.3243609
10.130765
14.158728
10.625689
4.5453226
13.893233
13.981311
11.756526
10.4973
10.005029
14.410483
14.625999
6.0292201
5.8588574
11.843365
6.9159608
9.4312044
6.2320302
10.714647
14.826598
15.008618
10.123105
6.8205712
20.157357
11.944758
7.3300547
5.4295339
9.3650421
6.8205712
15.229246
9.3938492
7.639814
7.4487636
11.682423
17.019171
8.5264175
18.603525
5.2014897
14.203581
7.6571526
8.507237
9.6255962
7.1702465
10.288844
11.105037
6.4819728
10.872759
6.8791613
7.4703108
6.7988637
13.120014
9.4755383
11.261129
6.5907756
7.3533318
10.318875
8.3988996
14.223334
11.240864
11.683902
14.018425
9.2558059
15.634845
7.6348713
13.842854
9.9337656
6.6849491
8.892493
5.3414394
26.927633
7.2721506
16.481011
7.9396592
13.471582
8.7924856
7.134197
6.8205712
5.6527898
3.4898376
17.862029
14.696858
9.6562624
10.156301
10.49599
12.82122
16.490166
3.5369827
17.564222
11.844356
6.7324492
13.957769
14.234593
8.5635253
16.297432
9.8368729
13.518776
16.402648
7.7140303
6.8205712
11.255403
12.947051
8.0058725
7.205412
13.389885
11.69903
13.50417
7.2706732
8.2433826
8.8893537
12.771711
9.0999408
6.8205712
9.7941611
16.239139
6.7216763
14.334351
8.6085245
7.2949957
7.3338452
6.5618249
7.0503668
9.3123894
8.2172512
6.8421307
15.271444
11.541935
4.8841638
8.5207534
10.003217
6.8205712
12.482418
6.6618525
11.621748
9.262038
5.2227127
8.2595623
9.439061
8.8989692
22.757306
10.739743
6.7991679
19.914967
8.5316262
9.4811724
6.8205712
7.8506809
8.5729318
11.181788
12.441178
8.0293927
10.08365
12.560997
24.864846
7.7062975
6.5129075
8.1020797
17.522496
6.8205712
14.827694
5.2884143
11.029607
6.7595972
13.501562
4.946605
8.9249803
9.543647
10.025164
7.5042952
21.419862
6.4190988
9.8055697
4.2337474
7.5099579
10.878974
12.676902
14.517629
19.081232
15.717012
6.9174674
9.1001369
20.08157
7.755167
9.6245967
11.069429
12.384074
10.309793
6.5965318
5.998927
6.6791537
10.252209
13.534716
13.273404
17.72411
8.7733437
9.2838514
13.751514
10.953396
10.079453
14.004788
7.654467
7.9007603
18.356561
8.4257913
10.207499
8.4324113
10.813483
11.868345
7.5448209
9.8075778
7.4098244
6.7484663
9.8550214
13.693626
14.881556
18.537488
6.8205712
9.9488346
6.8205712
14.454158
11.931119
5.6234535
10.791101
8.1773678
8.8711911
7.6229413
6.8205712
6.4531639
7.1168291
12.477763
5.7556276
4.8227941
4.8987823
8.6777436
9.323858
10.391074
8.673074
5.7994726
9.1491385
6.3058752
13.204977
9.3484458
10.043091
7.0503668
7.635502
8.5885052
9.1878323
13.867063
6.6531542
8.6733671
5.248929
7.584504
4.8531129
13.53307
9.5041709
5.2577551
4.0427812
-0.18269459
7.1819712
9.4070506
7.5099579
6.4269809
11.734653
8.4021693
6.5618676
7.1821956
8.2712085
15.426788
9.1849891
8.3942583
8.2785669
11.14984
8.0779492
8.061106
12.48823
4.8811531
13.227615
5.7716324
20.749437
7.2173962
11.88689
8.3941153
13.657278
10.566877
5.4748014
4.1643467
9.5350031
5.4837318
7.2801623
16.236611
7.9450088
3.4647674
5.7339049
8.8320318
7.5661758
6.8205712
11.397606
9.6900412
6.1311845
7.1011993
6.3937708
8.5744027
15.281788
12.173025
9.1385307
10.238629
16.295175
9.9953395
9.1165938
12.494484
7.8166821
14.524166
7.5356838
11.279648
10.367374
14.225206
7.6868643
5.813648
10.030518
7.5557816
36.970547
10.013023
5.7565934
4.8531129
9.7886782
3.8760716
10.87222
6.7381284
11.121995
11.037034
16.76491
5.7431174
6.248941
7.6551081
7.6648998
5.8638768
4.9253075
11.363879
8.1896003
10.690856
12.121992
5.2131994
6.7955901
12.292174
15.492734
11.762396
11.414103
11.072951
19.597616
13.348424
6.8619213
6.2984761
10.669773
11.448437
11.648298
13.62947
13.086158
10.276474
5.1328226
7.6196578
14.857287
6.2444637
11.096896
11.720235
15.833034
10.220917
11.630053
8.3842806
5.5632831
6.8205712
12.326446
5.8013029
8.5812614
3.4326568
14.681566
6.2124414
16.494012
5.6238634
14.533928
7.9088643
10.313195
14.354558
7.4527266
10.359787
12.69076
7.5203296
6.9304186
15.363645
10.6211
8.0874206
14.13652
6.1470984
13.483951
10.65399
14.526887
10.641289
13.794443
10.197669
11.329637
6.451715
12.842508
6.1003331
8.9520161
10.155175
4.9976435
7.6902914
13.101403
15.509022
8.9078724
17.358838
12.596681
15.422831
18.498713
10.094267
9.8567741
6.0126568
10.950108
24.206346
11.460412
10.395421
8.6438418
5.5067205
18.181716
11.76592
7.4063371
10.995213
6.3144925
10.865654
7.5343562
11.523404
9.2741884
8.7422607
16.041429
9.13232
8.3596243
14.60363
9.0775049
7.8697959
12.761716
8.5143415
6.8205712
9.2195073
8.964329
10.712875
5.9387777
10.52966
7.1821695
9.2653472
14.675392
9.9004816
17.839121
12.38633
10.289426
14.820292
10.636265
5.5155656
5.8464451
9.2018719
7.6671146
7.8144214
9.4154526
7.3654062
8.0121347
7.2801623
16.68111
7.2546884
10.116979
9.576255
8.9824774
6.2247098
6.966984
7.7828664
8.6252302
14.400153
6.7893255
14.685273
8.0899639
10.025977
6.3316175
11.687443
6.7765148
9.7309822
6.1311845
13.511369
8.8331032
6.7155239
16.784747
14.427839
6.8205712
15.603578
13.694086
6.8205712
11.234906
11.460712
10.130969
9.8213491
6.0025755
8.284151
10.116832
9.0600956
10.517593
22.312513
12.734209
6.0030789
5.179023
10.060775
10.14848
6.8205712
6.9835417
9.3515574
8.4133154
6.8205712
12.209886
9.1162961
6.5506384
6.3184485
7.2801623
8.529892
11.812617
6.1311845
14.160155
22.234048
6.19797
12.31979
11.558959
10.042979
6.836037
11.155971
8.215737
8.7084011
14.365166
7.8803653
7.896152
7.2727244
8.3867494
7.0447926
9.0149367
14.918828
11.270097
5.6955275
9.9166319
5.402845
10.827845
8.9013578
10.912824
13.241713
10.221676
10.76966
10.594348
10.977789
12.159896
12.946241
9.0279113
7.5047913
11.360969
7.4623754
11.348242
9.1760962
9.3205549
15.113845
7.8857095
10.863331
7.5602333
12.980816
14.846666
8.7992507
13.302301
16.01063
7.472036
7.7311644
18.932015
9.3198374
6.7330555
9.0547484
12.285754
7.0852036
10.878271
8.6656276
9.1787546
6.6924324
12.518637
6.8205712
10.486572
10.765533
9.2310021
5.4747398
12.883466
7.7397534
14.774981
6.8205712
14.639884
17.069404
21.320008
6.9505519
9.6778778
15.228538
5.6192735
11.008093
8.801735
6.0292301
12.02011
7.969549
8.8408091
8.7763496
5.2033234
5.5554952
27.431377
8.1920414
8.4300978
7.392854
21.190106
6.8205712
14.50171
9.1576987
5.5426336
14.147971
11.977461
7.7169556
13.323446
6.8205712
6.8205712
9.5250382
10.068489
11.158775
12.60411
5.2618751
6.8205712
10.083291
19.087097
11.198437
9.4590704
12.760041
6.8205712
7.340349
10.180588
7.3834906
6.6716339
12.455401
11.073397
7.6663852
9.3800193
7.8146386
7.6646133
9.5364379
9.5208146
10.886608
8.3213136
7.725232
10.994507
9.0533743
11.785498
8.627415
10.059373
6.1899725
8.9674664
9.8908493
23.765879
6.6524027
16.349035
8.4644076
6.8205712
12.790329
7.5011806
8.9249803
8.4044202
8.9369626
12.511542
12.366785
5.5554079
5.9391771
10.38186
6.1222808
9.7894666
3.3099063
16.874751
14.955668
8.458391
7.6031832
15.080832
10.923431
5.0739126
7.4383725
8.0824213
5.1597897
8.0323393
5.7180764
10.990989
12.658659
17.836172
13.62413
6.8205712
7.2513452
13.834034
9.7730111
7.2905419
11.701954
10.433133
8.3239956
4.6173425
12.525727
10.49893
13.362418
6.0180201
13.990845
23.344797
13.747772
14.126833
8.4332459
6.8205712
7.3931808
4.7837707
7.7777118
9.4918236
10.236411
8.4725632
11.786795
8.2910046
6.8205712
8.8998158
17.301315
6.1409987
9.6238276
12.034561
7.969549
7.6128982
14.243206
13.573996
10.294357
10.898327
10.525475
8.4921979
8.5536505
6.9182708
20.283077
6.0524096
6.8268461
10.897309
6.1442833
5.5097791
7.9602829
10.154099
12.880163
8.1692307
8.3792237
8.3733517
14.879767
11.830954
7.5099579
10.607676
5.8451435
14.095876
6.9122683
5.5653219
8.5141328
5.2544781
8.2843129
9.8924753
6.0113702
16.606323
6.8205712
9.9911813
14.102405
6.1799876
9.2319193
6.8205712
13.960884
8.3549758
10.515539
7.3042446
7.3458305
17.617867
15.839679
6.318864
7.6550612
6.3942273
10.760132
13.336201
8.8930216
14.117
6.9838462
7.9846951
6.8205712
15.4744
20.919694
11.152087
13.950906
10.516215
7.7065143
10.739919
10.121477
6.0190069
11.66
8.8092197
9.3788336
14.56429
12.428312
8.4073841
12.064994
14.90105
8.4867207
11.753716
11.150826
6.8205712
8.1744145
8.6972225
7.5099579
9.0188554
10.061755
12.525106
10.907856
9.3941825
12.673271
16.229656
11.475275
11.80498
9.1049714
11.036132
16.053103
9.5357926
7.6882834
12.625571
13.026246
9.1642381
13.289943
7.3512659
17.393668
11.841423
10.268499
8.0961861
4.3336375
5.7848848
9.1802066
8.5087836
5.9297492
12.040333
11.888135
7.6544255
9.2042093
10.463634
10.91813
9.9676628
8.6310938
8.0470941
14.235279
5.1152276
6.0041996
13.515755
6.8205712
25.233483
6.8205712
11.54619
15.551957
5.1328226
6.5907756
6.8205712
4.2546919
9.7638762
16.493238
9.5449722
15.089383
12.823092
6.8921428
21.223671
9.5703961
14.714052
8.6254003
6.8205712
14.085641
11.044113
12.296647
8.1760988
15.793638
12.879476
9.5132204
9.4784394
9.5152466
11.53718
7.6307159
13.350931
10.737166
11.190396
9.1507632
8.2231689
9.226054
9.5056864
5.2379193
11.849315
11.625064
4.3024911
10.203936
15.966883
6.8205712
8.2231177
4.8402722
15.077795
8.7088084
12.570343
8.0134663
8.0570873
10.48968
11.689948
7.0856343
6.8205712
10.494295
7.7573339
5.5344777
10.182375
5.5015927
6.8205712
18.334373
10.834853
17.569168
13.983879
4.4774324
10.903129
6.1564012
14.729261
14.526095
6.8205712
8.7358496
9.8274788
6.8205712
12.226901
6.7886176
10.315697
6.8205712
12.388618
8.1316913
6.5160254
6.3493222
6.552878
6.8058609
7.969549
7.7529077
10.917001
11.45374
6.3322798
10.162621
7.650829
7.5961289
8.0701259
8.1557309
6.8205712
15.999158
7.3260402
6.3609801
7.969549
15.504893
16.092068
24.43201
8.8887312
11.738604
18.291051
10.079623
1.5625969
9.2243149
5.7465796
6.5907756
16.716646
12.139136
7.6818148
5.8996409
10.473241
13.96783
8.6027695
7.3499442
8.5159703
9.6706385
7.4041009
12.637199
8.6589356
8.9123344
13.718776
11.235434
8.802972
9.933986
6.5907756
16.974732
7.0804566
11.538444
7.5189895
13.846845
11.928921
10.594568
12.806977
8.6427594
10.101905
6.5907756
7.5538993
7.7442773
17.466443
12.303179
9.06867
9.7656508
12.819594
12.212254
8.2175321
5.7212227
6.3357335
8.0488339
8.4700261
7.1379732
12.466156
6.8205712
11.924868
12.506948
9.2278231
10.051666
9.6616086
7.8978997
7.4044455
5.4761069
8.0724428
7.5894736
7.1588241
10.606296
7.2818986
8.7237374
9.7352613
8.1414059
8.0985491
10.499445
4.5616569
7.2460217
12.472359
10.738209
9.497073
11.979898
14.40765
11.092972
7.8250809
9.430451
9.8739873
13.733247
9.9953879
17.808282
7.6030345
13.387648
6.8205712
7.2508819
8.5797555
8.4592355
14.500503
10.048183
16.557836
13.171209
2.6572305
13.052465
12.920166
7.7039851
12.991268
8.4828199
8.2457393
3.017166
5.9058599
11.695065
7.2592709
10.152409
9.6551318
14.606756
8.8433834
13.918581
8.4925502
13.104487
9.2828764
14.42326
8.801906
9.2416847
10.339313
2.6227358
5.0162314
6.1222808
11.322521
7.4106089
9.8393741
13.932256
9.4424544
10.223068
12.411615
10.236106
6.551937
11.863232
10.454466
11.975441
12.907314
8.6562475
7.1406237
9.2815096
10.125097
7.4179689
6.0190672
5.457598
14.507135
12.786042
9.7894973
6.9118936
7.745275
7.0880659
12.470478
6.1276338
16.548981
8.8812632
11.291818
9.4055206
14.152139
8.388153
13.237747
10.410763
5.3387281
6.5540319
6.8959924
15.69983
7.0288298
20.128376
8.4409403
9.5244143
7.969549
10.243225
12.994301
16.786584
6.0163827
9.1473886
7.9738123
10.678295
7.4643142
9.9867915
21.277352
6.8205712
10.927081
10.344842
11.565513
6.7778303
11.229203
2.8224766
16.577463
9.4673089
9.2906583
7.9725619
8.0034535
6.0054282
13.396895
9.4486361
6.8205712
9.5104519
8.9645602
10.194022
9.6164848
5.4068635
13.68097
9.7191373
8.021401
9.1584274
9.151219
6.5884363
11.538508
8.4683206
9.7916931
9.3741482
9.3050593
7.9708778
12.653905
12.20201
8.5378769
12.711841
24.916275
6.0413268
7.1107812
10.736789
11.204539
16.114183
6.8360556
5.3094989
9.8658321
7.3846324
7.3393375
9.7560877
13.481503
7.1723203
8.1461607
10.914175
9.7574486
10.503657
7.8853643
9.2522587
13.494077
7.844074
9.0246534
11.573063
12.425257
4.3134108
8.0774179
5.9132577
10.713544
7.5099579
8.6084432
30.276266
8.7117162
9.9011602
7.969549
15.241086
15.292115
10.045639
14.662687
7.7523778
6.4106093
10.246897
11.505158
7.5046699
15.252048
7.5539721
18.451746
9.1185267
12.244321
14.388704
10.338646
6.4787498
11.959312
12.278007
7.9645717
11.741379
6.0335583
8.6757553
6.364458
8.4818805
6.7510115
7.0514406
9.8850948
9.1998517
5.6041567
7.13087
5.7097834
8.8957749
10.985912
6.5492303
5.0767725
11.347687
8.2142075
8.1941857
13.634087
6.038308
14.531955
9.5986834
8.4074634
7.2162255
5.553279
5.887702
11.121969
10.130648
10.042057
10.833833
9.6186277
7.2801623
16.960134
7.0166351
7.7560777
10.878019
9.3977679
15.270134
6.4328441
8.5837632
7.1387276
6.8205712
6.7326017
11.663596
14.308421
8.2468275
10.988758
11.258623
9.4514532
12.676552
7.3610397
13.008781
8.4393659
9.9130136
12.143617
10.424488
6.9840132
8.594654
7.3500603
11.665111
7.5304041
8.925094
4.0687268
11.925941
12.803664
18.915786
10.632113
9.9533166
5.5935447
5.7522697
9.4546333
14.851584
7.1819712
8.1786897
8.6619651
12.023662
8.5486258
8.8118584
6.1136061
10.4711
8.1198566
8.8057147
11.181974
11.763243
6.8205712
8.4608465
15.230643
14.606044
12.32909
7.5056647
9.1070111
10.772393
6.5338262
24.363377
10.918369
8.0018247
9.8621398
6.7756701
9.2793878
5.6403339
16.445484
8.9240923
13.885028
9.2097615
7.8652977
27.973718
8.6109638
9.217721
6.4316309
6.8205712
6.7470214
5.6622935
6.4959458
7.1518118
7.5097049
21.336586
7.6213618
12.303452
13.380171
10.687911
9.680239
7.1736952
7.3839137
5.5083148
7.969549
7.3327525
15.867196
12.365447
8.1403353
14.970263
8.4105542
2.4393649
8.6689507
9.741427
11.106867
18.306361
6.8205712
13.884958
8.0998377
9.2590032
9.8684711
7.0476671
6.150689
10.048768
9.9508561
13.134429
12.33467
7.2990627
5.8065202
11.062338
16.630497
7.9847464
9.1454008
5.9032167
16.694566
16.363947
6.8205712
14.070384
14.442918
9.3047687
8.3809339
8.4020403
10.121215
7.3261538
11.928855
7.5089831
11.027862
12.464959
8.1615671
6.1227589
13.524344
7.8005345
10.188503
7.5455261
16.362275
12.692571
7.0348371
6.8205712
11.3934
16.766626
13.10719
10.376101
9.5185867
10.785619
10.728455
6.8205712
5.1187171
6.6505582
6.7902927
16.345389
9.1379638
7.3455324
7.0503668
7.8528704
14.324171
7.1579081
7.2801623
6.8205712
7.974634
8.4686532
9.8956655
6.8205712
9.0545899
7.0438489
19.691311
10.364227
12.425796
25.810653
15.211151
12.520326
4.5385679
7.0466168
6.3609801
6.1841624
7.9926556
6.7595972
8.9775184
9.2627307
13.302078
5.2357677
9.8974713
22.825419
15.550542
7.8050571
12.494614
8.5668786
14.143147
13.864868
7.8963829
7.9746176
16.988206
7.415762
10.73726
10.814249
6.3611314
13.767424
7.5099579
14.712635
15.304821
8.5840072
15.677357
13.726742
7.9940718
7.9631872
11.869761
7.7756397
9.9265997
9.3324464
10.45267
8.1320089
9.6800433
7.0722463
11.410422
7.3904542
8.3069447
6.8205712
10.666928
7.8871942
10.971303
13.427871
8.1183512
8.7980115
9.6551595
9.6070893
11.212264
17.231584
10.405531
8.2549542
10.950434
15.832019
6.2460393
3.9366105
10.632113
11.227765
11.457078
8.9486194
18.561519
11.535942
16.051931
11.884333
8.4575457
7.458485
16.360719
10.906867
9.4869012
16.427021
8.3391632
