17.094992
10.419623
15.200653
15.072744
11.403069
11.341187
13.652478
16.400429
12.055885
11.279069
13.703612
11.207144
14.266445
12.738126
11.696499
11.072985
11.324869
13.309744
14.210141
12.653279
13.220147
12.429976
14.260969
20.59757
12.014975
11.78786
22.78007
13.650454
13.035004
13.480345
15.163636
17.94343
11.559806
12.462777
11.568533
12.570503
23.245226
6.6637238
12.192715
13.235576
21.729845
14.479687
14.019324
15.598852
15.49267
16.527217
11.364786
13.21128
10.76574
11.88463
16.389456
19.123555
15.786724
22.427314
14.310907
11.671527
19.173311
12.373831
15.780436
13.078306
19.737172
16.245015
11.971627
11.403246
12.980261
13.828836
16.812081
18.642303
10.714138
14.046966
13.100217
11.897475
14.404648
12.003023
12.221456
16.829541
12.393648
6.8615776
16.217055
19.04126
12.243258
14.562606
14.242047
11.172186
14.890111
9.2136959
14.199379
14.883456
11.172186
17.209623
15.772819
15.115555
17.988095
9.0119043
12.231406
12.814473
20.266608
14.56161
12.680816
17.603202
14.608844
14.715427
12.870759
19.099853
12.391227
10.62296
11.172186
10.377451
11.662156
8.1644346
9.6164655
13.120656
13.553302
21.020311
11.572966
14.913937
12.760569
9.2780958
19.456266
12.902706
21.330961
10.745641
12.123749
11.424436
10.994543
10.580193
13.299393
13.361444
14.686392
17.686213
12.793223
10.596641
12.854918
20.499913
11.461117
11.172186
15.573492
15.552867
11.674268
12.116449
12.319445
16.708419
13.40986
14.407949
4.5759461
12.274105
12.337299
16.94395
15.741267
15.890495
11.420539
14.473972
15.737405
13.850371
13.827636
12.562475
10.156757
10.846217
13.680046
14.647914
12.418257
14.243221
12.797744
10.935028
11.031914
14.348022
6.0899398
18.02884
9.9131684
12.31663
15.407812
15.320009
12.090448
9.4087967
12.54633
18.780258
15.442904
10.25609
15.806647
13.622984
11.892474
8.9559122
12.693195
16.237662
12.656051
17.419864
12.714
11.019503
12.753655
15.54198
11.214174
15.761787
12.138433
3.2415683
17.75487
14.445165
15.075855
11.505105
10.849709
10.251232
10.357793
10.691119
12.106543
12.026581
14.844539
15.766895
9.7081087
12.014475
11.019503
13.94757
12.240965
14.355368
10.515496
12.890382
14.631087
10.373893
9.6405273
18.1668
13.171433
9.7194915
24.55225
13.938537
18.194026
11.172186
13.619545
12.572872
14.604241
17.378105
12.489344
23.278916
14.699607
8.9669773
14.818391
4.37332
19.819076
6.0279999
9.7817152
14.163021
13.901065
13.062712
11.399582
17.672185
14.089562
15.515921
10.899252
11.843855
15.169347
12.62009
12.657725
11.245192
15.401801
10.134489
18.532736
13.309646
16.198398
12.099603
16.776174
15.78622
11.967108
14.915763
11.272153
16.821543
17.242941
12.226782
16.480682
17.177533
13.314388
18.885591
14.846226
14.574044
17.830967
15.014068
10.644015
10.292475
12.428988
13.353755
14.377167
10.991406
13.720637
12.267876
11.145786
15.763772
13.465609
11.192958
11.515323
11.2175
9.5666894
21.881229
11.890898
10.857176
22.22491
13.884856
11.324869
18.700792
13.202478
15.117831
10.226212
13.808462
16.393758
10.269159
11.922317
3.5215176
12.566262
12.349528
13.135128
13.301643
16.99209
12.980001
13.729608
14.254114
14.920308
13.265965
16.079941
11.905825
13.041018
16.87865
13.756562
15.072789
10.798474
12.584496
11.172186
15.462076
11.51169
15.162624
13.512786
10.879141
11.172186
15.626685
13.513392
10.198871
10.776135
17.292187
10.965294
12.509437
13.652285
18.188277
11.172186
12.347848
17.077201
12.168483
9.1538065
13.783691
14.704469
0.29236447
12.849473
8.2596885
11.172186
11.762678
18.502315
11.088904
13.547541
15.025804
11.847624
15.021727
16.217567
10.476828
12.079861
11.807996
15.605447
14.894945
10.243205
6.4484123
12.373409
10.561455
20.731798
13.041215
10.88994
11.582123
8.2748931
11.28669
12.629905
8.4407597
13.1574
15.397469
13.78894
8.5319806
12.856226
10.515177
17.546614
19.535818
12.901543
12.004132
16.915138
13.667409
14.915709
10.877533
11.172186
12.452307
11.634734
10.863199
13.868766
18.07846
13.276189
12.581306
13.799362
15.218715
11.737117
12.172275
13.52824
11.112187
12.27585
16.174213
11.78563
12.422565
11.724366
12.244448
8.8527558
15.66967
9.6781924
16.541018
13.280039
17.04801
11.879797
20.400038
15.423042
10.221154
13.137096
11.665277
9.9925192
14.542054
15.152626
15.145845
18.444482
11.337112
12.602488
14.909904
10.37971
12.763388
13.771935
12.619132
15.05374
19.405761
14.385933
19.511208
11.689652
10.37539
15.454429
14.315689
11.521026
12.861004
13.734163
11.331402
18.259312
12.93763
17.026568
16.893289
14.950504
12.903925
12.044502
9.0000129
10.756557
11.214285
12.605357
17.734645
11.172186
14.625847
13.170157
12.557293
15.90888
13.808883
12.504063
12.525771
13.275933
15.158514
13.69266
17.396227
15.967882
18.745499
15.517514
13.974729
15.193012
8.098019
14.220022
19.0052
11.172186
13.445515
19.243898
16.000735
11.143944
12.090688
13.61923
10.714138
16.136321
14.115752
11.55556
11.714733
9.0561989
20.377641
14.267012
12.294984
12.540408
13.506899
14.115447
12.886546
11.776592
11.355073
13.327275
10.859877
11.696775
13.626818
12.375252
10.285238
12.91187
13.632491
15.342378
11.208975
16.036802
13.137396
14.840218
12.518655
17.097215
15.512832
13.719708
17.525065
11.172186
10.99658
11.760069
16.759915
6.4617619
12.454378
18.792137
15.41088
13.327684
12.207351
12.529517
13.350242
13.063916
14.010923
11.9356
14.368321
11.03922
10.926517
14.295966
11.172186
14.062365
13.219637
9.3678349
21.336521
16.85648
11.061373
14.198896
16.483179
14.244035
12.770702
12.088282
14.395403
10.771793
15.436276
14.433316
12.138443
16.211234
8.7364804
10.878152
10.408772
11.294086
14.516765
16.341698
12.412633
13.423517
10.866821
6.1269684
13.19587
14.771953
11.124804
11.957937
14.865804
11.754504
13.523001
13.95535
12.739069
12.97416
15.464596
14.55916
14.584535
11.074075
23.659194
22.797341
20.160562
15.661301
11.172186
13.312345
12.974575
21.243337
12.903063
11.778134
11.426779
9.6519893
21.911777
12.108455
22.8499
11.651143
14.94868
15.012994
15.937513
12.268702
13.554201
11.417203
11.172186
11.82925
12.340159
11.084347
12.076475
12.985391
11.854657
17.977886
12.088282
9.642064
12.082909
21.665234
11.078115
17.180931
13.88579
13.938028
13.411222
11.248649
12.415619
12.370476
11.473444
11.172186
13.114857
10.052071
12.311116
10.226872
12.977353
11.771518
11.630234
13.079611
17.118137
12.819955
10.730243
12.074326
13.947925
11.421733
14.567566
15.460812
11.289687
20.635014
15.027648
11.088308
13.354703
9.6336929
16.585646
13.550365
10.630672
12.179329
14.57475
18.178871
12.291065
11.816921
10.203483
14.47595
11.06374
11.636572
13.045799
15.465676
12.12409
17.086195
12.277618
11.10006
14.27354
11.775872
16.915435
20.558083
7.9154985
11.961208
13.183668
11.825339
15.013651
10.444279
11.653139
6.670597
15.185472
16.19641
23.692446
11.569709
11.876964
9.2883812
16.01981
12.287745
11.96898
12.251212
11.509538
12.850497
12.306779
15.560291
18.00167
13.772188
14.739365
13.330369
12.817206
17.767607
13.474663
11.946322
14.252796
12.789844
12.923677
14.893839
9.7561095
14.175255
13.901322
11.324869
9.5942507
13.254799
12.8256
20.736173
15.44632
8.64213
11.021909
22.706166
17.169239
15.682261
14.51926
17.469573
11.466815
13.553482
9.9916641
13.89585
12.588459
14.418542
11.075639
13.878584
10.561455
13.173214
12.336006
12.490928
7.2146737
11.574627
9.7200561
11.477551
13.647161
14.642326
12.393903
17.344298
15.341099
13.283179
16.79498
9.5981535
11.884569
13.309744
13.619392
13.847486
10.634721
13.320501
11.461117
16.558599
9.1055186
8.884905
12.37974
10.971255
12.275779
13.940752
9.3568959
13.036456
14.387394
12.134944
12.477621
13.154281
10.714138
18.071092
10.714138
17.231993
10.878784
10.695045
10.823155
17.909219
12.409749
16.066481
10.677368
12.58844
14.96771
9.7688861
15.331795
11.544599
13.055611
9.2517298
10.739811
16.449357
18.808233
15.114988
14.103147
17.072831
18.660066
18.027336
11.862226
15.644065
4.7553185
15.441658
14.833011
12.240965
11.089514
10.970705
9.3241429
15.855287
10.702128
12.496307
16.099567
12.980001
12.208307
13.186746
12.132879
15.247139
12.176655
17.480445
10.999101
12.547336
12.627276
12.950152
10.423059
12.308817
15.883133
14.196245
11.818937
14.907168
14.375487
14.266076
20.926538
6.3457218
17.936243
12.111239
12.313001
12.397549
11.172186
11.751946
12.513439
10.702516
11.506624
8.8317004
13.210077
11.17056
22.45253
13.774873
15.013151
11.619145
15.997563
13.097193
12.435456
13.37956
13.221632
20.725186
12.198396
17.217249
17.585389
7.8144704
12.620167
12.62116
10.430983
22.060671
22.851369
16.877325
5.7954565
11.913303
13.253611
16.583354
12.875661
16.030334
8.0912223
