10.366778
15.591933
6.1385299
9.7757456
10.899991
8.8238583
6.8205712
5.5355512
6.4565242
7.3054703
9.4017153
7.3617989
6.8205712
11.2636
4.8438866
13.008451
13.443863
9.9146091
9.9343327
10.497821
10.411162
12.654373
26.707693
9.7593291
16.059827
15.746515
13.456063
9.8996768
12.100386
11.795603
10.184946
8.1913921
10.570445
8.6149326
6.3713556
6.8205712
8.32573
9.3263143
11.707375
16.352221
14.711112
12.334874
7.3625295
6.8350333
8.5701117
19.248272
18.782787
5.5155656
7.7546709
10.344449
6.6163199
13.635069
15.71383
10.205041
6.2991513
6.8205712
11.030944
4.5093876
8.5323469
21.834705
9.8883122
8.4213991
9.4331418
7.4342519
16.690838
6.6326689
7.354986
9.3003772
8.5912598
7.9988832
5.5643423
8.572939
9.333742
7.400162
14.707264
11.090079
8.1661989
11.267237
11.932917
9.2296392
10.495151
9.2890717
7.9420267
6.1311845
4.7108945
7.0503668
7.7397534
7.0961439
5.6331952
10.504173
6.7464729
13.290032
6.8205712
9.3316702
17.752059
14.342214
7.3519273
13.246485
12.836262
6.3348827
10.536982
17.934339
17.256638
6.7053495
5.4647008
7.5772131
6.8205712
12.643758
10.103321
2.6968684
12.743193
8.0566777
8.348752
6.3750858
12.762357
6.8205712
13.267704
11.296592
7.5953958
8.6024041
12.387973
13.591201
15.089283
8.6723682
13.065645
11.867814
6.5907756
6.4496194
13.399683
7.446021
6.0465458
20.282158
17.880939
15.516831
14.256533
11.181529
7.199219
6.8205712
8.7763506
8.4258773
9.4016368
9.6796823
13.146764
6.8205712
11.111024
6.4910148
6.8205712
5.0141339
7.0360487
2.0765464
11.205992
7.9131303
8.2674316
9.9067227
13.152124
6.4144627
6.2139047
6.4869393
8.4315728
7.8563283
6.8205712
8.5187467
12.162361
11.809111
8.8594127
7.5056567
8.189225
5.0904951
14.175677
4.8289601
6.2313391
15.56239
8.6771716
7.5153031
6.8205712
9.5831855
4.5676046
9.0698618
7.2941772
8.675779
6.8205712
9.0144848
9.4831651
8.566901
4.1430864
13.481954
13.57263
7.7521982
8.8506184
13.890471
10.959822
7.9081173
5.6998159
7.0523454
6.8205712
8.4365795
7.393896
7.7959324
9.6882153
6.8205712
15.855382
6.3817083
5.5830728
9.9036281
6.8717283
7.3560255
6.8660683
10.905748
8.4315728
6.5907756
6.8994155
11.674872
5.3497279
3.7279855
8.2355859
9.2974701
5.137252
13.440497
13.035966
7.603337
15.81392
3.2207898
9.9453765
10.019947
8.0545335
10.70938
15.015534
19.462587
13.280549
4.946605
6.8205712
6.5544875
10.626102
7.3036679
12.557924
12.666444
4.946605
14.400758
4.9909913
13.747886
7.5852364
12.272223
10.990023
12.143644
8.8887312
8.3198532
19.492003
12.031301
13.503996
2.9031693
5.901389
8.6289691
7.2801623
7.0503668
12.514508
6.8165914
8.8593615
9.9478117
7.2830992
12.4659
9.4506015
3.464739
6.8205712
18.416067
11.946118
11.306757
8.7211318
17.920783
11.915034
8.5076912
12.839899
9.6228028
11.888674
8.8843677
18.995151
7.125828
8.8055461
11.678254
11.092843
9.2676597
8.7055561
8.7608873
1.9219641
7.0019371
14.365864
9.0381852
10.976248
7.197938
9.2451639
8.7553146
6.0191829
14.736813
4.6159762
13.582314
5.2956984
10.846598
6.0753356
8.1286794
7.45155
6.4837381
7.162535
10.719868
8.7648764
11.601175
17.279715
10.620786
14.426312
16.169655
10.02238
14.972187
8.9894691
12.902709
14.710707
8.25163
8.8456307
7.0264653
25.540759
9.2339877
10.404021
10.48992
13.586759
9.8382652
6.2853931
8.8673348
16.371754
13.145003
8.4357142
14.735826
7.7397534
16.609424
15.026792
11.385077
14.006284
6.8706376
10.012238
13.823677
8.3371052
9.6230128
4.2824635
6.8869419
7.8391845
6.3855075
9.207357
6.7094527
15.968979
7.2343955
7.0503668
12.81172
7.5559878
11.059543
17.184654
8.0919874
11.152031
19.679029
4.2824635
11.625636
9.5704537
8.5450156
7.5214974
9.1185267
11.874206
18.407435
7.7397534
7.2801623
15.013518
10.62519
8.8366866
8.1241189
8.3989658
7.7397534
13.643051
6.3609801
13.889328
11.809111
5.8064665
9.9031429
4.8997582
7.2447315
7.8391845
10.069591
14.133167
10.878501
6.1222808
6.0234333
12.080064
5.9550797
22.669298
12.675895
13.097337
20.114633
12.479806
11.169758
11.169758
14.463429
8.249541
8.4330314
6.2270416
4.6472081
6.7899877
7.4695053
12.042532
7.5452054
9.6369721
7.1422392
6.132869
13.075701
3.4361304
9.8005363
8.1142977
9.4631564
11.012508
11.948052
6.8205712
11.51781
8.142363
8.6352968
8.9381877
9.872713
8.7635961
9.0658968
8.4815321
7.6189177
7.5727387
10.454585
10.940075
6.3508037
11.166209
8.8977912
6.5049488
6.2226246
10.924238
13.975478
10.123749
12.415951
9.3140682
10.490238
14.878235
13.380954
9.7233536
9.3545994
10.302263
11.776885
8.1040855
10.614565
3.1414451
11.632675
6.8205712
8.476461
11.546618
12.534613
9.964746
12.364499
10.662104
11.843344
10.07304
6.8816658
11.128386
6.8855844
9.5673895
4.202924
13.175056
11.38488
9.5265631
6.7806099
10.635083
10.273326
9.9312074
8.4035944
12.42454
7.2264654
5.5492723
9.5949268
7.141819
13.197755
12.096408
10.209674
15.888224
12.631765
9.1559041
8.9612753
10.371136
10.01397
24.459917
3.8453832
12.361854
10.177622
9.8296332
16.114051
5.8112618
6.3609801
11.21935
12.944891
7.7397534
6.8205712
14.313644
7.5441478
6.7527265
12.97914
6.531245
3.9598319
14.407575
8.3842806
7.0620594
6.0505355
7.8912139
10.082347
8.7510997
13.774143
16.386913
7.8264486
13.467402
10.41168
12.648967
12.593629
7.4808324
16.162303
9.268564
6.9617207
7.0445577
6.9189765
7.9213603
11.11624
7.9053884
5.2012643
8.7864361
7.3039816
8.0067589
5.6768424
7.3095679
13.790109
11.806149
9.0684046
6.8062532
10.625664
6.6961373
3.4559794
11.38356
12.358631
9.6851786
11.906973
3.865365
5.0855557
10.445082
8.4501325
12.39399
7.2197159
8.9195111
8.3383524
9.7864923
8.6867382
11.361676
6.3609801
9.9720644
5.4248239
6.8155862
5.4919956
5.8996409
7.1252579
11.508755
11.113936
5.2589781
14.101775
10.914945
7.8239269
9.5570616
7.1252579
8.003858
6.5907756
6.7209322
9.07909
12.185078
8.914703
9.2593979
5.8684097
7.4208339
14.594351
1.9958849
10.183835
8.1362265
6.8205712
7.3774327
6.0312864
7.6979457
7.6013767
8.5421448
9.0595548
7.6200934
8.3482288
10.498871
6.8906656
6.5907756
4.4595229
9.0728951
9.1621512
9.4648791
11.520223
8.5694088
10.985145
8.5332156
12.459781
7.6714409
14.604423
8.4093311
15.889862
6.4098036
5.9433406
8.4941636
8.0194677
5.5647285
6.5999979
6.6005799
8.4315728
17.374724
4.6688607
8.5001281
11.274476
8.9194465
11.096161
6.8205712
7.6979457
6.2682804
7.0765412
8.3605475
7.1069935
10.127258
6.3035363
11.485181
16.930916
8.8317979
5.7862108
9.3576182
6.7709327
9.6629373
6.3118754
6.8205712
7.8573541
7.7928335
11.295277
14.972532
6.9933907
4.7833586
10.656633
9.9918009
11.246162
11.720772
10.338991
8.6474342
13.27079
8.1821992
7.9013226
6.8205712
14.205777
7.8070317
8.227841
7.7397534
11.303941
13.217706
7.5312813
7.8466961
13.122696
7.0327588
6.8205712
2.5574204
6.5749029
6.7334762
9.1846745
7.2178653
8.5591782
5.840966
6.5374091
7.2255105
12.935213
6.4081332
11.169597
7.4153264
14.510768
5.5441951
6.7554972
9.6829133
8.705115
6.5179561
12.409365
9.1466022
7.3629933
7.8660738
15.584679
5.312704
9.5088404
6.9774283
8.5220532
9.6659362
14.698941
4.2209543
9.7518858
11.73512
9.2461823
5.2686073
5.5681691
14.516986
11.349602
7.3702233
11.619783
7.9207877
11.413417
6.8205712
8.4164389
10.707054
4.1982158
14.666094
10.127258
8.953623
11.954946
8.6820896
13.157673
11.560694
7.7210101
10.856284
12.059798
9.0879876
8.153101
8.4315728
9.1835355
10.147256
9.48752
7.2340484
15.985949
7.1848942
7.7603384
7.600643
6.8205712
11.581087
14.03268
7.5191491
13.093286
8.4790588
14.249227
10.760546
10.818306
11.02061
7.7149416
6.6413007
4.7524112
4.4987077
9.0802041
8.2175376
9.5557902
12.647733
5.7364446
23.966414
10.696774
9.192165
9.055652
8.4016303
4.190625
8.1857719
20.390416
9.8207469
7.8142231
6.8205712
8.3994135
6.8205712
7.7082237
8.4930653
6.8897704
7.6492721
6.9210965
8.2911052
6.8218139
6.8205712
7.1746508
11.633025
10.253299
3.9075423
6.8205712
11.506304
9.5603971
7.3170592
15.994422
11.478318
9.0332948
9.2858802
5.2965657
13.71145
15.465828
7.3147148
12.010391
10.40032
8.858115
12.084873
6.8205712
12.352758
11.079105
7.4621744
17.48245
9.7568737
7.0282558
9.3945033
11.070233
9.1899662
4.8495497
8.252085
5.9663722
10.359265
9.3059971
12.544396
15.769292
10.097921
6.5907756
17.032472
10.577541
6.4090852
7.0619765
14.046199
7.3951648
6.8205712
7.013087
11.314488
12.370098
9.289656
10.050387
11.873799
10.725582
10.318382
12.445911
13.069588
10.160134
11.099766
10.67626
20.937671
15.588407
6.8205712
6.6604604
8.6681269
20.167153
8.6589356
5.5146217
5.0443166
10.957674
9.2030619
6.23539
7.0503668
9.8600593
6.7480929
6.6087542
8.4315728
8.8427702
18.667316
14.357462
9.562061
9.4118506
12.58439
9.1467842
12.650361
5.5014787
9.8007675
9.6834419
9.6818667
12.564538
6.8205712
17.296554
19.779133
10.475961
12.607969
9.5640995
11.316224
5.7537052
9.224207
6.5065058
8.9454185
15.692812
1.5078137
7.3098431
5.901389
7.9136482
12.724502
5.4775257
7.9237428
7.3430026
10.109852
9.0512276
8.1993445
7.1174897
13.415656
7.2110331
11.740043
11.910001
10.487328
10.975492
22.563083
8.8196046
5.6025423
6.8205712
8.5362975
7.8900911
14.665622
6.2076183
8.9844717
6.6494277
11.495845
8.3425389
12.38978
8.7597129
14.709941
5.8539957
8.4294028
5.6290619
7.7185937
9.4047883
5.4980418
13.221288
11.289829
7.0598303
6.3609801
10.252717
21.109031
6.8205712
18.110392
11.882961
9.8310223
12.97861
10.643904
6.8205712
18.396875
13.31452
10.040613
8.276839
8.3750966
11.308577
6.6016565
9.2368056
6.2542803
6.1603653
8.8608509
6.8205712
9.1527511
15.060728
6.3609801
11.081492
6.8205712
8.9990593
11.712375
8.5742514
8.3097687
7.0560912
6.8205712
14.002683
9.7492471
9.6459346
8.7903369
6.9765119
7.3560255
8.2723678
16.974409
9.0343856
10.098319
6.9265639
10.620786
7.5238767
10.117502
9.4879219
8.6372539
6.9995182
11.691876
10.991822
5.7127172
11.964232
8.9642568
5.4577262
6.7104093
12.773949
6.2696754
8.2286825
8.9051184
8.0677572
5.6836395
15.95543
9.5980124
11.196253
9.8595017
20.393932
9.430451
7.0503668
10.413393
8.1246816
6.5907756
8.8106642
9.63606
13.086987
5.6182905
9.5599176
9.54361
11.664563
7.3053716
12.352317
9.9807971
8.8194715
14.55783
7.531808
10.021899
6.0449616
8.2604398
4.6774613
6.8205712
7.5455178
7.7397534
6.4217767
5.8766193
7.5855885
9.3059971
8.1939612
7.4364695
6.4843815
15.60818
11.927706
10.920718
6.3766425
6.8205712
8.8840447
7.0503668
6.8146726
8.2358693
6.2524473
8.5613963
9.0273842
10.198791
10.202496
8.9676257
8.6299498
6.7265412
8.0138833
6.2434459
13.038531
12.571794
6.8205712
10.691912
10.198791
1.9442139
8.2481372
5.8065202
7.5741038
5.8369353
7.8083128
6.8205712
9.1300909
12.552566
5.5633718
11.839288
10.620786
7.9025293
4.9913681
10.272389
9.0046789
10.89729
7.8770937
4.946605
5.9032167
6.4131708
6.6461423
6.8205712
6.8205712
10.251512
9.0482138
6.1580833
10.191714
8.3073761
8.1469159
11.100772
6.9369745
7.1613157
10.781541
5.7852908
6.8205712
11.811854
8.0060153
10.464886
7.9358183
9.4042678
6.2786101
9.4844219
8.3105546
5.7205652
7.5099579
9.9486567
6.1057908
13.591114
19.056866
14.204077
7.969549
9.1209761
7.4297433
7.5099579
9.3005614
7.5313475
9.1227503
14.271736
12.366445
6.5907756
7.7239288
3.9044603
20.212642
9.1589473
11.369733
13.867407
9.3367106
9.206138
6.8205712
8.6360287
6.0146745
8.5627552
6.6550858
15.17304
10.352406
11.392249
10.241214
8.0910581
11.999134
6.8205712
7.6547589
10.963247
7.1495208
11.885128
14.995613
17.995184
6.4048975
6.5729079
18.19179
5.7181152
11.023081
5.9959076
7.5645913
11.632233
13.125222
6.8205712
8.4646205
8.4501725
7.2162255
6.6108821
11.651059
16.45405
8.737229
11.632695
9.1764565
11.953841
15.930295
10.075185
10.965741
6.8205712
8.9024645
17.994645
6.3684076
10.388687
5.9244713
8.4747301
13.266994
6.9326245
6.7936504
12.186443
5.8156119
10.682051
4.9673572
9.6465274
7.4924641
7.7685836
11.067394
9.5917195
7.2430272
2.5572848
12.79901
6.0517729
6.6097052
14.67265
5.2543704
7.2308512
10.476271
6.8205712
6.2777067
6.8205712
7.4145639
12.759582
6.8205712
7.7397534
17.813591
5.4417979
6.570003
17.250422
10.14674
10.154585
10.992831
11.715483
12.170128
8.7092882
9.3841845
6.4685209
7.9012532
7.7011693
16.195737
8.6441679
10.648276
3.3423928
8.170739
8.7997472
6.1311845
7.0413547
5.3487932
8.5884865
8.7160498
4.2013626
11.326756
10.044907
8.5258674
6.8205712
11.869641
12.419231
7.387596
9.5000985
5.8797706
7.5099579
10.996417
12.017095
9.5758573
9.9272572
7.0432364
8.8142853
6.3719065
6.8205712
6.8205712
4.2572682
10.609705
9.853685
8.9420696
15.05512
6.4533571
6.2387535
11.890613
7.2801623
9.5332915
7.2358242
8.3630773
8.0753575
10.89331
6.8205712
19.094937
6.5417289
6.8205712
10.172773
11.324044
9.843598
11.084936
7.0057401
10.557778
6.8205712
8.8824565
9.6805681
11.251543
10.826504
9.3241921
11.307087
7.2441415
10.093243
8.9114188
6.3549224
7.5099579
12.102086
4.7524112
9.1982115
9.4252884
7.869808
7.0683453
6.965735
9.1261398
7.969549
7.0503668
20.569167
6.8205712
13.288972
10.000423
23.304339
4.4455326
10.653522
13.449637
7.0503668
9.0220407
16.77852
11.457415
8.9282343
4.9490225
10.155654
14.474343
6.8430976
16.868025
10.152845
6.6540085
6.8205712
10.252209
6.4880263
6.7070207
19.13688
4.5320279
8.9930176
6.7486697
10.617441
9.7122186
7.1952115
6.7153087
8.2096326
13.878927
7.1572553
5.519737
10.526488
9.5319985
8.8687731
8.5279917
8.2359186
14.784322
7.4680812
9.8886945
5.2105634
6.8205712
8.1129143
9.0427871
6.8930695
8.5694353
7.6438243
10.437536
7.1954495
9.9175816
9.8875038
8.1485645
6.308991
13.660396
6.2044718
9.8789856
6.1282413
10.626606
6.8205712
11.36602
6.9774303
6.1027262
6.3097358
8.7389179
9.3175359
10.496667
6.1157131
5.4438603
8.1852254
8.5666747
10.385644
12.391777
7.969549
8.270784
3.378911
9.5464195
7.3720069
6.0019518
7.2642587
9.3216599
5.7308267
7.3678264
7.3028976
7.607236
10.402498
9.3294471
11.735661
14.142669
8.9644243
7.1727361
6.4003195
10.015308
6.8846062
6.6776598
5.859668
8.6653934
9.0404533
2.0533054
5.6570096
8.1821376
5.9354163
7.7856756
7.6893748
11.267996
11.808295
21.767077
12.094385
8.522607
8.4061358
8.5899524
15.461546
11.962876
6.3610194
6.5485343
12.586318
5.8740461
5.9434587
10.716856
8.9523327
4.6865578
11.049013
9.9340899
7.5099579
6.9910586
7.4488661
6.8205712
6.8205712
8.5978321
6.970372
13.157589
11.254314
9.5192207
5.0148604
4.7447039
13.217259
4.3327618
8.4296396
14.871607
19.161665
12.446059
9.1923606
11.501486
6.8364003
19.340329
8.3653823
7.3827112
13.432951
11.693567
11.478138
10.550448
11.60955
13.634718
7.969549
11.984496
7.0503668
22.362511
17.012148
9.0258747
6.5907756
7.0314573
10.270356
9.5673895
7.7571176
7.7216881
6.8205712
10.092137
7.0132386
6.8205712
9.3789879
17.197862
7.4795817
6.8205712
9.1354159
7.7571176
13.044531
7.6609874
5.4647008
7.470317
11.189242
8.6213649
4.4108586
13.539765
7.7364046
8.84295
13.921004
9.481137
6.8205712
12.887189
31.035348
11.098096
4.8564363
8.0204904
10.22711
4.099032
7.8346929
6.6488697
8.7976176
8.897571
18.675353
8.5178753
5.4756991
3.9069967
6.8205712
9.3897233
13.239299
6.5907756
9.2388114
9.5665799
-1.0321527
6.4330169
6.1468464
11.429554
11.067544
9.081755
12.526145
10.697472
6.1242307
10.276356
9.164872
9.6917684
4.4556258
7.4566982
6.8205712
21.304077
8.1756415
9.3413136
6.4490948
6.820067
7.3039816
7.9492633
9.8529376
13.198261
7.7270591
6.0386208
9.2241305
6.7283099
10.194875
12.147259
17.475932
8.2772429
10.280384
18.243536
6.3493222
13.688158
15.200161
9.2382172
15.718876
8.7261959
9.0790637
7.395301
8.6897155
5.4658946
13.466875
15.837606
7.0998965
16.459989
10.89753
15.660751
21.716037
10.159513
10.929553
13.819267
19.877887
6.0347948
10.766765
11.876702
8.9292567
9.7649779
7.958807
11.506151
6.5907756
28.448806
11.773486
11.100772
11.605572
13.7762
7.8937538
7.1064643
7.7791072
20.658195
6.9774225
12.374282
6.8205712
6.2126461
13.053742
8.8174187
5.9032167
15.781101
6.0205329
7.305528
7.5306013
7.1163035
5.2577551
8.4364546
7.7909545
9.3266151
16.963364
7.9113956
13.646173
5.3079494
9.6615327
6.3609801
8.8785091
6.8205712
13.279157
4.8746678
8.1782712
8.0762139
7.2806768
21.230663
14.10092
7.1974417
8.3413467
8.4035375
6.8205712
10.101409
7.1530902
9.1779464
7.8706201
5.7537052
7.3419181
6.8205712
10.223406
7.4342956
10.902347
8.4273065
9.7517091
8.1295012
6.7762812
7.261118
8.1027143
9.1779464
11.234979
8.2221231
17.407066
6.8205712
7.0358672
7.6791978
16.790965
8.5912146
15.003411
7.0991734
6.1649508
12.937956
11.844496
5.3747599
8.1740886
7.7397534
7.3960866
3.2812849
11.143854
3.7041351
9.3610004
11.769359
9.9995456
6.2183497
10.051718
7.2419738
9.7840883
5.1247831
6.8205712
6.8205712
8.0442898
6.6514647
10.610286
7.1874992
1.5954276
10.222924
7.2182922
7.5099579
5.1702105
6.9297716
9.3882229
5.4417979
17.427034
19.687261
5.6754976
8.2125772
6.8205712
9.0094803
6.8057895
8.4206731
14.084699
4.1197368
5.7198721
10.752099
7.0753124
8.7125951
7.0045124
7.0406344
11.618369
7.1819712
11.314732
8.3663984
10.440801
10.910187
7.1536675
6.8205712
9.796284
11.419562
9.7066794
10.269221
13.668255
8.4700548
8.4334853
8.7348702
6.9080492
10.281735
9.0420466
12.105124
7.9083143
9.5004465
8.8537064
7.5697431
9.252159
6.379991
12.474057
8.974441
8.7868311
6.3389287
9.9928628
7.9213603
6.9739977
8.5087836
9.5432154
11.180199
4.1722559
6.8205712
13.052375
8.4352087
10.491867
8.0989342
11.169716
13.464442
7.7549766
8.5860265
5.1416588
6.8624955
12.818315
9.7269916
8.6394571
9.9198778
15.334679
17.506871
11.697669
10.276783
7.2765104
5.511117
6.8205712
7.5519302
8.2623309
7.0825283
7.2801623
3.8940091
13.763968
9.4732165
11.767305
8.763425
6.7093931
6.8205712
9.3337715
16.854035
11.183623
7.2382584
17.214915
8.4405307
7.1092758
7.4555441
6.8268095
6.0181996
9.0548392
9.5063461
8.1739368
4.6893293
13.825567
7.8269741
6.4685209
7.529417
6.3885901
8.0967658
7.969549
13.607885
8.1886558
8.2923991
8.3611342
12.201301
11.091427
6.8205712
7.4837497
6.9439722
4.8420814
7.6482
9.3593826
10.071422
8.2019071
8.0817164
6.4616023
6.8205712
6.2371008
9.4472742
7.1536675
8.3612947
7.5170074
8.5828271
6.1828836
6.6056483
7.0978697
10.387111
12.711312
14.207252
10.375608
8.0871842
13.899865
12.653264
10.183208
9.0923215
7.347361
6.9578231
6.5704067
11.269732
5.6857473
8.6492291
13.485808
9.2240767
9.7621556
9.2248376
8.221718
6.8205712
6.6621911
7.3596137
7.6237407
12.086666
7.452335
10.357982
10.062149
22.619597
8.3074971
7.715146
7.7628178
11.572632
9.9096302
10.280179
9.6526265
8.5642382
7.6319294
8.8017616
10.927599
12.192577
7.6104514
15.107065
17.659249
14.664892
10.222422
11.167366
11.367311
14.789676
7.1492204
18.202191
9.9315688
16.046565
6.2994364
7.1536675
13.499896
11.166322
18.395616
12.38601
9.649774
11.203194
6.2939339
7.222581
10.934121
8.5803646
5.9979967
7.5203296
8.1415251
4.202924
7.4268032
8.9484005
11.281349
7.2684021
8.8431918
11.218039
8.8887312
10.938891
7.5920582
5.3845829
11.462546
17.567555
10.240167
8.2533358
7.4137594
9.4389218
4.1082519
10.250879
9.4342471
8.4626432
6.8205712
12.942373
12.622318
3.9344868
7.8128912
8.7001558
7.5289072
9.848041
8.2509076
5.3804252
6.4407362
6.237105
17.097934
8.2437126
10.266949
9.5866781
7.8929784
6.8086008
12.462253
8.8041961
9.6881172
15.056829
9.1615979
13.444025
12.25001
11.018617
9.2616142
9.9166811
8.6001522
7.292384
7.5892443
16.018301
11.147945
8.718613
12.140375
14.49222
14.85754
6.712496
11.573341
10.216738
5.0737213
9.1257297
16.933534
7.5220863
4.533783
15.873063
11.623821
8.3680621
11.230741
10.46014
12.450136
19.853083
8.7691733
11.338523
9.5848951
5.6715934
18.178776
10.035548
8.0403562
8.846135
13.022373
9.3023953
9.3269944
13.744213
6.4812191
9.3699468
10.786025
8.4733359
8.8111258
11.236235
7.8942032
7.339372
8.297193
6.7621633
10.131334
9.0985456
16.984623
7.7299209
17.576371
10.495679
11.22287
10.242857
10.222616
11.289188
8.5358724
8.605863
15.903313
5.552563
9.9958083
7.1480381
14.921959
6.1039826
13.833335
11.031115
12.652721
2.8818065
16.757094
5.663056
8.9453057
9.8437372
7.8801721
9.7109047
9.3986677
11.386121
8.1771365
10.445593
9.5316793
9.9433708
11.181919
6.6645053
13.970767
14.701698
9.3748023
11.766989
7.1885354
7.3181691
23.072083
7.8098478
11.324518
11.080048
16.32663
7.6133968
9.2142791
6.9911183
14.292435
16.60942
6.6972671
4.7339653
9.3051342
7.8700517
1.5197051
5.0445643
6.8205712
6.7422946
12.409066
2.268117
18.205203
10.822719
18.459073
12.97944
8.8488257
6.4111328
12.732332
6.6691748
11.211309
14.929847
10.671735
13.609236
8.9370731
11.044146
7.7829845
10.1262
7.5157534
12.902079
6.2709263
12.360989
8.6399235
9.2512111
15.576028
7.9396664
8.7760221
8.1496148
13.452769
7.3119327
10.044733
6.8205712
15.784604
12.019256
6.8205712
3.9212291
7.3839086
6.7585151
6.8347998
9.583921
9.6094007
5.0604332
22.973304
7.812878
7.1361464
8.0398004
7.1071923
6.7803054
10.585982
4.3665377
11.573326
8.2370972
6.4802974
11.438659
9.613814
11.552337
6.8205712
11.550066
7.8577104
4.7494038
3.2174885
10.836298
10.28869
16.362659
5.6535662
13.206939
9.046733
16.023964
7.2801623
9.6573397
9.0569832
6.8321809
4.6944481
11.552686
9.2464222
2.5326244
16.741425
5.1201583
11.184905
8.030124
8.1352673
8.7464406
6.6604604
5.3091408
4.3255838
13.716004
6.1081223
7.9396664
8.9364458
6.9102032
8.301612
6.9528994
9.7629339
12.993422
6.2786988
7.8849695
15.521188
6.419861
6.9538697
6.8205712
6.0304976
12.107662
6.9059116
5.6084039
6.7915524
7.8610729
9.7993091
6.8205712
12.230037
10.90806
6.459688
9.1612593
8.1426788
6.6271058
7.338363
7.7089672
9.1589821
13.28488
12.79209
6.5721002
19.936133
6.7687812
7.4872863
8.3170723
10.026918
10.388975
19.784797
8.11407
10.157096
10.874262
9.5564322
16.009629
9.1589821
7.428331
6.6084563
8.1913373
8.440147
12.332601
2.1791542
6.8205712
9.0644172
8.1263235
14.503202
8.3584517
8.4364546
6.2600994
4.4772063
4.4745268
11.464328
8.2221003
11.404215
11.312471
6.8205712
8.1963853
12.414495
12.554846
7.2446376
8.9753761
6.4802705
6.2571773
7.0652667
10.188697
5.5155656
5.9677477
9.6917998
13.380506
12.565293
10.57015
24.327443
12.255636
12.655195
8.5298087
7.6657873
9.1859879
5.6804603
7.1855947
11.979195
11.76588
4.9702388
8.9772377
15.472358
7.9486305
14.169969
6.8240771
6.5879703
13.908321
14.855857
8.3664618
6.4841004
12.169195
8.7869803
10.245897
13.796938
11.843116
7.76694
6.9094231
6.4001893
16.824819
10.009565
5.1137252
7.1465253
6.8205712
8.5219684
6.8205712
7.9180007
7.8338936
5.9032167
9.2610758
6.4102107
3.8152746
11.906819
7.8070394
8.0837727
7.359649
6.9383064
7.4620944
7.6344424
9.2183912
5.5155814
5.5337847
5.239753
6.8205712
9.5032182
1.855872
6.002055
2.275448
8.6083541
6.7184944
6.5753448
6.9784369
14.786737
8.4419262
9.5615278
9.1170701
8.0871922
5.4707255
9.1147877
5.6783974
7.549309
12.569794
7.9070173
7.8417415
9.8511621
5.918815
7.0503668
10.091923
11.461244
5.4355013
5.686267
5.020972
3.7258403
2.675362
19.193626
8.6874671
15.206581
4.3608013
4.2483145
7.7397534
5.9032167
12.621295
6.5684979
10.872795
7.3425884
8.7510997
8.8406563
6.8205712
9.5879116
9.0631876
7.969549
8.5451516
9.3692339
22.280773
6.5937152
14.261471
9.6825677
8.6907041
10.293371
13.744666
5.1475583
7.2341674
9.9890405
6.919236
9.7095949
8.5973938
11.16178
10.591069
10.181205
14.871145
6.9578231
10.373602
7.5849659
6.7786285
6.1153561
9.3225972
9.208384
7.8047769
4.8020405
10.996771
14.806307
13.117404
10.544358
9.5375379
14.061127
6.8938
6.6110795
6.8205712
7.8391845
10.437127
5.9602138
10.015855
10.566604
9.7253465
10.600115
14.38661
11.700256
7.0683453
13.378842
10.692706
9.1968329
7.5099579
9.5908204
8.0305357
4.0222291
7.4860564
13.478126
10.526586
7.1525334
8.1925723
12.210755
11.733454
8.0277429
9.289656
3.515585
9.5112291
6.3754422
22.383651
7.9255695
7.3872251
11.556043
8.3974831
6.9828308
10.588755
8.8448741
7.4389162
8.1993445
8.4394431
9.8345808
8.6270609
9.2070179
14.169969
10.480577
9.0332053
6.8205712
10.080923
9.953662
15.486298
10.525324
23.90799
11.580226
9.3699705
8.100709
11.7815
10.761432
6.9938108
13.639365
8.0644821
12.540398
8.5718428
7.4001365
4.4962431
11.646367
10.05577
11.079172
0.65590349
14.775552
6.8205712
5.2654674
9.4591722
14.027709
5.6568702
8.0576947
7.2801623
6.154146
3.9553211
11.517073
8.9439954
7.0503668
8.6217806
7.8662471
8.8334158
5.0440886
6.4703025
11.500549
6.0020112
6.8205712
19.212715
7.4351519
21.291695
8.0272997
6.8205712
9.3317652
6.311484
13.814171
8.5365637
10.285573
7.6119459
15.353245
11.566998
19.43902
15.034567
7.0934563
11.965454
14.126646
8.8537478
4.4907374
11.291105
10.132841
11.389176
5.8458098
13.26529
6.5640592
13.410287
9.1850039
7.9462747
8.4862948
9.1883587
9.699182
8.2582756
9.5891972
6.5153703
11.32127
7.3534712
13.132469
21.667776
3.8252072
11.84317
12.196664
10.708587
10.918301
9.7598447
10.454621
17.604983
17.692016
9.5140742
12.836967
11.094546
6.0796819
9.0324753
6.5907756
10.052964
6.7566483
8.8534052
7.9382239
9.0305317
7.3098063
14.444326
12.322852
10.034506
14.078869
16.136847
13.394153
31.20026
7.4366727
8.1177905
5.3895429
15.054312
14.968152
15.149476
9.7862555
12.912004
8.3400181
9.2929272
13.280029
11.887428
13.345902
6.6973499
16.633619
14.491524
5.2681938
7.9992867
9.0511937
10.707075
10.016362
11.194374
12.436576
9.645843
17.299717
10.091107
20.012427
5.8899612
9.7548445
9.1294328
11.299108
15.184497
13.178804
11.43061
12.068427
10.374102
12.262893
8.686674
6.8205712
7.0503668
11.989968
13.148511
3.7495423
11.990774
10.210157
11.675404
12.651512
7.1334237
13.915454
9.8448373
15.564303
10.0192
6.9078314
13.463051
17.280843
17.081557
7.9501654
6.9910583
23.17072
12.94734
16.239497
16.005262
5.9932668
12.099339
10.838966
5.6715934
11.157797
12.584514
6.5718127
6.1311845
8.3446072
8.24106
8.6042991
12.609418
8.5444898
8.8022113
12.131591
9.3490748
7.9777874
8.0848333
14.40944
12.113621
18.351615
5.1807441
6.1222808
15.59661
11.100772
8.1995569
5.4105602
17.252718
12.791329
10.732627
5.901389
9.1482645
14.691033
14.554386
8.6776845
8.0438922
23.110433
14.946744
13.677481
17.375509
7.8173117
7.2929485
14.778187
6.8205712
6.958618
6.2337701
7.2330608
18.05013
6.9941764
11.176043
16.12282
1.9664572
3.6902182
11.118827
6.8205712
6.6842238
18.996124
8.1742731
10.325128
8.764843
8.7539621
8.8496829
10.406851
15.744547
12.336486
9.6156866
14.884962
13.601587
6.8205712
10.114359
8.9089902
7.5535594
15.024216
11.007132
7.3472237
8.6924512
7.57135
7.5752466
7.4497708
8.4036802
6.8205712
9.8181725
7.7116918
5.7925774
9.2547213
18.203714
23.523366
6.8994155
8.2161645
6.5961002
11.032934
9.9659246
9.1729854
14.676799
7.7297271
6.6839727
8.7864361
5.4573691
12.24254
12.82804
9.2690406
6.7554609
2.0332622
10.710289
8.4586445
7.0360487
7.8954096
11.667143
8.0752405
7.4435455
10.107321
10.872874
8.104074
6.8205712
11.031134
11.468584
7.9620979
11.145056
13.193935
10.07948
10.940075
10.259688
13.817762
13.271893
7.5752466
6.2352238
8.3274787
18.143743
9.1779338
10.767336
8.6673734
23.16688
8.8756582
17.631965
7.4751508
8.4318753
13.96104
23.376339
13.892705
6.5627161
25.760573
8.8116744
5.9799191
10.289845
7.7661615
12.091528
19.75332
13.222241
12.441554
14.43357
17.68041
6.8058747
6.8205712
11.630825
15.626188
8.9684351
12.479214
14.598096
24.652088
9.3749897
18.139329
11.405587
6.8205712
8.1681422
9.0026314
15.21556
8.6247792
12.653165
8.7734447
6.4205507
6.0481813
13.896645
13.223216
16.135825
7.2801623
12.29998
5.838732
8.1558945
9.0105817
14.695774
8.4074634
14.008505
9.481029
9.4479687
12.617006
8.9076551
9.7459822
10.104146
6.0788646
8.1637408
13.897159
13.154389
10.192717
6.322709
9.3219146
9.6128599
10.130246
11.14388
7.5430828
9.2300474
9.8983291
11.191052
7.8918446
7.192466
15.403482
13.546962
5.4761069
8.3973921
10.756183
7.0503668
7.5519095
13.311486
15.929894
12.573072
10.661712
4.2755816
9.6688488
21.288987
6.5948076
5.5634363
17.108367
6.8036583
7.969549
3.468939
7.6462167
7.9242808
4.5787
11.33848
6.3902639
5.4176738
-0.29873317
4.1136302
4.11303
7.0277368
7.4243026
8.3293251
6.1589563
7.6600452
11.924247
6.2815387
9.2291934
11.413731
6.3806518
-0.83429534
8.3500211
17.14883
8.5750031
7.1640894
12.657299
8.5277392
14.884185
7.4137594
5.3648071
5.4761069
10.439744
10.053945
8.5708472
10.486572
7.2791159
10.513631
8.8263677
3.2505757
7.9455581
4.8896768
5.1909596
10.443125
5.644559
5.9629378
18.600084
8.458391
9.6518451
4.9246248
13.311509
6.8205712
12.588645
15.214039
2.1292191
6.9244473
6.6427665
10.231368
6.7549146
8.7637756
5.8805499
6.6249558
7.2801623
5.3640724
6.8205712
8.627415
6.8581148
2.8490722
9.4604008
9.3746908
4.9219007
5.1965281
5.9607247
10.07468
8.417415
11.569237
6.8205712
6.6186606
8.3617243
13.416282
8.5077589
10.557071
7.6689797
6.9468394
9.9925076
9.5024536
6.542065
1.0098535
6.072182
7.5099579
5.3793253
8.4363418
9.2323834
6.5907756
7.2932635
10.708222
14.175004
16.930972
8.1616634
13.414412
4.3346137
5.5860218
8.3667384
8.1414059
6.8205712
8.4291401
8.3719272
7.5252636
4.7641056
10.524056
18.810383
10.005094
12.335887
11.624687
5.3733506
6.8205712
4.0534618
6.9222611
6.042808
7.2801623
5.3731997
8.8915943
8.2406895
4.4327196
10.621821
5.6445424
8.6390686
6.5148098
4.4258211
7.854484
3.039964
10.103128
6.3926585
9.6045622
13.797314
8.5676133
11.056488
9.8908493
8.9875785
11.481901
5.0740552
11.650966
6.3609801
4.8908541
6.9480771
7.1723549
4.8722615
10.332527
10.731855
12.0753
10.400236
4.9323984
9.6652036
7.707645
13.90243
4.9930367
6.6458742
9.4956808
10.285909
6.1409
5.5690711
4.5515433
6.6377471
7.6444996
10.471353
9.0175868
3.5790154
7.8430428
7.2500376
7.9642906
5.0468329
1.3995326
9.534108
9.1004285
7.3044678
4.9802854
9.1413267
3.1514371
12.556912
12.219305
5.9032167
5.9523934
7.0833348
7.9916889
6.8270577
6.1407581
11.06495
7.0503668
10.209142
6.650723
4.5243728
6.2318506
3.7976272
7.1566543
11.019123
7.8050385
9.8773392
6.3609801
8.5247337
7.8050571
5.6715934
11.744234
15.640625
7.0503668
6.1128281
6.6177094
6.1556528
10.558514
10.570415
10.931938
11.451104
5.2987429
23.209891
6.8205712
5.7678473
6.0654396
7.1945071
7.5455943
9.9385624
13.162969
3.8801257
3.0486826
7.4269126
19.662552
6.9518683
9.2168895
3.0962899
11.781812
13.099508
6.8205712
7.7508154
14.445906
11.0105
8.6100975
6.8205712
9.2710849
5.3184739
4.724188
9.1269188
11.644882
11.122182
12.580159
15.416788
9.1191817
7.3474558
5.6715934
1.1352228
9.6141651
0.51592487
5.7862763
6.7606812
7.4257991
6.8205712
15.505556
11.789423
5.6812663
8.7862617
7.3523122
8.20474
7.9541447
12.656649
10.49217
11.560607
12.010913
16.01121
11.996437
7.2717105
5.6619402
7.6697153
12.042342
14.782051
6.3686484
9.2916368
5.6628383
8.6270893
7.9985438
13.070937
10.049044
5.5642317
5.1006656
6.8205712
6.0788646
6.8050416
7.5024404
5.1975206
8.8363119
7.1024863
7.969549
6.9728266
11.400508
5.901389
7.6082421
11.376898
4.8936066
11.196301
13.017427
9.3541606
7.735259
10.084663
12.347573
7.3598267
8.5217635
9.1535844
7.8518155
7.5593534
7.7180678
8.270784
11.103317
8.7660761
7.2915214
6.4006184
10.747499
12.992078
5.9689814
6.0030789
8.1156181
7.5083844
10.228734
6.8205712
6.8205712
6.6035683
12.229305
8.6575711
4.2429192
6.6836883
15.319678
6.2767016
11.494249
5.4417979
8.5221566
9.1869665
13.039463
7.797853
11.088296
5.1918571
7.8218652
7.3248405
-1.586417
8.8331741
7.3805994
6.0322897
6.6617554
12.667835
4.2478777
8.7248157
7.0235987
5.544251
6.8461221
11.220173
10.966604
14.092178
6.3519463
6.3234417
6.9438162
5.8293195
10.387717
7.1430562
4.9061058
9.3900191
6.0135009
8.3974845
7.2978794
13.405201
9.3240605
7.4783023
5.5444848
10.723014
8.6372742
18.076408
15.061813
6.8205712
7.3451003
9.3468097
9.3723913
12.854106
20.393871
-0.026993465
6.1311845
9.7823888
12.772007
8.6793936
4.7610967
6.8283352
6.2320302
8.8374936
13.166403
7.1059683
5.2353738
8.4291401
10.617774
8.4663489
7.7969895
14.212442
11.378536
5.901389
3.1098902
7.5099579
11.155324
5.3165766
9.4552072
6.8205712
9.8143539
7.2801623
11.033371
6.557973
14.266746
16.131268
5.6711079
9.1654883
6.5913939
9.3170748
8.5873087
7.9396664
6.8991223
8.6727503
6.8205712
6.6439478
8.0933134
5.8785924
8.7842378
9.4337156
16.188052
7.1992873
8.9258953
6.8205712
10.917028
-1.746989
10.046699
7.1992873
11.865573
7.993731
7.8050571
5.9028671
11.809632
8.6668206
1.4523429
5.901389
9.0167595
4.3096706
7.3747547
7.6090121
9.6773644
9.2355243
7.571838
9.9200416
6.0130903
8.5907825
6.3733668
4.7509381
8.0413316
11.167336
11.520165
13.058864
9.0562744
10.823713
5.2114293
9.430451
9.9236353
10.40418
6.872562
8.4419777
6.267988
12.174101
8.6693237
9.7908507
7.1723641
8.4527105
11.447457
9.4321676
7.2767746
9.9499803
8.4086417
7.078095
17.909567
9.343816
8.7997923
10.043384
11.00436
3.9588763
19.327842
7.4005773
14.969855
7.6405983
7.7546709
18.563703
8.6912719
9.8772464
10.609235
15.681404
8.2886682
8.9734161
5.7488915
10.02083
6.8584445
2.8254202
8.2848212
9.542722
10.143847
6.3988621
16.309352
7.910395
7.7105805
13.228684
15.653306
9.0945357
11.516908
10.15303
11.018617
10.913671
5.7833977
13.785249
12.291014
15.689789
8.3927072
14.780817
13.483698
8.8189777
6.8205712
6.7377798
10.25891
9.1244105
17.37755
14.300461
6.8205712
10.756226
2.0608768
3.8879346
12.828291
9.2712884
12.198228
13.168477
16.10146
12.501386
9.1920258
10.190094
11.541381
8.9455011
7.369264
12.462253
6.5429032
11.403199
10.068588
8.2426952
11.630327
6.2519953
10.556561
8.6230584
6.8764842
10.621063
6.9763001
8.7936376
27.106467
6.3875025
12.915198
8.3710638
8.1850431
6.8203364
9.2831082
12.652721
9.842853
6.8205712
8.8211177
10.921275
5.1873758
10.360912
12.793498
15.580891
8.6589356
9.8636599
10.992505
8.585645
7.9987999
7.5454159
9.289656
5.4757322
9.010895
11.199801
8.4188752
20.802543
8.1011534
16.46901
8.6562805
7.915947
11.010435
6.3609801
33.392904
7.7397534
17.183986
18.613024
7.9604547
13.22831
8.6929939
7.6102232
23.352234
11.952905
10.79292
7.5647367
6.0617403
6.9930099
7.1962615
8.7430005
16.736264
11.329395
5.9912992
8.5972629
14.782454
9.0124064
12.796181
11.924418
14.286707
14.287962
9.5589128
16.463341
10.762386
18.273524
8.9387294
8.4160266
4.5600467
8.0650214
11.967213
22.375726
14.154629
12.111072
13.641927
10.1459
9.9136724
8.6808343
8.2774469
11.365006
9.5479535
9.3913003
13.141264
8.4064815
8.0012832
6.9231804
10.052338
8.6003903
14.943925
8.6068828
7.2073989
6.0483506
12.86354
7.1239185
4.4155828
10.558619
16.807755
14.539366
5.7555687
25.799819
14.792363
6.1311845
8.2825626
27.805493
10.826994
12.811962
7.336019
8.6813646
10.824023
14.196477
9.0727611
7.0884805
14.056109
6.3955007
12.349261
9.2803359
9.6443677
10.919149
8.0982114
27.643536
9.0652781
13.218437
9.8381164
13.498161
10.572214
8.9806298
8.3718596
7.4573527
10.744845
6.1440429
8.3697579
6.8205712
7.5191491
8.3754578
13.566908
15.372776
21.235595
13.003714
9.9493039
15.906059
19.505871
15.183643
18.475237
9.3422333
13.026394
9.698695
7.8239269
6.7479708
4.4221296
7.9954186
9.7595095
10.368299
8.7218277
17.560001
13.407062
14.618246
11.293117
7.430053
14.342828
8.0035569
15.747124
11.799684
9.4808528
11.115325
7.2308398
9.0418715
9.9527374
15.469859
11.575648
10.591069
7.4632081
6.8205712
11.958195
9.9720772
19.85519
12.213222
12.866499
6.9030586
9.0634255
5.6847939
13.759089
13.002212
17.460227
16.723572
7.5298484
12.49616
7.5307877
8.6558931
9.970678
9.8579605
7.9993185
7.1071923
7.7397534
6.8205712
9.5643186
18.835579
7.4651074
14.191251
7.0503668
10.521765
9.7111343
8.3777796
9.7890109
7.6958532
7.7917594
12.755311
14.65533
6.0443822
11.971556
12.99876
6.1399003
10.467571
13.380252
17.851613
13.67634
7.9067056
10.76339
11.807239
18.873687
19.701582
16.009206
11.354337
7.2182998
14.155586
7.1237729
12.263647
15.156711
14.472487
10.516667
13.347988
6.6453476
21.153004
7.7844808
5.7836242
6.2632914
7.6060892
12.519924
10.866147
8.5921408
10.466258
6.8205712
10.095986
9.8400626
10.744794
11.645857
6.5599624
9.2176937
6.5907756
4.6720635
6.6769489
9.3657855
10.098962
6.8205712
17.30192
8.616451
11.671807
11.375732
12.088714
6.8205712
11.429659
9.522546
13.802752
7.3872921
5.0730693
8.1993445
9.3882229
17.547478
15.842
7.2810092
12.154293
9.6816087
7.0035993
15.878648
14.564638
7.7659715
8.6727503
9.4599889
9.8991397
8.9634448
12.993043
15.541101
8.8775052
11.556437
7.0991734
7.6147022
10.032931
12.593669
7.0344987
6.8205712
8.7166023
10.727773
8.717226
7.0503668
10.910858
14.470577
6.4003223
19.359182
6.5631822
7.078095
10.217684
10.217684
6.5148776
7.3502567
7.5099579
11.849442
10.225759
14.106165
10.336777
12.526699
10.265556
7.0564869
22.145595
9.5016214
8.8965619
11.778789
6.5907756
12.676162
6.8711951
7.3752427
16.891036
12.190759
11.604403
6.1102414
10.482524
12.388355
9.5118855
6.8205712
10.57539
12.383222
9.3376477
8.5836333
9.0674794
9.4333473
8.9875785
4.6316253
6.4758137
9.2005668
13.864873
6.8205712
16.290512
6.6596246
7.1258954
7.0503668
6.8205712
7.1505535
8.5829716
8.4497621
12.512145
7.2341674
7.3504367
10.801243
16.811812
14.888186
8.2321728
10.305098
10.658042
7.0011569
6.3609801
16.602419
21.225936
12.675441
4.8951647
7.677878
9.926544
7.881556
16.099989
7.8831001
7.0503668
8.4969206
11.665969
6.9148536
4.2364599
8.3361299
5.0157202
5.5876754
6.8205712
7.3376128
12.286578
7.2563503
9.8658567
11.123227
17.808337
6.582733
15.216341
7.7621051
6.9337908
7.185902
17.078452
6.9864299
4.9107052
8.8287035
7.016843
8.7863608
11.841428
2.9917679
6.9430857
11.004784
10.488593
8.1159241
13.781553
9.5630274
11.755272
8.1952913
8.5091996
7.7253701
6.8205712
8.0028089
9.6091344
6.7742951
9.5101022
16.919537
6.8205712
7.9408706
7.8169391
12.047439
13.069813
11.072235
7.765623
7.0503668
6.8205712
16.540817
6.8205712
9.0974018
8.7386668
18.596231
8.5162593
5.5634288
9.1684107
8.9338918
8.4276843
8.9021802
15.168562
8.4381062
6.8205712
11.340664
3.5243288
8.2317571
14.174976
14.599792
6.8846062
7.4562181
5.65142
9.072844
10.937797
9.0924454
10.520693
10.053705
25.324442
9.7264296
14.104832
6.8205712
6.8205712
7.1262058
5.8624415
15.284909
10.670413
6.131275
7.7397534
4.5890332
9.9371456
8.4291401
8.2245315
9.0535028
5.901389
13.505094
9.9552155
9.6029001
6.8205712
10.518792
15.213293
28.302563
7.73272
8.6019
10.487293
16.139803
6.5907756
9.8506129
6.6384556
6.4248121
8.7933812
17.176008
5.7522697
8.7881682
16.741432
9.7820201
9.0558943
8.076011
6.7290779
5.1964453
3.66386
13.433817
6.034103
9.5587689
9.0644572
10.782379
5.0436926
4.3777467
7.7582901
4.7434099
7.6932722
6.4884653
6.1155117
11.240344
4.6242357
15.656808
13.729466
4.8045043
11.156578
6.3807106
6.8205712
5.9387777
6.4105422
0.81015806
8.0224276
7.649259
5.8846158
10.111651
9.8214427
11.545703
14.83218
8.1419361
11.436294
15.611566
12.358938
15.430072
6.9378837
11.773142
6.1651291
14.64353
6.8205712
13.047875
6.8205712
10.774356
13.280351
6.4538879
5.7987141
14.473352
6.5748385
12.515872
7.3796511
8.0418196
6.1997702
13.681793
9.8075153
7.7540745
10.520387
7.0083056
15.989746
6.927224
6.8205712
1.4128242
5.4227484
6.8205712
9.4313821
11.98631
11.265494
6.4644282
10.783631
16.840608
7.4214397
9.208384
8.819255
6.3216058
16.156881
8.1837853
17.499921
9.1803911
6.7117602
8.6579964
7.4858931
10.000632
13.709069
12.031533
9.1869235
7.8225385
7.2115432
13.436988
7.6441428
9.3000756
7.3487719
10.694555
10.713479
9.8656314
26.756359
13.364487
6.866324
11.631364
13.809605
12.80502
14.318369
7.1073976
12.900538
4.5457714
8.7673681
14.567602
5.5828058
7.3492145
15.716156
13.469041
9.3878322
15.34784
8.8540453
3.9223966
17.406128
8.71229
7.2632816
8.3206756
13.834773
8.6750125
13.016452
10.380465
11.903931
7.463769
7.2801623
10.057586
16.854273
9.4917502
8.5891561
12.798561
7.3409875
7.0287638
9.2014343
5.8253353
15.046076
12.543647
8.6555615
9.757833
15.095992
10.218253
7.8722396
8.4623585
22.908502
13.433802
10.521404
5.1566318
6.5907756
6.5055846
10.974124
7.7840518
8.5949988
17.147671
14.93203
6.5907756
12.562939
9.6068501
6.7621633
7.7722626
12.479848
9.1931583
12.997459
8.051689
10.701376
13.78405
11.835493
8.2217822
11.027161
13.113419
10.267027
6.0800541
15.384214
10.280128
7.7859025
10.809831
12.58659
4.5522865
12.026107
17.768058
12.121021
12.308259
9.3471108
10.525814
5.5376233
19.569755
7.5215971
16.747069
13.417371
8.822138
8.3945558
13.375621
6.5907756
9.8282405
9.6473416
12.632228
8.3972868
7.7948298
8.8367817
11.25313
9.3799176
13.197477
7.6061164
10.009243
4.965739
9.408643
10.245961
10.977716
4.5341727
13.260092
8.9659584
14.108806
7.2912902
15.90089
19.009471
6.5682834
9.7062768
6.8205712
16.247996
19.203572
14.874848
11.261118
7.9174507
9.883419
7.2618942
9.1290642
8.3013755
9.6846185
14.367096
9.3148115
6.8205712
9.0160142
17.070844
9.6049282
6.3512118
14.197811
20.071665
11.435665
7.8503237
6.8205712
12.025762
6.0366358
5.899059
9.1067978
9.3544709
10.988844
8.1523912
10.859664
9.7766197
11.279843
6.1814639
7.0645051
9.2775418
17.547931
6.4994251
8.4451423
17.533483
11.355631
9.3810327
15.144766
4.5816851
7.1455773
22.810724
8.8499848
6.5044641
11.939013
6.0255091
13.544106
9.349325
10.879897
12.68963
9.7495209
5.020972
-2.1166576
10.618946
21.660617
10.268813
5.3898968
4.7987717
13.416164
15.830939
7.7779664
9.4199319
14.154313
9.3168017
16.427576
14.414556
12.329206
9.185976
5.8996409
7.3760454
10.809859
8.9611768
12.048602
7.6847731
19.840046
11.033467
8.6233495
3.6157494
8.6052888
7.2964113
7.3760454
5.3906881
9.7810768
15.512463
8.0487473
9.1385307
8.7369007
5.2577551
15.002875
13.163969
6.6327665
7.118733
10.24765
6.8205712
6.8205712
12.345381
6.7109075
6.8205712
11.739611
11.073247
5.3201098
10.939731
7.7679502
6.9737053
17.551391
16.894447
12.47942
10.443619
7.1048874
8.0866654
10.113114
9.7657738
7.5331959
8.2156426
7.0128097
16.396987
12.069816
12.144974
32.778727
10.912725
12.900132
13.237744
15.71383
12.400686
8.8350854
10.791524
7.5478448
6.8205712
11.809647
8.52591
10.634435
9.0844737
11.900172
12.979952
13.043919
11.286688
12.887175
8.1787083
7.0378679
12.467786
5.1242442
14.344482
9.0014998
9.3241201
-2.9554947
9.8851732
9.875187
12.37284
6.761553
13.489059
6.8205712
6.8205712
7.6423313
9.7654271
12.547617
9.9314636
7.0689157
6.8205712
7.4715347
6.5907756
9.5459872
7.029647
7.7347995
9.9819055
8.4811439
13.035473
8.9666349
10.538217
11.653645
7.7422679
7.8605006
9.6131401
7.9719152
11.233782
7.7550978
10.817493
12.583985
6.604555
7.5233266
8.5924143
8.8131497
8.7901111
4.6495271
10.533046
7.2891521
11.413528
3.325891
6.5412521
9.5150737
7.2801623
7.5079986
6.6257567
7.5099579
7.4089629
7.4604275
7.2801623
10.555229
8.7144154
8.4194788
10.440046
6.8205712
7.9358435
10.338208
10.069697
5.0227279
6.5721002
7.9768103
8.4892028
7.7865362
5.3163826
17.15163
7.3534712
8.9053629
5.3160415
8.8452983
10.794307
7.5314205
6.7962004
11.598331
14.8022
7.2365729
10.452253
2.6514773
4.8900867
6.8984064
15.078739
9.0383273
7.9872038
8.0241364
11.026538
12.286808
6.9394663
6.7135884
5.3880049
7.4877656
7.7397534
6.1943509
6.3500204
14.578908
6.3846308
7.2222579
0.47617249
6.7051576
9.4332103
8.2344853
9.5853647
12.065897
8.5421448
11.482211
9.5472292
11.087345
6.8205712
19.481605
6.8205712
6.8205712
11.604358
6.2782073
8.5421448
6.9739417
9.3140682
9.1274718
8.9069187
7.9994018
9.0423086
8.4603226
6.8205712
11.147945
11.114713
9.6163878
9.7457948
8.1169994
7.6809736
8.3941153
11.850513
13.288969
6.1311845
10.859911
12.082903
9.2242649
19.355882
7.7286401
7.1071923
7.2095573
8.5795844
6.8205712
5.8996409
9.5428558
14.903951
9.2968202
6.7073429
17.4765
15.218045
11.250964
8.9758802
12.046275
9.4473553
6.3285725
9.0281686
13.06884
8.721808
13.152362
10.11583
15.573385
9.3852405
17.389644
10.396215
9.1274718
8.2729376
8.5421448
6.6898977
7.6921
9.5939656
7.5342066
7.9324567
10.122695
8.6543217
7.6591032
8.9518029
6.8205712
6.6174528
7.6241606
6.9500477
9.5863104
10.40395
9.9432598
15.102713
12.908176
11.983573
8.0550804
10.183628
25.963781
11.113997
11.958065
11.568128
14.970125
8.1189281
8.748229
8.5678108
6.1690783
10.94718
6.8205712
14.791116
8.5241694
21.084736
10.144259
7.9261333
10.858141
15.699498
10.207795
6.3833029
7.7456162
8.699207
7.8469666
11.345141
9.2254185
7.3405591
12.587509
13.844037
8.1937748
6.0860307
4.5334372
8.5965147
8.6544231
7.7384596
12.652506
9.3390237
1.1346512
6.5876673
6.4411121
9.8570547
11.109049
11.90245
8.1453011
6.8669209
6.8710218
10.027432
10.725395
10.488701
9.4830932
12.673032
10.4706
6.1842646
10.725395
6.3908026
7.1005644
6.237105
6.9529731
12.115312
3.6154128
9.607488
14.489481
10.396858
12.674774
4.3558077
9.2706633
5.6755556
6.9356287
7.2560127
9.5781178
9.3332681
13.304173
13.691401
7.2162255
12.370621
9.0685971
8.13066
9.6590175
7.89061
10.234527
13.093057
10.94086
9.7020946
8.802443
7.0083203
6.8205712
10.725223
11.155586
11.975853
9.688464
10.751324
7.9230046
7.2246624
8.1126721
13.112686
5.7940321
8.5491469
7.7204043
7.650829
6.4609658
8.896022
10.146549
6.4576089
7.5536459
6.8360768
6.8022305
8.3607575
8.7610688
6.2196445
11.846593
6.5907756
9.9775982
7.0463286
15.43662
5.9705243
12.854478
5.9032167
11.472975
12.255825
11.830374
7.4756208
7.5518233
14.29774
10.351583
6.4794788
8.5535465
11.420319
8.8041596
11.12663
6.287401
5.5674666
9.0374296
9.0412507
7.0503668
9.8308493
12.745871
6.3609801
6.8205712
6.8205712
9.8075157
7.8664433
18.655942
6.8059844
12.680382
10.691169
13.661903
8.8887312
15.128906
10.195348
12.579377
6.5749076
11.769605
13.566575
8.0006296
9.7146341
5.9066184
25.882995
10.006586
6.3609801
6.8205712
10.455083
7.7216881
11.258076
6.3059399
5.5773762
6.0250346
6.4342232
6.8205712
14.279541
8.0194677
15.435797
6.8205712
5.3131889
5.7308875
8.5019806
8.6342696
5.7968705
7.02309
7.7275117
13.727511
9.8713394
8.4251351
9.677145
9.8065727
10.362344
8.6770158
8.6443431
13.687772
8.2659407
8.5924942
8.926019
7.7423042
12.721401
8.1891643
10.34424
10.131079
10.588933
6.0082943
11.665666
12.162074
7.7397534
16.304077
10.306612
18.894992
18.193768
25.838566
8.8853824
13.304715
10.907283
12.313463
9.9263096
13.187542
16.601901
15.707054
9.1849146
15.972221
9.0837469
11.028556
11.554817
11.943417
9.5085028
8.7870743
17.046629
5.1902467
8.5706609
10.012441
11.967268
8.2226552
11.499819
9.1139042
9.1385307
13.735619
9.4286463
11.025491
12.035072
11.849292
10.569423
9.4875277
12.610837
6.8353408
5.6916242
7.1696987
9.1794952
8.8588505
12.067207
12.655848
13.286005
12.120791
8.7958832
11.368091
16.392533
6.3609801
12.214863
4.1167658
5.9928643
11.812508
13.520275
5.311688
17.195791
9.8827455
11.530232
9.6195645
7.5256774
11.049903
7.5930166
7.6973798
7.4119231
9.8578345
13.354514
9.1233292
8.4118063
14.625527
12.514195
8.5792203
12.551426
8.4972092
5.2316536
8.7864361
8.4283747
12.677872
6.855106
9.6673253
13.861658
9.1262492
20.408168
11.427061
15.264941
10.312975
10.956891
8.6574819
8.0494183
12.277368
15.672904
7.1027691
9.0111952
7.9927875
10.437519
10.440554
9.3266367
17.283945
5.5554952
19.733082
7.4918511
10.247935
6.8205712
8.6589356
12.582022
6.6119636
10.076101
6.6127913
6.558971
12.146926
7.9637303
9.9322691
14.879905
9.8601032
8.0497774
10.998779
6.8205712
8.4291401
9.6214152
6.8205712
8.9767095
11.646086
8.5491164
6.8780324
13.536048
10.067207
5.8340659
9.6196518
5.050188
6.8205712
7.2919712
4.8642018
2.69687
6.9223716
5.1186002
9.7365723
5.490353
12.949486
12.710954
7.5697503
14.994425
12.83854
8.6948413
7.0199335
8.767131
5.6166271
6.9162871
11.82295
19.435854
10.233366
7.8678331
16.379476
7.9627768
11.068634
10.663109
9.5203796
7.9720922
7.0503668
12.986758
7.6737501
10.130783
14.005342
11.378579
6.8205712
14.183502
13.401241
7.4327019
7.2072061
14.83466
11.95113
9.9668289
10.371325
11.153793
12.038765
7.8172519
4.4816811
11.039889
5.3131889
14.867324
6.6873016
15.054634
8.1989681
7.5958936
7.4770038
11.839696
7.2341674
11.258666
7.6949189
11.782649
15.059874
9.493112
12.332203
10.622584
7.3282289
20.071517
7.3492926
10.415829
11.713211
10.427841
7.7938661
7.13787
8.9713479
12.583925
21.892344
8.9236405
22.367759
11.63727
17.60592
11.107535
6.853208
7.2104437
12.720527
10.718023
18.730324
7.1849706
7.8418915
8.4160049
19.712969
12.073407
6.7959447
10.337473
9.3937136
17.64179
10.958923
10.61573
14.272577
12.757881
11.409157
7.3823147
7.378801
12.37325
9.5816808
7.2610562
14.556559
7.7231488
7.0503668
7.8850989
12.323161
11.334038
8.676911
9.4884898
11.303831
14.142272
17.60865
11.108848
6.8205712
10.478033
15.456516
20.7297
7.3991997
13.805984
6.9544794
5.6209342
7.2762198
9.8570657
16.799318
7.149101
12.442237
9.0041239
15.373314
7.3895552
14.502158
14.54629
10.086089
11.666713
10.098241
7.2341674
19.386759
14.451053
8.8330309
10.267505
14.415943
9.9561557
12.109802
13.693698
5.5950639
11.741534
18.340151
12.417034
11.673702
15.527849
6.4479341
6.8205712
9.32634
6.9721323
11.625684
11.50235
11.71346
18.57113
12.606674
9.0574507
11.082764
12.238182
8.1347614
12.545646
8.5671562
13.182769
7.2134554
8.9356801
9.1535123
6.8425809
10.078353
11.546227
11.328448
12.459872
16.273943
8.2203516
11.03626
5.7034695
10.570597
6.3899969
8.3004198
10.804336
6.0469177
11.547179
14.686449
7.7035812
7.4167527
16.718367
7.7288128
10.177922
8.9854231
8.4291401
14.427172
14.176614
8.3595251
12.30159
9.040574
8.2210806
6.8205712
7.0965394
7.7536231
15.086416
9.4375113
7.8685766
6.7208832
6.8205712
12.952809
11.696685
8.0456507
16.594319
12.37876
10.655457
9.5835703
6.635348
9.0913814
7.8413115
10.988186
8.2232037
8.7187113
10.743454
6.5268388
20.791282
9.7837097
10.424833
6.5396659
8.1401758
10.527418
13.179518
10.596251
7.183303
7.9291655
27.784436
9.4433898
7.7457984
5.8464456
8.6643271
7.0955779
6.7630402
16.107377
8.6732605
9.8826473
13.281596
4.3486583
6.8205712
13.343544
6.5297653
4.7361589
12.048494
7.8336155
9.1317989
10.364864
10.143517
15.126809
6.5470469
11.04505
19.732495
15.962741
14.031108
12.09709
21.614723
9.6682097
8.9425988
10.152084
10.008175
27.315553
7.3459826
12.406883
21.424876
11.767747
14.416065
10.466315
7.6852688
10.057712
10.989928
14.473191
8.0353731
12.303906
7.8629975
11.593969
12.289491
9.6672866
7.3747018
10.01509
20.016442
13.146659
5.1377696
6.9467815
11.785259
10.939477
7.9965322
9.864411
7.4963852
6.8205712
12.331268
7.1452431
14.473445
17.654332
17.25118
11.651065
11.777062
11.544653
15.370563
9.1450076
6.8205712
7.5099579
16.076045
6.8205712
11.26357
15.8354
13.202653
11.871139
6.9167414
11.007592
14.309168
14.560025
6.8205712
11.664943
15.257539
14.262157
15.617431
7.7451449
8.7555693
13.247595
10.401344
12.845225
6.5907756
20.327733
18.673635
15.700183
14.572449
9.1970747
7.0693769
7.7703544
10.909875
9.0992731
8.6589356
19.781355
16.153606
12.71792
21.916344
9.540707
7.8859144
9.1786832
10.367874
9.7981061
10.5518
9.036112
7.8699099
14.598346
15.483944
17.345824
7.2801623
10.441294
12.418301
9.8664637
9.7136244
10.944726
6.8205712
9.7076939
8.8120501
9.532023
10.401292
10.782789
9.2995254
7.2618216
11.341137
15.638404
17.218106
6.5743921
9.2895824
13.443026
9.1362373
17.010136
13.182593
6.2236697
8.7650851
7.0809978
15.388346
5.7651699
8.6643271
3.6828909
13.144444
13.84508
11.194955
6.8259627
12.300432
21.299533
9.1401456
